<?xml version="1.0" encoding="UTF-8"?>
<coverage generated="1524344713102" clover="3.2.0">
  <project timestamp="1524344713102" name="All files">
    <metrics statements="443" coveredstatements="347" conditionals="218" coveredconditionals="153" methods="129" coveredmethods="94" elements="790" coveredelements="594" complexity="0" loc="443" ncloc="443" packages="4" files="15" classes="15">
      <package name="RxVO">
        <metrics statements="1" coveredstatements="1" conditionals="0" coveredconditionals="0" methods="0" coveredmethods="0"/>
        <file name="index.js" path="/Users/van/IdeaProjects/RxVO/index.js">
          <metrics statements="1" coveredstatements="1" conditionals="0" coveredconditionals="0" methods="0" coveredmethods="0"/>
          <line num="1" count="2" type="stmt"/>
        </file>
      </package>
      <package name="RxVO.fixtures">
        <metrics statements="6" coveredstatements="6" conditionals="0" coveredconditionals="0" methods="0" coveredmethods="0"/>
        <file name="ItemsModel.schemas.js" path="/Users/van/IdeaProjects/RxVO/fixtures/ItemsModel.schemas.js">
          <metrics statements="3" coveredstatements="3" conditionals="0" coveredconditionals="0" methods="0" coveredmethods="0"/>
          <line num="1" count="1" type="stmt"/>
          <line num="8" count="1" type="stmt"/>
          <line num="17" count="1" type="stmt"/>
        </file>
        <file name="PropertiesModel.schemas.js" path="/Users/van/IdeaProjects/RxVO/fixtures/PropertiesModel.schemas.js">
          <metrics statements="3" coveredstatements="3" conditionals="0" coveredconditionals="0" methods="0" coveredmethods="0"/>
          <line num="1" count="6" type="stmt"/>
          <line num="16" count="6" type="stmt"/>
          <line num="37" count="6" type="stmt"/>
        </file>
      </package>
      <package name="RxVO.src">
        <metrics statements="2" coveredstatements="1" conditionals="2" coveredconditionals="1" methods="0" coveredmethods="0"/>
        <file name="index.js" path="/Users/van/IdeaProjects/RxVO/src/index.js">
          <metrics statements="2" coveredstatements="1" conditionals="2" coveredconditionals="1" methods="0" coveredmethods="0"/>
          <line num="7" count="1" type="cond" truecount="1" falsecount="1"/>
          <line num="8" count="0" type="stmt"/>
        </file>
      </package>
      <package name="RxVO.src.classes">
        <metrics statements="434" coveredstatements="339" conditionals="216" coveredconditionals="152" methods="129" coveredmethods="94"/>
        <file name="_ajvWrapper.js" path="/Users/van/IdeaProjects/RxVO/src/classes/_ajvWrapper.js">
          <metrics statements="16" coveredstatements="12" conditionals="7" coveredconditionals="4" methods="6" coveredmethods="3"/>
          <line num="21" count="36" type="cond" truecount="3" falsecount="1"/>
          <line num="22" count="0" type="stmt"/>
          <line num="26" count="36" type="stmt"/>
          <line num="27" count="0" type="stmt"/>
          <line num="32" count="36" type="stmt"/>
          <line num="35" count="36" type="stmt"/>
          <line num="36" count="0" type="stmt"/>
          <line num="40" count="36" type="stmt"/>
          <line num="42" count="36" type="stmt"/>
          <line num="45" count="36" type="cond" truecount="1" falsecount="1"/>
          <line num="46" count="36" type="stmt"/>
          <line num="50" count="35" type="stmt"/>
          <line num="60" count="0" type="stmt"/>
          <line num="69" count="166" type="stmt"/>
          <line num="78" count="98" type="stmt"/>
          <line num="88" count="9" type="stmt"/>
        </file>
        <file name="_branchNotifier.js" path="/Users/van/IdeaProjects/RxVO/src/classes/_branchNotifier.js">
          <metrics statements="27" coveredstatements="20" conditionals="4" coveredconditionals="2" methods="16" coveredmethods="10"/>
          <line num="2" count="9" type="stmt"/>
          <line num="15" count="8" type="stmt"/>
          <line num="16" count="0" type="stmt"/>
          <line num="20" count="8" type="stmt"/>
          <line num="21" count="0" type="stmt"/>
          <line num="36" count="0" type="stmt"/>
          <line num="37" count="0" type="stmt"/>
          <line num="54" count="35" type="stmt"/>
          <line num="55" count="46" type="stmt"/>
          <line num="58" count="35" type="stmt"/>
          <line num="67" count="98" type="stmt"/>
          <line num="68" count="8" type="cond" truecount="1" falsecount="1"/>
          <line num="69" count="8" type="stmt"/>
          <line num="72" count="8" type="stmt"/>
          <line num="74" count="8" type="cond" truecount="1" falsecount="1"/>
          <line num="75" count="8" type="stmt"/>
          <line num="78" count="8" type="stmt"/>
          <line num="79" count="22" type="stmt"/>
          <line num="90" count="8" type="stmt"/>
          <line num="91" count="8" type="stmt"/>
          <line num="92" count="8" type="stmt"/>
          <line num="102" count="0" type="stmt"/>
          <line num="103" count="0" type="stmt"/>
          <line num="104" count="0" type="stmt"/>
          <line num="120" count="35" type="stmt"/>
          <line num="121" count="35" type="stmt"/>
          <line num="130" count="141" type="stmt"/>
        </file>
        <file name="_metaData.js" path="/Users/van/IdeaProjects/RxVO/src/classes/_metaData.js">
          <metrics statements="21" coveredstatements="18" conditionals="7" coveredconditionals="5" methods="10" coveredmethods="7"/>
          <line num="2" count="9" type="stmt"/>
          <line num="13" count="68" type="stmt"/>
          <line num="15" count="68" type="cond" truecount="2" falsecount="0"/>
          <line num="16" count="7" type="stmt"/>
          <line num="17" count="7" type="stmt"/>
          <line num="18" count="68" type="cond" truecount="1" falsecount="1"/>
          <line num="19" count="68" type="stmt"/>
          <line num="20" count="68" type="stmt"/>
          <line num="22" count="68" type="stmt"/>
          <line num="26" count="68" type="stmt"/>
          <line num="32" count="68" type="stmt"/>
          <line num="33" count="68" type="stmt"/>
          <line num="40" count="2514" type="stmt"/>
          <line num="41" count="2514" type="cond" truecount="2" falsecount="0"/>
          <line num="48" count="0" type="stmt"/>
          <line num="56" count="0" type="stmt"/>
          <line num="64" count="22" type="stmt"/>
          <line num="72" count="906" type="stmt"/>
          <line num="80" count="849" type="stmt"/>
          <line num="88" count="737" type="stmt"/>
          <line num="96" count="0" type="stmt"/>
        </file>
        <file name="_observerBuilder.js" path="/Users/van/IdeaProjects/RxVO/src/classes/_observerBuilder.js">
          <metrics statements="21" coveredstatements="20" conditionals="12" coveredconditionals="9" methods="10" coveredmethods="8"/>
          <line num="4" count="9" type="stmt"/>
          <line num="11" count="35" type="stmt"/>
          <line num="12" count="35" type="stmt"/>
          <line num="21" count="37" type="cond" truecount="2" falsecount="0"/>
          <line num="30" count="5" type="stmt"/>
          <line num="31" count="2" type="cond" truecount="3" falsecount="1"/>
          <line num="35" count="0" type="stmt"/>
          <line num="43" count="55" type="stmt"/>
          <line num="44" count="55" type="stmt"/>
          <line num="49" count="55" type="stmt"/>
          <line num="50" count="55" type="stmt"/>
          <line num="51" count="55" type="stmt"/>
          <line num="59" count="23" type="stmt"/>
          <line num="60" count="23" type="cond" truecount="2" falsecount="0"/>
          <line num="61" count="15" type="stmt"/>
          <line num="70" count="2" type="stmt"/>
          <line num="71" count="2" type="cond" truecount="1" falsecount="1"/>
          <line num="72" count="2" type="stmt"/>
          <line num="82" count="10" type="stmt"/>
          <line num="83" count="10" type="cond" truecount="1" falsecount="1"/>
          <line num="84" count="10" type="stmt"/>
        </file>
        <file name="_references.js" path="/Users/van/IdeaProjects/RxVO/src/classes/_references.js">
          <metrics statements="13" coveredstatements="13" conditionals="0" coveredconditionals="0" methods="0" coveredmethods="0"/>
          <line num="5" count="10" type="stmt"/>
          <line num="6" count="10" type="stmt"/>
          <line num="18" count="10" type="stmt"/>
          <line num="25" count="10" type="stmt"/>
          <line num="32" count="10" type="stmt"/>
          <line num="40" count="10" type="stmt"/>
          <line num="47" count="10" type="stmt"/>
          <line num="55" count="10" type="stmt"/>
          <line num="63" count="10" type="stmt"/>
          <line num="70" count="10" type="stmt"/>
          <line num="77" count="10" type="stmt"/>
          <line num="84" count="10" type="stmt"/>
          <line num="91" count="10" type="stmt"/>
        </file>
        <file name="_schemaHelpers.js" path="/Users/van/IdeaProjects/RxVO/src/classes/_schemaHelpers.js">
          <metrics statements="24" coveredstatements="19" conditionals="20" coveredconditionals="14" methods="5" coveredmethods="5"/>
          <line num="14" count="71" type="cond" truecount="3" falsecount="1"/>
          <line num="15" count="0" type="stmt"/>
          <line num="18" count="71" type="stmt"/>
          <line num="19" count="71" type="stmt"/>
          <line num="28" count="1" type="cond" truecount="1" falsecount="1"/>
          <line num="29" count="0" type="stmt"/>
          <line num="32" count="1" type="stmt"/>
          <line num="33" count="1" type="stmt"/>
          <line num="34" count="1" type="cond" truecount="1" falsecount="1"/>
          <line num="35" count="0" type="stmt"/>
          <line num="38" count="1" type="stmt"/>
          <line num="48" count="20" type="stmt"/>
          <line num="49" count="20" type="stmt"/>
          <line num="52" count="20" type="stmt"/>
          <line num="54" count="20" type="cond" truecount="1" falsecount="1"/>
          <line num="55" count="0" type="stmt"/>
          <line num="56" count="20" type="cond" truecount="3" falsecount="1"/>
          <line num="58" count="0" type="stmt"/>
          <line num="60" count="20" type="stmt"/>
          <line num="61" count="20" type="stmt"/>
          <line num="72" count="21" type="cond" truecount="2" falsecount="0"/>
          <line num="75" count="21" type="stmt"/>
          <line num="83" count="21" type="stmt"/>
          <line num="86" count="21" type="cond" truecount="2" falsecount="0"/>
        </file>
        <file name="itemsModel.js" path="/Users/van/IdeaProjects/RxVO/src/classes/itemsModel.js">
          <metrics statements="84" coveredstatements="67" conditionals="38" coveredconditionals="29" methods="9" coveredmethods="9"/>
          <line num="9" count="9" type="stmt"/>
          <line num="19" count="23" type="stmt"/>
          <line num="20" count="23" type="stmt"/>
          <line num="21" count="23" type="stmt"/>
          <line num="28" count="97" type="stmt"/>
          <line num="36" count="26" type="cond" truecount="4" falsecount="0"/>
          <line num="37" count="2" type="stmt"/>
          <line num="40" count="24" type="cond" truecount="2" falsecount="0"/>
          <line num="41" count="2" type="stmt"/>
          <line num="42" count="2" type="stmt"/>
          <line num="45" count="22" type="cond" truecount="2" falsecount="0"/>
          <line num="47" count="21" type="stmt"/>
          <line num="50" count="22" type="stmt"/>
          <line num="51" count="22" type="stmt"/>
          <line num="53" count="22" type="stmt"/>
          <line num="54" count="22" type="stmt"/>
          <line num="56" count="22" type="stmt"/>
          <line num="57" count="57" type="stmt"/>
          <line num="61" count="0" type="stmt"/>
          <line num="62" count="0" type="stmt"/>
          <line num="63" count="0" type="stmt"/>
          <line num="64" count="0" type="stmt"/>
          <line num="67" count="22" type="stmt"/>
          <line num="68" count="22" type="stmt"/>
          <line num="69" count="22" type="stmt"/>
          <line num="71" count="22" type="stmt"/>
          <line num="75" count="46" type="stmt"/>
          <line num="82" count="126" type="cond" truecount="2" falsecount="0"/>
          <line num="83" count="22" type="stmt"/>
          <line num="86" count="104" type="cond" truecount="2" falsecount="0"/>
          <line num="87" count="13" type="stmt"/>
          <line num="89" count="13" type="cond" truecount="2" falsecount="0"/>
          <line num="91" count="12" type="stmt"/>
          <line num="93" count="12" type="stmt"/>
          <line num="96" count="12" type="stmt"/>
          <line num="99" count="12" type="stmt"/>
          <line num="102" count="12" type="cond" truecount="2" falsecount="0"/>
          <line num="104" count="6" type="stmt"/>
          <line num="107" count="6" type="stmt"/>
          <line num="110" count="6" type="stmt"/>
          <line num="114" count="6" type="cond" truecount="2" falsecount="0"/>
          <line num="116" count="1" type="stmt"/>
          <line num="119" count="5" type="stmt"/>
          <line num="122" count="6" type="stmt"/>
          <line num="125" count="1" type="stmt"/>
          <line num="129" count="91" type="cond" truecount="2" falsecount="0"/>
          <line num="130" count="38" type="stmt"/>
          <line num="133" count="53" type="stmt"/>
          <line num="136" count="59" type="cond" truecount="1" falsecount="1"/>
          <line num="138" count="0" type="stmt"/>
          <line num="142" count="59" type="cond" truecount="2" falsecount="0"/>
          <line num="143" count="1" type="stmt"/>
          <line num="146" count="58" type="stmt"/>
          <line num="148" count="58" type="cond" truecount="1" falsecount="1"/>
          <line num="149" count="0" type="cond" truecount="0" falsecount="2"/>
          <line num="150" count="0" type="stmt"/>
          <line num="151" count="0" type="stmt"/>
          <line num="153" count="0" type="stmt"/>
          <line num="157" count="58" type="cond" truecount="2" falsecount="0"/>
          <line num="158" count="16" type="stmt"/>
          <line num="159" count="16" type="stmt"/>
          <line num="162" count="58" type="stmt"/>
          <line num="165" count="58" type="cond" truecount="2" falsecount="0"/>
          <line num="166" count="57" type="stmt"/>
          <line num="168" count="57" type="stmt"/>
          <line num="171" count="58" type="stmt"/>
          <line num="175" count="4" type="stmt"/>
          <line num="177" count="4" type="stmt"/>
          <line num="178" count="4" type="stmt"/>
          <line num="181" count="4" type="stmt"/>
          <line num="183" count="0" type="cond" truecount="0" falsecount="2"/>
          <line num="184" count="0" type="stmt"/>
          <line num="185" count="0" type="stmt"/>
          <line num="187" count="0" type="stmt"/>
          <line num="191" count="4" type="stmt"/>
          <line num="194" count="4" type="cond" truecount="1" falsecount="1"/>
          <line num="197" count="0" type="cond" truecount="0" falsecount="2"/>
          <line num="198" count="0" type="stmt"/>
          <line num="199" count="0" type="stmt"/>
          <line num="201" count="0" type="stmt"/>
          <line num="205" count="4" type="stmt"/>
          <line num="208" count="4" type="stmt"/>
          <line num="211" count="4" type="stmt"/>
          <line num="212" count="4" type="stmt"/>
        </file>
        <file name="model.js" path="/Users/van/IdeaProjects/RxVO/src/classes/model.js">
          <metrics statements="88" coveredstatements="73" conditionals="53" coveredconditionals="37" methods="39" coveredmethods="31"/>
          <line num="13" count="9" type="stmt"/>
          <line num="15" count="64" type="cond" truecount="2" falsecount="0"/>
          <line num="18" count="43" type="stmt"/>
          <line num="25" count="21" type="cond" truecount="1" falsecount="1"/>
          <line num="27" count="21" type="cond" truecount="1" falsecount="1"/>
          <line num="28" count="21" type="stmt"/>
          <line num="31" count="0" type="stmt"/>
          <line num="34" count="0" type="stmt"/>
          <line num="38" count="64" type="stmt"/>
          <line num="47" count="64" type="cond" truecount="1" falsecount="1"/>
          <line num="48" count="64" type="stmt"/>
          <line num="58" count="2" type="stmt"/>
          <line num="68" count="2" type="stmt"/>
          <line num="69" count="2" type="stmt"/>
          <line num="70" count="2" type="cond" truecount="1" falsecount="1"/>
          <line num="71" count="0" type="stmt"/>
          <line num="75" count="2" type="stmt"/>
          <line num="78" count="2" type="stmt"/>
          <line num="83" count="6" type="cond" truecount="2" falsecount="0"/>
          <line num="84" count="4" type="stmt"/>
          <line num="90" count="2" type="stmt"/>
          <line num="93" count="2" type="stmt"/>
          <line num="94" count="1" type="stmt"/>
          <line num="95" count="2" type="stmt"/>
          <line num="99" count="2" type="stmt"/>
          <line num="108" count="6" type="stmt"/>
          <line num="109" count="6" type="stmt"/>
          <line num="113" count="0" type="stmt"/>
          <line num="124" count="2" type="stmt"/>
          <line num="125" count="2" type="cond" truecount="1" falsecount="1"/>
          <line num="126" count="2" type="stmt"/>
          <line num="128" count="2" type="cond" truecount="2" falsecount="0"/>
          <line num="129" count="1" type="stmt"/>
          <line num="130" count="1" type="stmt"/>
          <line num="134" count="1" type="stmt"/>
          <line num="137" count="1" type="stmt"/>
          <line num="138" count="3" type="cond" truecount="1" falsecount="1"/>
          <line num="139" count="0" type="stmt"/>
          <line num="147" count="1" type="cond" truecount="1" falsecount="1"/>
          <line num="148" count="3" type="cond" truecount="1" falsecount="1"/>
          <line num="151" count="1" type="stmt"/>
          <line num="152" count="1" type="stmt"/>
          <line num="155" count="1" type="stmt"/>
          <line num="158" count="1" type="stmt"/>
          <line num="160" count="1" type="stmt"/>
          <line num="168" count="1" type="stmt"/>
          <line num="175" count="1" type="stmt"/>
          <line num="178" count="4" type="cond" truecount="2" falsecount="2"/>
          <line num="180" count="0" type="stmt"/>
          <line num="184" count="4" type="cond" truecount="2" falsecount="0"/>
          <line num="185" count="1" type="cond" truecount="1" falsecount="1"/>
          <line num="186" count="1" type="stmt"/>
          <line num="189" count="3" type="cond" truecount="1" falsecount="1"/>
          <line num="192" count="3" type="stmt"/>
          <line num="197" count="1" type="stmt"/>
          <line num="200" count="3" type="stmt"/>
          <line num="204" count="1" type="stmt"/>
          <line num="212" count="0" type="stmt"/>
          <line num="213" count="0" type="cond" truecount="0" falsecount="2"/>
          <line num="223" count="2" type="stmt"/>
          <line num="224" count="2" type="stmt"/>
          <line num="225" count="2" type="stmt"/>
          <line num="233" count="109" type="stmt"/>
          <line num="234" count="0" type="stmt"/>
          <line num="235" count="227" type="stmt"/>
          <line num="236" count="2" type="stmt"/>
          <line num="237" count="103" type="stmt"/>
          <line num="238" count="8" type="stmt"/>
          <line num="239" count="3" type="stmt"/>
          <line num="240" count="30" type="stmt"/>
          <line num="241" count="0" type="stmt"/>
          <line num="250" count="0" type="stmt"/>
          <line num="258" count="0" type="stmt"/>
          <line num="266" count="21" type="cond" truecount="1" falsecount="1"/>
          <line num="274" count="905" type="cond" truecount="2" falsecount="0"/>
          <line num="282" count="107" type="stmt"/>
          <line num="290" count="736" type="cond" truecount="2" falsecount="0"/>
          <line num="298" count="461" type="cond" truecount="2" falsecount="0"/>
          <line num="299" count="461" type="cond" truecount="4" falsecount="0"/>
          <line num="307" count="849" type="stmt"/>
          <line num="316" count="0" type="stmt"/>
          <line num="324" count="227" type="stmt"/>
          <line num="325" count="227" type="cond" truecount="4" falsecount="0"/>
          <line num="333" count="98" type="cond" truecount="2" falsecount="0"/>
          <line num="341" count="0" type="stmt"/>
          <line num="349" count="0" type="stmt"/>
          <line num="359" count="109" type="stmt"/>
          <line num="363" count="109" type="stmt"/>
        </file>
        <file name="propertiesModel.js" path="/Users/van/IdeaProjects/RxVO/src/classes/propertiesModel.js">
          <metrics statements="68" coveredstatements="43" conditionals="36" coveredconditionals="23" methods="11" coveredmethods="8"/>
          <line num="17" count="41" type="stmt"/>
          <line num="20" count="41" type="stmt"/>
          <line num="23" count="41" type="stmt"/>
          <line num="31" count="63" type="stmt"/>
          <line num="32" count="63" type="stmt"/>
          <line num="34" count="124" type="cond" truecount="2" falsecount="0"/>
          <line num="37" count="45" type="stmt"/>
          <line num="39" count="45" type="cond" truecount="1" falsecount="1"/>
          <line num="41" count="0" type="stmt"/>
          <line num="45" count="45" type="cond" truecount="2" falsecount="0"/>
          <line num="46" count="1" type="stmt"/>
          <line num="50" count="44" type="cond" truecount="2" falsecount="0"/>
          <line num="51" count="3" type="stmt"/>
          <line num="52" count="3" type="stmt"/>
          <line num="54" count="3" type="cond" truecount="2" falsecount="0"/>
          <line num="55" count="1" type="stmt"/>
          <line num="56" count="1" type="stmt"/>
          <line num="57" count="1" type="stmt"/>
          <line num="62" count="43" type="cond" truecount="1" falsecount="1"/>
          <line num="63" count="0" type="stmt"/>
          <line num="64" count="0" type="cond" truecount="0" falsecount="2"/>
          <line num="65" count="0" type="stmt"/>
          <line num="66" count="0" type="stmt"/>
          <line num="67" count="0" type="stmt"/>
          <line num="69" count="0" type="stmt"/>
          <line num="72" count="43" type="cond" truecount="2" falsecount="0"/>
          <line num="73" count="3" type="stmt"/>
          <line num="74" count="3" type="cond" truecount="1" falsecount="1"/>
          <line num="76" count="0" type="stmt"/>
          <line num="79" count="0" type="stmt"/>
          <line num="80" count="0" type="stmt"/>
          <line num="85" count="43" type="stmt"/>
          <line num="86" count="43" type="stmt"/>
          <line num="90" count="0" type="stmt"/>
          <line num="91" count="0" type="stmt"/>
          <line num="94" count="0" type="cond" truecount="0" falsecount="2"/>
          <line num="95" count="0" type="stmt"/>
          <line num="99" count="0" type="stmt"/>
          <line num="100" count="0" type="stmt"/>
          <line num="112" count="0" type="cond" truecount="0" falsecount="2"/>
          <line num="119" count="89" type="stmt"/>
          <line num="129" count="22" type="cond" truecount="3" falsecount="1"/>
          <line num="130" count="0" type="stmt"/>
          <line num="133" count="22" type="cond" truecount="1" falsecount="1"/>
          <line num="134" count="0" type="stmt"/>
          <line num="135" count="0" type="stmt"/>
          <line num="138" count="22" type="cond" truecount="2" falsecount="0"/>
          <line num="140" count="14" type="stmt"/>
          <line num="145" count="22" type="stmt"/>
          <line num="148" count="22" type="stmt"/>
          <line num="150" count="40" type="stmt"/>
          <line num="151" count="40" type="stmt"/>
          <line num="154" count="0" type="stmt"/>
          <line num="157" count="0" type="stmt"/>
          <line num="158" count="0" type="stmt"/>
          <line num="163" count="22" type="stmt"/>
          <line num="166" count="22" type="cond" truecount="2" falsecount="0"/>
          <line num="167" count="14" type="stmt"/>
          <line num="170" count="22" type="stmt"/>
          <line num="178" count="0" type="stmt"/>
          <line num="188" count="1" type="cond" truecount="1" falsecount="1"/>
          <line num="189" count="0" type="stmt"/>
          <line num="192" count="1" type="cond" truecount="1" falsecount="1"/>
          <line num="194" count="1" type="stmt"/>
          <line num="198" count="1" type="stmt"/>
          <line num="201" count="1" type="stmt"/>
          <line num="204" count="1" type="stmt"/>
          <line num="206" count="1" type="stmt"/>
        </file>
        <file name="rxvo.js" path="/Users/van/IdeaProjects/RxVO/src/classes/rxvo.js">
          <metrics statements="45" coveredstatements="29" conditionals="23" coveredconditionals="14" methods="16" coveredmethods="8"/>
          <line num="10" count="9" type="stmt"/>
          <line num="23" count="36" type="cond" truecount="1" falsecount="1"/>
          <line num="27" count="36" type="stmt"/>
          <line num="30" count="35" type="stmt"/>
          <line num="33" count="35" type="cond" truecount="1" falsecount="1"/>
          <line num="34" count="0" type="stmt"/>
          <line num="37" count="35" type="stmt"/>
          <line num="38" count="35" type="stmt"/>
          <line num="39" count="35" type="stmt"/>
          <line num="41" count="35" type="stmt"/>
          <line num="45" count="35" type="cond" truecount="5" falsecount="1"/>
          <line num="47" count="21" type="stmt"/>
          <line num="51" count="35" type="stmt"/>
          <line num="53" count="35" type="stmt"/>
          <line num="56" count="35" type="cond" truecount="2" falsecount="0"/>
          <line num="59" count="35" type="stmt"/>
          <line num="62" count="35" type="stmt"/>
          <line num="70" count="99" type="stmt"/>
          <line num="78" count="28" type="stmt"/>
          <line num="86" count="0" type="stmt"/>
          <line num="96" count="0" type="stmt"/>
          <line num="104" count="21" type="cond" truecount="2" falsecount="0"/>
          <line num="113" count="0" type="stmt"/>
          <line num="114" count="0" type="stmt"/>
          <line num="115" count="0" type="stmt"/>
          <line num="116" count="0" type="cond" truecount="0" falsecount="2"/>
          <line num="117" count="0" type="stmt"/>
          <line num="121" count="0" type="stmt"/>
          <line num="130" count="16" type="stmt"/>
          <line num="131" count="16" type="stmt"/>
          <line num="132" count="16" type="stmt"/>
          <line num="133" count="16" type="stmt"/>
          <line num="134" count="25" type="stmt"/>
          <line num="136" count="25" type="cond" truecount="2" falsecount="0"/>
          <line num="137" count="6" type="stmt"/>
          <line num="138" count="6" type="stmt"/>
          <line num="141" count="16" type="stmt"/>
          <line num="150" count="2" type="stmt"/>
          <line num="160" count="0" type="stmt"/>
          <line num="168" count="0" type="stmt"/>
          <line num="176" count="0" type="stmt"/>
          <line num="187" count="0" type="stmt"/>
          <line num="189" count="0" type="cond" truecount="0" falsecount="2"/>
          <line num="191" count="0" type="cond" truecount="0" falsecount="2"/>
          <line num="196" count="0" type="stmt"/>
        </file>
        <file name="utils.js" path="/Users/van/IdeaProjects/RxVO/src/classes/utils.js">
          <metrics statements="27" coveredstatements="25" conditionals="16" coveredconditionals="15" methods="7" coveredmethods="5"/>
          <line num="7" count="9" type="stmt"/>
          <line num="8" count="37" type="stmt"/>
          <line num="15" count="9" type="stmt"/>
          <line num="16" count="114" type="cond" truecount="4" falsecount="0"/>
          <line num="17" count="37" type="stmt"/>
          <line num="21" count="9" type="stmt"/>
          <line num="22" count="0" type="stmt"/>
          <line num="32" count="9" type="stmt"/>
          <line num="33" count="65" type="stmt"/>
          <line num="43" count="9" type="stmt"/>
          <line num="45" count="124" type="cond" truecount="2" falsecount="0"/>
          <line num="46" count="32" type="stmt"/>
          <line num="50" count="92" type="stmt"/>
          <line num="53" count="92" type="cond" truecount="4" falsecount="0"/>
          <line num="54" count="36" type="stmt"/>
          <line num="57" count="92" type="stmt"/>
          <line num="60" count="92" type="cond" truecount="2" falsecount="0"/>
          <line num="61" count="9" type="stmt"/>
          <line num="64" count="83" type="stmt"/>
          <line num="67" count="9" type="stmt"/>
          <line num="69" count="98" type="stmt"/>
          <line num="70" count="98" type="stmt"/>
          <line num="72" count="98" type="cond" truecount="2" falsecount="0"/>
          <line num="73" count="12" type="cond" truecount="1" falsecount="1"/>
          <line num="76" count="86" type="stmt"/>
          <line num="79" count="9" type="stmt"/>
          <line num="80" count="0" type="stmt"/>
        </file>
      </package>
    </metrics>
  </project>
</coverage>
