<?xml version="1.0" encoding="UTF-8"?>
<coverage generated="1518491500057" clover="3.2.0">
  <project timestamp="1518491500057" name="All files">
    <metrics statements="11302" coveredstatements="4758" conditionals="4963" coveredconditionals="1163" methods="2801" coveredmethods="1213" elements="19066" coveredelements="7134" complexity="0" loc="11302" ncloc="11302" packages="4" files="14" classes="14">
      <package name="JSD">
        <metrics statements="1" coveredstatements="1" conditionals="0" coveredconditionals="0" methods="0" coveredmethods="0"/>
        <file name="index.js" path="/Users/van/IdeaProjects/JSD/index.js">
          <metrics statements="1" coveredstatements="1" conditionals="0" coveredconditionals="0" methods="0" coveredmethods="0"/>
          <line num="1" count="2" type="stmt"/>
        </file>
      </package>
      <package name="JSD.dist">
        <metrics statements="10539" coveredstatements="4220" conditionals="4460" coveredconditionals="862" methods="2664" coveredmethods="1102"/>
        <file name="jsd.js" path="/Users/van/IdeaProjects/JSD/dist/jsd.js">
          <metrics statements="10539" coveredstatements="4220" conditionals="4460" coveredconditionals="862" methods="2664" coveredmethods="1102"/>
          <line num="1" count="2" type="stmt"/>
          <line num="2" count="2" type="cond" truecount="3" falsecount="1"/>
          <line num="3" count="2" type="stmt"/>
          <line num="4" count="0" type="cond" truecount="0" falsecount="4"/>
          <line num="5" count="0" type="stmt"/>
          <line num="6" count="0" type="cond" truecount="0" falsecount="2"/>
          <line num="7" count="0" type="stmt"/>
          <line num="9" count="0" type="stmt"/>
          <line num="11" count="2" type="stmt"/>
          <line num="13" count="2" type="stmt"/>
          <line num="19" count="2270" type="cond" truecount="2" falsecount="0"/>
          <line num="20" count="1332" type="stmt"/>
          <line num="23" count="938" type="stmt"/>
          <line num="30" count="938" type="stmt"/>
          <line num="33" count="938" type="stmt"/>
          <line num="36" count="938" type="stmt"/>
          <line num="41" count="2" type="stmt"/>
          <line num="44" count="2" type="stmt"/>
          <line num="47" count="2" type="stmt"/>
          <line num="48" count="6" type="cond" truecount="1" falsecount="1"/>
          <line num="49" count="6" type="stmt"/>
          <line num="58" count="2" type="stmt"/>
          <line num="59" count="4" type="cond" truecount="4" falsecount="0"/>
          <line num="60" count="0" type="stmt"/>
          <line num="61" count="0" type="stmt"/>
          <line num="62" count="4" type="stmt"/>
          <line num="63" count="4" type="stmt"/>
          <line num="67" count="6" type="stmt"/>
          <line num="70" count="2" type="stmt"/>
          <line num="73" count="2" type="stmt"/>
          <line num="82" count="2" type="stmt"/>
          <line num="83" count="2" type="stmt"/>
          <line num="84" count="2" type="stmt"/>
          <line num="85" count="2" type="stmt"/>
          <line num="92" count="2" type="stmt"/>
          <line num="101" count="2" type="stmt"/>
          <line num="102" count="2" type="cond" truecount="1" falsecount="1"/>
          <line num="103" count="0" type="stmt"/>
          <line num="113" count="2" type="stmt"/>
          <line num="114" count="0" type="stmt"/>
          <line num="115" count="0" type="stmt"/>
          <line num="116" count="0" type="stmt"/>
          <line num="117" count="0" type="stmt"/>
          <line num="233" count="2" type="stmt"/>
          <line num="234" count="2" type="stmt"/>
          <line num="235" count="2" type="stmt"/>
          <line num="236" count="2" type="cond" truecount="1" falsecount="1"/>
          <line num="237" count="0" type="stmt"/>
          <line num="240" count="2" type="cond" truecount="3" falsecount="1"/>
          <line num="242" count="2" type="cond" truecount="1" falsecount="1"/>
          <line num="243" count="2" type="stmt"/>
          <line num="244" count="2" type="cond" truecount="1" falsecount="1"/>
          <line num="245" count="0" type="stmt"/>
          <line num="248" count="2" type="stmt"/>
          <line num="250" count="2" type="stmt"/>
          <line num="251" count="2" type="stmt"/>
          <line num="252" count="2" type="stmt"/>
          <line num="255" count="0" type="stmt"/>
          <line num="256" count="0" type="stmt"/>
          <line num="257" count="0" type="stmt"/>
          <line num="267" count="2" type="stmt"/>
          <line num="268" count="0" type="stmt"/>
          <line num="269" count="0" type="cond" truecount="0" falsecount="2"/>
          <line num="270" count="0" type="cond" truecount="0" falsecount="5"/>
          <line num="271" count="0" type="stmt"/>
          <line num="273" count="0" type="cond" truecount="0" falsecount="2"/>
          <line num="274" count="0" type="stmt"/>
          <line num="277" count="0" type="cond" truecount="0" falsecount="2"/>
          <line num="278" count="0" type="stmt"/>
          <line num="280" count="0" type="stmt"/>
          <line num="284" count="0" type="stmt"/>
          <line num="285" count="0" type="cond" truecount="0" falsecount="2"/>
          <line num="290" count="0" type="stmt"/>
          <line num="291" count="0" type="stmt"/>
          <line num="294" count="0" type="stmt"/>
          <line num="295" count="0" type="stmt"/>
          <line num="305" count="0" type="stmt"/>
          <line num="310" count="2" type="stmt"/>
          <line num="311" count="0" type="stmt"/>
          <line num="318" count="2" type="stmt"/>
          <line num="319" count="0" type="stmt"/>
          <line num="340" count="2" type="stmt"/>
          <line num="341" count="0" type="stmt"/>
          <line num="342" count="0" type="stmt"/>
          <line num="343" count="0" type="stmt"/>
          <line num="345" count="0" type="cond" truecount="0" falsecount="2"/>
          <line num="346" count="0" type="stmt"/>
          <line num="348" count="0" type="stmt"/>
          <line num="351" count="2" type="stmt"/>
          <line num="352" count="0" type="stmt"/>
          <line num="353" count="0" type="cond" truecount="0" falsecount="2"/>
          <line num="354" count="0" type="cond" truecount="0" falsecount="5"/>
          <line num="355" count="0" type="stmt"/>
          <line num="357" count="0" type="cond" truecount="0" falsecount="2"/>
          <line num="358" count="0" type="stmt"/>
          <line num="361" count="0" type="cond" truecount="0" falsecount="2"/>
          <line num="362" count="0" type="stmt"/>
          <line num="364" count="0" type="stmt"/>
          <line num="366" count="0" type="stmt"/>
          <line num="379" count="2" type="stmt"/>
          <line num="380" count="0" type="stmt"/>
          <line num="382" count="2" type="stmt"/>
          <line num="384" count="2" type="stmt"/>
          <line num="393" count="2" type="cond" truecount="3" falsecount="0"/>
          <line num="394" count="6" type="cond" truecount="1" falsecount="1"/>
          <line num="395" count="4" type="stmt"/>
          <line num="396" count="4" type="cond" truecount="1" falsecount="1"/>
          <line num="398" count="2" type="stmt"/>
          <line num="399" count="2" type="stmt"/>
          <line num="400" count="2" type="stmt"/>
          <line num="401" count="2" type="stmt"/>
          <line num="412" count="2" type="stmt"/>
          <line num="413" count="2" type="stmt"/>
          <line num="423" count="4" type="stmt"/>
          <line num="424" count="4" type="stmt"/>
          <line num="425" count="4" type="stmt"/>
          <line num="426" count="4" type="stmt"/>
          <line num="427" count="4" type="stmt"/>
          <line num="428" count="4" type="cond" truecount="2" falsecount="1"/>
          <line num="430" count="2" type="stmt"/>
          <line num="431" count="2" type="stmt"/>
          <line num="433" count="0" type="cond" truecount="0" falsecount="2"/>
          <line num="434" count="0" type="stmt"/>
          <line num="435" count="0" type="stmt"/>
          <line num="437" count="0" type="cond" truecount="0" falsecount="2"/>
          <line num="438" count="0" type="cond" truecount="0" falsecount="2"/>
          <line num="439" count="0" type="stmt"/>
          <line num="440" count="0" type="stmt"/>
          <line num="441" count="0" type="stmt"/>
          <line num="444" count="0" type="stmt"/>
          <line num="445" count="0" type="stmt"/>
          <line num="447" count="0" type="stmt"/>
          <line num="450" count="2" type="stmt"/>
          <line num="451" count="2" type="stmt"/>
          <line num="452" count="2" type="stmt"/>
          <line num="455" count="2" type="stmt"/>
          <line num="467" count="2" type="stmt"/>
          <line num="468" count="0" type="stmt"/>
          <line num="469" count="0" type="stmt"/>
          <line num="470" count="0" type="stmt"/>
          <line num="479" count="2" type="stmt"/>
          <line num="480" count="2" type="cond" truecount="1" falsecount="1"/>
          <line num="481" count="2" type="stmt"/>
          <line num="491" count="2" type="stmt"/>
          <line num="492" count="0" type="cond" truecount="0" falsecount="2"/>
          <line num="493" count="0" type="stmt"/>
          <line num="494" count="0" type="stmt"/>
          <line num="503" count="2" type="stmt"/>
          <line num="504" count="0" type="cond" truecount="0" falsecount="2"/>
          <line num="505" count="0" type="stmt"/>
          <line num="506" count="0" type="stmt"/>
          <line num="509" count="2" type="stmt"/>
          <line num="510" count="0" type="cond" truecount="0" falsecount="2"/>
          <line num="511" count="0" type="stmt"/>
          <line num="513" count="0" type="stmt"/>
          <line num="514" count="0" type="stmt"/>
          <line num="516" count="2" type="stmt"/>
          <line num="517" count="2" type="stmt"/>
          <line num="519" count="2" type="stmt"/>
          <line num="520" count="0" type="stmt"/>
          <line num="521" count="0" type="stmt"/>
          <line num="523" count="2" type="stmt"/>
          <line num="524" count="0" type="stmt"/>
          <line num="525" count="0" type="stmt"/>
          <line num="527" count="2" type="stmt"/>
          <line num="528" count="0" type="stmt"/>
          <line num="529" count="0" type="stmt"/>
          <line num="530" count="0" type="stmt"/>
          <line num="531" count="0" type="stmt"/>
          <line num="532" count="0" type="stmt"/>
          <line num="533" count="0" type="stmt"/>
          <line num="534" count="0" type="stmt"/>
          <line num="535" count="0" type="stmt"/>
          <line num="536" count="0" type="stmt"/>
          <line num="538" count="2" type="stmt"/>
          <line num="540" count="2" type="stmt"/>
          <line num="546" count="2" type="stmt"/>
          <line num="547" count="2" type="stmt"/>
          <line num="549" count="2" type="stmt"/>
          <line num="550" count="2" type="stmt"/>
          <line num="552" count="2" type="stmt"/>
          <line num="553" count="2" type="cond" truecount="1" falsecount="1"/>
          <line num="554" count="0" type="stmt"/>
          <line num="556" count="2" type="cond" truecount="1" falsecount="1"/>
          <line num="557" count="2" type="stmt"/>
          <line num="558" count="2" type="stmt"/>
          <line num="559" count="2" type="stmt"/>
          <line num="560" count="2" type="cond" truecount="1" falsecount="1"/>
          <line num="561" count="2" type="stmt"/>
          <line num="562" count="2" type="cond" truecount="1" falsecount="1"/>
          <line num="563" count="0" type="stmt"/>
          <line num="565" count="2" type="stmt"/>
          <line num="568" count="2" type="stmt"/>
          <line num="569" count="2" type="stmt"/>
          <line num="570" count="2" type="stmt"/>
          <line num="571" count="2" type="stmt"/>
          <line num="573" count="2" type="stmt"/>
          <line num="574" count="2" type="cond" truecount="3" falsecount="1"/>
          <line num="575" count="0" type="stmt"/>
          <line num="576" count="0" type="cond" truecount="0" falsecount="2"/>
          <line num="577" count="0" type="stmt"/>
          <line num="579" count="0" type="cond" truecount="0" falsecount="2"/>
          <line num="580" count="0" type="stmt"/>
          <line num="584" count="2" type="stmt"/>
          <line num="585" count="0" type="cond" truecount="0" falsecount="2"/>
          <line num="586" count="0" type="stmt"/>
          <line num="587" count="0" type="cond" truecount="0" falsecount="2"/>
          <line num="588" count="0" type="cond" truecount="0" falsecount="2"/>
          <line num="589" count="0" type="stmt"/>
          <line num="590" count="0" type="stmt"/>
          <line num="593" count="0" type="stmt"/>
          <line num="594" count="0" type="stmt"/>
          <line num="597" count="0" type="cond" truecount="0" falsecount="2"/>
          <line num="598" count="0" type="stmt"/>
          <line num="599" count="0" type="stmt"/>
          <line num="602" count="0" type="stmt"/>
          <line num="603" count="0" type="stmt"/>
          <line num="604" count="0" type="stmt"/>
          <line num="608" count="2" type="stmt"/>
          <line num="609" count="0" type="stmt"/>
          <line num="610" count="0" type="cond" truecount="0" falsecount="2"/>
          <line num="611" count="0" type="stmt"/>
          <line num="612" count="0" type="cond" truecount="0" falsecount="2"/>
          <line num="613" count="0" type="stmt"/>
          <line num="614" count="0" type="cond" truecount="0" falsecount="2"/>
          <line num="615" count="0" type="stmt"/>
          <line num="616" count="0" type="stmt"/>
          <line num="619" count="0" type="stmt"/>
          <line num="620" count="0" type="stmt"/>
          <line num="624" count="0" type="stmt"/>
          <line num="628" count="2" type="stmt"/>
          <line num="629" count="0" type="stmt"/>
          <line num="630" count="0" type="stmt"/>
          <line num="633" count="0" type="stmt"/>
          <line num="634" count="0" type="stmt"/>
          <line num="637" count="2" type="stmt"/>
          <line num="638" count="0" type="stmt"/>
          <line num="639" count="0" type="stmt"/>
          <line num="642" count="0" type="stmt"/>
          <line num="643" count="0" type="stmt"/>
          <line num="644" count="0" type="stmt"/>
          <line num="646" count="0" type="stmt"/>
          <line num="648" count="2" type="stmt"/>
          <line num="649" count="0" type="stmt"/>
          <line num="650" count="0" type="stmt"/>
          <line num="651" count="0" type="stmt"/>
          <line num="652" count="0" type="stmt"/>
          <line num="654" count="2" type="stmt"/>
          <line num="664" count="2" type="cond" truecount="3" falsecount="0"/>
          <line num="665" count="4" type="cond" truecount="1" falsecount="1"/>
          <line num="666" count="2" type="stmt"/>
          <line num="667" count="2" type="cond" truecount="1" falsecount="1"/>
          <line num="669" count="2" type="stmt"/>
          <line num="675" count="2" type="stmt"/>
          <line num="676" count="2" type="stmt"/>
          <line num="678" count="0" type="stmt"/>
          <line num="680" count="2" type="stmt"/>
          <line num="681" count="0" type="stmt"/>
          <line num="683" count="2" type="stmt"/>
          <line num="684" count="0" type="stmt"/>
          <line num="686" count="2" type="stmt"/>
          <line num="687" count="0" type="stmt"/>
          <line num="689" count="2" type="stmt"/>
          <line num="691" count="2" type="stmt"/>
          <line num="700" count="2" type="stmt"/>
          <line num="701" count="2" type="stmt"/>
          <line num="702" count="2" type="stmt"/>
          <line num="703" count="2" type="stmt"/>
          <line num="704" count="2" type="stmt"/>
          <line num="705" count="2" type="stmt"/>
          <line num="706" count="2" type="stmt"/>
          <line num="707" count="2" type="stmt"/>
          <line num="709" count="0" type="stmt"/>
          <line num="710" count="0" type="cond" truecount="0" falsecount="2"/>
          <line num="711" count="0" type="stmt"/>
          <line num="713" count="0" type="cond" truecount="0" falsecount="2"/>
          <line num="714" count="0" type="cond" truecount="0" falsecount="2"/>
          <line num="715" count="0" type="stmt"/>
          <line num="716" count="0" type="stmt"/>
          <line num="717" count="0" type="stmt"/>
          <line num="720" count="0" type="stmt"/>
          <line num="721" count="0" type="stmt"/>
          <line num="724" count="0" type="cond" truecount="0" falsecount="2"/>
          <line num="725" count="0" type="cond" truecount="0" falsecount="2"/>
          <line num="726" count="0" type="stmt"/>
          <line num="728" count="0" type="cond" truecount="0" falsecount="2"/>
          <line num="729" count="0" type="stmt"/>
          <line num="732" count="0" type="cond" truecount="0" falsecount="2"/>
          <line num="733" count="0" type="stmt"/>
          <line num="734" count="0" type="cond" truecount="0" falsecount="2"/>
          <line num="735" count="0" type="stmt"/>
          <line num="736" count="0" type="stmt"/>
          <line num="738" count="0" type="stmt"/>
          <line num="741" count="0" type="stmt"/>
          <line num="743" count="0" type="stmt"/>
          <line num="745" count="0" type="cond" truecount="0" falsecount="4"/>
          <line num="746" count="0" type="stmt"/>
          <line num="747" count="0" type="stmt"/>
          <line num="748" count="0" type="stmt"/>
          <line num="749" count="0" type="cond" truecount="0" falsecount="2"/>
          <line num="750" count="0" type="stmt"/>
          <line num="751" count="0" type="stmt"/>
          <line num="753" count="0" type="stmt"/>
          <line num="754" count="0" type="cond" truecount="0" falsecount="2"/>
          <line num="755" count="0" type="stmt"/>
          <line num="759" count="0" type="cond" truecount="0" falsecount="4"/>
          <line num="760" count="0" type="stmt"/>
          <line num="761" count="0" type="cond" truecount="0" falsecount="2"/>
          <line num="762" count="0" type="stmt"/>
          <line num="765" count="0" type="stmt"/>
          <line num="769" count="0" type="cond" truecount="0" falsecount="2"/>
          <line num="770" count="0" type="stmt"/>
          <line num="772" count="0" type="stmt"/>
          <line num="774" count="0" type="stmt"/>
          <line num="776" count="2" type="stmt"/>
          <line num="785" count="2" type="stmt"/>
          <line num="786" count="2" type="stmt"/>
          <line num="829" count="2" type="stmt"/>
          <line num="838" count="2" type="stmt"/>
          <line num="839" count="2" type="stmt"/>
          <line num="840" count="2" type="stmt"/>
          <line num="841" count="2" type="stmt"/>
          <line num="842" count="2" type="stmt"/>
          <line num="843" count="2" type="stmt"/>
          <line num="856" count="2" type="stmt"/>
          <line num="866" count="8" type="stmt"/>
          <line num="867" count="8" type="stmt"/>
          <line num="868" count="8" type="stmt"/>
          <line num="869" count="8" type="stmt"/>
          <line num="870" count="8" type="cond" truecount="1" falsecount="1"/>
          <line num="871" count="0" type="stmt"/>
          <line num="880" count="2" type="stmt"/>
          <line num="881" count="0" type="stmt"/>
          <line num="883" count="0" type="cond" truecount="0" falsecount="2"/>
          <line num="884" count="0" type="stmt"/>
          <line num="886" count="0" type="stmt"/>
          <line num="887" count="0" type="stmt"/>
          <line num="888" count="0" type="stmt"/>
          <line num="889" count="0" type="stmt"/>
          <line num="892" count="0" type="stmt"/>
          <line num="893" count="0" type="stmt"/>
          <line num="894" count="0" type="cond" truecount="0" falsecount="2"/>
          <line num="897" count="0" type="stmt"/>
          <line num="898" count="0" type="stmt"/>
          <line num="901" count="0" type="cond" truecount="0" falsecount="3"/>
          <line num="903" count="0" type="cond" truecount="0" falsecount="2"/>
          <line num="904" count="0" type="stmt"/>
          <line num="905" count="0" type="cond" truecount="0" falsecount="2"/>
          <line num="906" count="0" type="stmt"/>
          <line num="907" count="0" type="cond" truecount="0" falsecount="4"/>
          <line num="911" count="0" type="cond" truecount="0" falsecount="2"/>
          <line num="912" count="0" type="stmt"/>
          <line num="913" count="0" type="stmt"/>
          <line num="914" count="0" type="stmt"/>
          <line num="915" count="0" type="stmt"/>
          <line num="916" count="0" type="cond" truecount="0" falsecount="2"/>
          <line num="917" count="0" type="stmt"/>
          <line num="918" count="0" type="cond" truecount="0" falsecount="2"/>
          <line num="919" count="0" type="stmt"/>
          <line num="920" count="0" type="cond" truecount="0" falsecount="2"/>
          <line num="921" count="0" type="stmt"/>
          <line num="922" count="0" type="cond" truecount="0" falsecount="2"/>
          <line num="923" count="0" type="stmt"/>
          <line num="926" count="0" type="stmt"/>
          <line num="932" count="0" type="cond" truecount="0" falsecount="2"/>
          <line num="933" count="0" type="stmt"/>
          <line num="954" count="2" type="stmt"/>
          <line num="955" count="2" type="cond" truecount="3" falsecount="1"/>
          <line num="956" count="0" type="stmt"/>
          <line num="958" count="2" type="cond" truecount="1" falsecount="1"/>
          <line num="959" count="0" type="stmt"/>
          <line num="961" count="2" type="stmt"/>
          <line num="962" count="2" type="cond" truecount="1" falsecount="2"/>
          <line num="964" count="0" type="stmt"/>
          <line num="966" count="2" type="cond" truecount="3" falsecount="1"/>
          <line num="967" count="0" type="stmt"/>
          <line num="969" count="2" type="cond" truecount="1" falsecount="1"/>
          <line num="970" count="0" type="stmt"/>
          <line num="971" count="0" type="stmt"/>
          <line num="973" count="2" type="cond" truecount="1" falsecount="1"/>
          <line num="974" count="0" type="stmt"/>
          <line num="975" count="0" type="stmt"/>
          <line num="976" count="0" type="stmt"/>
          <line num="978" count="2" type="stmt"/>
          <line num="980" count="0" type="stmt"/>
          <line num="982" count="2" type="cond" truecount="2" falsecount="0"/>
          <line num="983" count="2" type="stmt"/>
          <line num="984" count="2" type="stmt"/>
          <line num="985" count="2" type="stmt"/>
          <line num="993" count="2" type="stmt"/>
          <line num="994" count="0" type="stmt"/>
          <line num="995" count="0" type="cond" truecount="0" falsecount="2"/>
          <line num="996" count="0" type="stmt"/>
          <line num="997" count="0" type="cond" truecount="0" falsecount="2"/>
          <line num="998" count="0" type="stmt"/>
          <line num="1002" count="2" type="stmt"/>
          <line num="1003" count="2" type="stmt"/>
          <line num="1004" count="2" type="cond" truecount="2" falsecount="2"/>
          <line num="1007" count="2" type="stmt"/>
          <line num="1009" count="0" type="cond" truecount="0" falsecount="2"/>
          <line num="1012" count="0" type="stmt"/>
          <line num="1014" count="0" type="cond" truecount="0" falsecount="2"/>
          <line num="1016" count="0" type="stmt"/>
          <line num="1019" count="2" type="stmt"/>
          <line num="1020" count="2" type="stmt"/>
          <line num="1021" count="2" type="stmt"/>
          <line num="1023" count="2" type="stmt"/>
          <line num="1025" count="2" type="stmt"/>
          <line num="1027" count="0" type="cond" truecount="0" falsecount="2"/>
          <line num="1037" count="2" type="cond" truecount="3" falsecount="0"/>
          <line num="1038" count="8" type="cond" truecount="1" falsecount="1"/>
          <line num="1039" count="6" type="stmt"/>
          <line num="1040" count="6" type="cond" truecount="1" falsecount="1"/>
          <line num="1042" count="2" type="stmt"/>
          <line num="1043" count="2" type="stmt"/>
          <line num="1044" count="2" type="stmt"/>
          <line num="1045" count="2" type="stmt"/>
          <line num="1046" count="2" type="stmt"/>
          <line num="1047" count="2" type="stmt"/>
          <line num="1051" count="2" type="stmt"/>
          <line num="1052" count="2" type="stmt"/>
          <line num="1054" count="0" type="stmt"/>
          <line num="1055" count="0" type="stmt"/>
          <line num="1057" count="2" type="stmt"/>
          <line num="1059" count="2" type="stmt"/>
          <line num="1063" count="2" type="stmt"/>
          <line num="1064" count="2" type="stmt"/>
          <line num="1066" count="2" type="stmt"/>
          <line num="1067" count="2" type="stmt"/>
          <line num="1068" count="2" type="stmt"/>
          <line num="1069" count="2" type="stmt"/>
          <line num="1070" count="2" type="stmt"/>
          <line num="1071" count="2" type="stmt"/>
          <line num="1073" count="2" type="stmt"/>
          <line num="1074" count="0" type="stmt"/>
          <line num="1076" count="2" type="stmt"/>
          <line num="1077" count="0" type="stmt"/>
          <line num="1078" count="0" type="stmt"/>
          <line num="1079" count="0" type="stmt"/>
          <line num="1081" count="2" type="stmt"/>
          <line num="1082" count="2" type="cond" truecount="1" falsecount="1"/>
          <line num="1083" count="0" type="stmt"/>
          <line num="1085" count="2" type="cond" truecount="1" falsecount="1"/>
          <line num="1086" count="2" type="stmt"/>
          <line num="1087" count="2" type="stmt"/>
          <line num="1088" count="2" type="stmt"/>
          <line num="1089" count="2" type="stmt"/>
          <line num="1090" count="2" type="stmt"/>
          <line num="1094" count="2" type="stmt"/>
          <line num="1095" count="0" type="cond" truecount="0" falsecount="2"/>
          <line num="1096" count="0" type="stmt"/>
          <line num="1098" count="0" type="stmt"/>
          <line num="1099" count="0" type="stmt"/>
          <line num="1100" count="0" type="stmt"/>
          <line num="1101" count="0" type="stmt"/>
          <line num="1102" count="0" type="stmt"/>
          <line num="1103" count="0" type="stmt"/>
          <line num="1104" count="0" type="stmt"/>
          <line num="1105" count="0" type="stmt"/>
          <line num="1107" count="0" type="stmt"/>
          <line num="1109" count="2" type="stmt"/>
          <line num="1110" count="0" type="cond" truecount="0" falsecount="2"/>
          <line num="1111" count="0" type="stmt"/>
          <line num="1113" count="0" type="stmt"/>
          <line num="1114" count="0" type="stmt"/>
          <line num="1115" count="0" type="stmt"/>
          <line num="1116" count="0" type="stmt"/>
          <line num="1117" count="0" type="stmt"/>
          <line num="1118" count="0" type="stmt"/>
          <line num="1120" count="0" type="stmt"/>
          <line num="1122" count="2" type="stmt"/>
          <line num="1123" count="0" type="stmt"/>
          <line num="1124" count="0" type="stmt"/>
          <line num="1125" count="0" type="stmt"/>
          <line num="1127" count="2" type="stmt"/>
          <line num="1128" count="2" type="cond" truecount="1" falsecount="1"/>
          <line num="1129" count="0" type="stmt"/>
          <line num="1132" count="2" type="stmt"/>
          <line num="1135" count="2" type="stmt"/>
          <line num="1136" count="2" type="cond" truecount="1" falsecount="1"/>
          <line num="1137" count="0" type="stmt"/>
          <line num="1139" count="2" type="cond" truecount="1" falsecount="1"/>
          <line num="1140" count="0" type="stmt"/>
          <line num="1141" count="0" type="stmt"/>
          <line num="1143" count="2" type="cond" truecount="1" falsecount="1"/>
          <line num="1144" count="0" type="stmt"/>
          <line num="1145" count="0" type="stmt"/>
          <line num="1148" count="2" type="stmt"/>
          <line num="1149" count="2" type="stmt"/>
          <line num="1152" count="2" type="stmt"/>
          <line num="1153" count="0" type="stmt"/>
          <line num="1154" count="0" type="stmt"/>
          <line num="1155" count="0" type="stmt"/>
          <line num="1157" count="2" type="stmt"/>
          <line num="1158" count="0" type="stmt"/>
          <line num="1160" count="2" type="stmt"/>
          <line num="1162" count="2" type="stmt"/>
          <line num="1166" count="2" type="stmt"/>
          <line num="1167" count="2" type="stmt"/>
          <line num="1169" count="0" type="stmt"/>
          <line num="1170" count="0" type="stmt"/>
          <line num="1171" count="0" type="stmt"/>
          <line num="1173" count="2" type="stmt"/>
          <line num="1174" count="0" type="stmt"/>
          <line num="1175" count="0" type="cond" truecount="0" falsecount="4"/>
          <line num="1176" count="0" type="stmt"/>
          <line num="1179" count="2" type="stmt"/>
          <line num="1180" count="0" type="stmt"/>
          <line num="1181" count="0" type="cond" truecount="0" falsecount="4"/>
          <line num="1182" count="0" type="stmt"/>
          <line num="1185" count="2" type="stmt"/>
          <line num="1186" count="0" type="stmt"/>
          <line num="1187" count="0" type="cond" truecount="0" falsecount="4"/>
          <line num="1188" count="0" type="stmt"/>
          <line num="1191" count="2" type="stmt"/>
          <line num="1192" count="0" type="stmt"/>
          <line num="1193" count="0" type="cond" truecount="0" falsecount="2"/>
          <line num="1194" count="0" type="stmt"/>
          <line num="1197" count="0" type="stmt"/>
          <line num="1200" count="2" type="stmt"/>
          <line num="1202" count="2" type="stmt"/>
          <line num="1212" count="2" type="stmt"/>
          <line num="1221" count="2" type="stmt"/>
          <line num="1224" count="0" type="stmt"/>
          <line num="1225" count="0" type="stmt"/>
          <line num="1228" count="0" type="stmt"/>
          <line num="1229" count="0" type="stmt"/>
          <line num="1233" count="0" type="stmt"/>
          <line num="1234" count="0" type="stmt"/>
          <line num="1236" count="2" type="stmt"/>
          <line num="1245" count="2" type="stmt"/>
          <line num="1249" count="2" type="cond" truecount="2" falsecount="0"/>
          <line num="1250" count="2" type="cond" truecount="2" falsecount="2"/>
          <line num="1252" count="2" type="cond" truecount="2" falsecount="0"/>
          <line num="1253" count="2" type="cond" truecount="1" falsecount="2"/>
          <line num="1254" count="2" type="stmt"/>
          <line num="1258" count="2" type="stmt"/>
          <line num="1259" count="2" type="cond" truecount="1" falsecount="1"/>
          <line num="1260" count="0" type="stmt"/>
          <line num="1273" count="0" type="cond" truecount="0" falsecount="2"/>
          <line num="1275" count="2" type="stmt"/>
          <line num="1283" count="2" type="stmt"/>
          <line num="1284" count="2" type="stmt"/>
          <line num="1289" count="2" type="stmt"/>
          <line num="1290" count="2" type="stmt"/>
          <line num="1292" count="2" type="stmt"/>
          <line num="1297" count="2" type="stmt"/>
          <line num="1305" count="2" type="stmt"/>
          <line num="1306" count="2" type="stmt"/>
          <line num="1314" count="2" type="stmt"/>
          <line num="1315" count="2" type="stmt"/>
          <line num="1322" count="2" type="stmt"/>
          <line num="1323" count="2" type="stmt"/>
          <line num="1331" count="2" type="stmt"/>
          <line num="1332" count="2" type="stmt"/>
          <line num="1339" count="2" type="stmt"/>
          <line num="1340" count="2" type="stmt"/>
          <line num="1348" count="2" type="stmt"/>
          <line num="1357" count="2" type="stmt"/>
          <line num="1358" count="2" type="stmt"/>
          <line num="1366" count="2" type="stmt"/>
          <line num="1367" count="2" type="stmt"/>
          <line num="1375" count="2" type="stmt"/>
          <line num="1376" count="2" type="stmt"/>
          <line num="1384" count="2" type="stmt"/>
          <line num="1385" count="2" type="stmt"/>
          <line num="1392" count="2" type="stmt"/>
          <line num="1393" count="2" type="stmt"/>
          <line num="1400" count="2" type="stmt"/>
          <line num="1401" count="2" type="stmt"/>
          <line num="1408" count="2" type="stmt"/>
          <line num="1409" count="2" type="stmt"/>
          <line num="1416" count="2" type="stmt"/>
          <line num="1417" count="2" type="stmt"/>
          <line num="1428" count="2" type="cond" truecount="1" falsecount="3"/>
          <line num="1437" count="2" type="cond" truecount="3" falsecount="0"/>
          <line num="1438" count="6" type="cond" truecount="1" falsecount="1"/>
          <line num="1439" count="2" type="stmt"/>
          <line num="1440" count="2" type="cond" truecount="1" falsecount="1"/>
          <line num="1442" count="2" type="stmt"/>
          <line num="1443" count="2" type="stmt"/>
          <line num="1444" count="2" type="stmt"/>
          <line num="1445" count="2" type="stmt"/>
          <line num="1451" count="2" type="stmt"/>
          <line num="1452" count="2" type="stmt"/>
          <line num="1454" count="0" type="stmt"/>
          <line num="1455" count="0" type="stmt"/>
          <line num="1456" count="0" type="stmt"/>
          <line num="1457" count="0" type="cond" truecount="0" falsecount="4"/>
          <line num="1458" count="0" type="stmt"/>
          <line num="1459" count="0" type="stmt"/>
          <line num="1462" count="2" type="stmt"/>
          <line num="1463" count="0" type="stmt"/>
          <line num="1501" count="2" type="stmt"/>
          <line num="1502" count="0" type="stmt"/>
          <line num="1503" count="0" type="stmt"/>
          <line num="1504" count="0" type="stmt"/>
          <line num="1506" count="0" type="stmt"/>
          <line num="1507" count="0" type="cond" truecount="0" falsecount="2"/>
          <line num="1508" count="0" type="stmt"/>
          <line num="1511" count="0" type="stmt"/>
          <line num="1513" count="0" type="stmt"/>
          <line num="1514" count="0" type="cond" truecount="0" falsecount="2"/>
          <line num="1515" count="0" type="stmt"/>
          <line num="1517" count="0" type="cond" truecount="0" falsecount="2"/>
          <line num="1518" count="0" type="stmt"/>
          <line num="1521" count="0" type="stmt"/>
          <line num="1524" count="2" type="stmt"/>
          <line num="1525" count="0" type="stmt"/>
          <line num="1526" count="0" type="cond" truecount="0" falsecount="2"/>
          <line num="1527" count="0" type="stmt"/>
          <line num="1528" count="0" type="stmt"/>
          <line num="1530" count="0" type="stmt"/>
          <line num="1531" count="0" type="cond" truecount="0" falsecount="2"/>
          <line num="1532" count="0" type="stmt"/>
          <line num="1534" count="0" type="stmt"/>
          <line num="1535" count="0" type="stmt"/>
          <line num="1537" count="2" type="stmt"/>
          <line num="1538" count="0" type="stmt"/>
          <line num="1539" count="0" type="stmt"/>
          <line num="1540" count="0" type="stmt"/>
          <line num="1541" count="0" type="stmt"/>
          <line num="1542" count="0" type="cond" truecount="0" falsecount="2"/>
          <line num="1543" count="0" type="stmt"/>
          <line num="1548" count="0" type="cond" truecount="0" falsecount="2"/>
          <line num="1549" count="0" type="stmt"/>
          <line num="1551" count="0" type="stmt"/>
          <line num="1554" count="2" type="stmt"/>
          <line num="1556" count="2" type="stmt"/>
          <line num="1565" count="2" type="cond" truecount="3" falsecount="0"/>
          <line num="1566" count="6" type="cond" truecount="1" falsecount="1"/>
          <line num="1567" count="2" type="stmt"/>
          <line num="1568" count="2" type="cond" truecount="1" falsecount="1"/>
          <line num="1570" count="2" type="stmt"/>
          <line num="1576" count="2" type="stmt"/>
          <line num="1577" count="2" type="stmt"/>
          <line num="1579" count="0" type="stmt"/>
          <line num="1580" count="0" type="stmt"/>
          <line num="1625" count="2" type="stmt"/>
          <line num="1626" count="0" type="stmt"/>
          <line num="1628" count="2" type="stmt"/>
          <line num="1629" count="0" type="stmt"/>
          <line num="1630" count="0" type="stmt"/>
          <line num="1632" count="2" type="stmt"/>
          <line num="1633" count="0" type="stmt"/>
          <line num="1634" count="0" type="cond" truecount="0" falsecount="2"/>
          <line num="1635" count="0" type="stmt"/>
          <line num="1638" count="0" type="stmt"/>
          <line num="1641" count="2" type="stmt"/>
          <line num="1643" count="2" type="stmt"/>
          <line num="1652" count="2" type="stmt"/>
          <line num="1674" count="0" type="stmt"/>
          <line num="1676" count="0" type="cond" truecount="0" falsecount="2"/>
          <line num="1677" count="0" type="stmt"/>
          <line num="1680" count="0" type="stmt"/>
          <line num="1681" count="0" type="stmt"/>
          <line num="1684" count="0" type="cond" truecount="0" falsecount="2"/>
          <line num="1685" count="0" type="stmt"/>
          <line num="1687" count="0" type="stmt"/>
          <line num="1688" count="0" type="stmt"/>
          <line num="1689" count="0" type="stmt"/>
          <line num="1690" count="0" type="stmt"/>
          <line num="1693" count="2" type="stmt"/>
          <line num="1694" count="2" type="stmt"/>
          <line num="1696" count="0" type="stmt"/>
          <line num="1697" count="0" type="stmt"/>
          <line num="1699" count="2" type="stmt"/>
          <line num="1700" count="0" type="stmt"/>
          <line num="1701" count="0" type="stmt"/>
          <line num="1702" count="0" type="stmt"/>
          <line num="1703" count="0" type="stmt"/>
          <line num="1704" count="0" type="stmt"/>
          <line num="1706" count="2" type="stmt"/>
          <line num="1708" count="2" type="stmt"/>
          <line num="1716" count="2" type="stmt"/>
          <line num="1717" count="2" type="stmt"/>
          <line num="1718" count="2" type="stmt"/>
          <line num="1719" count="2" type="stmt"/>
          <line num="1720" count="2" type="stmt"/>
          <line num="1721" count="2" type="stmt"/>
          <line num="1738" count="1" type="stmt"/>
          <line num="1740" count="1" type="cond" truecount="1" falsecount="1"/>
          <line num="1741" count="0" type="stmt"/>
          <line num="1743" count="1" type="stmt"/>
          <line num="1744" count="1" type="stmt"/>
          <line num="1747" count="1" type="cond" truecount="1" falsecount="1"/>
          <line num="1749" count="1" type="cond" truecount="1" falsecount="1"/>
          <line num="1750" count="1" type="stmt"/>
          <line num="1756" count="0" type="cond" truecount="0" falsecount="2"/>
          <line num="1757" count="0" type="cond" truecount="0" falsecount="2"/>
          <line num="1758" count="0" type="stmt"/>
          <line num="1760" count="0" type="stmt"/>
          <line num="1763" count="0" type="stmt"/>
          <line num="1765" count="1" type="stmt"/>
          <line num="1768" count="1" type="cond" truecount="1" falsecount="1"/>
          <line num="1769" count="0" type="stmt"/>
          <line num="1772" count="1" type="cond" truecount="1" falsecount="1"/>
          <line num="1773" count="0" type="stmt"/>
          <line num="1774" count="0" type="stmt"/>
          <line num="1776" count="0" type="stmt"/>
          <line num="1777" count="0" type="cond" truecount="0" falsecount="2"/>
          <line num="1779" count="0" type="stmt"/>
          <line num="1780" count="0" type="stmt"/>
          <line num="1781" count="0" type="stmt"/>
          <line num="1787" count="1" type="cond" truecount="1" falsecount="1"/>
          <line num="1791" count="1" type="cond" truecount="1" falsecount="1"/>
          <line num="1792" count="0" type="stmt"/>
          <line num="1794" count="1" type="stmt"/>
          <line num="1795" count="1" type="stmt"/>
          <line num="1796" count="1" type="cond" truecount="1" falsecount="1"/>
          <line num="1798" count="1" type="stmt"/>
          <line num="1800" count="1" type="stmt"/>
          <line num="1802" count="1" type="stmt"/>
          <line num="1803" count="1" type="cond" truecount="1" falsecount="1"/>
          <line num="1805" count="0" type="stmt"/>
          <line num="1806" count="0" type="stmt"/>
          <line num="1812" count="1" type="stmt"/>
          <line num="1814" count="2" type="stmt"/>
          <line num="1815" count="2" type="cond" truecount="1" falsecount="1"/>
          <line num="1818" count="1" type="stmt"/>
          <line num="1819" count="1" type="cond" truecount="1" falsecount="1"/>
          <line num="1820" count="0" type="stmt"/>
          <line num="1821" count="0" type="cond" truecount="0" falsecount="2"/>
          <line num="1822" count="0" type="stmt"/>
          <line num="1823" count="0" type="stmt"/>
          <line num="1825" count="0" type="stmt"/>
          <line num="1827" count="1" type="cond" truecount="2" falsecount="0"/>
          <line num="1828" count="1" type="stmt"/>
          <line num="1829" count="1" type="stmt"/>
          <line num="1830" count="1" type="stmt"/>
          <line num="1833" count="1" type="cond" truecount="1" falsecount="1"/>
          <line num="1834" count="1" type="cond" truecount="1" falsecount="1"/>
          <line num="1835" count="1" type="stmt"/>
          <line num="1839" count="0" type="cond" truecount="0" falsecount="2"/>
          <line num="1841" count="0" type="cond" truecount="0" falsecount="2"/>
          <line num="1843" count="0" type="stmt"/>
          <line num="1847" count="1" type="cond" truecount="1" falsecount="1"/>
          <line num="1849" count="0" type="cond" truecount="0" falsecount="2"/>
          <line num="1850" count="0" type="stmt"/>
          <line num="1851" count="0" type="stmt"/>
          <line num="1852" count="0" type="stmt"/>
          <line num="1854" count="0" type="stmt"/>
          <line num="1857" count="1" type="cond" truecount="1" falsecount="1"/>
          <line num="1858" count="0" type="stmt"/>
          <line num="1859" count="0" type="cond" truecount="0" falsecount="2"/>
          <line num="1860" count="0" type="stmt"/>
          <line num="1861" count="0" type="stmt"/>
          <line num="1862" count="0" type="stmt"/>
          <line num="1868" count="1" type="stmt"/>
          <line num="1870" count="0" type="stmt"/>
          <line num="1871" count="0" type="stmt"/>
          <line num="1874" count="1" type="stmt"/>
          <line num="1875" count="1" type="stmt"/>
          <line num="1876" count="1" type="cond" truecount="1" falsecount="1"/>
          <line num="1877" count="0" type="stmt"/>
          <line num="1878" count="0" type="stmt"/>
          <line num="1879" count="0" type="stmt"/>
          <line num="1880" count="0" type="stmt"/>
          <line num="1883" count="1" type="stmt"/>
          <line num="1885" count="1" type="stmt"/>
          <line num="1886" count="1" type="cond" truecount="1" falsecount="1"/>
          <line num="1887" count="1" type="cond" truecount="1" falsecount="1"/>
          <line num="1888" count="0" type="stmt"/>
          <line num="1890" count="1" type="stmt"/>
          <line num="1891" count="1" type="stmt"/>
          <line num="1892" count="1" type="stmt"/>
          <line num="1893" count="1" type="stmt"/>
          <line num="1895" count="0" type="stmt"/>
          <line num="1896" count="0" type="stmt"/>
          <line num="1903" count="1" type="cond" truecount="1" falsecount="1"/>
          <line num="1910" count="2" type="stmt"/>
          <line num="1917" count="3" type="stmt"/>
          <line num="1926" count="1" type="cond" truecount="1" falsecount="1"/>
          <line num="1927" count="1" type="stmt"/>
          <line num="1929" count="0" type="stmt"/>
          <line num="1933" count="1" type="stmt"/>
          <line num="1935" count="1" type="cond" truecount="1" falsecount="1"/>
          <line num="1936" count="1" type="stmt"/>
          <line num="1937" count="1" type="stmt"/>
          <line num="1940" count="0" type="stmt"/>
          <line num="1941" count="0" type="stmt"/>
          <line num="1942" count="0" type="stmt"/>
          <line num="1944" count="1" type="stmt"/>
          <line num="1945" count="1" type="stmt"/>
          <line num="1946" count="1" type="stmt"/>
          <line num="1948" count="0" type="cond" truecount="0" falsecount="2"/>
          <line num="1949" count="0" type="stmt"/>
          <line num="1950" count="0" type="stmt"/>
          <line num="1951" count="0" type="stmt"/>
          <line num="1961" count="0" type="stmt"/>
          <line num="1970" count="0" type="cond" truecount="0" falsecount="2"/>
          <line num="1971" count="0" type="stmt"/>
          <line num="1973" count="0" type="stmt"/>
          <line num="1974" count="0" type="stmt"/>
          <line num="1975" count="0" type="stmt"/>
          <line num="1976" count="0" type="cond" truecount="0" falsecount="2"/>
          <line num="1977" count="0" type="stmt"/>
          <line num="1979" count="0" type="stmt"/>
          <line num="1980" count="0" type="stmt"/>
          <line num="1983" count="0" type="stmt"/>
          <line num="1991" count="0" type="cond" truecount="0" falsecount="2"/>
          <line num="1999" count="1" type="stmt"/>
          <line num="2006" count="0" type="stmt"/>
          <line num="2013" count="0" type="stmt"/>
          <line num="2020" count="2" type="stmt"/>
          <line num="2030" count="2" type="stmt"/>
          <line num="2032" count="2" type="stmt"/>
          <line num="2033" count="2" type="cond" truecount="1" falsecount="1"/>
          <line num="2034" count="2" type="cond" truecount="1" falsecount="1"/>
          <line num="2035" count="0" type="stmt"/>
          <line num="2037" count="2" type="stmt"/>
          <line num="2041" count="0" type="stmt"/>
          <line num="2042" count="0" type="cond" truecount="0" falsecount="4"/>
          <line num="2043" count="0" type="stmt"/>
          <line num="2045" count="0" type="stmt"/>
          <line num="2047" count="0" type="cond" truecount="0" falsecount="2"/>
          <line num="2048" count="0" type="stmt"/>
          <line num="2049" count="0" type="stmt"/>
          <line num="2050" count="0" type="stmt"/>
          <line num="2052" count="0" type="cond" truecount="0" falsecount="5"/>
          <line num="2053" count="0" type="stmt"/>
          <line num="2057" count="0" type="stmt"/>
          <line num="2060" count="2" type="stmt"/>
          <line num="2061" count="2" type="stmt"/>
          <line num="2065" count="2" type="stmt"/>
          <line num="2074" count="2" type="stmt"/>
          <line num="2075" count="2" type="stmt"/>
          <line num="2076" count="2" type="stmt"/>
          <line num="2077" count="2" type="stmt"/>
          <line num="2173" count="0" type="stmt"/>
          <line num="2174" count="0" type="stmt"/>
          <line num="2175" count="0" type="stmt"/>
          <line num="2177" count="0" type="cond" truecount="0" falsecount="5"/>
          <line num="2178" count="0" type="stmt"/>
          <line num="2180" count="0" type="stmt"/>
          <line num="2182" count="2" type="stmt"/>
          <line num="2191" count="2" type="stmt"/>
          <line num="2206" count="2" type="stmt"/>
          <line num="2208" count="4" type="stmt"/>
          <line num="2209" count="4" type="stmt"/>
          <line num="2210" count="4" type="stmt"/>
          <line num="2211" count="4" type="stmt"/>
          <line num="2218" count="2" type="stmt"/>
          <line num="2219" count="0" type="cond" truecount="0" falsecount="3"/>
          <line num="2221" count="0" type="cond" truecount="0" falsecount="2"/>
          <line num="2223" count="0" type="cond" truecount="0" falsecount="2"/>
          <line num="2225" count="0" type="cond" truecount="0" falsecount="2"/>
          <line num="2236" count="2" type="stmt"/>
          <line num="2237" count="0" type="stmt"/>
          <line num="2238" count="0" type="cond" truecount="0" falsecount="3"/>
          <line num="2240" count="0" type="cond" truecount="0" falsecount="2"/>
          <line num="2242" count="0" type="cond" truecount="0" falsecount="2"/>
          <line num="2244" count="0" type="cond" truecount="0" falsecount="2"/>
          <line num="2256" count="2" type="stmt"/>
          <line num="2257" count="0" type="cond" truecount="0" falsecount="4"/>
          <line num="2258" count="0" type="stmt"/>
          <line num="2261" count="0" type="stmt"/>
          <line num="2269" count="2" type="stmt"/>
          <line num="2270" count="0" type="stmt"/>
          <line num="2271" count="0" type="cond" truecount="0" falsecount="3"/>
          <line num="2273" count="0" type="stmt"/>
          <line num="2275" count="0" type="stmt"/>
          <line num="2277" count="0" type="stmt"/>
          <line num="2279" count="0" type="stmt"/>
          <line num="2288" count="2" type="stmt"/>
          <line num="2289" count="0" type="cond" truecount="0" falsecount="2"/>
          <line num="2290" count="0" type="stmt"/>
          <line num="2292" count="0" type="stmt"/>
          <line num="2301" count="2" type="stmt"/>
          <line num="2302" count="0" type="stmt"/>
          <line num="2308" count="2" type="stmt"/>
          <line num="2309" count="0" type="stmt"/>
          <line num="2311" count="2" type="stmt"/>
          <line num="2312" count="2" type="stmt"/>
          <line num="2313" count="2" type="stmt"/>
          <line num="2315" count="2" type="stmt"/>
          <line num="2324" count="2" type="cond" truecount="3" falsecount="0"/>
          <line num="2325" count="4" type="cond" truecount="1" falsecount="1"/>
          <line num="2326" count="2" type="stmt"/>
          <line num="2327" count="2" type="cond" truecount="1" falsecount="1"/>
          <line num="2329" count="2" type="stmt"/>
          <line num="2330" count="2" type="stmt"/>
          <line num="2391" count="0" type="cond" truecount="0" falsecount="2"/>
          <line num="2392" count="0" type="stmt"/>
          <line num="2393" count="0" type="cond" truecount="0" falsecount="2"/>
          <line num="2394" count="0" type="stmt"/>
          <line num="2395" count="0" type="stmt"/>
          <line num="2397" count="0" type="stmt"/>
          <line num="2400" count="2" type="stmt"/>
          <line num="2401" count="2" type="stmt"/>
          <line num="2403" count="0" type="cond" truecount="0" falsecount="2"/>
          <line num="2404" count="0" type="stmt"/>
          <line num="2405" count="0" type="stmt"/>
          <line num="2406" count="0" type="stmt"/>
          <line num="2408" count="2" type="stmt"/>
          <line num="2409" count="0" type="stmt"/>
          <line num="2411" count="2" type="stmt"/>
          <line num="2413" count="2" type="stmt"/>
          <line num="2419" count="2" type="stmt"/>
          <line num="2420" count="2" type="stmt"/>
          <line num="2422" count="0" type="cond" truecount="0" falsecount="2"/>
          <line num="2423" count="0" type="stmt"/>
          <line num="2424" count="0" type="stmt"/>
          <line num="2425" count="0" type="stmt"/>
          <line num="2426" count="0" type="stmt"/>
          <line num="2427" count="0" type="stmt"/>
          <line num="2428" count="0" type="stmt"/>
          <line num="2429" count="0" type="stmt"/>
          <line num="2430" count="0" type="stmt"/>
          <line num="2432" count="2" type="stmt"/>
          <line num="2433" count="0" type="cond" truecount="0" falsecount="2"/>
          <line num="2434" count="0" type="stmt"/>
          <line num="2437" count="0" type="stmt"/>
          <line num="2440" count="2" type="stmt"/>
          <line num="2442" count="0" type="stmt"/>
          <line num="2443" count="0" type="stmt"/>
          <line num="2444" count="0" type="stmt"/>
          <line num="2447" count="0" type="stmt"/>
          <line num="2448" count="0" type="stmt"/>
          <line num="2450" count="0" type="stmt"/>
          <line num="2451" count="0" type="stmt"/>
          <line num="2453" count="2" type="stmt"/>
          <line num="2454" count="0" type="stmt"/>
          <line num="2456" count="2" type="stmt"/>
          <line num="2457" count="0" type="stmt"/>
          <line num="2458" count="0" type="cond" truecount="0" falsecount="4"/>
          <line num="2459" count="0" type="stmt"/>
          <line num="2462" count="2" type="stmt"/>
          <line num="2463" count="0" type="cond" truecount="0" falsecount="2"/>
          <line num="2464" count="0" type="stmt"/>
          <line num="2467" count="0" type="stmt"/>
          <line num="2470" count="2" type="stmt"/>
          <line num="2472" count="0" type="stmt"/>
          <line num="2473" count="0" type="stmt"/>
          <line num="2476" count="0" type="stmt"/>
          <line num="2477" count="0" type="stmt"/>
          <line num="2479" count="0" type="stmt"/>
          <line num="2481" count="2" type="stmt"/>
          <line num="2482" count="0" type="stmt"/>
          <line num="2483" count="0" type="stmt"/>
          <line num="2484" count="0" type="stmt"/>
          <line num="2485" count="0" type="cond" truecount="0" falsecount="2"/>
          <line num="2486" count="0" type="stmt"/>
          <line num="2488" count="0" type="cond" truecount="0" falsecount="4"/>
          <line num="2489" count="0" type="stmt"/>
          <line num="2492" count="2" type="stmt"/>
          <line num="2494" count="2" type="stmt"/>
          <line num="2503" count="2" type="stmt"/>
          <line num="2509" count="0" type="cond" truecount="0" falsecount="2"/>
          <line num="2511" count="2" type="stmt"/>
          <line num="2521" count="2" type="cond" truecount="3" falsecount="0"/>
          <line num="2522" count="2" type="cond" truecount="1" falsecount="1"/>
          <line num="2523" count="2" type="stmt"/>
          <line num="2524" count="2" type="cond" truecount="1" falsecount="1"/>
          <line num="2526" count="2" type="stmt"/>
          <line num="2527" count="2" type="stmt"/>
          <line num="2533" count="2" type="stmt"/>
          <line num="2534" count="2" type="stmt"/>
          <line num="2536" count="0" type="stmt"/>
          <line num="2537" count="0" type="stmt"/>
          <line num="2538" count="0" type="stmt"/>
          <line num="2539" count="0" type="stmt"/>
          <line num="2541" count="2" type="stmt"/>
          <line num="2542" count="0" type="cond" truecount="0" falsecount="2"/>
          <line num="2543" count="0" type="cond" truecount="0" falsecount="2"/>
          <line num="2544" count="0" type="stmt"/>
          <line num="2547" count="0" type="stmt"/>
          <line num="2550" count="0" type="stmt"/>
          <line num="2551" count="0" type="stmt"/>
          <line num="2552" count="0" type="stmt"/>
          <line num="2574" count="0" type="cond" truecount="0" falsecount="2"/>
          <line num="2575" count="0" type="stmt"/>
          <line num="2577" count="0" type="stmt"/>
          <line num="2579" count="0" type="cond" truecount="0" falsecount="2"/>
          <line num="2580" count="0" type="stmt"/>
          <line num="2582" count="2" type="stmt"/>
          <line num="2583" count="0" type="cond" truecount="0" falsecount="2"/>
          <line num="2584" count="0" type="stmt"/>
          <line num="2586" count="2" type="stmt"/>
          <line num="2587" count="0" type="cond" truecount="0" falsecount="2"/>
          <line num="2589" count="0" type="cond" truecount="0" falsecount="5"/>
          <line num="2590" count="0" type="stmt"/>
          <line num="2594" count="0" type="cond" truecount="0" falsecount="3"/>
          <line num="2600" count="2" type="stmt"/>
          <line num="2601" count="0" type="cond" truecount="0" falsecount="2"/>
          <line num="2602" count="0" type="stmt"/>
          <line num="2604" count="0" type="stmt"/>
          <line num="2605" count="0" type="stmt"/>
          <line num="2606" count="0" type="cond" truecount="0" falsecount="2"/>
          <line num="2607" count="0" type="stmt"/>
          <line num="2609" count="0" type="cond" truecount="0" falsecount="4"/>
          <line num="2623" count="0" type="stmt"/>
          <line num="2626" count="2" type="stmt"/>
          <line num="2627" count="0" type="stmt"/>
          <line num="2628" count="0" type="stmt"/>
          <line num="2629" count="0" type="stmt"/>
          <line num="2630" count="0" type="stmt"/>
          <line num="2633" count="0" type="stmt"/>
          <line num="2634" count="0" type="cond" truecount="0" falsecount="3"/>
          <line num="2636" count="0" type="cond" truecount="0" falsecount="2"/>
          <line num="2637" count="0" type="stmt"/>
          <line num="2638" count="0" type="stmt"/>
          <line num="2641" count="2" type="stmt"/>
          <line num="2642" count="0" type="stmt"/>
          <line num="2643" count="0" type="stmt"/>
          <line num="2644" count="0" type="stmt"/>
          <line num="2645" count="0" type="stmt"/>
          <line num="2646" count="0" type="stmt"/>
          <line num="2647" count="0" type="stmt"/>
          <line num="2648" count="0" type="stmt"/>
          <line num="2649" count="0" type="stmt"/>
          <line num="2650" count="0" type="cond" truecount="0" falsecount="2"/>
          <line num="2651" count="0" type="stmt"/>
          <line num="2653" count="0" type="cond" truecount="0" falsecount="2"/>
          <line num="2654" count="0" type="stmt"/>
          <line num="2656" count="0" type="stmt"/>
          <line num="2658" count="2" type="stmt"/>
          <line num="2660" count="2" type="stmt"/>
          <line num="2669" count="2" type="cond" truecount="3" falsecount="0"/>
          <line num="2670" count="2" type="cond" truecount="1" falsecount="1"/>
          <line num="2671" count="2" type="stmt"/>
          <line num="2672" count="2" type="cond" truecount="1" falsecount="1"/>
          <line num="2674" count="2" type="stmt"/>
          <line num="2675" count="2" type="stmt"/>
          <line num="2676" count="2" type="stmt"/>
          <line num="2678" count="8" type="stmt"/>
          <line num="2679" count="8" type="stmt"/>
          <line num="2685" count="8" type="stmt"/>
          <line num="2692" count="8" type="stmt"/>
          <line num="2694" count="2" type="stmt"/>
          <line num="2695" count="0" type="stmt"/>
          <line num="2696" count="0" type="cond" truecount="0" falsecount="2"/>
          <line num="2697" count="0" type="stmt"/>
          <line num="2698" count="0" type="stmt"/>
          <line num="2701" count="0" type="stmt"/>
          <line num="2702" count="0" type="stmt"/>
          <line num="2703" count="0" type="cond" truecount="0" falsecount="2"/>
          <line num="2704" count="0" type="stmt"/>
          <line num="2707" count="0" type="stmt"/>
          <line num="2708" count="0" type="cond" truecount="0" falsecount="2"/>
          <line num="2709" count="0" type="stmt"/>
          <line num="2710" count="0" type="stmt"/>
          <line num="2712" count="0" type="stmt"/>
          <line num="2715" count="2" type="stmt"/>
          <line num="2717" count="2" type="stmt"/>
          <line num="2726" count="2" type="cond" truecount="3" falsecount="0"/>
          <line num="2727" count="4" type="cond" truecount="1" falsecount="1"/>
          <line num="2728" count="2" type="stmt"/>
          <line num="2729" count="2" type="cond" truecount="1" falsecount="1"/>
          <line num="2731" count="2" type="stmt"/>
          <line num="2766" count="2" type="stmt"/>
          <line num="2767" count="0" type="cond" truecount="0" falsecount="2"/>
          <line num="2768" count="0" type="stmt"/>
          <line num="2770" count="0" type="stmt"/>
          <line num="2773" count="2" type="stmt"/>
          <line num="2774" count="2" type="stmt"/>
          <line num="2776" count="0" type="stmt"/>
          <line num="2777" count="0" type="stmt"/>
          <line num="2779" count="2" type="stmt"/>
          <line num="2780" count="0" type="stmt"/>
          <line num="2782" count="2" type="stmt"/>
          <line num="2784" count="2" type="stmt"/>
          <line num="2790" count="2" type="stmt"/>
          <line num="2791" count="2" type="stmt"/>
          <line num="2793" count="0" type="stmt"/>
          <line num="2794" count="0" type="stmt"/>
          <line num="2795" count="0" type="stmt"/>
          <line num="2796" count="0" type="cond" truecount="0" falsecount="2"/>
          <line num="2800" count="2" type="stmt"/>
          <line num="2802" count="0" type="stmt"/>
          <line num="2803" count="0" type="stmt"/>
          <line num="2806" count="0" type="stmt"/>
          <line num="2807" count="0" type="stmt"/>
          <line num="2809" count="0" type="stmt"/>
          <line num="2811" count="2" type="stmt"/>
          <line num="2821" count="2" type="cond" truecount="3" falsecount="0"/>
          <line num="2822" count="2" type="cond" truecount="1" falsecount="1"/>
          <line num="2823" count="2" type="stmt"/>
          <line num="2824" count="2" type="cond" truecount="1" falsecount="1"/>
          <line num="2836" count="2" type="stmt"/>
          <line num="2837" count="2" type="stmt"/>
          <line num="2839" count="0" type="stmt"/>
          <line num="2840" count="0" type="stmt"/>
          <line num="2841" count="0" type="stmt"/>
          <line num="2842" count="0" type="stmt"/>
          <line num="2844" count="2" type="stmt"/>
          <line num="2846" count="2" type="stmt"/>
          <line num="2855" count="2" type="stmt"/>
          <line num="2856" count="2" type="stmt"/>
          <line num="2857" count="2" type="stmt"/>
          <line num="2858" count="2" type="stmt"/>
          <line num="2910" count="0" type="cond" truecount="0" falsecount="2"/>
          <line num="2911" count="0" type="stmt"/>
          <line num="2912" count="0" type="stmt"/>
          <line num="2915" count="0" type="stmt"/>
          <line num="2916" count="0" type="stmt"/>
          <line num="2917" count="0" type="stmt"/>
          <line num="2921" count="2" type="stmt"/>
          <line num="2929" count="2" type="stmt"/>
          <line num="2930" count="2" type="stmt"/>
          <line num="2931" count="2" type="stmt"/>
          <line num="2932" count="2" type="stmt"/>
          <line num="2948" count="2" type="stmt"/>
          <line num="2960" count="1" type="stmt"/>
          <line num="2971" count="1" type="stmt"/>
          <line num="2972" count="1" type="stmt"/>
          <line num="2973" count="1" type="stmt"/>
          <line num="2974" count="1" type="stmt"/>
          <line num="2975" count="1" type="cond" truecount="1" falsecount="1"/>
          <line num="2982" count="0" type="stmt"/>
          <line num="2990" count="2" type="stmt"/>
          <line num="2994" count="0" type="stmt"/>
          <line num="2995" count="0" type="stmt"/>
          <line num="2996" count="0" type="cond" truecount="0" falsecount="2"/>
          <line num="2997" count="0" type="stmt"/>
          <line num="3000" count="0" type="stmt"/>
          <line num="3008" count="2" type="stmt"/>
          <line num="3009" count="2" type="cond" truecount="1" falsecount="1"/>
          <line num="3010" count="2" type="stmt"/>
          <line num="3013" count="2" type="stmt"/>
          <line num="3014" count="2" type="cond" truecount="1" falsecount="1"/>
          <line num="3015" count="2" type="cond" truecount="1" falsecount="1"/>
          <line num="3017" count="0" type="stmt"/>
          <line num="3019" count="2" type="cond" truecount="1" falsecount="1"/>
          <line num="3022" count="0" type="cond" truecount="0" falsecount="2"/>
          <line num="3024" count="0" type="cond" truecount="0" falsecount="2"/>
          <line num="3026" count="0" type="stmt"/>
          <line num="3028" count="0" type="stmt"/>
          <line num="3030" count="0" type="cond" truecount="0" falsecount="3"/>
          <line num="3034" count="0" type="stmt"/>
          <line num="3035" count="0" type="stmt"/>
          <line num="3039" count="0" type="stmt"/>
          <line num="3040" count="0" type="stmt"/>
          <line num="3043" count="0" type="cond" truecount="0" falsecount="2"/>
          <line num="3046" count="0" type="cond" truecount="0" falsecount="2"/>
          <line num="3048" count="0" type="stmt"/>
          <line num="3050" count="0" type="cond" truecount="0" falsecount="2"/>
          <line num="3051" count="0" type="stmt"/>
          <line num="3052" count="0" type="stmt"/>
          <line num="3055" count="0" type="stmt"/>
          <line num="3063" count="0" type="stmt"/>
          <line num="3064" count="0" type="stmt"/>
          <line num="3071" count="0" type="cond" truecount="0" falsecount="2"/>
          <line num="3072" count="0" type="stmt"/>
          <line num="3074" count="0" type="stmt"/>
          <line num="3081" count="2" type="stmt"/>
          <line num="3091" count="0" type="cond" truecount="0" falsecount="2"/>
          <line num="3092" count="0" type="cond" truecount="0" falsecount="2"/>
          <line num="3094" count="0" type="stmt"/>
          <line num="3101" count="2" type="stmt"/>
          <line num="3102" count="2" type="stmt"/>
          <line num="3139" count="0" type="stmt"/>
          <line num="3153" count="2" type="stmt"/>
          <line num="3162" count="2" type="stmt"/>
          <line num="3163" count="2" type="stmt"/>
          <line num="3164" count="2" type="stmt"/>
          <line num="3165" count="2" type="stmt"/>
          <line num="3166" count="2" type="stmt"/>
          <line num="3167" count="2" type="stmt"/>
          <line num="3184" count="0" type="stmt"/>
          <line num="3187" count="0" type="cond" truecount="0" falsecount="2"/>
          <line num="3188" count="0" type="stmt"/>
          <line num="3194" count="0" type="cond" truecount="0" falsecount="2"/>
          <line num="3195" count="0" type="stmt"/>
          <line num="3197" count="0" type="stmt"/>
          <line num="3199" count="0" type="stmt"/>
          <line num="3204" count="0" type="cond" truecount="0" falsecount="2"/>
          <line num="3205" count="0" type="stmt"/>
          <line num="3207" count="0" type="cond" truecount="0" falsecount="2"/>
          <line num="3208" count="0" type="stmt"/>
          <line num="3212" count="0" type="stmt"/>
          <line num="3213" count="0" type="stmt"/>
          <line num="3215" count="0" type="cond" truecount="0" falsecount="2"/>
          <line num="3216" count="0" type="cond" truecount="0" falsecount="2"/>
          <line num="3217" count="0" type="stmt"/>
          <line num="3220" count="0" type="cond" truecount="0" falsecount="2"/>
          <line num="3221" count="0" type="stmt"/>
          <line num="3223" count="0" type="stmt"/>
          <line num="3227" count="0" type="cond" truecount="0" falsecount="4"/>
          <line num="3228" count="0" type="stmt"/>
          <line num="3230" count="0" type="stmt"/>
          <line num="3233" count="0" type="stmt"/>
          <line num="3239" count="0" type="stmt"/>
          <line num="3240" count="0" type="stmt"/>
          <line num="3247" count="0" type="stmt"/>
          <line num="3255" count="0" type="cond" truecount="0" falsecount="2"/>
          <line num="3256" count="0" type="stmt"/>
          <line num="3257" count="0" type="stmt"/>
          <line num="3258" count="0" type="stmt"/>
          <line num="3261" count="0" type="stmt"/>
          <line num="3266" count="0" type="stmt"/>
          <line num="3268" count="0" type="cond" truecount="0" falsecount="2"/>
          <line num="3269" count="0" type="stmt"/>
          <line num="3272" count="0" type="cond" truecount="0" falsecount="2"/>
          <line num="3273" count="0" type="stmt"/>
          <line num="3276" count="0" type="cond" truecount="0" falsecount="2"/>
          <line num="3277" count="0" type="stmt"/>
          <line num="3279" count="0" type="cond" truecount="0" falsecount="2"/>
          <line num="3280" count="0" type="cond" truecount="0" falsecount="4"/>
          <line num="3282" count="0" type="stmt"/>
          <line num="3284" count="0" type="stmt"/>
          <line num="3287" count="0" type="stmt"/>
          <line num="3290" count="0" type="cond" truecount="0" falsecount="2"/>
          <line num="3291" count="0" type="stmt"/>
          <line num="3292" count="0" type="stmt"/>
          <line num="3293" count="0" type="stmt"/>
          <line num="3295" count="0" type="stmt"/>
          <line num="3296" count="0" type="stmt"/>
          <line num="3297" count="0" type="stmt"/>
          <line num="3300" count="0" type="cond" truecount="0" falsecount="2"/>
          <line num="3301" count="0" type="stmt"/>
          <line num="3302" count="0" type="stmt"/>
          <line num="3303" count="0" type="stmt"/>
          <line num="3305" count="0" type="stmt"/>
          <line num="3306" count="0" type="stmt"/>
          <line num="3307" count="0" type="stmt"/>
          <line num="3320" count="0" type="stmt"/>
          <line num="3321" count="0" type="cond" truecount="0" falsecount="4"/>
          <line num="3322" count="0" type="stmt"/>
          <line num="3325" count="0" type="cond" truecount="0" falsecount="2"/>
          <line num="3326" count="0" type="stmt"/>
          <line num="3328" count="0" type="cond" truecount="0" falsecount="2"/>
          <line num="3329" count="0" type="stmt"/>
          <line num="3330" count="0" type="cond" truecount="0" falsecount="2"/>
          <line num="3331" count="0" type="stmt"/>
          <line num="3334" count="0" type="stmt"/>
          <line num="3342" count="0" type="stmt"/>
          <line num="3351" count="0" type="stmt"/>
          <line num="3352" count="0" type="stmt"/>
          <line num="3361" count="0" type="stmt"/>
          <line num="3362" count="0" type="stmt"/>
          <line num="3370" count="0" type="stmt"/>
          <line num="3371" count="0" type="stmt"/>
          <line num="3372" count="0" type="stmt"/>
          <line num="3374" count="0" type="stmt"/>
          <line num="3383" count="0" type="cond" truecount="0" falsecount="2"/>
          <line num="3384" count="0" type="stmt"/>
          <line num="3386" count="0" type="cond" truecount="0" falsecount="2"/>
          <line num="3387" count="0" type="stmt"/>
          <line num="3389" count="0" type="cond" truecount="0" falsecount="2"/>
          <line num="3390" count="0" type="stmt"/>
          <line num="3392" count="0" type="stmt"/>
          <line num="3400" count="0" type="stmt"/>
          <line num="3401" count="0" type="stmt"/>
          <line num="3408" count="0" type="stmt"/>
          <line num="3416" count="0" type="stmt"/>
          <line num="3417" count="0" type="stmt"/>
          <line num="3424" count="0" type="stmt"/>
          <line num="3425" count="0" type="stmt"/>
          <line num="3426" count="0" type="stmt"/>
          <line num="3434" count="0" type="stmt"/>
          <line num="3435" count="0" type="stmt"/>
          <line num="3437" count="0" type="stmt"/>
          <line num="3445" count="0" type="stmt"/>
          <line num="3446" count="0" type="stmt"/>
          <line num="3454" count="0" type="stmt"/>
          <line num="3455" count="0" type="stmt"/>
          <line num="3462" count="0" type="stmt"/>
          <line num="3470" count="0" type="stmt"/>
          <line num="3473" count="2" type="stmt"/>
          <line num="3484" count="4" type="stmt"/>
          <line num="3486" count="2" type="stmt"/>
          <line num="3495" count="2" type="stmt"/>
          <line num="3496" count="2" type="stmt"/>
          <line num="3497" count="2" type="cond" truecount="3" falsecount="1"/>
          <line num="3502" count="2" type="stmt"/>
          <line num="3511" count="2" type="stmt"/>
          <line num="3514" count="2" type="stmt"/>
          <line num="3515" count="2" type="cond" truecount="1" falsecount="1"/>
          <line num="3516" count="2" type="cond" truecount="2" falsecount="0"/>
          <line num="3517" count="1" type="stmt"/>
          <line num="3520" count="1" type="stmt"/>
          <line num="3521" count="1" type="stmt"/>
          <line num="3525" count="0" type="stmt"/>
          <line num="3527" count="2" type="stmt"/>
          <line num="3529" count="2" type="stmt"/>
          <line num="3530" count="2" type="stmt"/>
          <line num="3534" count="2" type="stmt"/>
          <line num="3543" count="2" type="cond" truecount="3" falsecount="0"/>
          <line num="3544" count="2" type="cond" truecount="1" falsecount="1"/>
          <line num="3545" count="2" type="stmt"/>
          <line num="3546" count="2" type="cond" truecount="1" falsecount="1"/>
          <line num="3557" count="2" type="stmt"/>
          <line num="3558" count="2" type="stmt"/>
          <line num="3560" count="0" type="stmt"/>
          <line num="3561" count="0" type="stmt"/>
          <line num="3562" count="0" type="stmt"/>
          <line num="3563" count="0" type="stmt"/>
          <line num="3565" count="2" type="stmt"/>
          <line num="3567" count="2" type="stmt"/>
          <line num="3576" count="2" type="cond" truecount="3" falsecount="0"/>
          <line num="3577" count="2" type="cond" truecount="1" falsecount="1"/>
          <line num="3578" count="2" type="stmt"/>
          <line num="3579" count="2" type="cond" truecount="1" falsecount="1"/>
          <line num="3581" count="2" type="stmt"/>
          <line num="3582" count="2" type="stmt"/>
          <line num="3586" count="2" type="stmt"/>
          <line num="3587" count="2" type="stmt"/>
          <line num="3589" count="0" type="stmt"/>
          <line num="3590" count="0" type="stmt"/>
          <line num="3591" count="0" type="stmt"/>
          <line num="3592" count="0" type="stmt"/>
          <line num="3594" count="2" type="stmt"/>
          <line num="3595" count="0" type="cond" truecount="0" falsecount="2"/>
          <line num="3596" count="0" type="stmt"/>
          <line num="3597" count="0" type="stmt"/>
          <line num="3599" count="0" type="cond" truecount="0" falsecount="4"/>
          <line num="3600" count="0" type="stmt"/>
          <line num="3601" count="0" type="stmt"/>
          <line num="3602" count="0" type="stmt"/>
          <line num="3604" count="0" type="stmt"/>
          <line num="3606" count="2" type="stmt"/>
          <line num="3607" count="0" type="cond" truecount="0" falsecount="2"/>
          <line num="3608" count="0" type="stmt"/>
          <line num="3609" count="0" type="stmt"/>
          <line num="3612" count="2" type="stmt"/>
          <line num="3613" count="0" type="cond" truecount="0" falsecount="2"/>
          <line num="3614" count="0" type="stmt"/>
          <line num="3617" count="2" type="stmt"/>
          <line num="3618" count="0" type="stmt"/>
          <line num="3619" count="0" type="cond" truecount="0" falsecount="2"/>
          <line num="3620" count="0" type="stmt"/>
          <line num="3622" count="0" type="stmt"/>
          <line num="3624" count="2" type="stmt"/>
          <line num="3626" count="2" type="stmt"/>
          <line num="3635" count="2" type="cond" truecount="3" falsecount="0"/>
          <line num="3636" count="4" type="cond" truecount="1" falsecount="1"/>
          <line num="3637" count="2" type="stmt"/>
          <line num="3638" count="2" type="cond" truecount="1" falsecount="1"/>
          <line num="3640" count="2" type="stmt"/>
          <line num="3641" count="2" type="stmt"/>
          <line num="3642" count="2" type="stmt"/>
          <line num="3643" count="2" type="stmt"/>
          <line num="3644" count="2" type="stmt"/>
          <line num="3690" count="0" type="stmt"/>
          <line num="3691" count="0" type="stmt"/>
          <line num="3692" count="0" type="stmt"/>
          <line num="3694" count="0" type="stmt"/>
          <line num="3695" count="0" type="cond" truecount="0" falsecount="2"/>
          <line num="3696" count="0" type="stmt"/>
          <line num="3700" count="0" type="cond" truecount="0" falsecount="4"/>
          <line num="3701" count="0" type="stmt"/>
          <line num="3703" count="0" type="stmt"/>
          <line num="3705" count="2" type="stmt"/>
          <line num="3706" count="2" type="stmt"/>
          <line num="3708" count="0" type="stmt"/>
          <line num="3710" count="2" type="stmt"/>
          <line num="3711" count="0" type="stmt"/>
          <line num="3713" count="2" type="stmt"/>
          <line num="3715" count="2" type="stmt"/>
          <line num="3721" count="2" type="stmt"/>
          <line num="3722" count="2" type="stmt"/>
          <line num="3724" count="0" type="stmt"/>
          <line num="3725" count="0" type="stmt"/>
          <line num="3726" count="0" type="stmt"/>
          <line num="3727" count="0" type="stmt"/>
          <line num="3728" count="0" type="stmt"/>
          <line num="3730" count="2" type="stmt"/>
          <line num="3731" count="0" type="stmt"/>
          <line num="3732" count="0" type="stmt"/>
          <line num="3734" count="2" type="stmt"/>
          <line num="3735" count="0" type="stmt"/>
          <line num="3736" count="0" type="stmt"/>
          <line num="3737" count="0" type="cond" truecount="0" falsecount="2"/>
          <line num="3738" count="0" type="stmt"/>
          <line num="3741" count="0" type="stmt"/>
          <line num="3742" count="0" type="stmt"/>
          <line num="3743" count="0" type="stmt"/>
          <line num="3744" count="0" type="stmt"/>
          <line num="3745" count="0" type="stmt"/>
          <line num="3749" count="2" type="stmt"/>
          <line num="3750" count="0" type="cond" truecount="0" falsecount="2"/>
          <line num="3751" count="0" type="stmt"/>
          <line num="3754" count="2" type="stmt"/>
          <line num="3755" count="0" type="stmt"/>
          <line num="3756" count="0" type="stmt"/>
          <line num="3757" count="0" type="cond" truecount="0" falsecount="2"/>
          <line num="3760" count="0" type="stmt"/>
          <line num="3761" count="0" type="cond" truecount="0" falsecount="2"/>
          <line num="3762" count="0" type="cond" truecount="0" falsecount="2"/>
          <line num="3763" count="0" type="stmt"/>
          <line num="3766" count="0" type="stmt"/>
          <line num="3770" count="2" type="stmt"/>
          <line num="3772" count="0" type="stmt"/>
          <line num="3773" count="0" type="stmt"/>
          <line num="3776" count="0" type="stmt"/>
          <line num="3777" count="0" type="stmt"/>
          <line num="3779" count="0" type="stmt"/>
          <line num="3781" count="2" type="stmt"/>
[...]
          <metrics statements="50" coveredstatements="26" conditionals="33" coveredconditionals="15" methods="11" coveredmethods="6"/>
          <line num="16" count="7" type="stmt"/>
          <line num="28" count="43" type="stmt"/>
          <line num="39" count="43" type="stmt"/>
          <line num="40" count="43" type="stmt"/>
          <line num="41" count="43" type="stmt"/>
          <line num="42" count="43" type="stmt"/>
          <line num="43" count="43" type="cond" truecount="1" falsecount="1"/>
          <line num="50" count="0" type="stmt"/>
          <line num="58" count="4" type="stmt"/>
          <line num="62" count="0" type="stmt"/>
          <line num="63" count="0" type="stmt"/>
          <line num="64" count="0" type="cond" truecount="0" falsecount="2"/>
          <line num="65" count="0" type="stmt"/>
          <line num="68" count="0" type="stmt"/>
          <line num="76" count="968" type="stmt"/>
          <line num="77" count="968" type="cond" truecount="2" falsecount="0"/>
          <line num="78" count="962" type="stmt"/>
          <line num="81" count="968" type="stmt"/>
          <line num="82" count="968" type="cond" truecount="2" falsecount="0"/>
          <line num="83" count="955" type="cond" truecount="2" falsecount="0"/>
          <line num="85" count="89" type="stmt"/>
          <line num="87" count="866" type="cond" truecount="2" falsecount="0"/>
          <line num="90" count="13" type="cond" truecount="2" falsecount="0"/>
          <line num="92" count="12" type="cond" truecount="1" falsecount="1"/>
          <line num="94" count="0" type="stmt"/>
          <line num="96" count="0" type="stmt"/>
          <line num="98" count="0" type="cond" truecount="0" falsecount="3"/>
          <line num="102" count="0" type="stmt"/>
          <line num="103" count="0" type="stmt"/>
          <line num="107" count="0" type="stmt"/>
          <line num="108" count="0" type="stmt"/>
          <line num="111" count="0" type="cond" truecount="0" falsecount="2"/>
          <line num="114" count="0" type="cond" truecount="0" falsecount="2"/>
          <line num="116" count="12" type="stmt"/>
          <line num="118" count="1" type="cond" truecount="1" falsecount="1"/>
          <line num="119" count="1" type="stmt"/>
          <line num="120" count="1" type="stmt"/>
          <line num="123" count="0" type="stmt"/>
          <line num="131" count="0" type="stmt"/>
          <line num="132" count="0" type="stmt"/>
          <line num="139" count="0" type="cond" truecount="0" falsecount="2"/>
          <line num="140" count="0" type="stmt"/>
          <line num="142" count="0" type="stmt"/>
          <line num="149" count="1257" type="stmt"/>
          <line num="159" count="0" type="cond" truecount="0" falsecount="2"/>
          <line num="160" count="0" type="cond" truecount="0" falsecount="2"/>
          <line num="162" count="0" type="stmt"/>
          <line num="169" count="1237" type="stmt"/>
          <line num="170" count="1237" type="stmt"/>
          <line num="207" count="42" type="stmt"/>
        </file>
        <file name="model.js" path="/Users/van/IdeaProjects/JSD/src/classes/model.js">
          <metrics statements="53" coveredstatements="42" conditionals="39" coveredconditionals="25" methods="18" coveredmethods="15"/>
          <line num="12" count="219" type="cond" truecount="1" falsecount="1"/>
          <line num="13" count="0" type="stmt"/>
          <line num="15" count="219" type="stmt"/>
          <line num="16" count="219" type="cond" truecount="4" falsecount="0"/>
          <line num="17" count="42" type="stmt"/>
          <line num="18" count="42" type="stmt"/>
          <line num="20" count="219" type="stmt"/>
          <line num="21" count="219" type="stmt"/>
          <line num="28" count="212" type="stmt"/>
          <line num="29" count="212" type="cond" truecount="3" falsecount="1"/>
          <line num="30" count="0" type="stmt"/>
          <line num="40" count="209" type="cond" truecount="1" falsecount="1"/>
          <line num="41" count="0" type="stmt"/>
          <line num="43" count="209" type="stmt"/>
          <line num="44" count="209" type="cond" truecount="4" falsecount="0"/>
          <line num="45" count="57" type="stmt"/>
          <line num="46" count="57" type="stmt"/>
          <line num="48" count="209" type="stmt"/>
          <line num="49" count="209" type="stmt"/>
          <line num="57" count="0" type="stmt"/>
          <line num="58" count="0" type="cond" truecount="0" falsecount="4"/>
          <line num="59" count="0" type="stmt"/>
          <line num="67" count="286" type="stmt"/>
          <line num="68" count="286" type="stmt"/>
          <line num="69" count="286" type="stmt"/>
          <line num="70" count="4874" type="cond" truecount="2" falsecount="0"/>
          <line num="71" count="224" type="stmt"/>
          <line num="75" count="224" type="stmt"/>
          <line num="77" count="62" type="stmt"/>
          <line num="84" count="1" type="stmt"/>
          <line num="91" count="65" type="stmt"/>
          <line num="98" count="64" type="stmt"/>
          <line num="99" count="144" type="cond" truecount="1" falsecount="1"/>
          <line num="100" count="0" type="stmt"/>
          <line num="102" count="144" type="cond" truecount="1" falsecount="1"/>
          <line num="103" count="0" type="stmt"/>
          <line num="105" count="144" type="cond" truecount="2" falsecount="0"/>
          <line num="106" count="92" type="cond" truecount="2" falsecount="0"/>
          <line num="107" count="92" type="stmt"/>
          <line num="108" count="80" type="stmt"/>
          <line num="110" count="92" type="stmt"/>
          <line num="112" count="52" type="stmt"/>
          <line num="114" count="64" type="stmt"/>
          <line num="122" count="2" type="cond" truecount="1" falsecount="1"/>
          <line num="129" count="0" type="stmt"/>
          <line num="137" count="200" type="cond" truecount="1" falsecount="1"/>
          <line num="145" count="2480" type="stmt"/>
          <line num="146" count="2480" type="cond" truecount="1" falsecount="1"/>
          <line num="154" count="0" type="stmt"/>
          <line num="155" count="0" type="cond" truecount="0" falsecount="2"/>
          <line num="163" count="4466" type="stmt"/>
          <line num="171" count="1315" type="stmt"/>
          <line num="178" count="1760" type="stmt"/>
        </file>
        <file name="schema.js" path="/Users/van/IdeaProjects/JSD/src/classes/schema.js">
          <metrics statements="124" coveredstatements="107" conditionals="71" coveredconditionals="54" methods="18" coveredmethods="17"/>
          <line num="22" count="180" type="stmt"/>
          <line num="24" count="180" type="cond" truecount="1" falsecount="1"/>
          <line num="25" count="0" type="stmt"/>
          <line num="27" count="180" type="stmt"/>
          <line num="28" count="180" type="stmt"/>
          <line num="31" count="180" type="cond" truecount="1" falsecount="1"/>
          <line num="33" count="180" type="cond" truecount="2" falsecount="0"/>
          <line num="34" count="74" type="stmt"/>
          <line num="40" count="106" type="cond" truecount="2" falsecount="0"/>
          <line num="41" count="105" type="cond" truecount="1" falsecount="1"/>
          <line num="42" count="105" type="stmt"/>
          <line num="44" count="0" type="stmt"/>
          <line num="47" count="1" type="stmt"/>
          <line num="49" count="179" type="stmt"/>
          <line num="52" count="179" type="cond" truecount="1" falsecount="1"/>
          <line num="53" count="0" type="stmt"/>
          <line num="56" count="179" type="cond" truecount="2" falsecount="0"/>
          <line num="57" count="136" type="stmt"/>
          <line num="58" count="136" type="stmt"/>
          <line num="60" count="228" type="stmt"/>
          <line num="61" count="228" type="cond" truecount="2" falsecount="0"/>
          <line num="63" count="100" type="stmt"/>
          <line num="64" count="100" type="stmt"/>
          <line num="65" count="100" type="stmt"/>
          <line num="71" count="179" type="cond" truecount="2" falsecount="0"/>
          <line num="75" count="179" type="cond" truecount="2" falsecount="0"/>
          <line num="76" count="10" type="stmt"/>
          <line num="78" count="169" type="stmt"/>
          <line num="79" count="169" type="stmt"/>
          <line num="80" count="169" type="cond" truecount="1" falsecount="1"/>
          <line num="82" count="169" type="stmt"/>
          <line num="84" count="169" type="stmt"/>
          <line num="86" count="299" type="stmt"/>
          <line num="87" count="299" type="cond" truecount="2" falsecount="0"/>
          <line num="89" count="19" type="stmt"/>
          <line num="90" count="19" type="stmt"/>
          <line num="96" count="169" type="stmt"/>
          <line num="98" count="64" type="stmt"/>
          <line num="99" count="64" type="cond" truecount="1" falsecount="1"/>
          <line num="102" count="319" type="stmt"/>
          <line num="103" count="319" type="cond" truecount="1" falsecount="1"/>
          <line num="104" count="0" type="stmt"/>
          <line num="105" count="0" type="cond" truecount="0" falsecount="2"/>
          <line num="106" count="0" type="stmt"/>
          <line num="107" count="0" type="stmt"/>
          <line num="109" count="0" type="stmt"/>
          <line num="111" count="319" type="cond" truecount="2" falsecount="0"/>
          <line num="112" count="319" type="stmt"/>
          <line num="113" count="319" type="stmt"/>
          <line num="114" count="319" type="stmt"/>
          <line num="117" count="319" type="cond" truecount="2" falsecount="0"/>
          <line num="118" count="319" type="cond" truecount="2" falsecount="0"/>
          <line num="119" count="296" type="stmt"/>
          <line num="123" count="23" type="cond" truecount="2" falsecount="0"/>
          <line num="125" count="11" type="cond" truecount="2" falsecount="0"/>
          <line num="127" count="11" type="stmt"/>
          <line num="131" count="319" type="cond" truecount="2" falsecount="0"/>
          <line num="133" count="12" type="cond" truecount="1" falsecount="1"/>
          <line num="134" count="0" type="stmt"/>
          <line num="135" count="0" type="stmt"/>
          <line num="136" count="0" type="stmt"/>
          <line num="138" count="12" type="stmt"/>
          <line num="141" count="319" type="cond" truecount="2" falsecount="0"/>
          <line num="142" count="112" type="stmt"/>
          <line num="143" count="112" type="cond" truecount="2" falsecount="0"/>
          <line num="144" count="4" type="stmt"/>
          <line num="145" count="4" type="stmt"/>
          <line num="146" count="4" type="stmt"/>
          <line num="152" count="207" type="stmt"/>
          <line num="154" count="33" type="stmt"/>
          <line num="155" count="33" type="stmt"/>
          <line num="158" count="207" type="stmt"/>
          <line num="159" count="207" type="stmt"/>
          <line num="160" count="207" type="cond" truecount="2" falsecount="0"/>
          <line num="161" count="30" type="stmt"/>
          <line num="162" count="30" type="stmt"/>
          <line num="163" count="30" type="stmt"/>
          <line num="164" count="30" type="stmt"/>
          <line num="167" count="285" type="stmt"/>
          <line num="169" count="285" type="stmt"/>
          <line num="170" count="285" type="cond" truecount="2" falsecount="0"/>
          <line num="171" count="61" type="cond" truecount="2" falsecount="0"/>
          <line num="172" count="38" type="stmt"/>
          <line num="174" count="61" type="stmt"/>
          <line num="175" count="61" type="stmt"/>
          <line num="176" count="61" type="stmt"/>
          <line num="177" count="61" type="stmt"/>
          <line num="179" count="224" type="stmt"/>
          <line num="180" count="224" type="stmt"/>
          <line num="187" count="94" type="cond" truecount="2" falsecount="0"/>
          <line num="194" count="789" type="stmt"/>
          <line num="201" count="397" type="stmt"/>
          <line num="210" count="212" type="cond" truecount="1" falsecount="1"/>
          <line num="211" count="212" type="stmt"/>
          <line num="213" count="198" type="stmt"/>
          <line num="217" count="212" type="stmt"/>
          <line num="219" count="212" type="cond" truecount="2" falsecount="0"/>
          <line num="220" count="178" type="stmt"/>
          <line num="221" count="288" type="stmt"/>
          <line num="224" count="34" type="stmt"/>
          <line num="225" count="34" type="stmt"/>
          <line num="226" count="34" type="stmt"/>
          <line num="228" count="212" type="stmt"/>
          <line num="229" count="212" type="stmt"/>
          <line num="230" count="212" type="stmt"/>
          <line num="232" count="0" type="cond" truecount="0" falsecount="2"/>
          <line num="233" count="0" type="stmt"/>
          <line num="234" count="0" type="stmt"/>
          <line num="235" count="0" type="stmt"/>
          <line num="245" count="3" type="stmt"/>
          <line num="254" count="12" type="cond" truecount="2" falsecount="0"/>
          <line num="255" count="11" type="stmt"/>
          <line num="257" count="1" type="stmt"/>
          <line num="258" count="1" type="stmt"/>
          <line num="259" count="1" type="stmt"/>
          <line num="260" count="1" type="cond" truecount="1" falsecount="1"/>
          <line num="261" count="0" type="stmt"/>
          <line num="263" count="1" type="stmt"/>
          <line num="264" count="1" type="stmt"/>
          <line num="267" count="12" type="stmt"/>
          <line num="275" count="12" type="cond" truecount="1" falsecount="1"/>
          <line num="283" count="291" type="stmt"/>
          <line num="290" count="1" type="stmt"/>
          <line num="297" count="0" type="stmt"/>
        </file>
        <file name="set.js" path="/Users/van/IdeaProjects/JSD/src/classes/set.js">
          <metrics statements="100" coveredstatements="75" conditionals="52" coveredconditionals="32" methods="24" coveredmethods="22"/>
          <line num="17" count="16" type="stmt"/>
          <line num="20" count="16" type="cond" truecount="2" falsecount="0"/>
          <line num="21" count="9" type="stmt"/>
          <line num="27" count="7" type="cond" truecount="1" falsecount="1"/>
          <line num="28" count="7" type="stmt"/>
          <line num="30" count="0" type="stmt"/>
          <line num="32" count="16" type="stmt"/>
          <line num="37" count="16" type="cond" truecount="1" falsecount="1"/>
          <line num="38" count="0" type="stmt"/>
          <line num="40" count="16" type="cond" truecount="2" falsecount="0"/>
          <line num="41" count="9" type="stmt"/>
          <line num="45" count="16" type="stmt"/>
          <line num="46" count="22" type="stmt"/>
          <line num="48" count="22" type="cond" truecount="1" falsecount="1"/>
          <line num="49" count="22" type="cond" truecount="2" falsecount="0"/>
          <line num="50" count="2" type="stmt"/>
          <line num="53" count="20" type="cond" truecount="2" falsecount="0"/>
          <line num="54" count="19" type="stmt"/>
          <line num="56" count="1" type="stmt"/>
          <line num="60" count="0" type="cond" truecount="0" falsecount="4"/>
          <line num="61" count="0" type="stmt"/>
          <line num="63" count="0" type="stmt"/>
          <line num="66" count="19" type="stmt"/>
          <line num="72" count="15" type="stmt"/>
          <line num="73" count="15" type="stmt"/>
          <line num="80" count="47" type="stmt"/>
          <line num="88" count="14" type="cond" truecount="1" falsecount="1"/>
          <line num="89" count="14" type="stmt"/>
          <line num="90" count="14" type="stmt"/>
          <line num="91" count="14" type="stmt"/>
          <line num="94" count="0" type="stmt"/>
          <line num="99" count="16" type="stmt"/>
          <line num="101" count="39" type="cond" truecount="1" falsecount="1"/>
          <line num="102" count="0" type="stmt"/>
          <line num="105" count="39" type="cond" truecount="2" falsecount="0"/>
          <line num="106" count="29" type="stmt"/>
          <line num="109" count="10" type="cond" truecount="1" falsecount="1"/>
          <line num="110" count="0" type="stmt"/>
          <line num="112" count="10" type="cond" truecount="1" falsecount="1"/>
          <line num="113" count="10" type="cond" truecount="3" falsecount="1"/>
          <line num="115" count="0" type="stmt"/>
          <line num="117" count="10" type="stmt"/>
          <line num="120" count="0" type="stmt"/>
          <line num="123" count="21" type="cond" truecount="2" falsecount="0"/>
          <line num="124" count="3" type="stmt"/>
          <line num="125" count="3" type="stmt"/>
          <line num="126" count="3" type="stmt"/>
          <line num="128" count="18" type="stmt"/>
          <line num="129" count="18" type="stmt"/>
          <line num="130" count="18" type="stmt"/>
          <line num="133" count="3" type="cond" truecount="1" falsecount="1"/>
          <line num="134" count="0" type="stmt"/>
          <line num="135" count="0" type="stmt"/>
          <line num="136" count="0" type="stmt"/>
          <line num="138" count="3" type="stmt"/>
          <line num="139" count="3" type="stmt"/>
          <line num="140" count="3" type="stmt"/>
          <line num="153" count="22" type="stmt"/>
          <line num="154" count="22" type="cond" truecount="4" falsecount="0"/>
          <line num="155" count="16" type="stmt"/>
          <line num="158" count="6" type="cond" truecount="1" falsecount="1"/>
          <line num="159" count="0" type="stmt"/>
          <line num="161" count="6" type="cond" truecount="1" falsecount="1"/>
          <line num="162" count="6" type="stmt"/>
          <line num="163" count="0" type="cond" truecount="0" falsecount="2"/>
          <line num="164" count="0" type="stmt"/>
          <line num="167" count="0" type="stmt"/>
          <line num="175" count="2" type="stmt"/>
          <line num="184" count="11" type="stmt"/>
          <line num="185" count="11" type="stmt"/>
          <line num="194" count="1" type="stmt"/>
          <line num="195" count="1" type="stmt"/>
          <line num="203" count="0" type="stmt"/>
          <line num="204" count="0" type="stmt"/>
          <line num="205" count="0" type="stmt"/>
          <line num="207" count="0" type="stmt"/>
          <line num="216" count="1" type="cond" truecount="1" falsecount="1"/>
          <line num="217" count="0" type="stmt"/>
          <line num="219" count="1" type="cond" truecount="1" falsecount="1"/>
          <line num="220" count="0" type="stmt"/>
          <line num="222" count="1" type="cond" truecount="1" falsecount="1"/>
          <line num="223" count="1" type="stmt"/>
          <line num="225" count="1" type="stmt"/>
          <line num="233" count="11" type="stmt"/>
          <line num="234" count="11" type="stmt"/>
          <line num="241" count="1" type="stmt"/>
          <line num="249" count="1" type="stmt"/>
          <line num="250" count="1" type="stmt"/>
          <line num="257" count="1" type="stmt"/>
          <line num="258" count="1" type="stmt"/>
          <line num="259" count="1" type="stmt"/>
          <line num="267" count="1" type="stmt"/>
          <line num="268" count="4" type="stmt"/>
          <line num="270" count="1" type="stmt"/>
          <line num="278" count="1" type="stmt"/>
          <line num="279" count="1" type="stmt"/>
          <line num="287" count="0" type="stmt"/>
          <line num="288" count="0" type="stmt"/>
          <line num="295" count="12" type="stmt"/>
          <line num="303" count="22" type="stmt"/>
        </file>
      </package>
    </metrics>
  </project>
</coverage>
