{"/Users/van/IdeaProjects/RxVO/index.js": {"path":"/Users/van/IdeaProjects/RxVO/index.js","statementMap":{"0":{"start":{"line":1,"column":0},"end":{"line":1,"column":50}}},"fnMap":{},"branchMap":{},"s":{"0":2},"f":{},"b":{},"_coverageSchema":"332fd63041d2c1bcb487cc26dd0d5f7d97098a6c","hash":"c14c0b42b1524f1f638cebaf1d233e607785b394"}
,"/Users/van/IdeaProjects/RxVO/fixtures/ItemsModel.schemas.js": {"path":"/Users/van/IdeaProjects/RxVO/fixtures/ItemsModel.schemas.js","statementMap":{"0":{"start":{"line":1,"column":33},"end":{"line":6,"column":1}},"1":{"start":{"line":8,"column":39},"end":{"line":15,"column":1}},"2":{"start":{"line":17,"column":32},"end":{"line":31,"column":1}}},"fnMap":{},"branchMap":{},"s":{"0":1,"1":1,"2":1},"f":{},"b":{},"_coverageSchema":"332fd63041d2c1bcb487cc26dd0d5f7d97098a6c","hash":"75c38d9f9a2c037a62fb3b166cc8d556e0cf0a87"}
,"/Users/van/IdeaProjects/RxVO/fixtures/PropertiesModel.schemas.js": {"path":"/Users/van/IdeaProjects/RxVO/fixtures/PropertiesModel.schemas.js","statementMap":{"0":{"start":{"line":1,"column":26},"end":{"line":14,"column":1}},"1":{"start":{"line":16,"column":27},"end":{"line":35,"column":1}},"2":{"start":{"line":37,"column":27},"end":{"line":63,"column":1}}},"fnMap":{},"branchMap":{},"s":{"0":6,"1":6,"2":6},"f":{},"b":{},"_coverageSchema":"332fd63041d2c1bcb487cc26dd0d5f7d97098a6c","hash":"20684109cbc22996862322f85532676a34dee86b"}
,"/Users/van/IdeaProjects/RxVO/src/index.js": {"path":"/Users/van/IdeaProjects/RxVO/src/index.js","statementMap":{"0":{"start":{"line":7,"column":0},"end":{"line":9,"column":1}},"1":{"start":{"line":8,"column":4},"end":{"line":8,"column":56}}},"fnMap":{},"branchMap":{"0":{"loc":{"start":{"line":7,"column":0},"end":{"line":9,"column":1}},"type":"if","locations":[{"start":{"line":7,"column":0},"end":{"line":9,"column":1}},{"start":{"line":7,"column":0},"end":{"line":9,"column":1}}],"line":7}},"s":{"0":1,"1":0},"f":{},"b":{"0":[0,1]},"_coverageSchema":"332fd63041d2c1bcb487cc26dd0d5f7d97098a6c","hash":"59f9e96985064a7b0f9eac5f7fc2ac5cfda9e3ca"}
,"/Users/van/IdeaProjects/RxVO/src/classes/_ajvWrapper.js": {"path":"/Users/van/IdeaProjects/RxVO/src/classes/_ajvWrapper.js","statementMap":{"0":{"start":{"line":21,"column":8},"end":{"line":23,"column":9}},"1":{"start":{"line":22,"column":12},"end":{"line":22,"column":53}},"2":{"start":{"line":26,"column":8},"end":{"line":29,"column":11}},"3":{"start":{"line":27,"column":23},"end":{"line":27,"column":27}},"4":{"start":{"line":32,"column":21},"end":{"line":32,"column":59}},"5":{"start":{"line":35,"column":8},"end":{"line":38,"column":11}},"6":{"start":{"line":36,"column":22},"end":{"line":36,"column":26}},"7":{"start":{"line":40,"column":21},"end":{"line":40,"column":34}},"8":{"start":{"line":42,"column":8},"end":{"line":42,"column":32}},"9":{"start":{"line":45,"column":8},"end":{"line":47,"column":9}},"10":{"start":{"line":46,"column":12},"end":{"line":46,"column":43}},"11":{"start":{"line":50,"column":8},"end":{"line":50,"column":26}},"12":{"start":{"line":60,"column":8},"end":{"line":60,"column":37}},"13":{"start":{"line":69,"column":8},"end":{"line":69,"column":33}},"14":{"start":{"line":78,"column":8},"end":{"line":78,"column":47}},"15":{"start":{"line":88,"column":20},"end":{"line":128,"column":1}}},"fnMap":{"0":{"name":"(anonymous_0)","decl":{"start":{"line":19,"column":4},"end":{"line":19,"column":5}},"loc":{"start":{"line":19,"column":47},"end":{"line":51,"column":5}},"line":19},"1":{"name":"(anonymous_1)","decl":{"start":{"line":27,"column":17},"end":{"line":27,"column":18}},"loc":{"start":{"line":27,"column":23},"end":{"line":27,"column":27}},"line":27},"2":{"name":"(anonymous_2)","decl":{"start":{"line":36,"column":16},"end":{"line":36,"column":17}},"loc":{"start":{"line":36,"column":22},"end":{"line":36,"column":26}},"line":36},"3":{"name":"(anonymous_3)","decl":{"start":{"line":59,"column":4},"end":{"line":59,"column":5}},"loc":{"start":{"line":59,"column":30},"end":{"line":61,"column":5}},"line":59},"4":{"name":"(anonymous_4)","decl":{"start":{"line":68,"column":4},"end":{"line":68,"column":5}},"loc":{"start":{"line":68,"column":15},"end":{"line":70,"column":5}},"line":68},"5":{"name":"(anonymous_5)","decl":{"start":{"line":77,"column":4},"end":{"line":77,"column":5}},"loc":{"start":{"line":77,"column":22},"end":{"line":79,"column":5}},"line":77}},"branchMap":{"0":{"loc":{"start":{"line":19,"column":30},"end":{"line":19,"column":45}},"type":"default-arg","locations":[{"start":{"line":19,"column":43},"end":{"line":19,"column":45}}],"line":19},"1":{"loc":{"start":{"line":21,"column":8},"end":{"line":23,"column":9}},"type":"if","locations":[{"start":{"line":21,"column":8},"end":{"line":23,"column":9}},{"start":{"line":21,"column":8},"end":{"line":23,"column":9}}],"line":21},"2":{"loc":{"start":{"line":21,"column":12},"end":{"line":21,"column":46}},"type":"binary-expr","locations":[{"start":{"line":21,"column":13},"end":{"line":21,"column":18}},{"start":{"line":21,"column":23},"end":{"line":21,"column":46}}],"line":21},"3":{"loc":{"start":{"line":45,"column":8},"end":{"line":47,"column":9}},"type":"if","locations":[{"start":{"line":45,"column":8},"end":{"line":47,"column":9}},{"start":{"line":45,"column":8},"end":{"line":47,"column":9}}],"line":45}},"s":{"0":36,"1":0,"2":36,"3":0,"4":36,"5":36,"6":0,"7":36,"8":36,"9":36,"10":36,"11":35,"12":0,"13":166,"14":98,"15":9},"f":{"0":36,"1":0,"2":0,"3":0,"4":166,"5":98},"b":{"0":[0],"1":[0,36],"2":[36,36],"3":[36,0]},"_coverageSchema":"332fd63041d2c1bcb487cc26dd0d5f7d97098a6c","hash":"078abe24ff648a06ea06a6319723398ca74a7df0"}
,"/Users/van/IdeaProjects/RxVO/src/classes/_branchNotifier.js": {"path":"/Users/van/IdeaProjects/RxVO/src/classes/_branchNotifier.js","statementMap":{"0":{"start":{"line":2,"column":18},"end":{"line":2,"column":31}},"1":{"start":{"line":15,"column":8},"end":{"line":18,"column":11}},"2":{"start":{"line":16,"column":23},"end":{"line":16,"column":27}},"3":{"start":{"line":20,"column":8},"end":{"line":23,"column":11}},"4":{"start":{"line":21,"column":23},"end":{"line":21,"column":28}},"5":{"start":{"line":36,"column":8},"end":{"line":39,"column":11}},"6":{"start":{"line":37,"column":23},"end":{"line":37,"column":27}},"7":{"start":{"line":54,"column":8},"end":{"line":56,"column":11}},"8":{"start":{"line":55,"column":23},"end":{"line":55,"column":27}},"9":{"start":{"line":58,"column":8},"end":{"line":58,"column":34}},"10":{"start":{"line":67,"column":8},"end":{"line":81,"column":14}},"11":{"start":{"line":68,"column":12},"end":{"line":70,"column":13}},"12":{"start":{"line":69,"column":16},"end":{"line":69,"column":40}},"13":{"start":{"line":72,"column":28},"end":{"line":72,"column":63}},"14":{"start":{"line":74,"column":12},"end":{"line":76,"column":13}},"15":{"start":{"line":75,"column":16},"end":{"line":75,"column":40}},"16":{"start":{"line":78,"column":12},"end":{"line":80,"column":15}},"17":{"start":{"line":79,"column":16},"end":{"line":79,"column":62}},"18":{"start":{"line":90,"column":24},"end":{"line":90,"column":59}},"19":{"start":{"line":91,"column":8},"end":{"line":94,"column":11}},"20":{"start":{"line":92,"column":12},"end":{"line":93,"column":65}},"21":{"start":{"line":102,"column":24},"end":{"line":102,"column":59}},"22":{"start":{"line":103,"column":8},"end":{"line":105,"column":11}},"23":{"start":{"line":104,"column":12},"end":{"line":104,"column":62}},"24":{"start":{"line":120,"column":7},"end":{"line":120,"column":26}},"25":{"start":{"line":121,"column":7},"end":{"line":121,"column":34}},"26":{"start":{"line":130,"column":8},"end":{"line":130,"column":35}}},"fnMap":{"0":{"name":"(anonymous_0)","decl":{"start":{"line":13,"column":4},"end":{"line":13,"column":5}},"loc":{"start":{"line":13,"column":29},"end":{"line":24,"column":5}},"line":13},"1":{"name":"(anonymous_1)","decl":{"start":{"line":16,"column":17},"end":{"line":16,"column":18}},"loc":{"start":{"line":16,"column":23},"end":{"line":16,"column":27}},"line":16},"2":{"name":"(anonymous_2)","decl":{"start":{"line":21,"column":17},"end":{"line":21,"column":18}},"loc":{"start":{"line":21,"column":23},"end":{"line":21,"column":28}},"line":21},"3":{"name":"(anonymous_3)","decl":{"start":{"line":35,"column":4},"end":{"line":35,"column":5}},"loc":{"start":{"line":35,"column":22},"end":{"line":40,"column":5}},"line":35},"4":{"name":"(anonymous_4)","decl":{"start":{"line":37,"column":17},"end":{"line":37,"column":18}},"loc":{"start":{"line":37,"column":23},"end":{"line":37,"column":27}},"line":37},"5":{"name":"(anonymous_5)","decl":{"start":{"line":53,"column":4},"end":{"line":53,"column":5}},"loc":{"start":{"line":53,"column":22},"end":{"line":59,"column":5}},"line":53},"6":{"name":"(anonymous_6)","decl":{"start":{"line":55,"column":17},"end":{"line":55,"column":18}},"loc":{"start":{"line":55,"column":23},"end":{"line":55,"column":27}},"line":55},"7":{"name":"(anonymous_7)","decl":{"start":{"line":65,"column":4},"end":{"line":65,"column":5}},"loc":{"start":{"line":65,"column":22},"end":{"line":82,"column":5}},"line":65},"8":{"name":"(anonymous_8)","decl":{"start":{"line":67,"column":19},"end":{"line":67,"column":20}},"loc":{"start":{"line":67,"column":25},"end":{"line":81,"column":9}},"line":67},"9":{"name":"(anonymous_9)","decl":{"start":{"line":78,"column":28},"end":{"line":78,"column":29}},"loc":{"start":{"line":78,"column":39},"end":{"line":80,"column":13}},"line":78},"10":{"name":"(anonymous_10)","decl":{"start":{"line":89,"column":4},"end":{"line":89,"column":5}},"loc":{"start":{"line":89,"column":30},"end":{"line":95,"column":5}},"line":89},"11":{"name":"(anonymous_11)","decl":{"start":{"line":91,"column":24},"end":{"line":91,"column":25}},"loc":{"start":{"line":91,"column":35},"end":{"line":94,"column":9}},"line":91},"12":{"name":"(anonymous_12)","decl":{"start":{"line":101,"column":4},"end":{"line":101,"column":5}},"loc":{"start":{"line":101,"column":26},"end":{"line":106,"column":5}},"line":101},"13":{"name":"(anonymous_13)","decl":{"start":{"line":103,"column":24},"end":{"line":103,"column":25}},"loc":{"start":{"line":103,"column":35},"end":{"line":105,"column":9}},"line":103},"14":{"name":"(anonymous_14)","decl":{"start":{"line":119,"column":4},"end":{"line":119,"column":5}},"loc":{"start":{"line":119,"column":24},"end":{"line":122,"column":5}},"line":119},"15":{"name":"(anonymous_15)","decl":{"start":{"line":129,"column":4},"end":{"line":129,"column":5}},"loc":{"start":{"line":129,"column":21},"end":{"line":131,"column":5}},"line":129}},"branchMap":{"0":{"loc":{"start":{"line":68,"column":12},"end":{"line":70,"column":13}},"type":"if","locations":[{"start":{"line":68,"column":12},"end":{"line":70,"column":13}},{"start":{"line":68,"column":12},"end":{"line":70,"column":13}}],"line":68},"1":{"loc":{"start":{"line":74,"column":12},"end":{"line":76,"column":13}},"type":"if","locations":[{"start":{"line":74,"column":12},"end":{"line":76,"column":13}},{"start":{"line":74,"column":12},"end":{"line":76,"column":13}}],"line":74}},"s":{"0":9,"1":8,"2":0,"3":8,"4":0,"5":0,"6":0,"7":35,"8":46,"9":35,"10":98,"11":8,"12":8,"13":8,"14":8,"15":8,"16":8,"17":22,"18":8,"19":8,"20":8,"21":0,"22":0,"23":0,"24":35,"25":35,"26":141},"f":{"0":8,"1":0,"2":0,"3":0,"4":0,"5":35,"6":46,"7":98,"8":8,"9":22,"10":8,"11":8,"12":0,"13":0,"14":35,"15":141},"b":{"0":[8,0],"1":[8,0]},"_coverageSchema":"332fd63041d2c1bcb487cc26dd0d5f7d97098a6c","hash":"baf781cf3068ef0e7ee2f8ee0549d478eb3edd0d"}
,"/Users/van/IdeaProjects/RxVO/src/classes/_metaData.js": {"path":"/Users/van/IdeaProjects/RxVO/src/classes/_metaData.js","statementMap":{"0":{"start":{"line":2,"column":15},"end":{"line":2,"column":28}},"1":{"start":{"line":13,"column":21},"end":{"line":13,"column":53}},"2":{"start":{"line":15,"column":8},"end":{"line":24,"column":9}},"3":{"start":{"line":16,"column":22},"end":{"line":16,"column":23}},"4":{"start":{"line":17,"column":12},"end":{"line":23,"column":14}},"5":{"start":{"line":18,"column":16},"end":{"line":21,"column":17}},"6":{"start":{"line":19,"column":20},"end":{"line":19,"column":34}},"7":{"start":{"line":20,"column":20},"end":{"line":20,"column":53}},"8":{"start":{"line":22,"column":16},"end":{"line":22,"column":36}},"9":{"start":{"line":26,"column":8},"end":{"line":30,"column":11}},"10":{"start":{"line":32,"column":8},"end":{"line":32,"column":32}},"11":{"start":{"line":33,"column":8},"end":{"line":33,"column":31}},"12":{"start":{"line":40,"column":17},"end":{"line":40,"column":33}},"13":{"start":{"line":41,"column":8},"end":{"line":41,"column":55}},"14":{"start":{"line":48,"column":8},"end":{"line":48,"column":20}},"15":{"start":{"line":56,"column":8},"end":{"line":56,"column":31}},"16":{"start":{"line":64,"column":8},"end":{"line":64,"column":33}},"17":{"start":{"line":72,"column":8},"end":{"line":72,"column":33}},"18":{"start":{"line":80,"column":8},"end":{"line":80,"column":33}},"19":{"start":{"line":88,"column":8},"end":{"line":88,"column":35}},"20":{"start":{"line":96,"column":8},"end":{"line":96,"column":48}}},"fnMap":{"0":{"name":"(anonymous_0)","decl":{"start":{"line":12,"column":4},"end":{"line":12,"column":5}},"loc":{"start":{"line":12,"column":35},"end":{"line":34,"column":5}},"line":12},"1":{"name":"(anonymous_1)","decl":{"start":{"line":17,"column":43},"end":{"line":17,"column":44}},"loc":{"start":{"line":17,"column":55},"end":{"line":23,"column":13}},"line":17},"2":{"name":"(anonymous_2)","decl":{"start":{"line":39,"column":4},"end":{"line":39,"column":5}},"loc":{"start":{"line":39,"column":13},"end":{"line":42,"column":5}},"line":39},"3":{"name":"(anonymous_3)","decl":{"start":{"line":47,"column":4},"end":{"line":47,"column":5}},"loc":{"start":{"line":47,"column":10},"end":{"line":49,"column":5}},"line":47},"4":{"name":"(anonymous_4)","decl":{"start":{"line":55,"column":4},"end":{"line":55,"column":5}},"loc":{"start":{"line":55,"column":19},"end":{"line":57,"column":5}},"line":55},"5":{"name":"(anonymous_5)","decl":{"start":{"line":63,"column":4},"end":{"line":63,"column":5}},"loc":{"start":{"line":63,"column":15},"end":{"line":65,"column":5}},"line":63},"6":{"name":"(anonymous_6)","decl":{"start":{"line":71,"column":4},"end":{"line":71,"column":5}},"loc":{"start":{"line":71,"column":15},"end":{"line":73,"column":5}},"line":71},"7":{"name":"(anonymous_7)","decl":{"start":{"line":79,"column":4},"end":{"line":79,"column":5}},"loc":{"start":{"line":79,"column":15},"end":{"line":81,"column":5}},"line":79},"8":{"name":"(anonymous_8)","decl":{"start":{"line":87,"column":4},"end":{"line":87,"column":5}},"loc":{"start":{"line":87,"column":17},"end":{"line":89,"column":5}},"line":87},"9":{"name":"(anonymous_9)","decl":{"start":{"line":95,"column":4},"end":{"line":95,"column":5}},"loc":{"start":{"line":95,"column":15},"end":{"line":97,"column":5}},"line":95}},"branchMap":{"0":{"loc":{"start":{"line":12,"column":23},"end":{"line":12,"column":33}},"type":"default-arg","locations":[{"start":{"line":12,"column":31},"end":{"line":12,"column":33}}],"line":12},"1":{"loc":{"start":{"line":15,"column":8},"end":{"line":24,"column":9}},"type":"if","locations":[{"start":{"line":15,"column":8},"end":{"line":24,"column":9}},{"start":{"line":15,"column":8},"end":{"line":24,"column":9}}],"line":15},"2":{"loc":{"start":{"line":18,"column":16},"end":{"line":21,"column":17}},"type":"if","locations":[{"start":{"line":18,"column":16},"end":{"line":21,"column":17}},{"start":{"line":18,"column":16},"end":{"line":21,"column":17}}],"line":18},"3":{"loc":{"start":{"line":41,"column":15},"end":{"line":41,"column":54}},"type":"cond-expr","locations":[{"start":{"line":41,"column":40},"end":{"line":41,"column":47}},{"start":{"line":41,"column":50},"end":{"line":41,"column":54}}],"line":41}},"s":{"0":9,"1":68,"2":68,"3":7,"4":7,"5":68,"6":68,"7":68,"8":68,"9":68,"10":68,"11":68,"12":2514,"13":2514,"14":0,"15":0,"16":22,"17":906,"18":849,"19":737,"20":0},"f":{"0":68,"1":68,"2":2514,"3":0,"4":0,"5":22,"6":906,"7":849,"8":737,"9":0},"b":{"0":[0],"1":[7,61],"2":[68,0],"3":[2513,1]},"_coverageSchema":"332fd63041d2c1bcb487cc26dd0d5f7d97098a6c","hash":"f03560b4e1aefd5d896c95008f7a25e6dce9387c"}
,"/Users/van/IdeaProjects/RxVO/src/classes/_observerBuilder.js": {"path":"/Users/van/IdeaProjects/RxVO/src/classes/_observerBuilder.js","statementMap":{"0":{"start":{"line":4,"column":23},"end":{"line":4,"column":36}},"1":{"start":{"line":11,"column":8},"end":{"line":11,"column":44}},"2":{"start":{"line":12,"column":8},"end":{"line":12,"column":37}},"3":{"start":{"line":21,"column":8},"end":{"line":21,"column":56}},"4":{"start":{"line":30,"column":21},"end":{"line":30,"column":77}},"5":{"start":{"line":30,"column":58},"end":{"line":30,"column":76}},"6":{"start":{"line":31,"column":8},"end":{"line":31,"column":66}},"7":{"start":{"line":35,"column":8},"end":{"line":35,"column":57}},"8":{"start":{"line":35,"column":51},"end":{"line":35,"column":55}},"9":{"start":{"line":43,"column":19},"end":{"line":43,"column":39}},"10":{"start":{"line":44,"column":19},"end":{"line":48,"column":9}},"11":{"start":{"line":49,"column":8},"end":{"line":49,"column":27}},"12":{"start":{"line":50,"column":8},"end":{"line":50,"column":75}},"13":{"start":{"line":51,"column":8},"end":{"line":51,"column":30}},"14":{"start":{"line":59,"column":17},"end":{"line":59,"column":33}},"15":{"start":{"line":60,"column":8},"end":{"line":62,"column":9}},"16":{"start":{"line":61,"column":12},"end":{"line":61,"column":35}},"17":{"start":{"line":70,"column":17},"end":{"line":70,"column":33}},"18":{"start":{"line":71,"column":8},"end":{"line":73,"column":9}},"19":{"start":{"line":72,"column":12},"end":{"line":72,"column":39}},"20":{"start":{"line":82,"column":17},"end":{"line":82,"column":33}},"21":{"start":{"line":83,"column":8},"end":{"line":85,"column":9}},"22":{"start":{"line":84,"column":12},"end":{"line":84,"column":37}}},"fnMap":{"0":{"name":"(anonymous_0)","decl":{"start":{"line":10,"column":4},"end":{"line":10,"column":5}},"loc":{"start":{"line":10,"column":18},"end":{"line":13,"column":5}},"line":10},"1":{"name":"(anonymous_1)","decl":{"start":{"line":20,"column":4},"end":{"line":20,"column":5}},"loc":{"start":{"line":20,"column":16},"end":{"line":22,"column":5}},"line":20},"2":{"name":"(anonymous_2)","decl":{"start":{"line":29,"column":4},"end":{"line":29,"column":5}},"loc":{"start":{"line":29,"column":29},"end":{"line":32,"column":5}},"line":29},"3":{"name":"(anonymous_3)","decl":{"start":{"line":30,"column":51},"end":{"line":30,"column":52}},"loc":{"start":{"line":30,"column":58},"end":{"line":30,"column":76}},"line":30},"4":{"name":"(anonymous_4)","decl":{"start":{"line":34,"column":4},"end":{"line":34,"column":5}},"loc":{"start":{"line":34,"column":11},"end":{"line":36,"column":5}},"line":34},"5":{"name":"(anonymous_5)","decl":{"start":{"line":35,"column":44},"end":{"line":35,"column":45}},"loc":{"start":{"line":35,"column":51},"end":{"line":35,"column":55}},"line":35},"6":{"name":"(anonymous_6)","decl":{"start":{"line":42,"column":4},"end":{"line":42,"column":5}},"loc":{"start":{"line":42,"column":19},"end":{"line":52,"column":5}},"line":42},"7":{"name":"(anonymous_7)","decl":{"start":{"line":58,"column":4},"end":{"line":58,"column":5}},"loc":{"start":{"line":58,"column":17},"end":{"line":63,"column":5}},"line":58},"8":{"name":"(anonymous_8)","decl":{"start":{"line":69,"column":4},"end":{"line":69,"column":5}},"loc":{"start":{"line":69,"column":21},"end":{"line":74,"column":5}},"line":69},"9":{"name":"(anonymous_9)","decl":{"start":{"line":81,"column":4},"end":{"line":81,"column":5}},"loc":{"start":{"line":81,"column":27},"end":{"line":86,"column":5}},"line":81}},"branchMap":{"0":{"loc":{"start":{"line":21,"column":15},"end":{"line":21,"column":55}},"type":"binary-expr","locations":[{"start":{"line":21,"column":15},"end":{"line":21,"column":47}},{"start":{"line":21,"column":51},"end":{"line":21,"column":55}}],"line":21},"1":{"loc":{"start":{"line":31,"column":15},"end":{"line":31,"column":65}},"type":"cond-expr","locations":[{"start":{"line":31,"column":41},"end":{"line":31,"column":58}},{"start":{"line":31,"column":61},"end":{"line":31,"column":65}}],"line":31},"2":{"loc":{"start":{"line":31,"column":15},"end":{"line":31,"column":38}},"type":"binary-expr","locations":[{"start":{"line":31,"column":15},"end":{"line":31,"column":19}},{"start":{"line":31,"column":23},"end":{"line":31,"column":38}}],"line":31},"3":{"loc":{"start":{"line":60,"column":8},"end":{"line":62,"column":9}},"type":"if","locations":[{"start":{"line":60,"column":8},"end":{"line":62,"column":9}},{"start":{"line":60,"column":8},"end":{"line":62,"column":9}}],"line":60},"4":{"loc":{"start":{"line":71,"column":8},"end":{"line":73,"column":9}},"type":"if","locations":[{"start":{"line":71,"column":8},"end":{"line":73,"column":9}},{"start":{"line":71,"column":8},"end":{"line":73,"column":9}}],"line":71},"5":{"loc":{"start":{"line":83,"column":8},"end":{"line":85,"column":9}},"type":"if","locations":[{"start":{"line":83,"column":8},"end":{"line":85,"column":9}},{"start":{"line":83,"column":8},"end":{"line":85,"column":9}}],"line":83}},"s":{"0":9,"1":35,"2":35,"3":37,"4":2,"5":5,"6":2,"7":0,"8":0,"9":55,"10":55,"11":55,"12":55,"13":55,"14":23,"15":23,"16":15,"17":2,"18":2,"19":2,"20":10,"21":10,"22":10},"f":{"0":35,"1":37,"2":2,"3":5,"4":0,"5":0,"6":55,"7":23,"8":2,"9":10},"b":{"0":[37,8],"1":[2,0],"2":[2,2],"3":[15,8],"4":[2,0],"5":[10,0]},"_coverageSchema":"332fd63041d2c1bcb487cc26dd0d5f7d97098a6c","hash":"1822663980c6d1642bfbf50c49fc05f9a5af291a"}
,"/Users/van/IdeaProjects/RxVO/src/classes/_references.js": {"path":"/Users/van/IdeaProjects/RxVO/src/classes/_references.js","statementMap":{"0":{"start":{"line":5,"column":23},"end":{"line":5,"column":29}},"1":{"start":{"line":6,"column":18},"end":{"line":10,"column":1}},"2":{"start":{"line":18,"column":23},"end":{"line":18,"column":36}},"3":{"start":{"line":25,"column":22},"end":{"line":25,"column":35}},"4":{"start":{"line":32,"column":23},"end":{"line":32,"column":36}},"5":{"start":{"line":40,"column":28},"end":{"line":40,"column":41}},"6":{"start":{"line":47,"column":27},"end":{"line":47,"column":40}},"7":{"start":{"line":55,"column":30},"end":{"line":55,"column":43}},"8":{"start":{"line":63,"column":30},"end":{"line":63,"column":43}},"9":{"start":{"line":70,"column":26},"end":{"line":70,"column":39}},"10":{"start":{"line":77,"column":30},"end":{"line":77,"column":43}},"11":{"start":{"line":84,"column":26},"end":{"line":84,"column":39}},"12":{"start":{"line":91,"column":33},"end":{"line":91,"column":46}}},"fnMap":{},"branchMap":{},"s":{"0":10,"1":10,"2":10,"3":10,"4":10,"5":10,"6":10,"7":10,"8":10,"9":10,"10":10,"11":10,"12":10},"f":{},"b":{},"_coverageSchema":"332fd63041d2c1bcb487cc26dd0d5f7d97098a6c","hash":"2beff9b8f83bd55236be978e68bec5a7baa9965f"}
,"/Users/van/IdeaProjects/RxVO/src/classes/_schemaHelpers.js": {"path":"/Users/van/IdeaProjects/RxVO/src/classes/_schemaHelpers.js","statementMap":{"0":{"start":{"line":14,"column":8},"end":{"line":16,"column":9}},"1":{"start":{"line":15,"column":12},"end":{"line":15,"column":62}},"2":{"start":{"line":18,"column":8},"end":{"line":18,"column":25}},"3":{"start":{"line":19,"column":8},"end":{"line":19,"column":26}},"4":{"start":{"line":28,"column":8},"end":{"line":30,"column":9}},"5":{"start":{"line":29,"column":12},"end":{"line":29,"column":23}},"6":{"start":{"line":32,"column":8},"end":{"line":37,"column":11}},"7":{"start":{"line":33,"column":23},"end":{"line":33,"column":47}},"8":{"start":{"line":34,"column":12},"end":{"line":36,"column":13}},"9":{"start":{"line":35,"column":16},"end":{"line":35,"column":38}},"10":{"start":{"line":38,"column":8},"end":{"line":38,"column":25}},"11":{"start":{"line":48,"column":22},"end":{"line":48,"column":43}},"12":{"start":{"line":49,"column":17},"end":{"line":49,"column":60}},"13":{"start":{"line":52,"column":8},"end":{"line":52,"column":50}},"14":{"start":{"line":54,"column":8},"end":{"line":59,"column":9}},"15":{"start":{"line":55,"column":12},"end":{"line":55,"column":22}},"16":{"start":{"line":56,"column":15},"end":{"line":59,"column":9}},"17":{"start":{"line":58,"column":12},"end":{"line":58,"column":42}},"18":{"start":{"line":60,"column":8},"end":{"line":60,"column":25}},"19":{"start":{"line":61,"column":8},"end":{"line":61,"column":24}},"20":{"start":{"line":72,"column":19},"end":{"line":73,"column":77}},"21":{"start":{"line":75,"column":17},"end":{"line":80,"column":26}},"22":{"start":{"line":83,"column":18},"end":{"line":83,"column":45}},"23":{"start":{"line":86,"column":8},"end":{"line":86,"column":81}}},"fnMap":{"0":{"name":"(anonymous_0)","decl":{"start":{"line":13,"column":4},"end":{"line":13,"column":5}},"loc":{"start":{"line":13,"column":22},"end":{"line":20,"column":5}},"line":13},"1":{"name":"(anonymous_1)","decl":{"start":{"line":27,"column":4},"end":{"line":27,"column":5}},"loc":{"start":{"line":27,"column":19},"end":{"line":39,"column":5}},"line":27},"2":{"name":"(anonymous_2)","decl":{"start":{"line":32,"column":33},"end":{"line":32,"column":34}},"loc":{"start":{"line":32,"column":40},"end":{"line":37,"column":9}},"line":32},"3":{"name":"(anonymous_3)","decl":{"start":{"line":47,"column":4},"end":{"line":47,"column":5}},"loc":{"start":{"line":47,"column":31},"end":{"line":62,"column":5}},"line":47},"4":{"name":"(anonymous_4)","decl":{"start":{"line":71,"column":4},"end":{"line":71,"column":5}},"loc":{"start":{"line":71,"column":44},"end":{"line":87,"column":5}},"line":71}},"branchMap":{"0":{"loc":{"start":{"line":14,"column":8},"end":{"line":16,"column":9}},"type":"if","locations":[{"start":{"line":14,"column":8},"end":{"line":16,"column":9}},{"start":{"line":14,"column":8},"end":{"line":16,"column":9}}],"line":14},"1":{"loc":{"start":{"line":14,"column":12},"end":{"line":14,"column":56}},"type":"binary-expr","locations":[{"start":{"line":14,"column":12},"end":{"line":14,"column":26}},{"start":{"line":14,"column":30},"end":{"line":14,"column":56}}],"line":14},"2":{"loc":{"start":{"line":28,"column":8},"end":{"line":30,"column":9}},"type":"if","locations":[{"start":{"line":28,"column":8},"end":{"line":30,"column":9}},{"start":{"line":28,"column":8},"end":{"line":30,"column":9}}],"line":28},"3":{"loc":{"start":{"line":34,"column":12},"end":{"line":36,"column":13}},"type":"if","locations":[{"start":{"line":34,"column":12},"end":{"line":36,"column":13}},{"start":{"line":34,"column":12},"end":{"line":36,"column":13}}],"line":34},"4":{"loc":{"start":{"line":54,"column":8},"end":{"line":59,"column":9}},"type":"if","locations":[{"start":{"line":54,"column":8},"end":{"line":59,"column":9}},{"start":{"line":54,"column":8},"end":{"line":59,"column":9}}],"line":54},"5":{"loc":{"start":{"line":56,"column":15},"end":{"line":59,"column":9}},"type":"if","locations":[{"start":{"line":56,"column":15},"end":{"line":59,"column":9}},{"start":{"line":56,"column":15},"end":{"line":59,"column":9}}],"line":56},"6":{"loc":{"start":{"line":56,"column":19},"end":{"line":57,"column":34}},"type":"binary-expr","locations":[{"start":{"line":56,"column":19},"end":{"line":56,"column":31}},{"start":{"line":57,"column":12},"end":{"line":57,"column":34}}],"line":56},"7":{"loc":{"start":{"line":72,"column":19},"end":{"line":73,"column":77}},"type":"cond-expr","locations":[{"start":{"line":73,"column":12},"end":{"line":73,"column":49}},{"start":{"line":73,"column":52},"end":{"line":73,"column":77}}],"line":72},"8":{"loc":{"start":{"line":80,"column":11},"end":{"line":80,"column":25}},"type":"binary-expr","locations":[{"start":{"line":80,"column":11},"end":{"line":80,"column":19}},{"start":{"line":80,"column":23},"end":{"line":80,"column":25}}],"line":80},"9":{"loc":{"start":{"line":86,"column":20},"end":{"line":86,"column":74}},"type":"cond-expr","locations":[{"start":{"line":86,"column":46},"end":{"line":86,"column":61}},{"start":{"line":86,"column":64},"end":{"line":86,"column":74}}],"line":86}},"s":{"0":71,"1":0,"2":71,"3":71,"4":1,"5":0,"6":1,"7":1,"8":1,"9":0,"10":1,"11":20,"12":20,"13":20,"14":20,"15":0,"16":20,"17":0,"18":20,"19":20,"20":21,"21":21,"22":21,"23":21},"f":{"0":71,"1":1,"2":1,"3":20,"4":21},"b":{"0":[0,71],"1":[71,71],"2":[0,1],"3":[0,1],"4":[0,20],"5":[0,20],"6":[20,20],"7":[5,16],"8":[21,0],"9":[19,2]},"_coverageSchema":"332fd63041d2c1bcb487cc26dd0d5f7d97098a6c","hash":"d43dc2f190cfc95bd1f5bd4107fe5d0b74f83cbc"}
,"/Users/van/IdeaProjects/RxVO/src/classes/itemsModel.js": {"path":"/Users/van/IdeaProjects/RxVO/src/classes/itemsModel.js","statementMap":{"0":{"start":{"line":9,"column":27},"end":{"line":9,"column":40}},"1":{"start":{"line":19,"column":8},"end":{"line":19,"column":28}},"2":{"start":{"line":20,"column":8},"end":{"line":20,"column":58}},"3":{"start":{"line":21,"column":8},"end":{"line":21,"column":78}},"4":{"start":{"line":28,"column":8},"end":{"line":28,"column":33}},"5":{"start":{"line":36,"column":8},"end":{"line":38,"column":9}},"6":{"start":{"line":37,"column":12},"end":{"line":37,"column":25}},"7":{"start":{"line":40,"column":8},"end":{"line":43,"column":9}},"8":{"start":{"line":41,"column":12},"end":{"line":41,"column":80}},"9":{"start":{"line":42,"column":12},"end":{"line":42,"column":25}},"10":{"start":{"line":45,"column":8},"end":{"line":48,"column":9}},"11":{"start":{"line":47,"column":12},"end":{"line":47,"column":28}},"12":{"start":{"line":50,"column":8},"end":{"line":50,"column":78}},"13":{"start":{"line":51,"column":8},"end":{"line":51,"column":43}},"14":{"start":{"line":53,"column":8},"end":{"line":65,"column":9}},"15":{"start":{"line":54,"column":22},"end":{"line":54,"column":23}},"16":{"start":{"line":56,"column":12},"end":{"line":58,"column":15}},"17":{"start":{"line":57,"column":16},"end":{"line":57,"column":47}},"18":{"start":{"line":61,"column":12},"end":{"line":61,"column":28}},"19":{"start":{"line":62,"column":12},"end":{"line":62,"column":27}},"20":{"start":{"line":63,"column":12},"end":{"line":63,"column":78}},"21":{"start":{"line":64,"column":12},"end":{"line":64,"column":25}},"22":{"start":{"line":67,"column":8},"end":{"line":67,"column":24}},"23":{"start":{"line":68,"column":8},"end":{"line":68,"column":57}},"24":{"start":{"line":69,"column":8},"end":{"line":69,"column":40}},"25":{"start":{"line":71,"column":8},"end":{"line":71,"column":20}},"26":{"start":{"line":75,"column":8},"end":{"line":214,"column":11}},"27":{"start":{"line":82,"column":16},"end":{"line":84,"column":17}},"28":{"start":{"line":83,"column":20},"end":{"line":83,"column":36}},"29":{"start":{"line":86,"column":16},"end":{"line":127,"column":17}},"30":{"start":{"line":87,"column":34},"end":{"line":87,"column":38}},"31":{"start":{"line":89,"column":20},"end":{"line":126,"column":21}},"32":{"start":{"line":91,"column":24},"end":{"line":123,"column":25}},"33":{"start":{"line":93,"column":41},"end":{"line":93,"column":53}},"34":{"start":{"line":96,"column":41},"end":{"line":96,"column":65}},"35":{"start":{"line":99,"column":41},"end":{"line":99,"column":67}},"36":{"start":{"line":102,"column":28},"end":{"line":111,"column":29}},"37":{"start":{"line":104,"column":32},"end":{"line":104,"column":49}},"38":{"start":{"line":107,"column":32},"end":{"line":108,"column":55}},"39":{"start":{"line":110,"column":32},"end":{"line":110,"column":45}},"40":{"start":{"line":114,"column":28},"end":{"line":120,"column":29}},"41":{"start":{"line":116,"column":32},"end":{"line":116,"column":89}},"42":{"start":{"line":119,"column":32},"end":{"line":119,"column":55}},"43":{"start":{"line":122,"column":28},"end":{"line":122,"column":40}},"44":{"start":{"line":125,"column":24},"end":{"line":125,"column":38}},"45":{"start":{"line":129,"column":16},"end":{"line":131,"column":17}},"46":{"start":{"line":130,"column":20},"end":{"line":130,"column":32}},"47":{"start":{"line":133,"column":16},"end":{"line":133,"column":30}},"48":{"start":{"line":136,"column":16},"end":{"line":139,"column":17}},"49":{"start":{"line":138,"column":20},"end":{"line":138,"column":32}},"50":{"start":{"line":142,"column":16},"end":{"line":144,"column":17}},"51":{"start":{"line":143,"column":20},"end":{"line":143,"column":33}},"52":{"start":{"line":146,"column":28},"end":{"line":146,"column":56}},"53":{"start":{"line":148,"column":16},"end":{"line":154,"column":17}},"54":{"start":{"line":149,"column":20},"end":{"line":152,"column":21}},"55":{"start":{"line":150,"column":24},"end":{"line":150,"column":40}},"56":{"start":{"line":151,"column":24},"end":{"line":151,"column":92}},"57":{"start":{"line":153,"column":20},"end":{"line":153,"column":33}},"58":{"start":{"line":157,"column":16},"end":{"line":160,"column":17}},"59":{"start":{"line":158,"column":30},"end":{"line":158,"column":54}},"60":{"start":{"line":159,"column":20},"end":{"line":159,"column":70}},"61":{"start":{"line":162,"column":16},"end":{"line":162,"column":31}},"62":{"start":{"line":165,"column":16},"end":{"line":169,"column":17}},"63":{"start":{"line":166,"column":20},"end":{"line":166,"column":36}},"64":{"start":{"line":168,"column":20},"end":{"line":168,"column":69}},"65":{"start":{"line":171,"column":16},"end":{"line":171,"column":28}},"66":{"start":{"line":175,"column":28},"end":{"line":175,"column":56}},"67":{"start":{"line":177,"column":25},"end":{"line":177,"column":37}},"68":{"start":{"line":178,"column":16},"end":{"line":188,"column":17}},"69":{"start":{"line":181,"column":20},"end":{"line":181,"column":38}},"70":{"start":{"line":183,"column":20},"end":{"line":186,"column":21}},"71":{"start":{"line":184,"column":24},"end":{"line":184,"column":40}},"72":{"start":{"line":185,"column":24},"end":{"line":185,"column":77}},"73":{"start":{"line":187,"column":20},"end":{"line":187,"column":33}},"74":{"start":{"line":191,"column":29},"end":{"line":191,"column":52}},"75":{"start":{"line":194,"column":16},"end":{"line":202,"column":17}},"76":{"start":{"line":197,"column":20},"end":{"line":200,"column":21}},"77":{"start":{"line":198,"column":24},"end":{"line":198,"column":40}},"78":{"start":{"line":199,"column":24},"end":{"line":199,"column":80}},"79":{"start":{"line":201,"column":20},"end":{"line":201,"column":33}},"80":{"start":{"line":205,"column":16},"end":{"line":205,"column":33}},"81":{"start":{"line":208,"column":16},"end":{"line":208,"column":32}},"82":{"start":{"line":211,"column":16},"end":{"line":211,"column":65}},"83":{"start":{"line":212,"column":16},"end":{"line":212,"column":28}}},"fnMap":{"0":{"name":"(anonymous_0)","decl":{"start":{"line":18,"column":4},"end":{"line":18,"column":5}},"loc":{"start":{"line":18,"column":18},"end":{"line":22,"column":5}},"line":18},"1":{"name":"(anonymous_1)","decl":{"start":{"line":27,"column":4},"end":{"line":27,"column":5}},"loc":{"start":{"line":27,"column":16},"end":{"line":29,"column":5}},"line":27},"2":{"name":"(anonymous_2)","decl":{"start":{"line":35,"column":4},"end":{"line":35,"column":5}},"loc":{"start":{"line":35,"column":21},"end":{"line":72,"column":5}},"line":35},"3":{"name":"(anonymous_3)","decl":{"start":{"line":56,"column":26},"end":{"line":56,"column":27}},"loc":{"start":{"line":56,"column":35},"end":{"line":58,"column":13}},"line":56},"4":{"name":"(anonymous_4)","decl":{"start":{"line":74,"column":4},"end":{"line":74,"column":5}},"loc":{"start":{"line":74,"column":18},"end":{"line":215,"column":5}},"line":74},"5":{"name":"(anonymous_5)","decl":{"start":{"line":76,"column":17},"end":{"line":76,"column":18}},"loc":{"start":{"line":76,"column":29},"end":{"line":134,"column":13}},"line":76},"6":{"name":"(anonymous_6)","decl":{"start":{"line":91,"column":31},"end":{"line":91,"column":32}},"loc":{"start":{"line":91,"column":44},"end":{"line":123,"column":25}},"line":91},"7":{"name":"(anonymous_7)","decl":{"start":{"line":135,"column":17},"end":{"line":135,"column":18}},"loc":{"start":{"line":135,"column":36},"end":{"line":172,"column":13}},"line":135},"8":{"name":"(anonymous_8)","decl":{"start":{"line":174,"column":28},"end":{"line":174,"column":29}},"loc":{"start":{"line":174,"column":40},"end":{"line":213,"column":13}},"line":174}},"branchMap":{"0":{"loc":{"start":{"line":36,"column":8},"end":{"line":38,"column":9}},"type":"if","locations":[{"start":{"line":36,"column":8},"end":{"line":38,"column":9}},{"start":{"line":36,"column":8},"end":{"line":38,"column":9}}],"line":36},"1":{"loc":{"start":{"line":36,"column":12},"end":{"line":36,"column":50}},"type":"binary-expr","locations":[{"start":{"line":36,"column":12},"end":{"line":36,"column":33}},{"start":{"line":36,"column":37},"end":{"line":36,"column":50}}],"line":36},"2":{"loc":{"start":{"line":40,"column":8},"end":{"line":43,"column":9}},"type":"if","locations":[{"start":{"line":40,"column":8},"end":{"line":43,"column":9}},{"start":{"line":40,"column":8},"end":{"line":43,"column":9}}],"line":40},"3":{"loc":{"start":{"line":45,"column":8},"end":{"line":48,"column":9}},"type":"if","locations":[{"start":{"line":45,"column":8},"end":{"line":48,"column":9}},{"start":{"line":45,"column":8},"end":{"line":48,"column":9}}],"line":45},"4":{"loc":{"start":{"line":82,"column":16},"end":{"line":84,"column":17}},"type":"if","locations":[{"start":{"line":82,"column":16},"end":{"line":84,"column":17}},{"start":{"line":82,"column":16},"end":{"line":84,"column":17}}],"line":82},"5":{"loc":{"start":{"line":86,"column":16},"end":{"line":127,"column":17}},"type":"if","locations":[{"start":{"line":86,"column":16},"end":{"line":127,"column":17}},{"start":{"line":86,"column":16},"end":{"line":127,"column":17}}],"line":86},"6":{"loc":{"start":{"line":89,"column":20},"end":{"line":126,"column":21}},"type":"if","locations":[{"start":{"line":89,"column":20},"end":{"line":126,"column":21}},{"start":{"line":89,"column":20},"end":{"line":126,"column":21}}],"line":89},"7":{"loc":{"start":{"line":102,"column":28},"end":{"line":111,"column":29}},"type":"if","locations":[{"start":{"line":102,"column":28},"end":{"line":111,"column":29}},{"start":{"line":102,"column":28},"end":{"line":111,"column":29}}],"line":102},"8":{"loc":{"start":{"line":114,"column":28},"end":{"line":120,"column":29}},"type":"if","locations":[{"start":{"line":114,"column":28},"end":{"line":120,"column":29}},{"start":{"line":114,"column":28},"end":{"line":120,"column":29}}],"line":114},"9":{"loc":{"start":{"line":129,"column":16},"end":{"line":131,"column":17}},"type":"if","locations":[{"start":{"line":129,"column":16},"end":{"line":131,"column":17}},{"start":{"line":129,"column":16},"end":{"line":131,"column":17}}],"line":129},"10":{"loc":{"start":{"line":136,"column":16},"end":{"line":139,"column":17}},"type":"if","locations":[{"start":{"line":136,"column":16},"end":{"line":139,"column":17}},{"start":{"line":136,"column":16},"end":{"line":139,"column":17}}],"line":136},"11":{"loc":{"start":{"line":142,"column":16},"end":{"line":144,"column":17}},"type":"if","locations":[{"start":{"line":142,"column":16},"end":{"line":144,"column":17}},{"start":{"line":142,"column":16},"end":{"line":144,"column":17}}],"line":142},"12":{"loc":{"start":{"line":148,"column":16},"end":{"line":154,"column":17}},"type":"if","locations":[{"start":{"line":148,"column":16},"end":{"line":154,"column":17}},{"start":{"line":148,"column":16},"end":{"line":154,"column":17}}],"line":148},"13":{"loc":{"start":{"line":149,"column":20},"end":{"line":152,"column":21}},"type":"if","locations":[{"start":{"line":149,"column":20},"end":{"line":152,"column":21}},{"start":{"line":149,"column":20},"end":{"line":152,"column":21}}],"line":149},"14":{"loc":{"start":{"line":157,"column":16},"end":{"line":160,"column":17}},"type":"if","locations":[{"start":{"line":157,"column":16},"end":{"line":160,"column":17}},{"start":{"line":157,"column":16},"end":{"line":160,"column":17}}],"line":157},"15":{"loc":{"start":{"line":165,"column":16},"end":{"line":169,"column":17}},"type":"if","locations":[{"start":{"line":165,"column":16},"end":{"line":169,"column":17}},{"start":{"line":165,"column":16},"end":{"line":169,"column":17}}],"line":165},"16":{"loc":{"start":{"line":183,"column":20},"end":{"line":186,"column":21}},"type":"if","locations":[{"start":{"line":183,"column":20},"end":{"line":186,"column":21}},{"start":{"line":183,"column":20},"end":{"line":186,"column":21}}],"line":183},"17":{"loc":{"start":{"line":194,"column":16},"end":{"line":202,"column":17}},"type":"if","locations":[{"start":{"line":194,"column":16},"end":{"line":202,"column":17}},{"start":{"line":194,"column":16},"end":{"line":202,"column":17}}],"line":194},"18":{"loc":{"start":{"line":197,"column":20},"end":{"line":200,"column":21}},"type":"if","locations":[{"start":{"line":197,"column":20},"end":{"line":200,"column":21}},{"start":{"line":197,"column":20},"end":{"line":200,"column":21}}],"line":197}},"s":{"0":9,"1":23,"2":23,"3":23,"4":97,"5":26,"6":2,"7":24,"8":2,"9":2,"10":22,"11":21,"12":22,"13":22,"14":22,"15":22,"16":22,"17":57,"18":0,"19":0,"20":0,"21":0,"22":22,"23":22,"24":22,"25":22,"26":46,"27":126,"28":22,"29":104,"30":13,"31":13,"32":12,"33":12,"34":12,"35":12,"36":12,"37":6,"38":6,"39":6,"40":6,"41":1,"42":5,"43":6,"44":1,"45":91,"46":38,"47":53,"48":59,"49":0,"50":59,"51":1,"52":58,"53":58,"54":0,"55":0,"56":0,"57":0,"58":58,"59":16,"60":16,"61":58,"62":58,"63":57,"64":57,"65":58,"66":4,"67":4,"68":4,"69":4,"70":0,"71":0,"72":0,"73":0,"74":4,"75":4,"76":0,"77":0,"78":0,"79":0,"80":4,"81":4,"82":4,"83":4},"f":{"0":23,"1":97,"2":26,"3":57,"4":46,"5":126,"6":12,"7":59,"8":4},"b":{"0":[2,24],"1":[26,26],"2":[2,22],"3":[21,1],"4":[22,104],"5":[13,91],"6":[12,1],"7":[6,6],"8":[1,5],"9":[38,53],"10":[0,59],"11":[1,58],"12":[0,58],"13":[0,0],"14":[16,42],"15":[57,1],"16":[0,0],"17":[0,4],"18":[0,0]},"_coverageSchema":"332fd63041d2c1bcb487cc26dd0d5f7d97098a6c","hash":"4a18e553ace22071561892992340f7148937fd57"}
,"/Users/van/IdeaProjects/RxVO/src/classes/model.js": {"path":"/Users/van/IdeaProjects/RxVO/src/classes/model.js","statementMap":{"0":{"start":{"line":13,"column":26},"end":{"line":39,"column":1}},"1":{"start":{"line":15,"column":4},"end":{"line":36,"column":5}},"2":{"start":{"line":18,"column":8},"end":{"line":23,"column":11}},"3":{"start":{"line":25,"column":9},"end":{"line":36,"column":5}},"4":{"start":{"line":27,"column":8},"end":{"line":32,"column":9}},"5":{"start":{"line":28,"column":12},"end":{"line":28,"column":26}},"6":{"start":{"line":31,"column":12},"end":{"line":31,"column":46}},"7":{"start":{"line":34,"column":8},"end":{"line":35,"column":47}},"8":{"start":{"line":38,"column":4},"end":{"line":38,"column":25}},"9":{"start":{"line":47,"column":8},"end":{"line":49,"column":9}},"10":{"start":{"line":48,"column":12},"end":{"line":48,"column":50}},"11":{"start":{"line":58,"column":8},"end":{"line":58,"column":49}},"12":{"start":{"line":68,"column":26},"end":{"line":68,"column":51}},"13":{"start":{"line":69,"column":19},"end":{"line":69,"column":53}},"14":{"start":{"line":70,"column":8},"end":{"line":72,"column":9}},"15":{"start":{"line":71,"column":12},"end":{"line":71,"column":22}},"16":{"start":{"line":75,"column":25},"end":{"line":75,"column":27}},"17":{"start":{"line":78,"column":8},"end":{"line":86,"column":11}},"18":{"start":{"line":83,"column":12},"end":{"line":85,"column":13}},"19":{"start":{"line":84,"column":16},"end":{"line":84,"column":78}},"20":{"start":{"line":90,"column":22},"end":{"line":90,"column":30}},"21":{"start":{"line":93,"column":8},"end":{"line":97,"column":10}},"22":{"start":{"line":94,"column":12},"end":{"line":96,"column":15}},"23":{"start":{"line":95,"column":16},"end":{"line":95,"column":34}},"24":{"start":{"line":99,"column":8},"end":{"line":99,"column":27}},"25":{"start":{"line":108,"column":8},"end":{"line":114,"column":9}},"26":{"start":{"line":109,"column":11},"end":{"line":109,"column":61}},"27":{"start":{"line":113,"column":12},"end":{"line":113,"column":24}},"28":{"start":{"line":124,"column":25},"end":{"line":124,"column":50}},"29":{"start":{"line":125,"column":19},"end":{"line":125,"column":38}},"30":{"start":{"line":126,"column":21},"end":{"line":126,"column":38}},"31":{"start":{"line":128,"column":8},"end":{"line":131,"column":9}},"32":{"start":{"line":129,"column":12},"end":{"line":129,"column":56}},"33":{"start":{"line":130,"column":12},"end":{"line":130,"column":24}},"34":{"start":{"line":134,"column":8},"end":{"line":134,"column":24}},"35":{"start":{"line":137,"column":24},"end":{"line":141,"column":9}},"36":{"start":{"line":138,"column":12},"end":{"line":140,"column":13}},"37":{"start":{"line":139,"column":16},"end":{"line":139,"column":29}},"38":{"start":{"line":147,"column":19},"end":{"line":147,"column":67}},"39":{"start":{"line":148,"column":8},"end":{"line":148,"column":66}},"40":{"start":{"line":148,"column":28},"end":{"line":148,"column":64}},"41":{"start":{"line":151,"column":19},"end":{"line":151,"column":69}},"42":{"start":{"line":152,"column":8},"end":{"line":152,"column":30}},"43":{"start":{"line":155,"column":8},"end":{"line":155,"column":24}},"44":{"start":{"line":158,"column":8},"end":{"line":158,"column":45}},"45":{"start":{"line":160,"column":8},"end":{"line":160,"column":20}},"46":{"start":{"line":168,"column":8},"end":{"line":168,"column":33}},"47":{"start":{"line":175,"column":22},"end":{"line":201,"column":9}},"48":{"start":{"line":178,"column":12},"end":{"line":181,"column":13}},"49":{"start":{"line":180,"column":16},"end":{"line":180,"column":36}},"50":{"start":{"line":184,"column":12},"end":{"line":198,"column":13}},"51":{"start":{"line":185,"column":27},"end":{"line":185,"column":56}},"52":{"start":{"line":186,"column":16},"end":{"line":194,"column":17}},"53":{"start":{"line":189,"column":20},"end":{"line":193,"column":21}},"54":{"start":{"line":192,"column":24},"end":{"line":192,"column":48}},"55":{"start":{"line":197,"column":16},"end":{"line":197,"column":26}},"56":{"start":{"line":200,"column":12},"end":{"line":200,"column":23}},"57":{"start":{"line":204,"column":8},"end":{"line":204,"column":39}},"58":{"start":{"line":212,"column":8},"end":{"line":212,"column":35}},"59":{"start":{"line":213,"column":8},"end":{"line":213,"column":75}},"60":{"start":{"line":223,"column":8},"end":{"line":223,"column":41}},"61":{"start":{"line":224,"column":8},"end":{"line":224,"column":49}},"62":{"start":{"line":225,"column":8},"end":{"line":225,"column":20}},"63":{"start":{"line":233,"column":8},"end":{"line":242,"column":10}},"64":{"start":{"line":234,"column":34},"end":{"line":234,"column":39}},"65":{"start":{"line":235,"column":33},"end":{"line":235,"column":55}},"66":{"start":{"line":236,"column":38},"end":{"line":236,"column":65}},"67":{"start":{"line":237,"column":50},"end":{"line":237,"column":89}},"68":{"start":{"line":238,"column":46},"end":{"line":238,"column":81}},"69":{"start":{"line":239,"column":29},"end":{"line":239,"column":37}},"70":{"start":{"line":240,"column":28},"end":{"line":240,"column":46}},"71":{"start":{"line":241,"column":25},"end":{"line":241,"column":30}},"72":{"start":{"line":250,"column":8},"end":{"line":250,"column":20}},"73":{"start":{"line":258,"column":8},"end":{"line":258,"column":36}},"74":{"start":{"line":266,"column":8},"end":{"line":266,"column":45}},"75":{"start":{"line":274,"column":8},"end":{"line":274,"column":43}},"76":{"start":{"line":282,"column":8},"end":{"line":282,"column":87}},"77":{"start":{"line":290,"column":8},"end":{"line":290,"column":47}},"78":{"start":{"line":298,"column":19},"end":{"line":298,"column":66}},"79":{"start":{"line":299,"column":8},"end":{"line":299,"column":78}},"80":{"start":{"line":307,"column":8},"end":{"line":307,"column":37}},"81":{"start":{"line":316,"column":8},"end":{"line":316,"column":40}},"82":{"start":{"line":324,"column":19},"end":{"line":324,"column":53}},"83":{"start":{"line":325,"column":8},"end":{"line":325,"column":86}},"84":{"start":{"line":333,"column":8},"end":{"line":333,"column":65}},"85":{"start":{"line":341,"column":8},"end":{"line":341,"column":20}},"86":{"start":{"line":349,"column":8},"end":{"line":349,"column":27}},"87":{"start":{"line":359,"column":8},"end":{"line":362,"column":11}},"88":{"start":{"line":363,"column":8},"end":{"line":363,"column":19}}},"fnMap":{"0":{"name":"(anonymous_0)","decl":{"start":{"line":13,"column":26},"end":{"line":13,"column":27}},"loc":{"start":{"line":13,"column":44},"end":{"line":39,"column":1}},"line":13},"1":{"name":"(anonymous_1)","decl":{"start":{"line":45,"column":4},"end":{"line":45,"column":5}},"loc":{"start":{"line":45,"column":18},"end":{"line":50,"column":5}},"line":45},"2":{"name":"(anonymous_2)","decl":{"start":{"line":57,"column":4},"end":{"line":57,"column":5}},"loc":{"start":{"line":57,"column":20},"end":{"line":59,"column":5}},"line":57},"3":{"name":"(anonymous_3)","decl":{"start":{"line":67,"column":4},"end":{"line":67,"column":5}},"loc":{"start":{"line":67,"column":28},"end":{"line":100,"column":5}},"line":67},"4":{"name":"(anonymous_4)","decl":{"start":{"line":82,"column":18},"end":{"line":82,"column":19}},"loc":{"start":{"line":82,"column":27},"end":{"line":86,"column":9}},"line":82},"5":{"name":"(anonymous_5)","decl":{"start":{"line":93,"column":38},"end":{"line":93,"column":39}},"loc":{"start":{"line":93,"column":44},"end":{"line":97,"column":9}},"line":93},"6":{"name":"(anonymous_6)","decl":{"start":{"line":94,"column":29},"end":{"line":94,"column":30}},"loc":{"start":{"line":94,"column":38},"end":{"line":96,"column":13}},"line":94},"7":{"name":"(anonymous_7)","decl":{"start":{"line":107,"column":4},"end":{"line":107,"column":5}},"loc":{"start":{"line":107,"column":20},"end":{"line":117,"column":5}},"line":107},"8":{"name":"(anonymous_8)","decl":{"start":{"line":123,"column":4},"end":{"line":123,"column":5}},"loc":{"start":{"line":123,"column":12},"end":{"line":161,"column":5}},"line":123},"9":{"name":"(anonymous_9)","decl":{"start":{"line":137,"column":24},"end":{"line":137,"column":25}},"loc":{"start":{"line":137,"column":33},"end":{"line":141,"column":9}},"line":137},"10":{"name":"(anonymous_10)","decl":{"start":{"line":148,"column":19},"end":{"line":148,"column":20}},"loc":{"start":{"line":148,"column":28},"end":{"line":148,"column":64}},"line":148},"11":{"name":"(anonymous_11)","decl":{"start":{"line":167,"column":4},"end":{"line":167,"column":5}},"loc":{"start":{"line":167,"column":14},"end":{"line":169,"column":5}},"line":167},"12":{"name":"(anonymous_12)","decl":{"start":{"line":174,"column":4},"end":{"line":174,"column":5}},"loc":{"start":{"line":174,"column":13},"end":{"line":205,"column":5}},"line":174},"13":{"name":"(anonymous_13)","decl":{"start":{"line":175,"column":22},"end":{"line":175,"column":23}},"loc":{"start":{"line":175,"column":31},"end":{"line":201,"column":9}},"line":175},"14":{"name":"(anonymous_14)","decl":{"start":{"line":211,"column":4},"end":{"line":211,"column":5}},"loc":{"start":{"line":211,"column":29},"end":{"line":214,"column":5}},"line":211},"15":{"name":"(anonymous_15)","decl":{"start":{"line":222,"column":4},"end":{"line":222,"column":5}},"loc":{"start":{"line":222,"column":13},"end":{"line":226,"column":5}},"line":222},"16":{"name":"(anonymous_16)","decl":{"start":{"line":232,"column":4},"end":{"line":232,"column":5}},"loc":{"start":{"line":232,"column":18},"end":{"line":243,"column":5}},"line":232},"17":{"name":"(anonymous_17)","decl":{"start":{"line":234,"column":28},"end":{"line":234,"column":29}},"loc":{"start":{"line":234,"column":34},"end":{"line":234,"column":39}},"line":234},"18":{"name":"(anonymous_18)","decl":{"start":{"line":235,"column":26},"end":{"line":235,"column":27}},"loc":{"start":{"line":235,"column":33},"end":{"line":235,"column":55}},"line":235},"19":{"name":"(anonymous_19)","decl":{"start":{"line":236,"column":31},"end":{"line":236,"column":32}},"loc":{"start":{"line":236,"column":38},"end":{"line":236,"column":65}},"line":236},"20":{"name":"(anonymous_20)","decl":{"start":{"line":237,"column":38},"end":{"line":237,"column":39}},"loc":{"start":{"line":237,"column":50},"end":{"line":237,"column":89}},"line":237},"21":{"name":"(anonymous_21)","decl":{"start":{"line":238,"column":28},"end":{"line":238,"column":29}},"loc":{"start":{"line":238,"column":46},"end":{"line":238,"column":81}},"line":238},"22":{"name":"(anonymous_22)","decl":{"start":{"line":239,"column":17},"end":{"line":239,"column":18}},"loc":{"start":{"line":239,"column":29},"end":{"line":239,"column":37}},"line":239},"23":{"name":"(anonymous_23)","decl":{"start":{"line":240,"column":21},"end":{"line":240,"column":22}},"loc":{"start":{"line":240,"column":28},"end":{"line":240,"column":46}},"line":240},"24":{"name":"(anonymous_24)","decl":{"start":{"line":241,"column":19},"end":{"line":241,"column":20}},"loc":{"start":{"line":241,"column":25},"end":{"line":241,"column":30}},"line":241},"25":{"name":"(anonymous_25)","decl":{"start":{"line":249,"column":4},"end":{"line":249,"column":5}},"loc":{"start":{"line":249,"column":16},"end":{"line":251,"column":5}},"line":249},"26":{"name":"(anonymous_26)","decl":{"start":{"line":257,"column":4},"end":{"line":257,"column":5}},"loc":{"start":{"line":257,"column":19},"end":{"line":259,"column":5}},"line":257},"27":{"name":"(anonymous_27)","decl":{"start":{"line":265,"column":4},"end":{"line":265,"column":5}},"loc":{"start":{"line":265,"column":15},"end":{"line":267,"column":5}},"line":265},"28":{"name":"(anonymous_28)","decl":{"start":{"line":273,"column":4},"end":{"line":273,"column":5}},"loc":{"start":{"line":273,"column":15},"end":{"line":275,"column":5}},"line":273},"29":{"name":"(anonymous_29)","decl":{"start":{"line":281,"column":4},"end":{"line":281,"column":5}},"loc":{"start":{"line":281,"column":19},"end":{"line":283,"column":5}},"line":281},"30":{"name":"(anonymous_30)","decl":{"start":{"line":288,"column":4},"end":{"line":288,"column":5}},"loc":{"start":{"line":288,"column":17},"end":{"line":291,"column":5}},"line":288},"31":{"name":"(anonymous_31)","decl":{"start":{"line":297,"column":4},"end":{"line":297,"column":5}},"loc":{"start":{"line":297,"column":18},"end":{"line":300,"column":5}},"line":297},"32":{"name":"(anonymous_32)","decl":{"start":{"line":306,"column":4},"end":{"line":306,"column":5}},"loc":{"start":{"line":306,"column":15},"end":{"line":308,"column":5}},"line":306},"33":{"name":"(anonymous_33)","decl":{"start":{"line":315,"column":4},"end":{"line":315,"column":5}},"loc":{"start":{"line":315,"column":18},"end":{"line":317,"column":5}},"line":315},"34":{"name":"(anonymous_34)","decl":{"start":{"line":323,"column":4},"end":{"line":323,"column":5}},"loc":{"start":{"line":323,"column":19},"end":{"line":326,"column":5}},"line":323},"35":{"name":"(anonymous_35)","decl":{"start":{"line":332,"column":4},"end":{"line":332,"column":5}},"loc":{"start":{"line":332,"column":25},"end":{"line":334,"column":5}},"line":332},"36":{"name":"(anonymous_36)","decl":{"start":{"line":340,"column":4},"end":{"line":340,"column":5}},"loc":{"start":{"line":340,"column":17},"end":{"line":342,"column":5}},"line":340},"37":{"name":"(anonymous_37)","decl":{"start":{"line":348,"column":4},"end":{"line":348,"column":5}},"loc":{"start":{"line":348,"column":20},"end":{"line":350,"column":5}},"line":348},"38":{"name":"(anonymous_38)","decl":{"start":{"line":358,"column":4},"end":{"line":358,"column":5}},"loc":{"start":{"line":358,"column":31},"end":{"line":364,"column":5}},"line":358}},"branchMap":{"0":{"loc":{"start":{"line":15,"column":4},"end":{"line":36,"column":5}},"type":"if","locations":[{"start":{"line":15,"column":4},"end":{"line":36,"column":5}},{"start":{"line":15,"column":4},"end":{"line":36,"column":5}}],"line":15},"1":{"loc":{"start":{"line":25,"column":9},"end":{"line":36,"column":5}},"type":"if","locations":[{"start":{"line":25,"column":9},"end":{"line":36,"column":5}},{"start":{"line":25,"column":9},"end":{"line":36,"column":5}}],"line":25},"2":{"loc":{"start":{"line":27,"column":8},"end":{"line":32,"column":9}},"type":"if","locations":[{"start":{"line":27,"column":8},"end":{"line":32,"column":9}},{"start":{"line":27,"column":8},"end":{"line":32,"column":9}}],"line":27},"3":{"loc":{"start":{"line":47,"column":8},"end":{"line":49,"column":9}},"type":"if","locations":[{"start":{"line":47,"column":8},"end":{"line":49,"column":9}},{"start":{"line":47,"column":8},"end":{"line":49,"column":9}}],"line":47},"4":{"loc":{"start":{"line":70,"column":8},"end":{"line":72,"column":9}},"type":"if","locations":[{"start":{"line":70,"column":8},"end":{"line":72,"column":9}},{"start":{"line":70,"column":8},"end":{"line":72,"column":9}}],"line":70},"5":{"loc":{"start":{"line":83,"column":12},"end":{"line":85,"column":13}},"type":"if","locations":[{"start":{"line":83,"column":12},"end":{"line":85,"column":13}},{"start":{"line":83,"column":12},"end":{"line":85,"column":13}}],"line":83},"6":{"loc":{"start":{"line":125,"column":19},"end":{"line":125,"column":38}},"type":"cond-expr","locations":[{"start":{"line":125,"column":31},"end":{"line":125,"column":33}},{"start":{"line":125,"column":36},"end":{"line":125,"column":38}}],"line":125},"7":{"loc":{"start":{"line":128,"column":8},"end":{"line":131,"column":9}},"type":"if","locations":[{"start":{"line":128,"column":8},"end":{"line":131,"column":9}},{"start":{"line":128,"column":8},"end":{"line":131,"column":9}}],"line":128},"8":{"loc":{"start":{"line":138,"column":12},"end":{"line":140,"column":13}},"type":"if","locations":[{"start":{"line":138,"column":12},"end":{"line":140,"column":13}},{"start":{"line":138,"column":12},"end":{"line":140,"column":13}}],"line":138},"9":{"loc":{"start":{"line":147,"column":19},"end":{"line":147,"column":67}},"type":"cond-expr","locations":[{"start":{"line":147,"column":31},"end":{"line":147,"column":54}},{"start":{"line":147,"column":57},"end":{"line":147,"column":67}}],"line":147},"10":{"loc":{"start":{"line":148,"column":36},"end":{"line":148,"column":63}},"type":"cond-expr","locations":[{"start":{"line":148,"column":50},"end":{"line":148,"column":57}},{"start":{"line":148,"column":60},"end":{"line":148,"column":63}}],"line":148},"11":{"loc":{"start":{"line":178,"column":12},"end":{"line":181,"column":13}},"type":"if","locations":[{"start":{"line":178,"column":12},"end":{"line":181,"column":13}},{"start":{"line":178,"column":12},"end":{"line":181,"column":13}}],"line":178},"12":{"loc":{"start":{"line":178,"column":16},"end":{"line":179,"column":51}},"type":"binary-expr","locations":[{"start":{"line":178,"column":16},"end":{"line":178,"column":44}},{"start":{"line":179,"column":16},"end":{"line":179,"column":51}}],"line":178},"13":{"loc":{"start":{"line":184,"column":12},"end":{"line":198,"column":13}},"type":"if","locations":[{"start":{"line":184,"column":12},"end":{"line":198,"column":13}},{"start":{"line":184,"column":12},"end":{"line":198,"column":13}}],"line":184},"14":{"loc":{"start":{"line":185,"column":27},"end":{"line":185,"column":56}},"type":"cond-expr","locations":[{"start":{"line":185,"column":49},"end":{"line":185,"column":51}},{"start":{"line":185,"column":54},"end":{"line":185,"column":56}}],"line":185},"15":{"loc":{"start":{"line":189,"column":20},"end":{"line":193,"column":21}},"type":"if","locations":[{"start":{"line":189,"column":20},"end":{"line":193,"column":21}},{"start":{"line":189,"column":20},"end":{"line":193,"column":21}}],"line":189},"16":{"loc":{"start":{"line":211,"column":13},"end":{"line":211,"column":27}},"type":"default-arg","locations":[{"start":{"line":211,"column":22},"end":{"line":211,"column":27}}],"line":211},"17":{"loc":{"start":{"line":213,"column":52},"end":{"line":213,"column":72}},"type":"cond-expr","locations":[{"start":{"line":213,"column":61},"end":{"line":213,"column":62}},{"start":{"line":213,"column":65},"end":{"line":213,"column":72}}],"line":213},"18":{"loc":{"start":{"line":266,"column":15},"end":{"line":266,"column":44}},"type":"binary-expr","locations":[{"start":{"line":266,"column":15},"end":{"line":266,"column":36}},{"start":{"line":266,"column":40},"end":{"line":266,"column":44}}],"line":266},"19":{"loc":{"start":{"line":274,"column":15},"end":{"line":274,"column":42}},"type":"binary-expr","locations":[{"start":{"line":274,"column":15},"end":{"line":274,"column":36}},{"start":{"line":274,"column":40},"end":{"line":274,"column":42}}],"line":274},"20":{"loc":{"start":{"line":290,"column":15},"end":{"line":290,"column":46}},"type":"binary-expr","locations":[{"start":{"line":290,"column":15},"end":{"line":290,"column":38}},{"start":{"line":290,"column":42},"end":{"line":290,"column":46}}],"line":290},"21":{"loc":{"start":{"line":298,"column":19},"end":{"line":298,"column":66}},"type":"binary-expr","locations":[{"start":{"line":298,"column":19},"end":{"line":298,"column":57}},{"start":{"line":298,"column":61},"end":{"line":298,"column":66}}],"line":298},"22":{"loc":{"start":{"line":299,"column":15},"end":{"line":299,"column":77}},"type":"binary-expr","locations":[{"start":{"line":299,"column":15},"end":{"line":299,"column":19}},{"start":{"line":299,"column":24},"end":{"line":299,"column":76}}],"line":299},"23":{"loc":{"start":{"line":299,"column":24},"end":{"line":299,"column":76}},"type":"cond-expr","locations":[{"start":{"line":299,"column":49},"end":{"line":299,"column":54}},{"start":{"line":299,"column":57},"end":{"line":299,"column":76}}],"line":299},"24":{"loc":{"start":{"line":325,"column":15},"end":{"line":325,"column":85}},"type":"cond-expr","locations":[{"start":{"line":325,"column":24},"end":{"line":325,"column":77}},{"start":{"line":325,"column":81},"end":{"line":325,"column":85}}],"line":325},"25":{"loc":{"start":{"line":325,"column":24},"end":{"line":325,"column":77}},"type":"cond-expr","locations":[{"start":{"line":325,"column":49},"end":{"line":325,"column":54}},{"start":{"line":325,"column":57},"end":{"line":325,"column":77}}],"line":325},"26":{"loc":{"start":{"line":333,"column":15},"end":{"line":333,"column":64}},"type":"cond-expr","locations":[{"start":{"line":333,"column":34},"end":{"line":333,"column":42}},{"start":{"line":333,"column":45},"end":{"line":333,"column":64}}],"line":333}},"s":{"0":9,"1":64,"2":43,"3":21,"4":21,"5":21,"6":0,"7":0,"8":64,"9":64,"10":64,"11":2,"12":2,"13":2,"14":2,"15":0,"16":2,"17":2,"18":6,"19":4,"20":2,"21":2,"22":1,"23":2,"24":2,"25":6,"26":6,"27":0,"28":2,"29":2,"30":2,"31":2,"32":1,"33":1,"34":1,"35":1,"36":3,"37":0,"38":1,"39":1,"40":3,"41":1,"42":1,"43":1,"44":1,"45":1,"46":1,"47":1,"48":4,"49":0,"50":4,"51":1,"52":1,"53":3,"54":3,"55":1,"56":3,"57":1,"58":0,"59":0,"60":2,"61":2,"62":2,"63":109,"64":0,"65":227,"66":2,"67":103,"68":8,"69":3,"70":30,"71":0,"72":0,"73":0,"74":21,"75":905,"76":107,"77":736,"78":461,"79":461,"80":849,"81":0,"82":227,"83":227,"84":98,"85":0,"86":0,"87":109,"88":109},"f":{"0":64,"1":64,"2":2,"3":2,"4":6,"5":1,"6":2,"7":6,"8":2,"9":3,"10":3,"11":1,"12":1,"13":4,"14":0,"15":2,"16":109,"17":0,"18":227,"19":2,"20":103,"21":8,"22":3,"23":30,"24":0,"25":0,"26":0,"27":21,"28":905,"29":107,"30":736,"31":461,"32":849,"33":0,"34":227,"35":98,"36":0,"37":0,"38":109},"b":{"0":[43,21],"1":[21,0],"2":[21,0],"3":[64,0],"4":[0,2],"5":[4,2],"6":[0,2],"7":[1,1],"8":[0,3],"9":[0,1],"10":[0,3],"11":[0,4],"12":[4,0],"13":[1,3],"14":[1,0],"15":[3,0],"16":[0],"17":[0,0],"18":[21,0],"19":[905,637],"20":[736,364],"21":[461,323],"22":[461,323],"23":[211,112],"24":[221,6],"25":[148,73],"26":[83,15]},"_coverageSchema":"332fd63041d2c1bcb487cc26dd0d5f7d97098a6c","hash":"d80fce276c25d88cf3f9bed51fe71518a6cd9f7f"}
,"/Users/van/IdeaProjects/RxVO/src/classes/propertiesModel.js": {"path":"/Users/van/IdeaProjects/RxVO/src/classes/propertiesModel.js","statementMap":{"0":{"start":{"line":17,"column":8},"end":{"line":17,"column":28}},"1":{"start":{"line":20,"column":8},"end":{"line":20,"column":58}},"2":{"start":{"line":23,"column":8},"end":{"line":23,"column":78}},"3":{"start":{"line":31,"column":22},"end":{"line":31,"column":26}},"4":{"start":{"line":32,"column":8},"end":{"line":102,"column":11}},"5":{"start":{"line":34,"column":16},"end":{"line":34,"column":56}},"6":{"start":{"line":37,"column":26},"end":{"line":37,"column":50}},"7":{"start":{"line":39,"column":16},"end":{"line":42,"column":17}},"8":{"start":{"line":41,"column":20},"end":{"line":41,"column":32}},"9":{"start":{"line":45,"column":16},"end":{"line":47,"column":17}},"10":{"start":{"line":46,"column":20},"end":{"line":46,"column":33}},"11":{"start":{"line":50,"column":16},"end":{"line":59,"column":17}},"12":{"start":{"line":51,"column":29},"end":{"line":51,"column":49}},"13":{"start":{"line":52,"column":20},"end":{"line":52,"column":36}},"14":{"start":{"line":54,"column":20},"end":{"line":58,"column":21}},"15":{"start":{"line":55,"column":24},"end":{"line":55,"column":40}},"16":{"start":{"line":56,"column":24},"end":{"line":56,"column":81}},"17":{"start":{"line":57,"column":24},"end":{"line":57,"column":37}},"18":{"start":{"line":62,"column":16},"end":{"line":70,"column":17}},"19":{"start":{"line":63,"column":30},"end":{"line":63,"column":48}},"20":{"start":{"line":64,"column":20},"end":{"line":68,"column":21}},"21":{"start":{"line":65,"column":24},"end":{"line":65,"column":40}},"22":{"start":{"line":66,"column":24},"end":{"line":66,"column":66}},"23":{"start":{"line":67,"column":24},"end":{"line":67,"column":37}},"24":{"start":{"line":69,"column":20},"end":{"line":69,"column":32}},"25":{"start":{"line":72,"column":16},"end":{"line":82,"column":17}},"26":{"start":{"line":73,"column":20},"end":{"line":73,"column":59}},"27":{"start":{"line":74,"column":20},"end":{"line":81,"column":21}},"28":{"start":{"line":76,"column":24},"end":{"line":76,"column":40}},"29":{"start":{"line":79,"column":24},"end":{"line":79,"column":70}},"30":{"start":{"line":80,"column":24},"end":{"line":80,"column":37}},"31":{"start":{"line":85,"column":16},"end":{"line":85,"column":31}},"32":{"start":{"line":86,"column":16},"end":{"line":86,"column":28}},"33":{"start":{"line":90,"column":25},"end":{"line":90,"column":54}},"34":{"start":{"line":91,"column":16},"end":{"line":91,"column":31}},"35":{"start":{"line":94,"column":16},"end":{"line":96,"column":17}},"36":{"start":{"line":95,"column":20},"end":{"line":95,"column":33}},"37":{"start":{"line":99,"column":16},"end":{"line":99,"column":30}},"38":{"start":{"line":100,"column":16},"end":{"line":100,"column":28}},"39":{"start":{"line":112,"column":8},"end":{"line":112,"column":59}},"40":{"start":{"line":119,"column":8},"end":{"line":119,"column":33}},"41":{"start":{"line":129,"column":8},"end":{"line":131,"column":9}},"42":{"start":{"line":130,"column":12},"end":{"line":130,"column":25}},"43":{"start":{"line":133,"column":8},"end":{"line":136,"column":9}},"44":{"start":{"line":134,"column":12},"end":{"line":134,"column":80}},"45":{"start":{"line":135,"column":12},"end":{"line":135,"column":25}},"46":{"start":{"line":138,"column":8},"end":{"line":141,"column":9}},"47":{"start":{"line":140,"column":12},"end":{"line":140,"column":28}},"48":{"start":{"line":145,"column":8},"end":{"line":146,"column":64}},"49":{"start":{"line":148,"column":8},"end":{"line":160,"column":11}},"50":{"start":{"line":150,"column":12},"end":{"line":159,"column":13}},"51":{"start":{"line":151,"column":16},"end":{"line":151,"column":41}},"52":{"start":{"line":154,"column":16},"end":{"line":154,"column":32}},"53":{"start":{"line":157,"column":16},"end":{"line":157,"column":69}},"54":{"start":{"line":158,"column":16},"end":{"line":158,"column":29}},"55":{"start":{"line":163,"column":8},"end":{"line":163,"column":24}},"56":{"start":{"line":166,"column":8},"end":{"line":168,"column":9}},"57":{"start":{"line":167,"column":12},"end":{"line":167,"column":61}},"58":{"start":{"line":170,"column":8},"end":{"line":170,"column":20}},"59":{"start":{"line":178,"column":8},"end":{"line":178,"column":31}},"60":{"start":{"line":188,"column":8},"end":{"line":190,"column":9}},"61":{"start":{"line":189,"column":12},"end":{"line":189,"column":25}},"62":{"start":{"line":192,"column":8},"end":{"line":195,"column":9}},"63":{"start":{"line":194,"column":12},"end":{"line":194,"column":28}},"64":{"start":{"line":198,"column":8},"end":{"line":198,"column":32}},"65":{"start":{"line":201,"column":8},"end":{"line":201,"column":57}},"66":{"start":{"line":204,"column":8},"end":{"line":204,"column":24}},"67":{"start":{"line":206,"column":8},"end":{"line":206,"column":20}}},"fnMap":{"0":{"name":"(anonymous_0)","decl":{"start":{"line":16,"column":4},"end":{"line":16,"column":5}},"loc":{"start":{"line":16,"column":18},"end":{"line":24,"column":5}},"line":16},"1":{"name":"(anonymous_1)","decl":{"start":{"line":30,"column":4},"end":{"line":30,"column":5}},"loc":{"start":{"line":30,"column":18},"end":{"line":103,"column":5}},"line":30},"2":{"name":"(anonymous_2)","decl":{"start":{"line":33,"column":17},"end":{"line":33,"column":18}},"loc":{"start":{"line":33,"column":29},"end":{"line":35,"column":13}},"line":33},"3":{"name":"(anonymous_3)","decl":{"start":{"line":36,"column":17},"end":{"line":36,"column":18}},"loc":{"start":{"line":36,"column":36},"end":{"line":87,"column":13}},"line":36},"4":{"name":"(anonymous_4)","decl":{"start":{"line":88,"column":28},"end":{"line":88,"column":29}},"loc":{"start":{"line":88,"column":40},"end":{"line":101,"column":13}},"line":88},"5":{"name":"(anonymous_5)","decl":{"start":{"line":111,"column":4},"end":{"line":111,"column":5}},"loc":{"start":{"line":111,"column":38},"end":{"line":113,"column":5}},"line":111},"6":{"name":"(anonymous_6)","decl":{"start":{"line":118,"column":4},"end":{"line":118,"column":5}},"loc":{"start":{"line":118,"column":16},"end":{"line":120,"column":5}},"line":118},"7":{"name":"(anonymous_7)","decl":{"start":{"line":126,"column":4},"end":{"line":126,"column":5}},"loc":{"start":{"line":126,"column":21},"end":{"line":171,"column":5}},"line":126},"8":{"name":"(anonymous_8)","decl":{"start":{"line":148,"column":35},"end":{"line":148,"column":36}},"loc":{"start":{"line":148,"column":42},"end":{"line":160,"column":9}},"line":148},"9":{"name":"(anonymous_9)","decl":{"start":{"line":177,"column":4},"end":{"line":177,"column":5}},"loc":{"start":{"line":177,"column":13},"end":{"line":179,"column":5}},"line":177},"10":{"name":"(anonymous_10)","decl":{"start":{"line":186,"column":4},"end":{"line":186,"column":5}},"loc":{"start":{"line":186,"column":20},"end":{"line":207,"column":5}},"line":186}},"branchMap":{"0":{"loc":{"start":{"line":34,"column":23},"end":{"line":34,"column":55}},"type":"cond-expr","locations":[{"start":{"line":34,"column":42},"end":{"line":34,"column":46}},{"start":{"line":34,"column":49},"end":{"line":34,"column":55}}],"line":34},"1":{"loc":{"start":{"line":39,"column":16},"end":{"line":42,"column":17}},"type":"if","locations":[{"start":{"line":39,"column":16},"end":{"line":42,"column":17}},{"start":{"line":39,"column":16},"end":{"line":42,"column":17}}],"line":39},"2":{"loc":{"start":{"line":45,"column":16},"end":{"line":47,"column":17}},"type":"if","locations":[{"start":{"line":45,"column":16},"end":{"line":47,"column":17}},{"start":{"line":45,"column":16},"end":{"line":47,"column":17}}],"line":45},"3":{"loc":{"start":{"line":50,"column":16},"end":{"line":59,"column":17}},"type":"if","locations":[{"start":{"line":50,"column":16},"end":{"line":59,"column":17}},{"start":{"line":50,"column":16},"end":{"line":59,"column":17}}],"line":50},"4":{"loc":{"start":{"line":54,"column":20},"end":{"line":58,"column":21}},"type":"if","locations":[{"start":{"line":54,"column":20},"end":{"line":58,"column":21}},{"start":{"line":54,"column":20},"end":{"line":58,"column":21}}],"line":54},"5":{"loc":{"start":{"line":62,"column":16},"end":{"line":70,"column":17}},"type":"if","locations":[{"start":{"line":62,"column":16},"end":{"line":70,"column":17}},{"start":{"line":62,"column":16},"end":{"line":70,"column":17}}],"line":62},"6":{"loc":{"start":{"line":64,"column":20},"end":{"line":68,"column":21}},"type":"if","locations":[{"start":{"line":64,"column":20},"end":{"line":68,"column":21}},{"start":{"line":64,"column":20},"end":{"line":68,"column":21}}],"line":64},"7":{"loc":{"start":{"line":72,"column":16},"end":{"line":82,"column":17}},"type":"if","locations":[{"start":{"line":72,"column":16},"end":{"line":82,"column":17}},{"start":{"line":72,"column":16},"end":{"line":82,"column":17}}],"line":72},"8":{"loc":{"start":{"line":74,"column":20},"end":{"line":81,"column":21}},"type":"if","locations":[{"start":{"line":74,"column":20},"end":{"line":81,"column":21}},{"start":{"line":74,"column":20},"end":{"line":81,"column":21}}],"line":74},"9":{"loc":{"start":{"line":94,"column":16},"end":{"line":96,"column":17}},"type":"if","locations":[{"start":{"line":94,"column":16},"end":{"line":96,"column":17}},{"start":{"line":94,"column":16},"end":{"line":96,"column":17}}],"line":94},"10":{"loc":{"start":{"line":112,"column":15},"end":{"line":112,"column":58}},"type":"cond-expr","locations":[{"start":{"line":112,"column":29},"end":{"line":112,"column":46}},{"start":{"line":112,"column":49},"end":{"line":112,"column":58}}],"line":112},"11":{"loc":{"start":{"line":129,"column":8},"end":{"line":131,"column":9}},"type":"if","locations":[{"start":{"line":129,"column":8},"end":{"line":131,"column":9}},{"start":{"line":129,"column":8},"end":{"line":131,"column":9}}],"line":129},"12":{"loc":{"start":{"line":129,"column":12},"end":{"line":129,"column":56}},"type":"binary-expr","locations":[{"start":{"line":129,"column":12},"end":{"line":129,"column":39}},{"start":{"line":129,"column":43},"end":{"line":129,"column":56}}],"line":129},"13":{"loc":{"start":{"line":133,"column":8},"end":{"line":136,"column":9}},"type":"if","locations":[{"start":{"line":133,"column":8},"end":{"line":136,"column":9}},{"start":{"line":133,"column":8},"end":{"line":136,"column":9}}],"line":133},"14":{"loc":{"start":{"line":138,"column":8},"end":{"line":141,"column":9}},"type":"if","locations":[{"start":{"line":138,"column":8},"end":{"line":141,"column":9}},{"start":{"line":138,"column":8},"end":{"line":141,"column":9}}],"line":138},"15":{"loc":{"start":{"line":166,"column":8},"end":{"line":168,"column":9}},"type":"if","locations":[{"start":{"line":166,"column":8},"end":{"line":168,"column":9}},{"start":{"line":166,"column":8},"end":{"line":168,"column":9}}],"line":166},"16":{"loc":{"start":{"line":188,"column":8},"end":{"line":190,"column":9}},"type":"if","locations":[{"start":{"line":188,"column":8},"end":{"line":190,"column":9}},{"start":{"line":188,"column":8},"end":{"line":190,"column":9}}],"line":188},"17":{"loc":{"start":{"line":192,"column":8},"end":{"line":195,"column":9}},"type":"if","locations":[{"start":{"line":192,"column":8},"end":{"line":195,"column":9}},{"start":{"line":192,"column":8},"end":{"line":195,"column":9}}],"line":192}},"s":{"0":41,"1":41,"2":41,"3":63,"4":63,"5":124,"6":45,"7":45,"8":0,"9":45,"10":1,"11":44,"12":3,"13":3,"14":3,"15":1,"16":1,"17":1,"18":43,"19":0,"20":0,"21":0,"22":0,"23":0,"24":0,"25":43,"26":3,"27":3,"28":0,"29":0,"30":0,"31":43,"32":43,"33":0,"34":0,"35":0,"36":0,"37":0,"38":0,"39":0,"40":89,"41":22,"42":0,"43":22,"44":0,"45":0,"46":22,"47":14,"48":22,"49":22,"50":40,"51":40,"52":0,"53":0,"54":0,"55":22,"56":22,"57":14,"58":22,"59":0,"60":1,"61":0,"62":1,"63":1,"64":1,"65":1,"66":1,"67":1},"f":{"0":41,"1":63,"2":124,"3":45,"4":0,"5":0,"6":89,"7":22,"8":40,"9":0,"10":1},"b":{"0":[11,113],"1":[0,45],"2":[1,44],"3":[3,41],"4":[1,2],"5":[0,43],"6":[0,0],"7":[3,40],"8":[0,3],"9":[0,0],"10":[0,0],"11":[0,22],"12":[22,22],"13":[0,22],"14":[14,8],"15":[14,8],"16":[0,1],"17":[1,0]},"_coverageSchema":"332fd63041d2c1bcb487cc26dd0d5f7d97098a6c","hash":"afba7af81a2f3f2779dc4ebf5777638083fd0df3"}
,"/Users/van/IdeaProjects/RxVO/src/classes/rxvo.js": {"path":"/Users/van/IdeaProjects/RxVO/src/classes/rxvo.js","statementMap":{"0":{"start":{"line":10,"column":19},"end":{"line":10,"column":32}},"1":{"start":{"line":23,"column":25},"end":{"line":24,"column":40}},"2":{"start":{"line":27,"column":21},"end":{"line":27,"column":61}},"3":{"start":{"line":30,"column":8},"end":{"line":30,"column":36}},"4":{"start":{"line":33,"column":8},"end":{"line":35,"column":9}},"5":{"start":{"line":34,"column":12},"end":{"line":34,"column":35}},"6":{"start":{"line":37,"column":8},"end":{"line":37,"column":30}},"7":{"start":{"line":38,"column":8},"end":{"line":38,"column":44}},"8":{"start":{"line":39,"column":8},"end":{"line":39,"column":52}},"9":{"start":{"line":41,"column":22},"end":{"line":41,"column":27}},"10":{"start":{"line":45,"column":8},"end":{"line":48,"column":9}},"11":{"start":{"line":47,"column":12},"end":{"line":47,"column":27}},"12":{"start":{"line":51,"column":8},"end":{"line":51,"column":35}},"13":{"start":{"line":53,"column":8},"end":{"line":53,"column":31}},"14":{"start":{"line":56,"column":21},"end":{"line":56,"column":72}},"15":{"start":{"line":59,"column":8},"end":{"line":59,"column":42}},"16":{"start":{"line":62,"column":8},"end":{"line":62,"column":35}},"17":{"start":{"line":70,"column":8},"end":{"line":70,"column":42}},"18":{"start":{"line":78,"column":8},"end":{"line":78,"column":43}},"19":{"start":{"line":86,"column":8},"end":{"line":86,"column":43}},"20":{"start":{"line":96,"column":8},"end":{"line":96,"column":55}},"21":{"start":{"line":104,"column":8},"end":{"line":104,"column":57}},"22":{"start":{"line":113,"column":19},"end":{"line":113,"column":29}},"23":{"start":{"line":114,"column":8},"end":{"line":114,"column":77}},"24":{"start":{"line":115,"column":8},"end":{"line":119,"column":11}},"25":{"start":{"line":116,"column":12},"end":{"line":118,"column":13}},"26":{"start":{"line":117,"column":16},"end":{"line":117,"column":34}},"27":{"start":{"line":121,"column":8},"end":{"line":121,"column":20}},"28":{"start":{"line":130,"column":23},"end":{"line":130,"column":35}},"29":{"start":{"line":131,"column":19},"end":{"line":131,"column":29}},"30":{"start":{"line":132,"column":8},"end":{"line":132,"column":59}},"31":{"start":{"line":133,"column":8},"end":{"line":140,"column":11}},"32":{"start":{"line":134,"column":39},"end":{"line":134,"column":60}},"33":{"start":{"line":136,"column":12},"end":{"line":139,"column":13}},"34":{"start":{"line":137,"column":16},"end":{"line":137,"column":34}},"35":{"start":{"line":138,"column":16},"end":{"line":138,"column":34}},"36":{"start":{"line":141,"column":8},"end":{"line":141,"column":22}},"37":{"start":{"line":150,"column":8},"end":{"line":150,"column":56}},"38":{"start":{"line":160,"column":8},"end":{"line":160,"column":64}},"39":{"start":{"line":168,"column":8},"end":{"line":168,"column":38}},"40":{"start":{"line":176,"column":8},"end":{"line":176,"column":42}},"41":{"start":{"line":187,"column":19},"end":{"line":187,"column":60}},"42":{"start":{"line":189,"column":8},"end":{"line":193,"column":9}},"43":{"start":{"line":191,"column":12},"end":{"line":192,"column":50}},"44":{"start":{"line":196,"column":8},"end":{"line":196,"column":79}}},"fnMap":{"0":{"name":"(anonymous_0)","decl":{"start":{"line":21,"column":4},"end":{"line":21,"column":5}},"loc":{"start":{"line":21,"column":38},"end":{"line":63,"column":5}},"line":21},"1":{"name":"(anonymous_1)","decl":{"start":{"line":69,"column":4},"end":{"line":69,"column":5}},"loc":{"start":{"line":69,"column":16},"end":{"line":71,"column":5}},"line":69},"2":{"name":"(anonymous_2)","decl":{"start":{"line":77,"column":4},"end":{"line":77,"column":5}},"loc":{"start":{"line":77,"column":21},"end":{"line":79,"column":5}},"line":77},"3":{"name":"(anonymous_3)","decl":{"start":{"line":85,"column":4},"end":{"line":85,"column":5}},"loc":{"start":{"line":85,"column":17},"end":{"line":87,"column":5}},"line":85},"4":{"name":"(anonymous_4)","decl":{"start":{"line":95,"column":4},"end":{"line":95,"column":5}},"loc":{"start":{"line":95,"column":26},"end":{"line":97,"column":5}},"line":95},"5":{"name":"(anonymous_5)","decl":{"start":{"line":103,"column":4},"end":{"line":103,"column":5}},"loc":{"start":{"line":103,"column":17},"end":{"line":105,"column":5}},"line":103},"6":{"name":"(anonymous_6)","decl":{"start":{"line":112,"column":4},"end":{"line":112,"column":5}},"loc":{"start":{"line":112,"column":16},"end":{"line":122,"column":5}},"line":112},"7":{"name":"(anonymous_7)","decl":{"start":{"line":115,"column":32},"end":{"line":115,"column":33}},"loc":{"start":{"line":115,"column":42},"end":{"line":119,"column":9}},"line":115},"8":{"name":"(anonymous_8)","decl":{"start":{"line":129,"column":4},"end":{"line":129,"column":5}},"loc":{"start":{"line":129,"column":24},"end":{"line":142,"column":5}},"line":129},"9":{"name":"(anonymous_9)","decl":{"start":{"line":134,"column":20},"end":{"line":134,"column":21}},"loc":{"start":{"line":134,"column":39},"end":{"line":134,"column":60}},"line":134},"10":{"name":"(anonymous_10)","decl":{"start":{"line":135,"column":21},"end":{"line":135,"column":22}},"loc":{"start":{"line":135,"column":31},"end":{"line":140,"column":9}},"line":135},"11":{"name":"(anonymous_11)","decl":{"start":{"line":149,"column":4},"end":{"line":149,"column":5}},"loc":{"start":{"line":149,"column":24},"end":{"line":151,"column":5}},"line":149},"12":{"name":"(anonymous_12)","decl":{"start":{"line":159,"column":4},"end":{"line":159,"column":5}},"loc":{"start":{"line":159,"column":32},"end":{"line":161,"column":5}},"line":159},"13":{"name":"(anonymous_13)","decl":{"start":{"line":167,"column":4},"end":{"line":167,"column":5}},"loc":{"start":{"line":167,"column":15},"end":{"line":169,"column":5}},"line":167},"14":{"name":"(anonymous_14)","decl":{"start":{"line":175,"column":4},"end":{"line":175,"column":5}},"loc":{"start":{"line":175,"column":13},"end":{"line":177,"column":5}},"line":175},"15":{"name":"(anonymous_15)","decl":{"start":{"line":185,"column":4},"end":{"line":185,"column":5}},"loc":{"start":{"line":185,"column":35},"end":{"line":197,"column":5}},"line":185}},"branchMap":{"0":{"loc":{"start":{"line":21,"column":24},"end":{"line":21,"column":36}},"type":"default-arg","locations":[{"start":{"line":21,"column":34},"end":{"line":21,"column":36}}],"line":21},"1":{"loc":{"start":{"line":23,"column":25},"end":{"line":24,"column":40}},"type":"cond-expr","locations":[{"start":{"line":24,"column":12},"end":{"line":24,"column":33}},{"start":{"line":24,"column":36},"end":{"line":24,"column":40}}],"line":23},"2":{"loc":{"start":{"line":33,"column":8},"end":{"line":35,"column":9}},"type":"if","locations":[{"start":{"line":33,"column":8},"end":{"line":35,"column":9}},{"start":{"line":33,"column":8},"end":{"line":35,"column":9}}],"line":33},"3":{"loc":{"start":{"line":45,"column":8},"end":{"line":48,"column":9}},"type":"if","locations":[{"start":{"line":45,"column":8},"end":{"line":48,"column":9}},{"start":{"line":45,"column":8},"end":{"line":48,"column":9}}],"line":45},"4":{"loc":{"start":{"line":45,"column":12},"end":{"line":46,"column":78}},"type":"binary-expr","locations":[{"start":{"line":45,"column":13},"end":{"line":45,"column":42}},{"start":{"line":45,"column":46},"end":{"line":45,"column":72}},{"start":{"line":46,"column":13},"end":{"line":46,"column":43}},{"start":{"line":46,"column":47},"end":{"line":46,"column":77}}],"line":45},"5":{"loc":{"start":{"line":56,"column":26},"end":{"line":56,"column":65}},"type":"cond-expr","locations":[{"start":{"line":56,"column":37},"end":{"line":56,"column":52}},{"start":{"line":56,"column":55},"end":{"line":56,"column":65}}],"line":56},"6":{"loc":{"start":{"line":104,"column":15},"end":{"line":104,"column":56}},"type":"binary-expr","locations":[{"start":{"line":104,"column":15},"end":{"line":104,"column":48}},{"start":{"line":104,"column":52},"end":{"line":104,"column":56}}],"line":104},"7":{"loc":{"start":{"line":116,"column":12},"end":{"line":118,"column":13}},"type":"if","locations":[{"start":{"line":116,"column":12},"end":{"line":118,"column":13}},{"start":{"line":116,"column":12},"end":{"line":118,"column":13}}],"line":116},"8":{"loc":{"start":{"line":136,"column":12},"end":{"line":139,"column":13}},"type":"if","locations":[{"start":{"line":136,"column":12},"end":{"line":139,"column":13}},{"start":{"line":136,"column":12},"end":{"line":139,"column":13}}],"line":136},"9":{"loc":{"start":{"line":189,"column":8},"end":{"line":193,"column":9}},"type":"if","locations":[{"start":{"line":189,"column":8},"end":{"line":193,"column":9}},{"start":{"line":189,"column":8},"end":{"line":193,"column":9}}],"line":189},"10":{"loc":{"start":{"line":191,"column":28},"end":{"line":192,"column":39}},"type":"cond-expr","locations":[{"start":{"line":192,"column":16},"end":{"line":192,"column":32}},{"start":{"line":192,"column":35},"end":{"line":192,"column":39}}],"line":191}},"s":{"0":9,"1":36,"2":36,"3":35,"4":35,"5":0,"6":35,"7":35,"8":35,"9":35,"10":35,"11":21,"12":35,"13":35,"14":35,"15":35,"16":35,"17":99,"18":28,"19":0,"20":0,"21":21,"22":0,"23":0,"24":0,"25":0,"26":0,"27":0,"28":16,"29":16,"30":16,"31":16,"32":25,"33":25,"34":6,"35":6,"36":16,"37":2,"38":0,"39":0,"40":0,"41":0,"42":0,"43":0,"44":0},"f":{"0":36,"1":99,"2":28,"3":0,"4":0,"5":21,"6":0,"7":0,"8":16,"9":25,"10":25,"11":2,"12":0,"13":0,"14":0,"15":0},"b":{"0":[36],"1":[0,36],"2":[0,35],"3":[21,14],"4":[35,35,14,0],"5":[14,21],"6":[21,5],"7":[0,0],"8":[6,19],"9":[0,0],"10":[0,0]},"_coverageSchema":"332fd63041d2c1bcb487cc26dd0d5f7d97098a6c","hash":"ff1301f0ca6489ad264b6b58cae9bb522439058b"}
,"/Users/van/IdeaProjects/RxVO/src/classes/utils.js": {"path":"/Users/van/IdeaProjects/RxVO/src/classes/utils.js","statementMap":{"0":{"start":{"line":7,"column":25},"end":{"line":9,"column":1}},"1":{"start":{"line":8,"column":4},"end":{"line":8,"column":52}},"2":{"start":{"line":15,"column":25},"end":{"line":19,"column":1}},"3":{"start":{"line":16,"column":4},"end":{"line":18,"column":5}},"4":{"start":{"line":17,"column":8},"end":{"line":17,"column":56}},"5":{"start":{"line":21,"column":30},"end":{"line":23,"column":1}},"6":{"start":{"line":22,"column":4},"end":{"line":22,"column":53}},"7":{"start":{"line":32,"column":29},"end":{"line":34,"column":1}},"8":{"start":{"line":33,"column":4},"end":{"line":33,"column":48}},"9":{"start":{"line":43,"column":34},"end":{"line":65,"column":1}},"10":{"start":{"line":45,"column":4},"end":{"line":47,"column":5}},"11":{"start":{"line":46,"column":8},"end":{"line":46,"column":20}},"12":{"start":{"line":50,"column":15},"end":{"line":50,"column":40}},"13":{"start":{"line":53,"column":4},"end":{"line":55,"column":5}},"14":{"start":{"line":54,"column":8},"end":{"line":54,"column":32}},"15":{"start":{"line":57,"column":17},"end":{"line":57,"column":45}},"16":{"start":{"line":60,"column":4},"end":{"line":62,"column":5}},"17":{"start":{"line":61,"column":8},"end":{"line":61,"column":20}},"18":{"start":{"line":64,"column":4},"end":{"line":64,"column":16}},"19":{"start":{"line":67,"column":24},"end":{"line":77,"column":1}},"20":{"start":{"line":69,"column":15},"end":{"line":69,"column":42}},"21":{"start":{"line":70,"column":17},"end":{"line":70,"column":37}},"22":{"start":{"line":72,"column":4},"end":{"line":74,"column":5}},"23":{"start":{"line":73,"column":8},"end":{"line":73,"column":77}},"24":{"start":{"line":76,"column":4},"end":{"line":76,"column":16}},"25":{"start":{"line":79,"column":23},"end":{"line":81,"column":1}},"26":{"start":{"line":80,"column":4},"end":{"line":80,"column":47}}},"fnMap":{"0":{"name":"(anonymous_0)","decl":{"start":{"line":7,"column":25},"end":{"line":7,"column":26}},"loc":{"start":{"line":7,"column":36},"end":{"line":9,"column":1}},"line":7},"1":{"name":"(anonymous_1)","decl":{"start":{"line":15,"column":25},"end":{"line":15,"column":26}},"loc":{"start":{"line":15,"column":36},"end":{"line":19,"column":1}},"line":15},"2":{"name":"(anonymous_2)","decl":{"start":{"line":21,"column":30},"end":{"line":21,"column":31}},"loc":{"start":{"line":21,"column":41},"end":{"line":23,"column":1}},"line":21},"3":{"name":"(anonymous_3)","decl":{"start":{"line":32,"column":29},"end":{"line":32,"column":30}},"loc":{"start":{"line":32,"column":47},"end":{"line":34,"column":1}},"line":32},"4":{"name":"(anonymous_4)","decl":{"start":{"line":43,"column":34},"end":{"line":43,"column":35}},"loc":{"start":{"line":43,"column":57},"end":{"line":65,"column":1}},"line":43},"5":{"name":"(anonymous_5)","decl":{"start":{"line":67,"column":24},"end":{"line":67,"column":25}},"loc":{"start":{"line":67,"column":48},"end":{"line":77,"column":1}},"line":67},"6":{"name":"(anonymous_6)","decl":{"start":{"line":79,"column":23},"end":{"line":79,"column":24}},"loc":{"start":{"line":79,"column":34},"end":{"line":81,"column":1}},"line":79}},"branchMap":{"0":{"loc":{"start":{"line":16,"column":4},"end":{"line":18,"column":5}},"type":"if","locations":[{"start":{"line":16,"column":4},"end":{"line":18,"column":5}},{"start":{"line":16,"column":4},"end":{"line":18,"column":5}}],"line":16},"1":{"loc":{"start":{"line":16,"column":8},"end":{"line":16,"column":65}},"type":"binary-expr","locations":[{"start":{"line":16,"column":8},"end":{"line":16,"column":21}},{"start":{"line":16,"column":25},"end":{"line":16,"column":65}}],"line":16},"2":{"loc":{"start":{"line":45,"column":4},"end":{"line":47,"column":5}},"type":"if","locations":[{"start":{"line":45,"column":4},"end":{"line":47,"column":5}},{"start":{"line":45,"column":4},"end":{"line":47,"column":5}}],"line":45},"3":{"loc":{"start":{"line":53,"column":4},"end":{"line":55,"column":5}},"type":"if","locations":[{"start":{"line":53,"column":4},"end":{"line":55,"column":5}},{"start":{"line":53,"column":4},"end":{"line":55,"column":5}}],"line":53},"4":{"loc":{"start":{"line":53,"column":8},"end":{"line":53,"column":25}},"type":"binary-expr","locations":[{"start":{"line":53,"column":8},"end":{"line":53,"column":11}},{"start":{"line":53,"column":15},"end":{"line":53,"column":25}}],"line":53},"5":{"loc":{"start":{"line":60,"column":4},"end":{"line":62,"column":5}},"type":"if","locations":[{"start":{"line":60,"column":4},"end":{"line":62,"column":5}},{"start":{"line":60,"column":4},"end":{"line":62,"column":5}}],"line":60},"6":{"loc":{"start":{"line":72,"column":4},"end":{"line":74,"column":5}},"type":"if","locations":[{"start":{"line":72,"column":4},"end":{"line":74,"column":5}},{"start":{"line":72,"column":4},"end":{"line":74,"column":5}}],"line":72},"7":{"loc":{"start":{"line":73,"column":15},"end":{"line":73,"column":76}},"type":"binary-expr","locations":[{"start":{"line":73,"column":15},"end":{"line":73,"column":46}},{"start":{"line":73,"column":50},"end":{"line":73,"column":76}}],"line":73}},"s":{"0":9,"1":37,"2":9,"3":114,"4":37,"5":9,"6":0,"7":9,"8":65,"9":9,"10":124,"11":32,"12":92,"13":92,"14":36,"15":92,"16":92,"17":9,"18":83,"19":9,"20":98,"21":98,"22":98,"23":12,"24":86,"25":9,"26":0},"f":{"0":37,"1":114,"2":0,"3":65,"4":124,"5":98,"6":0},"b":{"0":[37,77],"1":[114,48],"2":[32,92],"3":[36,56],"4":[92,36],"5":[9,83],"6":[12,86],"7":[12,0]},"_coverageSchema":"332fd63041d2c1bcb487cc26dd0d5f7d97098a6c","hash":"212b0a6c8188e42aaa462950955c8cddb5b592cc"}
}
