TN:
SF:/Users/van/IdeaProjects/JSD/index.js
FNF:0
FNH:0
DA:1,2
LF:1
LH:1
BRF:0
BRH:0
end_of_record
TN:
SF:/Users/van/IdeaProjects/JSD/dist/jsd.js
FN:1,webpackUniversalModuleDefinition
FN:10,(anonymous_1)
FN:11,(anonymous_2)
FN:16,__webpack_require__
FN:47,(anonymous_4)
FN:58,(anonymous_5)
FN:60,getDefault
FN:61,getModuleExports
FN:67,(anonymous_8)
FN:78,(anonymous_9)
FN:92,(anonymous_10)
FN:100,Observable
FN:113,(anonymous_12)
FN:233,(anonymous_13)
FN:250,(anonymous_14)
FN:267,(anonymous_15)
FN:280,(anonymous_16)
FN:284,(anonymous_17)
FN:310,(anonymous_18)
FN:318,(anonymous_19)
FN:340,(anonymous_20)
FN:351,(anonymous_21)
FN:364,(anonymous_22)
FN:366,(anonymous_23)
FN:366,(anonymous_24)
FN:366,(anonymous_25)
FN:379,(anonymous_26)
FN:389,(anonymous_27)
FN:393,(anonymous_28)
FN:395,__
FN:412,(anonymous_30)
FN:422,Subscriber
FN:455,(anonymous_32)
FN:467,(anonymous_33)
FN:479,(anonymous_34)
FN:491,(anonymous_35)
FN:503,(anonymous_36)
FN:509,(anonymous_37)
FN:516,(anonymous_38)
FN:519,(anonymous_39)
FN:523,(anonymous_40)
FN:527,(anonymous_41)
FN:546,(anonymous_42)
FN:548,SafeSubscriber
FN:573,(anonymous_44)
FN:584,(anonymous_45)
FN:608,(anonymous_46)
FN:613,(anonymous_47)
FN:628,(anonymous_48)
FN:637,(anonymous_49)
FN:648,(anonymous_50)
FN:660,(anonymous_51)
FN:664,(anonymous_52)
FN:666,__
FN:675,(anonymous_54)
FN:677,OuterSubscriber
FN:680,(anonymous_56)
FN:683,(anonymous_57)
FN:686,(anonymous_58)
FN:696,(anonymous_59)
FN:708,subscribeToResult
FN:733,(anonymous_61)
FN:738,(anonymous_62)
FN:739,(anonymous_63)
FN:741,(anonymous_64)
FN:781,(anonymous_65)
FN:834,(anonymous_66)
FN:856,(anonymous_67)
FN:861,Subscription
FN:880,(anonymous_69)
FN:954,(anonymous_70)
FN:993,(anonymous_71)
FN:1002,(anonymous_72)
FN:1019,(anonymous_73)
FN:1026,flattenUnsubscriptionErrors
FN:1027,(anonymous_75)
FN:1033,(anonymous_76)
FN:1037,(anonymous_77)
FN:1039,__
FN:1051,(anonymous_79)
FN:1053,SubjectSubscriber
FN:1063,(anonymous_81)
FN:1065,Subject
FN:1073,(anonymous_83)
FN:1076,(anonymous_84)
FN:1081,(anonymous_85)
FN:1094,(anonymous_86)
FN:1109,(anonymous_87)
FN:1122,(anonymous_88)
FN:1127,(anonymous_89)
FN:1135,(anonymous_90)
FN:1152,(anonymous_91)
FN:1157,(anonymous_92)
FN:1166,(anonymous_93)
FN:1168,AnonymousSubject
FN:1173,(anonymous_95)
FN:1179,(anonymous_96)
FN:1185,(anonymous_97)
FN:1191,(anonymous_98)
FN:1207,(anonymous_99)
FN:1217,(anonymous_100)
FN:1223,tryCatcher
FN:1232,tryCatch
FN:1242,(anonymous_103)
FN:1245,(anonymous_104)
FN:1258,(anonymous_105)
FN:1268,(anonymous_106)
FN:1272,isScheduler
FN:1280,(anonymous_108)
FN:1424,(anonymous_109)
FN:1428,(anonymous_110)
FN:1433,(anonymous_111)
FN:1437,(anonymous_112)
FN:1439,__
FN:1451,(anonymous_114)
FN:1453,ArrayObservable
FN:1462,(anonymous_116)
FN:1501,(anonymous_117)
FN:1524,(anonymous_118)
FN:1537,(anonymous_119)
FN:1561,(anonymous_120)
FN:1565,(anonymous_121)
FN:1567,__
FN:1576,(anonymous_123)
FN:1578,EmptyObservable
FN:1625,(anonymous_125)
FN:1628,(anonymous_126)
FN:1632,(anonymous_127)
FN:1648,(anonymous_128)
FN:1673,multicast
FN:1674,multicastOperatorFunction
FN:1680,subjectFactory
FN:1694,(anonymous_132)
FN:1695,MulticastOperator
FN:1699,(anonymous_134)
FN:1713,(anonymous_135)
FN:1737,(anonymous_136)
FN:1811,(anonymous_137)
FN:1813,(anonymous_138)
FN:1817,(anonymous_139)
FN:1869,(anonymous_140)
FN:1902,(anonymous_141)
FN:1909,(anonymous_142)
FN:1916,(anonymous_143)
FN:1924,(anonymous_144)
FN:1928,(anonymous_145)
FN:1936,(anonymous_146)
FN:1960,(anonymous_147)
FN:1969,(anonymous_148)
FN:1979,(anonymous_149)
FN:1990,(anonymous_150)
FN:1998,(anonymous_151)
FN:2005,(anonymous_152)
FN:2012,(anonymous_153)
FN:2026,(anonymous_154)
FN:2031,symbolIteratorPonyfill
FN:2070,(anonymous_156)
FN:2172,concat
FN:2187,(anonymous_158)
FN:2206,(anonymous_159)
FN:2207,Notification
FN:2218,(anonymous_161)
FN:2236,(anonymous_162)
FN:2256,(anonymous_163)
FN:2269,(anonymous_164)
FN:2288,(anonymous_165)
FN:2301,(anonymous_166)
FN:2308,(anonymous_167)
FN:2320,(anonymous_168)
FN:2324,(anonymous_169)
FN:2326,__
FN:2390,mergeMap
FN:2392,mergeMapOperatorFunction
FN:2401,(anonymous_173)
FN:2402,MergeMapOperator
FN:2408,(anonymous_175)
FN:2419,(anonymous_176)
FN:2421,MergeMapSubscriber
FN:2432,(anonymous_178)
FN:2440,(anonymous_179)
FN:2453,(anonymous_180)
FN:2456,(anonymous_181)
FN:2462,(anonymous_182)
FN:2470,(anonymous_183)
FN:2481,(anonymous_184)
FN:2499,(anonymous_185)
FN:2504,isNumeric
FN:2517,(anonymous_187)
FN:2521,(anonymous_188)
FN:2523,__
FN:2533,(anonymous_190)
FN:2535,AsyncAction
FN:2541,(anonymous_192)
FN:2582,(anonymous_193)
FN:2586,(anonymous_194)
FN:2600,(anonymous_195)
FN:2626,(anonymous_196)
FN:2641,(anonymous_197)
FN:2665,(anonymous_198)
FN:2669,(anonymous_199)
FN:2671,__
FN:2675,(anonymous_201)
FN:2677,AsyncScheduler
FN:2694,(anonymous_203)
FN:2722,(anonymous_204)
FN:2726,(anonymous_205)
FN:2728,__
FN:2765,map
FN:2766,mapOperation
FN:2774,(anonymous_209)
FN:2775,MapOperator
FN:2779,(anonymous_211)
FN:2790,(anonymous_212)
FN:2792,MapSubscriber
FN:2800,(anonymous_214)
FN:2817,(anonymous_215)
FN:2821,(anonymous_216)
FN:2823,__
FN:2836,(anonymous_218)
FN:2838,ArgumentOutOfRangeError
FN:2851,(anonymous_220)
FN:2904,reduce
FN:2911,reduceOperatorFunctionWithSeed
FN:2915,reduceOperatorFunction
FN:2916,(anonymous_224)
FN:2926,(anonymous_225)
FN:2959,(anonymous_226)
FN:2981,(anonymous_227)
FN:2989,(anonymous_228)
FN:2993,(anonymous_229)
FN:3007,(anonymous_230)
FN:3062,(anonymous_231)
FN:3070,(anonymous_232)
FN:3080,(anonymous_233)
FN:3089,(anonymous_234)
FN:3100,(anonymous_235)
FN:3138,(anonymous_236)
FN:3159,(anonymous_237)
FN:3183,(anonymous_238)
FN:3212,(anonymous_239)
FN:3246,(anonymous_240)
FN:3254,(anonymous_241)
FN:3265,(anonymous_242)
FN:3267,(anonymous_243)
FN:3289,(anonymous_244)
FN:3299,(anonymous_245)
FN:3319,(anonymous_246)
FN:3341,(anonymous_247)
FN:3350,(anonymous_248)
FN:3360,(anonymous_249)
FN:3369,(anonymous_250)
FN:3382,(anonymous_251)
FN:3399,(anonymous_252)
FN:3407,(anonymous_253)
FN:3415,(anonymous_254)
FN:3423,(anonymous_255)
FN:3433,(anonymous_256)
FN:3434,(anonymous_257)
FN:3444,(anonymous_258)
FN:3453,(anonymous_259)
FN:3461,(anonymous_260)
FN:3469,(anonymous_261)
FN:3479,(anonymous_262)
FN:3483,isFunction
FN:3491,(anonymous_264)
FN:3507,(anonymous_265)
FN:3512,getSymbolObservable
FN:3539,(anonymous_267)
FN:3543,(anonymous_268)
FN:3545,__
FN:3557,(anonymous_270)
FN:3559,ObjectUnsubscribedError
FN:3572,(anonymous_272)
FN:3576,(anonymous_273)
FN:3578,__
FN:3586,(anonymous_275)
FN:3588,AsyncSubject
FN:3594,(anonymous_277)
FN:3606,(anonymous_278)
FN:3612,(anonymous_279)
FN:3617,(anonymous_280)
FN:3631,(anonymous_281)
FN:3635,(anonymous_282)
FN:3637,__
FN:3689,combineLatest
FN:3703,(anonymous_285)
FN:3706,(anonymous_286)
FN:3707,CombineLatestOperator
FN:3710,(anonymous_288)
FN:3721,(anonymous_289)
FN:3723,CombineLatestSubscriber
FN:3730,(anonymous_291)
FN:3734,(anonymous_292)
FN:3749,(anonymous_293)
FN:3754,(anonymous_294)
FN:3770,(anonymous_295)
FN:3788,(anonymous_296)
FN:3792,(anonymous_297)
FN:3794,__
FN:3845,observeOn
FN:3847,observeOnOperatorFunction
FN:3852,(anonymous_301)
FN:3853,ObserveOnOperator
FN:3858,(anonymous_303)
FN:3869,(anonymous_304)
FN:3871,ObserveOnSubscriber
FN:3877,(anonymous_306)
FN:3882,(anonymous_307)
FN:3885,(anonymous_308)
FN:3888,(anonymous_309)
FN:3891,(anonymous_310)
FN:3897,(anonymous_311)
FN:3898,ObserveOnMessage
FN:3909,(anonymous_313)
FN:3959,mergeAll
FN:3968,(anonymous_315)
FN:4037,merge
FN:4064,(anonymous_317)
FN:4068,isDate
FN:4076,(anonymous_319)
FN:4080,(anonymous_320)
FN:4082,__
FN:4098,zip
FN:4103,zipOperatorFunction
FN:4140,zipStatic
FN:4152,(anonymous_325)
FN:4153,ZipOperator
FN:4156,(anonymous_327)
FN:4167,(anonymous_328)
FN:4169,ZipSubscriber
FN:4177,(anonymous_330)
FN:4189,(anonymous_331)
FN:4207,(anonymous_332)
FN:4213,(anonymous_333)
FN:4250,(anonymous_334)
FN:4264,(anonymous_335)
FN:4265,StaticIterator
FN:4269,(anonymous_337)
FN:4272,(anonymous_338)
FN:4277,(anonymous_339)
FN:4283,(anonymous_340)
FN:4284,StaticArrayIterator
FN:4290,(anonymous_342)
FN:4293,(anonymous_343)
FN:4298,(anonymous_344)
FN:4301,(anonymous_345)
FN:4311,(anonymous_346)
FN:4313,ZipBufferIterator
FN:4321,(anonymous_348)
FN:4326,(anonymous_349)
FN:4335,(anonymous_350)
FN:4338,(anonymous_351)
FN:4341,(anonymous_352)
FN:4350,(anonymous_353)
FN:4354,(anonymous_354)
FN:4363,(anonymous_355)
FN:4367,(anonymous_356)
FN:4369,__
FN:4381,(anonymous_358)
FN:4383,ReplaySubject
FN:4392,(anonymous_360)
FN:4398,(anonymous_361)
FN:4430,(anonymous_362)
FN:4433,(anonymous_363)
FN:4460,(anonymous_364)
FN:4461,ReplayEvent
FN:4471,(anonymous_366)
FN:4475,(anonymous_367)
FN:4477,__
FN:4490,(anonymous_369)
FN:4492,EmptyError
FN:4505,(anonymous_371)
FN:4509,(anonymous_372)
FN:4511,__
FN:4560,throttle
FN:4562,(anonymous_375)
FN:4565,(anonymous_376)
FN:4566,ThrottleOperator
FN:4571,(anonymous_378)
FN:4581,(anonymous_379)
FN:4583,ThrottleSubscriber
FN:4591,(anonymous_381)
FN:4612,(anonymous_382)
FN:4621,(anonymous_383)
FN:4631,(anonymous_384)
FN:4639,(anonymous_385)
FN:4643,(anonymous_386)
FN:4653,(anonymous_387)
FN:4672,(anonymous_388)
FN:4679,(anonymous_389)
FN:4700,(anonymous_390)
FN:4708,(anonymous_391)
FN:4716,(anonymous_392)
FN:4724,(anonymous_393)
FN:4732,(anonymous_394)
FN:4740,(anonymous_395)
FN:4747,(anonymous_396)
FN:4760,(anonymous_397)
FN:4765,(anonymous_398)
FN:4787,(anonymous_399)
FN:4793,pipe
FN:4802,pipeFromArray
FN:4809,piped
FN:4810,(anonymous_403)
FN:4818,(anonymous_404)
FN:4823,noop
FN:4829,(anonymous_406)
FN:4833,(anonymous_407)
FN:4835,__
FN:4844,(anonymous_409)
FN:4846,ScalarObservable
FN:4855,(anonymous_411)
FN:4858,(anonymous_412)
FN:4871,(anonymous_413)
FN:4893,(anonymous_414)
FN:4946,concatAll
FN:4954,(anonymous_416)
FN:4958,(anonymous_417)
FN:4960,__
FN:4967,race
FN:4985,(anonymous_420)
FN:4986,RaceOperator
FN:4988,(anonymous_422)
FN:4999,(anonymous_423)
FN:5001,RaceSubscriber
FN:5007,(anonymous_425)
FN:5010,(anonymous_426)
FN:5028,(anonymous_427)
FN:5049,(anonymous_428)
FN:5053,(anonymous_429)
FN:5055,__
FN:5124,onErrorResumeNext
FN:5132,(anonymous_432)
FN:5136,onErrorResumeNextStatic
FN:5149,(anonymous_434)
FN:5150,OnErrorResumeNextOperator
FN:5153,(anonymous_436)
FN:5158,(anonymous_437)
FN:5160,OnErrorResumeNextSubscriber
FN:5165,(anonymous_439)
FN:5168,(anonymous_440)
FN:5171,(anonymous_441)
FN:5174,(anonymous_442)
FN:5177,(anonymous_443)
FN:5192,(anonymous_444)
FN:5257,concatMap
FN:5265,(anonymous_446)
FN:5269,(anonymous_447)
FN:5271,__
FN:5306,defaultIfEmpty
FN:5308,(anonymous_450)
FN:5311,(anonymous_451)
FN:5312,DefaultIfEmptyOperator
FN:5315,(anonymous_453)
FN:5325,(anonymous_454)
FN:5327,DefaultIfEmptySubscriber
FN:5332,(anonymous_456)
FN:5336,(anonymous_457)
FN:5348,(anonymous_458)
FN:5352,(anonymous_459)
FN:5354,__
FN:5400,distinctUntilChanged
FN:5401,(anonymous_462)
FN:5404,(anonymous_463)
FN:5405,DistinctUntilChangedOperator
FN:5409,(anonymous_465)
FN:5419,(anonymous_466)
FN:5421,DistinctUntilChangedSubscriber
FN:5429,(anonymous_468)
FN:5432,(anonymous_469)
FN:5462,(anonymous_470)
FN:5466,(anonymous_471)
FN:5468,__
FN:5512,filter
FN:5513,filterOperatorFunction
FN:5518,(anonymous_475)
FN:5519,FilterOperator
FN:5523,(anonymous_477)
FN:5533,(anonymous_478)
FN:5535,FilterSubscriber
FN:5543,(anonymous_480)
FN:5562,(anonymous_481)
FN:5566,(anonymous_482)
FN:5568,__
FN:5605,find
FN:5609,(anonymous_485)
FN:5612,(anonymous_486)
FN:5613,FindValueOperator
FN:5619,(anonymous_488)
FN:5630,(anonymous_489)
FN:5632,FindValueSubscriber
FN:5640,(anonymous_491)
FN:5645,(anonymous_492)
FN:5658,(anonymous_493)
FN:5668,(anonymous_494)
FN:5672,(anonymous_495)
FN:5674,__
FN:5721,audit
FN:5722,auditOperatorFunction
FN:5727,(anonymous_499)
FN:5728,AuditOperator
FN:5731,(anonymous_501)
FN:5741,(anonymous_502)
FN:5743,AuditSubscriber
FN:5748,(anonymous_504)
FN:5767,(anonymous_505)
FN:5780,(anonymous_506)
FN:5783,(anonymous_507)
FN:5792,(anonymous_508)
FN:5796,(anonymous_509)
FN:5798,__
FN:5840,scan
FN:5850,scanOperatorFunction
FN:5855,(anonymous_513)
FN:5856,ScanOperator
FN:5862,(anonymous_515)
FN:5872,(anonymous_516)
FN:5874,ScanSubscriber
FN:5882,(anonymous_518)
FN:5885,(anonymous_519)
FN:5892,(anonymous_520)
FN:5901,(anonymous_521)
FN:5919,(anonymous_522)
FN:5923,(anonymous_523)
FN:5925,__
FN:5967,takeLast
FN:5968,takeLastOperatorFunction
FN:5978,(anonymous_527)
FN:5979,TakeLastOperator
FN:5985,(anonymous_529)
FN:5995,(anonymous_530)
FN:5997,TakeLastSubscriber
FN:6003,(anonymous_532)
FN:6015,(anonymous_533)
FN:6034,(anonymous_534)
FN:6038,(anonymous_535)
FN:6040,__
FN:6044,refCount
FN:6045,refCountOperatorFunction
FN:6050,(anonymous_539)
FN:6051,RefCountOperator
FN:6054,(anonymous_541)
FN:6066,(anonymous_542)
FN:6068,RefCountSubscriber
FN:6072,(anonymous_544)
FN:6125,(anonymous_545)
FN:6129,(anonymous_546)
FN:6131,__
FN:6184,switchMap
FN:6185,switchMapOperatorFunction
FN:6190,(anonymous_550)
FN:6191,SwitchMapOperator
FN:6195,(anonymous_552)
FN:6205,(anonymous_553)
FN:6207,SwitchMapSubscriber
FN:6213,(anonymous_555)
FN:6225,(anonymous_556)
FN:6232,(anonymous_557)
FN:6238,(anonymous_558)
FN:6241,(anonymous_559)
FN:6248,(anonymous_560)
FN:6256,(anonymous_561)
FN:6273,(anonymous_562)
FN:6285,timestamp
FN:6287,(anonymous_564)
FN:6291,(anonymous_565)
FN:6292,Timestamp
FN:6304,(anonymous_567)
FN:6321,(anonymous_568)
FN:6337,(anonymous_569)
FN:6349,(anonymous_570)
FN:6366,(anonymous_571)
FN:6376,(anonymous_572)
FN:6379,(anonymous_573)
FN:6393,(anonymous_574)
FN:6400,(anonymous_575)
FN:6407,(anonymous_576)
FN:6408,(anonymous_577)
FN:6431,(anonymous_578)
FN:6438,(anonymous_579)
FN:6446,(anonymous_580)
FN:6454,(anonymous_581)
FN:6463,(anonymous_582)
FN:6472,(anonymous_583)
FN:6480,(anonymous_584)
FN:6487,(anonymous_585)
FN:6496,(anonymous_586)
FN:6513,(anonymous_587)
FN:6523,(anonymous_588)
FN:6532,(anonymous_589)
FN:6541,(anonymous_590)
FN:6556,(anonymous_591)
FN:6565,(anonymous_592)
FN:6581,(anonymous_593)
FN:6598,(anonymous_594)
FN:6612,(anonymous_595)
FN:6616,isObject
FN:6624,(anonymous_597)
FN:6628,(anonymous_598)
FN:6630,__
FN:6637,(anonymous_600)
FN:6639,UnsubscriptionError
FN:6643,(anonymous_602)
FN:6655,(anonymous_603)
FN:6661,(anonymous_604)
FN:6662,(anonymous_605)
FN:6663,(anonymous_606)
FN:6669,(anonymous_607)
FN:6673,(anonymous_608)
FN:6675,__
FN:6684,(anonymous_610)
FN:6686,SubjectSubscription
FN:6692,(anonymous_612)
FN:6715,(anonymous_613)
FN:6719,(anonymous_614)
FN:6724,(anonymous_615)
FN:6728,isPromise
FN:6736,(anonymous_617)
FN:6746,(anonymous_618)
FN:6756,(anonymous_619)
FN:6760,(anonymous_620)
FN:6762,__
FN:6781,(anonymous_622)
FN:6783,FromObservable
FN:6844,(anonymous_624)
FN:6867,(anonymous_625)
FN:6884,(anonymous_626)
FN:6888,(anonymous_627)
FN:6890,__
FN:6900,(anonymous_629)
FN:6902,PromiseObservable
FN:6933,(anonymous_631)
FN:6936,(anonymous_632)
FN:6948,(anonymous_633)
FN:6955,(anonymous_634)
FN:6960,(anonymous_635)
FN:6962,(anonymous_636)
FN:6973,(anonymous_637)
FN:6979,(anonymous_638)
FN:6984,(anonymous_639)
FN:6986,(anonymous_640)
FN:6994,dispatchNext
FN:7001,dispatchError
FN:7011,(anonymous_643)
FN:7015,identity
FN:7023,(anonymous_645)
FN:7033,(anonymous_646)
FN:7037,(anonymous_647)
FN:7039,__
FN:7048,getCORSRequest
FN:7059,getXMLHttpRequest
FN:7084,ajaxGet
FN:7090,ajaxPost
FN:7095,ajaxDelete
FN:7100,ajaxPut
FN:7105,ajaxPatch
FN:7110,(anonymous_656)
FN:7111,ajaxGetJSON
FN:7126,(anonymous_658)
FN:7128,AjaxObservable
FN:7132,(anonymous_660)
FN:7154,(anonymous_661)
FN:7183,(anonymous_662)
FN:7184,(anonymous_663)
FN:7203,(anonymous_664)
FN:7205,AjaxSubscriber
FN:7222,(anonymous_666)
FN:7228,(anonymous_667)
FN:7273,(anonymous_668)
FN:7288,(anonymous_669)
FN:7295,(anonymous_670)
FN:7302,(anonymous_671)
FN:7304,xhrTimeout
FN:7319,(anonymous_673)
FN:7332,(anonymous_674)
FN:7344,xhrReadyStateChange
FN:7377,(anonymous_676)
FN:7394,(anonymous_677)
FN:7395,AjaxResponse
FN:7413,(anonymous_679)
FN:7415,AjaxError
FN:7427,parseXhrResponse
FN:7449,(anonymous_682)
FN:7451,AjaxTimeoutError
FN:7461,(anonymous_684)
FN:7533,(anonymous_685)
FN:7537,(anonymous_686)
FN:7539,__
FN:7576,buffer
FN:7577,bufferOperatorFunction
FN:7582,(anonymous_690)
FN:7583,BufferOperator
FN:7586,(anonymous_692)
FN:7596,(anonymous_693)
FN:7598,BufferSubscriber
FN:7603,(anonymous_695)
FN:7606,(anonymous_696)
FN:7617,(anonymous_697)
FN:7621,(anonymous_698)
FN:7623,__
FN:7668,bufferCount
FN:7670,bufferCountOperatorFunction
FN:7675,(anonymous_702)
FN:7676,BufferCountOperator
FN:7686,(anonymous_704)
FN:7696,(anonymous_705)
FN:7698,BufferCountSubscriber
FN:7703,(anonymous_707)
FN:7711,(anonymous_708)
FN:7725,(anonymous_709)
FN:7727,BufferSkipCountSubscriber
FN:7734,(anonymous_711)
FN:7749,(anonymous_712)
FN:7765,(anonymous_713)
FN:7769,(anonymous_714)
FN:7771,__
FN:7821,bufferTime
FN:7836,bufferTimeOperatorFunction
FN:7841,(anonymous_718)
FN:7842,BufferTimeOperator
FN:7848,(anonymous_720)
FN:7853,(anonymous_721)
FN:7854,Context
FN:7864,(anonymous_723)
FN:7866,BufferTimeSubscriber
FN:7886,(anonymous_725)
FN:7902,(anonymous_726)
FN:7906,(anonymous_727)
FN:7914,(anonymous_728)
FN:7917,(anonymous_729)
FN:7929,(anonymous_730)
FN:7934,(anonymous_731)
FN:7944,dispatchBufferTimeSpanOnly
FN:7955,dispatchBufferCreation
FN:7964,dispatchBufferClose
FN:7972,(anonymous_735)
FN:7976,(anonymous_736)
FN:7978,__
FN:8022,bufferToggle
FN:8023,bufferToggleOperatorFunction
FN:8028,(anonymous_740)
FN:8029,BufferToggleOperator
FN:8033,(anonymous_742)
FN:8043,(anonymous_743)
FN:8045,BufferToggleSubscriber
FN:8052,(anonymous_745)
FN:8059,(anonymous_746)
FN:8070,(anonymous_747)
FN:8082,(anonymous_748)
FN:8085,(anonymous_749)
FN:8088,(anonymous_750)
FN:8100,(anonymous_751)
FN:8110,(anonymous_752)
FN:8132,(anonymous_753)
FN:8136,(anonymous_754)
FN:8138,__
FN:8179,bufferWhen
FN:8180,(anonymous_757)
FN:8185,(anonymous_758)
FN:8186,BufferWhenOperator
FN:8189,(anonymous_760)
FN:8199,(anonymous_761)
FN:8201,BufferWhenSubscriber
FN:8207,(anonymous_763)
FN:8210,(anonymous_764)
FN:8217,(anonymous_765)
FN:8221,(anonymous_766)
FN:8224,(anonymous_767)
FN:8232,(anonymous_768)
FN:8262,(anonymous_769)
FN:8266,(anonymous_770)
FN:8268,__
FN:8330,catchError
FN:8331,catchErrorOperatorFunction
FN:8338,(anonymous_774)
FN:8339,CatchOperator
FN:8342,(anonymous_776)
FN:8352,(anonymous_777)
FN:8354,CatchSubscriber
FN:8364,(anonymous_779)
FN:8384,(anonymous_780)
FN:8389,combineAll
FN:8390,(anonymous_782)
FN:8397,(anonymous_783)
FN:8454,concat
FN:8459,(anonymous_785)
FN:8466,(anonymous_786)
FN:8528,concatMapTo
FN:8529,(anonymous_788)
FN:8536,(anonymous_789)
FN:8540,(anonymous_790)
FN:8542,__
FN:8594,count
FN:8595,(anonymous_793)
FN:8598,(anonymous_794)
FN:8599,CountOperator
FN:8603,(anonymous_796)
FN:8613,(anonymous_797)
FN:8615,CountSubscriber
FN:8622,(anonymous_799)
FN:8630,(anonymous_800)
FN:8643,(anonymous_801)
FN:8653,(anonymous_802)
FN:8657,(anonymous_803)
FN:8659,__
FN:8703,dematerialize
FN:8704,dematerializeOperatorFunction
FN:8709,(anonymous_807)
FN:8710,DeMaterializeOperator
FN:8712,(anonymous_809)
FN:8722,(anonymous_810)
FN:8724,DeMaterializeSubscriber
FN:8727,(anonymous_812)
FN:8736,(anonymous_813)
FN:8740,(anonymous_814)
FN:8742,__
FN:8789,debounce
FN:8790,(anonymous_817)
FN:8793,(anonymous_818)
FN:8794,DebounceOperator
FN:8797,(anonymous_820)
FN:8807,(anonymous_821)
FN:8809,DebounceSubscriber
FN:8815,(anonymous_823)
FN:8826,(anonymous_824)
FN:8830,(anonymous_825)
FN:8843,(anonymous_826)
FN:8846,(anonymous_827)
FN:8849,(anonymous_828)
FN:8869,(anonymous_829)
FN:8873,(anonymous_830)
FN:8875,__
FN:8926,debounceTime
FN:8928,(anonymous_833)
FN:8931,(anonymous_834)
FN:8932,DebounceTimeOperator
FN:8936,(anonymous_836)
FN:8946,(anonymous_837)
FN:8948,DebounceTimeSubscriber
FN:8956,(anonymous_839)
FN:8962,(anonymous_840)
FN:8966,(anonymous_841)
FN:8974,(anonymous_842)
FN:8984,dispatchNext
FN:8991,(anonymous_844)
FN:8995,(anonymous_845)
FN:8997,__
FN:9043,delay
FN:9047,(anonymous_848)
FN:9050,(anonymous_849)
FN:9051,DelayOperator
FN:9055,(anonymous_851)
FN:9065,(anonymous_852)
FN:9067,DelaySubscriber
FN:9075,(anonymous_854)
FN:9091,(anonymous_855)
FN:9097,(anonymous_856)
FN:9108,(anonymous_857)
FN:9111,(anonymous_858)
FN:9116,(anonymous_859)
FN:9121,(anonymous_860)
FN:9122,DelayMessage
FN:9132,(anonymous_862)
FN:9136,(anonymous_863)
FN:9138,__
FN:9190,delayWhen
FN:9192,(anonymous_866)
FN:9197,(anonymous_867)
FN:9200,(anonymous_868)
FN:9201,DelayWhenOperator
FN:9204,(anonymous_870)
FN:9214,(anonymous_871)
FN:9216,DelayWhenSubscriber
FN:9223,(anonymous_873)
FN:9228,(anonymous_874)
FN:9231,(anonymous_875)
FN:9238,(anonymous_876)
FN:9249,(anonymous_877)
FN:9253,(anonymous_878)
FN:9264,(anonymous_879)
FN:9272,(anonymous_880)
FN:9284,(anonymous_881)
FN:9286,SubscriptionDelayObservable
FN:9291,(anonymous_883)
FN:9301,(anonymous_884)
FN:9303,SubscriptionDelaySubscriber
FN:9309,(anonymous_886)
FN:9312,(anonymous_887)
FN:9316,(anonymous_888)
FN:9319,(anonymous_889)
FN:9332,(anonymous_890)
FN:9336,(anonymous_891)
FN:9338,__
FN:9389,distinct
FN:9390,(anonymous_894)
FN:9393,(anonymous_895)
FN:9394,DistinctOperator
FN:9398,(anonymous_897)
FN:9408,(anonymous_898)
FN:9410,DistinctSubscriber
FN:9418,(anonymous_900)
FN:9421,(anonymous_901)
FN:9424,(anonymous_902)
FN:9432,(anonymous_903)
FN:9444,(anonymous_904)
FN:9458,(anonymous_905)
FN:9521,distinctUntilKeyChanged
FN:9522,(anonymous_907)
FN:9529,(anonymous_908)
FN:9533,(anonymous_909)
FN:9535,__
FN:9581,tap
FN:9582,tapOperatorFunction
FN:9587,(anonymous_913)
FN:9588,DoOperator
FN:9593,(anonymous_915)
FN:9603,(anonymous_916)
FN:9605,DoSubscriber
FN:9612,(anonymous_918)
FN:9622,(anonymous_919)
FN:9632,(anonymous_920)
FN:9648,(anonymous_921)
FN:9652,(anonymous_922)
FN:9654,__
FN:9694,exhaust
FN:9695,(anonymous_925)
FN:9698,(anonymous_926)
FN:9699,SwitchFirstOperator
FN:9701,(anonymous_928)
FN:9711,(anonymous_929)
FN:9713,SwitchFirstSubscriber
FN:9718,(anonymous_931)
FN:9724,(anonymous_932)
FN:9730,(anonymous_933)
FN:9743,(anonymous_934)
FN:9747,(anonymous_935)
FN:9749,__
FN:9800,exhaustMap
FN:9801,(anonymous_938)
FN:9804,(anonymous_939)
FN:9805,SwitchFirstMapOperator
FN:9809,(anonymous_941)
FN:9819,(anonymous_942)
FN:9821,SwitchFirstMapSubscriber
FN:9829,(anonymous_944)
FN:9834,(anonymous_945)
FN:9846,(anonymous_946)
FN:9852,(anonymous_947)
FN:9861,(anonymous_948)
FN:9871,(anonymous_949)
FN:9874,(anonymous_950)
FN:9887,(anonymous_951)
FN:9891,(anonymous_952)
FN:9893,__
FN:9946,expand
FN:9950,(anonymous_955)
FN:9953,(anonymous_956)
FN:9954,ExpandOperator
FN:9959,(anonymous_958)
FN:9970,(anonymous_959)
FN:9972,ExpandSubscriber
FN:9984,(anonymous_961)
FN:9988,(anonymous_962)
FN:10013,(anonymous_963)
FN:10017,(anonymous_964)
FN:10023,(anonymous_965)
FN:10026,(anonymous_966)
FN:10044,(anonymous_967)
FN:10048,(anonymous_968)
FN:10050,__
FN:10097,elementAt
FN:10098,(anonymous_971)
FN:10101,(anonymous_972)
FN:10102,ElementAtOperator
FN:10109,(anonymous_974)
FN:10119,(anonymous_975)
FN:10121,ElementAtSubscriber
FN:10126,(anonymous_977)
FN:10132,(anonymous_978)
FN:10150,(anonymous_979)
FN:10154,(anonymous_980)
FN:10156,__
FN:10169,finalize
FN:10170,(anonymous_983)
FN:10173,(anonymous_984)
FN:10174,FinallyOperator
FN:10177,(anonymous_986)
FN:10187,(anonymous_987)
FN:10189,FinallySubscriber
FN:10199,(anonymous_989)
FN:10238,findIndex
FN:10239,(anonymous_991)
FN:10246,(anonymous_992)
FN:10250,(anonymous_993)
FN:10252,__
FN:10306,first
FN:10307,(anonymous_996)
FN:10310,(anonymous_997)
FN:10311,FirstOperator
FN:10317,(anonymous_999)
FN:10327,(anonymous_1000)
FN:10329,FirstSubscriber
FN:10339,(anonymous_1002)
FN:10348,(anonymous_1003)
FN:10361,(anonymous_1004)
FN:10368,(anonymous_1005)
FN:10379,(anonymous_1006)
FN:10388,(anonymous_1007)
FN:10404,(anonymous_1008)
FN:10408,(anonymous_1009)
FN:10410,__
FN:10487,groupBy
FN:10488,(anonymous_1012)
FN:10493,(anonymous_1013)
FN:10494,GroupByOperator
FN:10500,(anonymous_1015)
FN:10510,(anonymous_1016)
FN:10512,GroupBySubscriber
FN:10522,(anonymous_1018)
FN:10533,(anonymous_1019)
FN:10572,(anonymous_1020)
FN:10575,(anonymous_1021)
FN:10582,(anonymous_1022)
FN:10585,(anonymous_1023)
FN:10592,(anonymous_1024)
FN:10595,(anonymous_1025)
FN:10610,(anonymous_1026)
FN:10612,GroupDurationSubscriber
FN:10618,(anonymous_1028)
FN:10621,(anonymous_1029)
FN:10638,(anonymous_1030)
FN:10640,GroupedObservable
FN:10646,(anonymous_1032)
FN:10663,(anonymous_1033)
FN:10665,InnerRefCountSubscription
FN:10670,(anonymous_1035)
FN:10686,(anonymous_1036)
FN:10690,(anonymous_1037)
FN:10692,__
FN:10707,ignoreElements
FN:10708,ignoreElementsOperatorFunction
FN:10713,(anonymous_1041)
FN:10714,IgnoreElementsOperator
FN:10716,(anonymous_1043)
FN:10726,(anonymous_1044)
FN:10728,IgnoreElementsSubscriber
FN:10731,(anonymous_1046)
FN:10740,(anonymous_1047)
FN:10744,(anonymous_1048)
FN:10746,__
FN:10750,isEmpty
FN:10751,(anonymous_1051)
FN:10754,(anonymous_1052)
FN:10755,IsEmptyOperator
FN:10757,(anonymous_1054)
FN:10767,(anonymous_1055)
FN:10769,IsEmptySubscriber
FN:10772,(anonymous_1057)
FN:10777,(anonymous_1058)
FN:10780,(anonymous_1059)
FN:10789,(anonymous_1060)
FN:10838,auditTime
FN:10840,(anonymous_1062)
FN:10847,(anonymous_1063)
FN:10851,(anonymous_1064)
FN:10853,__
FN:10876,last
FN:10877,(anonymous_1067)
FN:10880,(anonymous_1068)
FN:10881,LastOperator
FN:10887,(anonymous_1070)
FN:10897,(anonymous_1071)
FN:10899,LastSubscriber
FN:10912,(anonymous_1073)
FN:10926,(anonymous_1074)
FN:10944,(anonymous_1075)
FN:10956,(anonymous_1076)
FN:10972,(anonymous_1077)
FN:10976,(anonymous_1078)
FN:10978,__
FN:10996,every
FN:10997,(anonymous_1081)
FN:11000,(anonymous_1082)
FN:11001,EveryOperator
FN:11006,(anonymous_1084)
FN:11016,(anonymous_1085)
FN:11018,EverySubscriber
FN:11026,(anonymous_1087)
FN:11030,(anonymous_1088)
FN:11043,(anonymous_1089)
FN:11052,(anonymous_1090)
FN:11056,(anonymous_1091)
FN:11058,__
FN:11088,mapTo
FN:11089,(anonymous_1094)
FN:11092,(anonymous_1095)
FN:11093,MapToOperator
FN:11096,(anonymous_1097)
FN:11106,(anonymous_1098)
FN:11108,MapToSubscriber
FN:11112,(anonymous_1100)
FN:11121,(anonymous_1101)
FN:11125,(anonymous_1102)
FN:11127,__
FN:11176,materialize
FN:11177,materializeOperatorFunction
FN:11182,(anonymous_1106)
FN:11183,MaterializeOperator
FN:11185,(anonymous_1108)
FN:11195,(anonymous_1109)
FN:11197,MaterializeSubscriber
FN:11200,(anonymous_1111)
FN:11203,(anonymous_1112)
FN:11208,(anonymous_1113)
FN:11219,(anonymous_1114)
FN:11255,max
FN:11257,(anonymous_1116)
FN:11258,(anonymous_1117)
FN:11266,(anonymous_1118)
FN:11320,merge
FN:11325,(anonymous_1120)
FN:11332,(anonymous_1121)
FN:11336,(anonymous_1122)
FN:11338,__
FN:11387,mergeMapTo
FN:11393,(anonymous_1125)
FN:11398,(anonymous_1126)
FN:11399,MergeMapToOperator
FN:11405,(anonymous_1128)
FN:11416,(anonymous_1129)
FN:11418,MergeMapToSubscriber
FN:11429,(anonymous_1131)
FN:11442,(anonymous_1132)
FN:11445,(anonymous_1133)
FN:11451,(anonymous_1134)
FN:11460,(anonymous_1135)
FN:11472,(anonymous_1136)
FN:11475,(anonymous_1137)
FN:11493,(anonymous_1138)
FN:11497,(anonymous_1139)
FN:11499,__
FN:11537,mergeScan
FN:11539,(anonymous_1142)
FN:11542,(anonymous_1143)
FN:11543,MergeScanOperator
FN:11548,(anonymous_1145)
FN:11559,(anonymous_1146)
FN:11561,MergeScanSubscriber
FN:11572,(anonymous_1148)
FN:11589,(anonymous_1149)
FN:11592,(anonymous_1150)
FN:11601,(anonymous_1151)
FN:11607,(anonymous_1152)
FN:11628,(anonymous_1153)
FN:11664,min
FN:11666,(anonymous_1155)
FN:11667,(anonymous_1156)
FN:11675,(anonymous_1157)
FN:11679,(anonymous_1158)
FN:11681,__
FN:11692,(anonymous_1160)
FN:11694,ConnectableObservable
FN:11701,(anonymous_1162)
FN:11704,(anonymous_1163)
FN:11711,(anonymous_1164)
FN:11728,(anonymous_1165)
FN:11746,(anonymous_1166)
FN:11748,ConnectableSubscriber
FN:11752,(anonymous_1168)
FN:11756,(anonymous_1169)
FN:11761,(anonymous_1170)
FN:11776,(anonymous_1171)
FN:11777,RefCountOperator
FN:11780,(anonymous_1173)
FN:11792,(anonymous_1174)
FN:11794,RefCountSubscriber
FN:11798,(anonymous_1176)
FN:11851,(anonymous_1177)
FN:11855,(anonymous_1178)
FN:11857,__
FN:11896,pairwise
FN:11897,(anonymous_1181)
FN:11900,(anonymous_1182)
FN:11901,PairwiseOperator
FN:11903,(anonymous_1184)
FN:11913,(anonymous_1185)
FN:11915,PairwiseSubscriber
FN:11919,(anonymous_1187)
FN:11934,(anonymous_1188)
FN:11981,partition
FN:11982,(anonymous_1190)
FN:11992,(anonymous_1191)
FN:12023,pluck
FN:12032,(anonymous_1193)
FN:12035,plucker
FN:12036,(anonymous_1195)
FN:12055,(anonymous_1196)
FN:12075,publish
FN:12077,(anonymous_1198)
FN:12085,(anonymous_1199)
FN:12097,publishBehavior
FN:12098,(anonymous_1201)
FN:12105,(anonymous_1202)
FN:12109,(anonymous_1203)
FN:12111,__
FN:12119,(anonymous_1205)
FN:12121,BehaviorSubject
FN:12126,(anonymous_1207)
FN:12132,(anonymous_1208)
FN:12139,(anonymous_1209)
FN:12150,(anonymous_1210)
FN:12160,(anonymous_1211)
FN:12167,publishReplay
FN:12173,(anonymous_1213)
FN:12173,(anonymous_1214)
FN:12180,(anonymous_1215)
FN:12186,publishLast
FN:12187,(anonymous_1217)
FN:12194,(anonymous_1218)
FN:12209,race
FN:12214,raceOperatorFunction
FN:12228,(anonymous_1221)
FN:12232,(anonymous_1222)
FN:12234,__
FN:12251,repeat
FN:12253,(anonymous_1225)
FN:12266,(anonymous_1226)
FN:12267,RepeatOperator
FN:12271,(anonymous_1228)
FN:12281,(anonymous_1229)
FN:12283,RepeatSubscriber
FN:12288,(anonymous_1231)
FN:12306,(anonymous_1232)
FN:12310,(anonymous_1233)
FN:12312,__
FN:12334,repeatWhen
FN:12335,(anonymous_1236)
FN:12338,(anonymous_1237)
FN:12339,RepeatWhenOperator
FN:12342,(anonymous_1239)
FN:12352,(anonymous_1240)
FN:12354,RepeatWhenSubscriber
FN:12360,(anonymous_1242)
FN:12364,(anonymous_1243)
FN:12369,(anonymous_1244)
FN:12382,(anonymous_1245)
FN:12394,(anonymous_1246)
FN:12405,(anonymous_1247)
FN:12420,(anonymous_1248)
FN:12424,(anonymous_1249)
FN:12426,__
FN:12446,retry
FN:12448,(anonymous_1252)
FN:12451,(anonymous_1253)
FN:12452,RetryOperator
FN:12456,(anonymous_1255)
FN:12466,(anonymous_1256)
FN:12468,RetrySubscriber
FN:12473,(anonymous_1258)
FN:12491,(anonymous_1259)
FN:12495,(anonymous_1260)
FN:12497,__
FN:12519,retryWhen
FN:12520,(anonymous_1263)
FN:12523,(anonymous_1264)
FN:12524,RetryWhenOperator
FN:12528,(anonymous_1266)
FN:12538,(anonymous_1267)
FN:12540,RetryWhenSubscriber
FN:12545,(anonymous_1269)
FN:12569,(anonymous_1270)
FN:12581,(anonymous_1271)
FN:12598,(anonymous_1272)
FN:12602,(anonymous_1273)
FN:12604,__
FN:12643,sample
FN:12644,(anonymous_1276)
FN:12647,(anonymous_1277)
FN:12648,SampleOperator
FN:12651,(anonymous_1279)
FN:12664,(anonymous_1280)
FN:12666,SampleSubscriber
FN:12670,(anonymous_1282)
FN:12674,(anonymous_1283)
FN:12677,(anonymous_1284)
FN:12680,(anonymous_1285)
FN:12692,(anonymous_1286)
FN:12696,(anonymous_1287)
FN:12698,__
FN:12739,sampleTime
FN:12741,(anonymous_1290)
FN:12744,(anonymous_1291)
FN:12745,SampleTimeOperator
FN:12749,(anonymous_1293)
FN:12759,(anonymous_1294)
FN:12761,SampleTimeSubscriber
FN:12768,(anonymous_1296)
FN:12772,(anonymous_1297)
FN:12780,dispatchNotification
FN:12789,(anonymous_1299)
FN:12793,(anonymous_1300)
FN:12795,__
FN:12853,sequenceEqual
FN:12854,(anonymous_1303)
FN:12857,(anonymous_1304)
FN:12858,SequenceEqualOperator
FN:12862,(anonymous_1306)
FN:12873,(anonymous_1307)
FN:12875,SequenceEqualSubscriber
FN:12884,(anonymous_1309)
FN:12893,(anonymous_1310)
FN:12901,(anonymous_1311)
FN:12921,(anonymous_1312)
FN:12926,(anonymous_1313)
FN:12938,(anonymous_1314)
FN:12940,SequenceEqualCompareToSubscriber
FN:12944,(anonymous_1316)
FN:12947,(anonymous_1317)
FN:12950,(anonymous_1318)
FN:12959,(anonymous_1319)
FN:12966,shareSubjectFactory
FN:12981,share
FN:12982,(anonymous_1322)
FN:12990,(anonymous_1323)
FN:12999,shareReplay
FN:13000,(anonymous_1325)
FN:13003,shareReplayOperator
FN:13009,shareReplayOperation
FN:13015,(anonymous_1328)
FN:13016,(anonymous_1329)
FN:13020,(anonymous_1330)
FN:13027,(anonymous_1331)
FN:13041,(anonymous_1332)
FN:13045,(anonymous_1333)
FN:13047,__
FN:13068,single
FN:13069,(anonymous_1336)
FN:13072,(anonymous_1337)
FN:13073,SingleOperator
FN:13077,(anonymous_1339)
FN:13087,(anonymous_1340)
FN:13089,SingleSubscriber
FN:13096,(anonymous_1342)
FN:13105,(anonymous_1343)
FN:13114,(anonymous_1344)
FN:13124,(anonymous_1345)
FN:13140,(anonymous_1346)
FN:13144,(anonymous_1347)
FN:13146,__
FN:13161,skip
FN:13162,(anonymous_1350)
FN:13165,(anonymous_1351)
FN:13166,SkipOperator
FN:13169,(anonymous_1353)
FN:13179,(anonymous_1354)
FN:13181,SkipSubscriber
FN:13186,(anonymous_1356)
FN:13197,(anonymous_1357)
FN:13201,(anonymous_1358)
FN:13203,__
FN:13240,skipLast
FN:13241,(anonymous_1361)
FN:13244,(anonymous_1362)
FN:13245,SkipLastOperator
FN:13251,(anonymous_1364)
FN:13268,(anonymous_1365)
FN:13270,SkipLastSubscriber
FN:13276,(anonymous_1367)
FN:13296,(anonymous_1368)
FN:13300,(anonymous_1369)
FN:13302,__
FN:13319,skipUntil
FN:13320,(anonymous_1372)
FN:13323,(anonymous_1373)
FN:13324,SkipUntilOperator
FN:13327,(anonymous_1375)
FN:13337,(anonymous_1376)
FN:13339,SkipUntilSubscriber
FN:13345,(anonymous_1378)
FN:13350,(anonymous_1379)
FN:13358,(anonymous_1380)
FN:13361,(anonymous_1381)
FN:13373,(anonymous_1382)
FN:13377,(anonymous_1383)
FN:13379,__
FN:13395,skipWhile
FN:13396,(anonymous_1386)
FN:13399,(anonymous_1387)
FN:13400,SkipWhileOperator
FN:13403,(anonymous_1389)
FN:13413,(anonymous_1390)
FN:13415,SkipWhileSubscriber
FN:13421,(anonymous_1392)
FN:13430,(anonymous_1393)
FN:13445,(anonymous_1394)
FN:13469,startWith
FN:13474,(anonymous_1396)
FN:13499,(anonymous_1397)
FN:13544,(anonymous_1398)
FN:13546,(anonymous_1399)
FN:13550,(anonymous_1400)
FN:13553,(anonymous_1401)
FN:13557,(anonymous_1402)
FN:13563,Timeout
FN:13567,(anonymous_1404)
FN:13568,(anonymous_1405)
FN:13573,(anonymous_1406)
FN:13578,(anonymous_1407)
FN:13583,(anonymous_1408)
FN:13588,onTimeout
FN:13611,(anonymous_1410)
FN:13617,switchAll
FN:13625,(anonymous_1412)
FN:13629,(anonymous_1413)
FN:13631,__
FN:13679,switchMapTo
FN:13680,(anonymous_1416)
FN:13683,(anonymous_1417)
FN:13684,SwitchMapToOperator
FN:13688,(anonymous_1419)
FN:13698,(anonymous_1420)
FN:13700,SwitchMapToSubscriber
FN:13706,(anonymous_1422)
FN:13713,(anonymous_1423)
FN:13719,(anonymous_1424)
FN:13722,(anonymous_1425)
FN:13729,(anonymous_1426)
FN:13738,(anonymous_1427)
FN:13756,(anonymous_1428)
FN:13760,(anonymous_1429)
FN:13762,__
FN:13801,take
FN:13802,(anonymous_1432)
FN:13812,(anonymous_1433)
FN:13813,TakeOperator
FN:13819,(anonymous_1435)
FN:13829,(anonymous_1436)
FN:13831,TakeSubscriber
FN:13836,(anonymous_1438)
FN:13853,(anonymous_1439)
FN:13857,(anonymous_1440)
FN:13859,__
FN:13897,takeUntil
FN:13898,(anonymous_1443)
FN:13901,(anonymous_1444)
FN:13902,TakeUntilOperator
FN:13905,(anonymous_1446)
FN:13915,(anonymous_1447)
FN:13917,TakeUntilSubscriber
FN:13922,(anonymous_1449)
FN:13925,(anonymous_1450)
FN:13934,(anonymous_1451)
FN:13938,(anonymous_1452)
FN:13940,__
FN:13980,takeWhile
FN:13981,(anonymous_1455)
FN:13984,(anonymous_1456)
FN:13985,TakeWhileOperator
FN:13988,(anonymous_1458)
FN:13998,(anonymous_1459)
FN:14000,TakeWhileSubscriber
FN:14005,(anonymous_1461)
FN:14017,(anonymous_1462)
FN:14032,(anonymous_1463)
FN:14036,(anonymous_1464)
FN:14038,__
FN:14083,throttleTime
FN:14086,(anonymous_1467)
FN:14089,(anonymous_1468)
FN:14090,ThrottleTimeOperator
FN:14096,(anonymous_1470)
FN:14106,(anonymous_1471)
FN:14108,ThrottleTimeSubscriber
FN:14117,(anonymous_1473)
FN:14131,(anonymous_1474)
FN:14146,dispatchNext
FN:14154,(anonymous_1476)
FN:14167,timeInterval
FN:14176,(anonymous_1478)
FN:14180,(anonymous_1479)
FN:14182,__
FN:14187,timeInterval
FN:14189,(anonymous_1482)
FN:14192,(anonymous_1483)
FN:14193,TimeInterval
FN:14201,(anonymous_1485)
FN:14202,TimeIntervalOperator
FN:14205,(anonymous_1487)
FN:14215,(anonymous_1488)
FN:14217,TimeIntervalSubscriber
FN:14223,(anonymous_1490)
FN:14235,(anonymous_1491)
FN:14239,(anonymous_1492)
FN:14241,__
FN:14313,timeout
FN:14317,(anonymous_1495)
FN:14320,(anonymous_1496)
FN:14321,TimeoutOperator
FN:14327,(anonymous_1498)
FN:14337,(anonymous_1499)
FN:14339,TimeoutSubscriber
FN:14348,(anonymous_1501)
FN:14351,(anonymous_1502)
FN:14365,(anonymous_1503)
FN:14371,(anonymous_1504)
FN:14382,(anonymous_1505)
FN:14386,(anonymous_1506)
FN:14388,__
FN:14398,(anonymous_1508)
FN:14400,TimeoutError
FN:14413,(anonymous_1510)
FN:14417,(anonymous_1511)
FN:14419,__
FN:14474,timeoutWith
FN:14476,(anonymous_1514)
FN:14483,(anonymous_1515)
FN:14484,TimeoutWithOperator
FN:14490,(anonymous_1517)
FN:14500,(anonymous_1518)
FN:14502,TimeoutWithSubscriber
FN:14511,(anonymous_1520)
FN:14516,(anonymous_1521)
FN:14530,(anonymous_1522)
FN:14536,(anonymous_1523)
FN:14547,(anonymous_1524)
FN:14552,toArrayReducer
FN:14556,toArray
FN:14564,(anonymous_1527)
FN:14568,(anonymous_1528)
FN:14570,__
FN:14612,window
FN:14613,windowOperatorFunction
FN:14618,(anonymous_1532)
FN:14619,WindowOperator
FN:14622,(anonymous_1534)
FN:14637,(anonymous_1535)
FN:14639,WindowSubscriber
FN:14644,(anonymous_1537)
FN:14647,(anonymous_1538)
FN:14650,(anonymous_1539)
FN:14653,(anonymous_1540)
FN:14656,(anonymous_1541)
FN:14660,(anonymous_1542)
FN:14664,(anonymous_1543)
FN:14667,(anonymous_1544)
FN:14682,(anonymous_1545)
FN:14686,(anonymous_1546)
FN:14688,__
FN:14741,windowCount
FN:14743,windowCountOperatorFunction
FN:14748,(anonymous_1550)
FN:14749,WindowCountOperator
FN:14753,(anonymous_1552)
FN:14763,(anonymous_1553)
FN:14765,WindowCountSubscriber
FN:14774,(anonymous_1555)
FN:14793,(anonymous_1556)
FN:14802,(anonymous_1557)
FN:14811,(anonymous_1558)
FN:14821,(anonymous_1559)
FN:14825,(anonymous_1560)
FN:14827,__
FN:14835,windowTime
FN:14854,windowTimeOperatorFunction
FN:14859,(anonymous_1564)
FN:14860,WindowTimeOperator
FN:14866,(anonymous_1566)
FN:14871,(anonymous_1567)
FN:14873,CountedSubject
FN:14877,(anonymous_1569)
FN:14882,(anonymous_1570)
FN:14895,(anonymous_1571)
FN:14897,WindowTimeSubscriber
FN:14917,(anonymous_1573)
FN:14930,(anonymous_1574)
FN:14937,(anonymous_1575)
FN:14947,(anonymous_1576)
FN:14954,(anonymous_1577)
FN:14961,dispatchWindowTimeSpanOnly
FN:14969,dispatchWindowCreation
FN:14979,dispatchWindowClose
FN:14990,(anonymous_1581)
FN:14994,(anonymous_1582)
FN:14996,__
FN:15046,windowToggle
FN:15047,(anonymous_1585)
FN:15050,(anonymous_1586)
FN:15051,WindowToggleOperator
FN:15055,(anonymous_1588)
FN:15065,(anonymous_1589)
FN:15067,WindowToggleSubscriber
FN:15074,(anonymous_1591)
FN:15083,(anonymous_1592)
FN:15097,(anonymous_1593)
FN:15111,(anonymous_1594)
FN:15124,(anonymous_1595)
FN:15151,(anonymous_1596)
FN:15154,(anonymous_1597)
FN:15159,(anonymous_1598)
FN:15176,(anonymous_1599)
FN:15180,(anonymous_1600)
FN:15182,__
FN:15228,windowWhen
FN:15229,windowWhenOperatorFunction
FN:15234,(anonymous_1604)
FN:15235,WindowOperator
FN:15238,(anonymous_1606)
FN:15248,(anonymous_1607)
FN:15250,WindowSubscriber
FN:15256,(anonymous_1609)
FN:15259,(anonymous_1610)
FN:15262,(anonymous_1611)
FN:15265,(anonymous_1612)
FN:15268,(anonymous_1613)
FN:15273,(anonymous_1614)
FN:15278,(anonymous_1615)
FN:15283,(anonymous_1616)
FN:15311,(anonymous_1617)
FN:15315,(anonymous_1618)
FN:15317,__
FN:15361,withLatestFrom
FN:15366,(anonymous_1621)
FN:15376,(anonymous_1622)
FN:15377,WithLatestFromOperator
FN:15381,(anonymous_1624)
FN:15391,(anonymous_1625)
FN:15393,WithLatestFromSubscriber
FN:15408,(anonymous_1627)
FN:15418,(anonymous_1628)
FN:15421,(anonymous_1629)
FN:15432,(anonymous_1630)
FN:15449,(anonymous_1631)
FN:15454,zipAll
FN:15455,(anonymous_1633)
FN:15462,(anonymous_1634)
FN:15467,(anonymous_1635)
FN:15468,SubscriptionLoggable
FN:15471,(anonymous_1637)
FN:15475,(anonymous_1638)
FN:15487,(anonymous_1639)
FN:15491,(anonymous_1640)
FN:15492,SubscriptionLog
FN:15504,(anonymous_1642)
FN:15508,applyMixins
FN:15523,(anonymous_1644)
FN:15527,(anonymous_1645)
FN:15529,__
FN:15534,(anonymous_1647)
FN:15536,VirtualTimeScheduler
FN:15540,(anonymous_1649)
FN:15550,(anonymous_1650)
FN:15574,(anonymous_1651)
FN:15576,VirtualAction
FN:15585,(anonymous_1653)
FN:15599,(anonymous_1654)
FN:15607,(anonymous_1655)
FN:15611,(anonymous_1656)
FN:15616,(anonymous_1657)
FN:15642,(anonymous_1658)
FN:15647,(anonymous_1659)
FN:15654,(anonymous_1660)
FN:15678,(anonymous_1661)
FN:15684,(anonymous_1662)
FN:15686,webpackUniversalModuleDefinition
FN:15695,(anonymous_1664)
FN:15696,(anonymous_1665)
FN:15701,__webpack_require__
FN:15732,(anonymous_1667)
FN:15743,(anonymous_1668)
FN:15745,getDefault
FN:15746,getModuleExports
FN:15752,(anonymous_1671)
FN:15763,(anonymous_1672)
FN:15768,(anonymous_1673)
FN:15770,(anonymous_1674)
FN:15772,(anonymous_1675)
FN:15791,(anonymous_1676)
FN:15802,(anonymous_1677)
FN:15805,(anonymous_1678)
FN:15816,(anonymous_1679)
FN:15826,(anonymous_1680)
FN:15843,(anonymous_1681)
FN:15851,(anonymous_1682)
FN:15860,(anonymous_1683)
FN:15875,(anonymous_1684)
FN:15891,(anonymous_1685)
FN:15913,(anonymous_1686)
FN:15916,(anonymous_1687)
FN:15967,typedArraySupport
FN:15970,(anonymous_1689)
FN:15979,kMaxLength
FN:15985,createBuffer
FN:16014,Buffer
FN:16034,(anonymous_1693)
FN:16039,from
FN:16063,(anonymous_1695)
FN:16080,assertSize
FN:16088,alloc
FN:16108,(anonymous_1698)
FN:16112,allocUnsafe
FN:16126,(anonymous_1700)
FN:16132,(anonymous_1701)
FN:16136,fromString
FN:16160,fromArrayLike
FN:16169,fromArrayBuffer
FN:16199,fromObject
FN:16229,checked
FN:16239,SlowBuffer
FN:16246,isBuffer
FN:16250,compare
FN:16273,isEncoding
FN:16292,concat
FN:16322,byteLength
FN:16367,slowToString
FN:16441,swap
FN:16447,swap16
FN:16458,swap32
FN:16470,swap64
FN:16484,toString
FN:16491,equals
FN:16497,inspect
FN:16507,compare
FN:16575,bidirectionalIndexOf
FN:16632,arrayIndexOf
FN:16651,read
FN:16688,includes
FN:16692,indexOf
FN:16696,lastIndexOf
FN:16700,hexWrite
FN:16727,utf8Write
FN:16731,asciiWrite
FN:16735,latin1Write
FN:16739,base64Write
FN:16743,ucs2Write
FN:16747,write
FN:16819,toJSON
FN:16826,base64Slice
FN:16834,utf8Slice
FN:16912,decodeCodePointsArray
FN:16930,asciiSlice
FN:16940,latin1Slice
FN:16950,hexSlice
FN:16963,utf16leSlice
FN:16972,slice
FN:17011,checkOffset
FN:17016,readUIntLE
FN:17031,readUIntBE
FN:17047,readUInt8
FN:17052,readUInt16LE
FN:17057,readUInt16BE
FN:17062,readUInt32LE
FN:17071,readUInt32BE
FN:17080,readIntLE
FN:17098,readIntBE
FN:17116,readInt8
FN:17122,readInt16LE
FN:17128,readInt16BE
FN:17134,readInt32LE
FN:17143,readInt32BE
FN:17152,readFloatLE
FN:17157,readFloatBE
FN:17162,readDoubleLE
FN:17167,readDoubleBE
FN:17172,checkInt
FN:17178,writeUIntLE
FN:17197,writeUIntBE
FN:17216,writeUInt8
FN:17225,objectWriteUInt16
FN:17233,writeUInt16LE
FN:17246,writeUInt16BE
FN:17259,objectWriteUInt32
FN:17266,writeUInt32LE
FN:17281,writeUInt32BE
FN:17296,writeIntLE
FN:17319,writeIntBE
FN:17342,writeInt8
FN:17352,writeInt16LE
FN:17365,writeInt16BE
FN:17378,writeInt32LE
FN:17393,writeInt32BE
FN:17409,checkIEEE754
FN:17414,writeFloat
FN:17422,writeFloatLE
FN:17426,writeFloatBE
FN:17430,writeDouble
FN:17438,writeDoubleLE
FN:17442,writeDoubleBE
FN:17447,copy
FN:17499,fill
FN:17563,base64clean
FN:17575,stringtrim
FN:17580,toHex
FN:17585,utf8ToBytes
FN:17665,asciiToBytes
FN:17674,utf16leToBytes
FN:17690,base64ToBytes
FN:17694,blitBuffer
FN:17702,isnan
FN:17710,(anonymous_1798)
FN:17715,(anonymous_1799)
FN:17737,(anonymous_1800)
FN:17759,placeHoldersCount
FN:17773,byteLength
FN:17778,toByteArray
FN:17809,tripletToBase64
FN:17813,encodeChunk
FN:17823,fromByteArray
FN:17858,(anonymous_1807)
FN:17860,(anonymous_1808)
FN:17893,(anonymous_1809)
FN:17948,(anonymous_1810)
FN:17952,(anonymous_1811)
FN:17959,(anonymous_1812)
FN:17972,(anonymous_1813)
FN:17990,(anonymous_1814)
FN:17999,(anonymous_1815)
FN:18008,(anonymous_1816)
FN:18014,(anonymous_1817)
FN:18021,(anonymous_1818)
FN:18023,(anonymous_1819)
FN:18038,(anonymous_1820)
FN:18049,(anonymous_1821)
FN:18056,(anonymous_1822)
FN:18066,(anonymous_1823)
FN:18083,(anonymous_1824)
FN:18100,(anonymous_1825)
FN:18107,(anonymous_1826)
FN:18116,(anonymous_1827)
FN:18121,(anonymous_1828)
FN:18129,(anonymous_1829)
FN:18136,(anonymous_1830)
FN:18143,(anonymous_1831)
FN:18176,(anonymous_1832)
FN:18195,(anonymous_1833)
FN:18205,(anonymous_1834)
FN:18226,(anonymous_1835)
FN:18240,(anonymous_1836)
FN:18258,(anonymous_1837)
FN:18283,(anonymous_1838)
FN:18306,(anonymous_1839)
FN:18307,(anonymous_1840)
FN:18319,(anonymous_1841)
FN:18321,(anonymous_1842)
FN:18347,(anonymous_1843)
FN:18350,(anonymous_1844)
FN:18363,(anonymous_1845)
FN:18376,(anonymous_1846)
FN:18408,(anonymous_1847)
FN:18409,(anonymous_1848)
FN:18412,(anonymous_1849)
FN:18422,(anonymous_1850)
FN:18439,(anonymous_1851)
FN:18442,(anonymous_1852)
FN:18493,(anonymous_1853)
FN:18526,(anonymous_1854)
FN:18566,(anonymous_1855)
FN:18603,(anonymous_1856)
FN:18636,(anonymous_1857)
FN:18683,(anonymous_1858)
FN:18742,(anonymous_1859)
FN:18752,(anonymous_1860)
FN:18770,(anonymous_1861)
FN:18788,(anonymous_1862)
FN:18808,(anonymous_1863)
FN:18809,(anonymous_1864)
FN:18843,(anonymous_1865)
FN:18847,(anonymous_1866)
FN:18863,(anonymous_1867)
FN:18864,(anonymous_1868)
FN:18909,(anonymous_1869)
FN:18924,(anonymous_1870)
FN:18962,(anonymous_1871)
FN:18982,(anonymous_1872)
FN:19002,(anonymous_1873)
FN:19003,(anonymous_1874)
FN:19022,(anonymous_1875)
FN:19035,(anonymous_1876)
FN:19274,(anonymous_1877)
FN:19281,toSubscriber
FN:19300,(anonymous_1879)
FN:19311,(anonymous_1880)
FN:19321,(anonymous_1881)
FN:19325,(anonymous_1882)
FN:19327,__
FN:19339,(anonymous_1884)
FN:19341,BoundCallbackObservable
FN:19485,(anonymous_1886)
FN:19487,(anonymous_1887)
FN:19495,(anonymous_1888)
FN:19503,handlerFn
FN:19538,(anonymous_1890)
FN:19545,handlerFn
FN:19578,dispatchNext
FN:19583,dispatchError
FN:19591,(anonymous_1894)
FN:19602,(anonymous_1895)
FN:19612,(anonymous_1896)
FN:19616,(anonymous_1897)
FN:19618,__
FN:19630,(anonymous_1899)
FN:19632,BoundNodeCallbackObservable
FN:19766,(anonymous_1901)
FN:19768,(anonymous_1902)
FN:19776,(anonymous_1903)
FN:19784,handlerFn
FN:19826,dispatch
FN:19834,handlerFn
FN:19868,dispatchNext
FN:19873,dispatchError
FN:19881,(anonymous_1909)
FN:19892,(anonymous_1910)
FN:20009,combineLatest
FN:20034,(anonymous_1912)
FN:20038,(anonymous_1913)
FN:20040,__
FN:20049,(anonymous_1915)
FN:20051,InnerSubscriber
FN:20058,(anonymous_1917)
FN:20061,(anonymous_1918)
FN:20065,(anonymous_1919)
FN:20076,(anonymous_1920)
FN:20087,(anonymous_1921)
FN:20091,(anonymous_1922)
FN:20093,__
FN:20104,(anonymous_1924)
FN:20106,IteratorObservable
FN:20114,(anonymous_1926)
FN:20117,(anonymous_1927)
FN:20138,(anonymous_1928)
FN:20168,(anonymous_1929)
FN:20169,StringIterator
FN:20176,(anonymous_1931)
FN:20177,(anonymous_1932)
FN:20188,(anonymous_1933)
FN:20189,ArrayIterator
FN:20196,(anonymous_1935)
FN:20197,(anonymous_1936)
FN:20208,getIterator
FN:20222,toLength
FN:20239,numberIsFinite
FN:20242,sign
FN:20256,(anonymous_1941)
FN:20260,(anonymous_1942)
FN:20262,__
FN:20273,(anonymous_1944)
FN:20275,ArrayLikeObservable
FN:20284,(anonymous_1946)
FN:20296,(anonymous_1947)
FN:20309,(anonymous_1948)
FN:20332,(anonymous_1949)
FN:20343,(anonymous_1950)
FN:20353,(anonymous_1951)
FN:20357,(anonymous_1952)
FN:20359,__
FN:20370,(anonymous_1954)
FN:20372,DeferObservable
FN:20422,(anonymous_1956)
FN:20425,(anonymous_1957)
FN:20431,(anonymous_1958)
FN:20433,DeferSubscriber
FN:20438,(anonymous_1960)
FN:20446,(anonymous_1961)
FN:20458,(anonymous_1962)
FN:20469,(anonymous_1963)
FN:20479,(anonymous_1964)
FN:20490,(anonymous_1965)
FN:20500,(anonymous_1966)
FN:20504,(anonymous_1967)
FN:20506,__
FN:20519,(anonymous_1969)
FN:20521,ForkJoinObservable
FN:20624,(anonymous_1971)
FN:20646,(anonymous_1972)
FN:20657,(anonymous_1973)
FN:20659,ForkJoinSubscriber
FN:20677,(anonymous_1975)
FN:20684,(anonymous_1976)
FN:20708,(anonymous_1977)
FN:20719,(anonymous_1978)
FN:20730,(anonymous_1979)
FN:20740,(anonymous_1980)
FN:20744,(anonymous_1981)
FN:20746,__
FN:20755,isNodeStyleEventEmitter
FN:20758,isJQueryStyleEventEmitter
FN:20761,isNodeList
FN:20764,isHTMLCollection
FN:20767,isEventTarget
FN:20775,(anonymous_1988)
FN:20777,FromEventObservable
FN:20901,(anonymous_1990)
FN:20908,(anonymous_1991)
FN:20918,(anonymous_1992)
FN:20923,(anonymous_1993)
FN:20928,(anonymous_1994)
FN:20935,(anonymous_1995)
FN:20940,(anonymous_1996)
FN:20952,(anonymous_1997)
FN:20962,(anonymous_1998)
FN:20973,(anonymous_1999)
FN:20983,(anonymous_2000)
FN:20987,(anonymous_2001)
FN:20989,__
FN:21000,(anonymous_2003)
FN:21002,FromEventPatternObservable
FN:21056,(anonymous_2005)
FN:21059,(anonymous_2006)
FN:21062,(anonymous_2007)
FN:21068,(anonymous_2008)
FN:21073,(anonymous_2009)
FN:21078,(anonymous_2010)
FN:21087,(anonymous_2011)
FN:21102,(anonymous_2012)
FN:21113,(anonymous_2013)
FN:21123,(anonymous_2014)
FN:21134,(anonymous_2015)
FN:21144,(anonymous_2016)
FN:21148,(anonymous_2017)
FN:21150,__
FN:21155,(anonymous_2019)
FN:21161,(anonymous_2020)
FN:21163,GenerateObservable
FN:21171,(anonymous_2022)
FN:21180,(anonymous_2023)
FN:21227,(anonymous_2024)
FN:21285,(anonymous_2025)
FN:21296,(anonymous_2026)
FN:21306,(anonymous_2027)
FN:21310,(anonymous_2028)
FN:21312,__
FN:21323,(anonymous_2030)
FN:21325,IfObservable
FN:21331,(anonymous_2032)
FN:21334,(anonymous_2033)
FN:21341,(anonymous_2034)
FN:21343,IfSubscriber
FN:21350,(anonymous_2036)
FN:21373,(anonymous_2037)
FN:21384,(anonymous_2038)
FN:21394,(anonymous_2039)
FN:21398,(anonymous_2040)
FN:21400,__
FN:21411,(anonymous_2042)
FN:21413,IntervalObservable
FN:21459,(anonymous_2044)
FN:21464,(anonymous_2045)
FN:21473,(anonymous_2046)
FN:21488,(anonymous_2047)
FN:21492,(anonymous_2048)
FN:21494,__
FN:21512,(anonymous_2050)
FN:21514,Action
FN:21527,(anonymous_2052)
FN:21538,(anonymous_2053)
FN:21558,(anonymous_2054)
FN:21559,Scheduler
FN:21581,(anonymous_2056)
FN:21585,(anonymous_2057)
FN:21593,(anonymous_2058)
FN:21604,(anonymous_2059)
FN:21615,(anonymous_2060)
FN:21626,(anonymous_2061)
FN:21636,(anonymous_2062)
FN:21640,(anonymous_2063)
FN:21642,__
FN:21652,(anonymous_2065)
FN:21654,NeverObservable
FN:21688,(anonymous_2067)
FN:21691,(anonymous_2068)
FN:21701,(anonymous_2069)
FN:21712,(anonymous_2070)
FN:21723,(anonymous_2071)
FN:21733,(anonymous_2072)
FN:21744,(anonymous_2073)
FN:21754,(anonymous_2074)
FN:21758,(anonymous_2075)
FN:21760,__
FN:21764,dispatch
FN:21780,(anonymous_2078)
FN:21782,PairsObservable
FN:21819,(anonymous_2080)
FN:21822,(anonymous_2081)
FN:21845,(anonymous_2082)
FN:21856,(anonymous_2083)
FN:21866,(anonymous_2084)
FN:21870,(anonymous_2085)
FN:21872,__
FN:21881,(anonymous_2087)
FN:21883,RangeObservable
FN:21919,(anonymous_2089)
FN:21924,(anonymous_2090)
FN:21938,(anonymous_2091)
FN:21968,(anonymous_2092)
FN:21979,(anonymous_2093)
FN:21989,(anonymous_2094)
FN:21993,(anonymous_2095)
FN:21995,__
FN:22006,(anonymous_2097)
FN:22008,UsingObservable
FN:22013,(anonymous_2099)
FN:22016,(anonymous_2100)
FN:22030,(anonymous_2101)
FN:22032,UsingSubscriber
FN:22039,(anonymous_2103)
FN:22056,(anonymous_2104)
FN:22067,(anonymous_2105)
FN:22077,(anonymous_2106)
FN:22081,(anonymous_2107)
FN:22083,__
FN:22092,(anonymous_2109)
FN:22094,ErrorObservable
FN:22139,(anonymous_2111)
FN:22142,(anonymous_2112)
FN:22146,(anonymous_2113)
FN:22166,(anonymous_2114)
FN:22177,(anonymous_2115)
FN:22181,(anonymous_2116)
FN:22183,__
FN:22196,(anonymous_2118)
FN:22198,TimerObservable
FN:22259,(anonymous_2120)
FN:22263,(anonymous_2121)
FN:22276,(anonymous_2122)
FN:22290,(anonymous_2123)
FN:22301,(anonymous_2124)
FN:22311,(anonymous_2125)
FN:22322,(anonymous_2126)
FN:22332,(anonymous_2127)
FN:22343,(anonymous_2128)
FN:22353,(anonymous_2129)
FN:22357,(anonymous_2130)
FN:22359,__
FN:22376,(anonymous_2132)
FN:22378,WebSocketSubject
FN:22399,(anonymous_2134)
FN:22440,(anonymous_2135)
FN:22443,(anonymous_2136)
FN:22448,(anonymous_2137)
FN:22456,(anonymous_2138)
FN:22458,(anonymous_2139)
FN:22466,(anonymous_2140)
FN:22474,(anonymous_2141)
FN:22474,(anonymous_2142)
FN:22475,(anonymous_2143)
FN:22487,(anonymous_2144)
FN:22505,(anonymous_2145)
FN:22511,(anonymous_2146)
FN:22517,(anonymous_2147)
FN:22517,(anonymous_2148)
FN:22530,(anonymous_2149)
FN:22542,(anonymous_2150)
FN:22546,(anonymous_2151)
FN:22559,(anonymous_2152)
FN:22569,(anonymous_2153)
FN:22580,(anonymous_2154)
FN:22591,(anonymous_2155)
FN:22609,(anonymous_2156)
FN:22613,(anonymous_2157)
FN:22615,__
FN:22624,(anonymous_2159)
FN:22626,QueueAction
FN:22631,(anonymous_2161)
FN:22641,(anonymous_2162)
FN:22646,(anonymous_2163)
FN:22664,(anonymous_2164)
FN:22668,(anonymous_2165)
FN:22670,__
FN:22674,(anonymous_2167)
FN:22676,QueueScheduler
FN:22686,(anonymous_2169)
FN:22691,assignImpl
FN:22709,getAssign
FN:22718,(anonymous_2172)
FN:22729,(anonymous_2173)
FN:22766,buffer
FN:22774,(anonymous_2175)
FN:22785,(anonymous_2176)
FN:22831,bufferCount
FN:22840,(anonymous_2178)
FN:22851,(anonymous_2179)
FN:22902,bufferTime
FN:22924,(anonymous_2181)
FN:22935,(anonymous_2182)
FN:22978,bufferToggle
FN:22986,(anonymous_2184)
FN:22997,(anonymous_2185)
FN:23035,bufferWhen
FN:23043,(anonymous_2187)
FN:23055,(anonymous_2188)
FN:23119,_catch
FN:23127,(anonymous_2190)
FN:23138,(anonymous_2191)
FN:23183,combineAll
FN:23191,(anonymous_2193)
FN:23202,(anonymous_2194)
FN:23251,combineLatest
FN:23263,(anonymous_2196)
FN:23274,(anonymous_2197)
FN:23331,concat
FN:23343,(anonymous_2199)
FN:23354,(anonymous_2200)
FN:23408,concatAll
FN:23416,(anonymous_2202)
FN:23427,(anonymous_2203)
FN:23492,concatMap
FN:23500,(anonymous_2205)
FN:23511,(anonymous_2206)
FN:23573,concatMapTo
FN:23581,(anonymous_2208)
FN:23592,(anonymous_2209)
FN:23645,count
FN:23653,(anonymous_2211)
FN:23664,(anonymous_2212)
FN:23709,dematerialize
FN:23717,(anonymous_2214)
FN:23728,(anonymous_2215)
FN:23775,debounce
FN:23783,(anonymous_2217)
FN:23794,(anonymous_2218)
FN:23846,debounceTime
FN:23855,(anonymous_2220)
FN:23866,(anonymous_2221)
FN:23902,defaultIfEmpty
FN:23911,(anonymous_2223)
FN:23922,(anonymous_2224)
FN:23967,delay
FN:23976,(anonymous_2226)
FN:23987,(anonymous_2227)
FN:24037,delayWhen
FN:24045,(anonymous_2229)
FN:24056,(anonymous_2230)
FN:24106,distinct
FN:24114,(anonymous_2232)
FN:24119,minimalSetImpl
FN:24122,(anonymous_2234)
FN:24123,MinimalSet
FN:24126,(anonymous_2236)
FN:24131,(anonymous_2237)
FN:24135,(anonymous_2238)
FN:24141,(anonymous_2239)
FN:24153,(anonymous_2240)
FN:24164,(anonymous_2241)
FN:24209,distinctUntilChanged
FN:24217,(anonymous_2243)
FN:24228,(anonymous_2244)
FN:24291,distinctUntilKeyChanged
FN:24299,(anonymous_2246)
FN:24311,(anonymous_2247)
FN:24360,_do
FN:24368,(anonymous_2249)
FN:24379,(anonymous_2250)
FN:24419,exhaust
FN:24427,(anonymous_2252)
FN:24438,(anonymous_2253)
FN:24489,exhaustMap
FN:24497,(anonymous_2255)
FN:24508,(anonymous_2256)
FN:24559,expand
FN:24570,(anonymous_2258)
FN:24581,(anonymous_2259)
FN:24628,elementAt
FN:24636,(anonymous_2261)
FN:24647,(anonymous_2262)
FN:24692,filter
FN:24700,(anonymous_2264)
FN:24712,(anonymous_2265)
FN:24725,_finally
FN:24733,(anonymous_2267)
FN:24744,(anonymous_2268)
FN:24783,find
FN:24791,(anonymous_2270)
FN:24802,(anonymous_2271)
FN:24841,findIndex
FN:24849,(anonymous_2273)
FN:24860,(anonymous_2274)
FN:24914,first
FN:24922,(anonymous_2276)
FN:24933,(anonymous_2277)
FN:25007,groupBy
FN:25015,(anonymous_2279)
FN:25021,(anonymous_2280)
FN:25026,(anonymous_2281)
FN:25030,(anonymous_2282)
FN:25031,MapPolyfill
FN:25036,(anonymous_2284)
FN:25040,(anonymous_2285)
FN:25052,(anonymous_2286)
FN:25062,(anonymous_2287)
FN:25067,(anonymous_2288)
FN:25079,(anonymous_2289)
FN:25083,(anonymous_2290)
FN:25084,FastMap
FN:25087,(anonymous_2292)
FN:25091,(anonymous_2293)
FN:25095,(anonymous_2294)
FN:25098,(anonymous_2295)
FN:25106,(anonymous_2296)
FN:25116,(anonymous_2297)
FN:25127,(anonymous_2298)
FN:25142,ignoreElements
FN:25151,(anonymous_2300)
FN:25162,(anonymous_2301)
FN:25176,isEmpty
FN:25184,(anonymous_2303)
FN:25195,(anonymous_2304)
FN:25240,audit
FN:25248,(anonymous_2306)
FN:25259,(anonymous_2307)
FN:25307,auditTime
FN:25316,(anonymous_2309)
FN:25327,(anonymous_2310)
FN:25350,last
FN:25358,(anonymous_2312)
FN:25370,(anonymous_2313)
FN:25380,letProto
FN:25388,(anonymous_2315)
FN:25399,(anonymous_2316)
FN:25418,every
FN:25426,(anonymous_2318)
FN:25437,(anonymous_2319)
FN:25475,map
FN:25483,(anonymous_2321)
FN:25494,(anonymous_2322)
FN:25525,mapTo
FN:25533,(anonymous_2324)
FN:25544,(anonymous_2325)
FN:25593,materialize
FN:25601,(anonymous_2327)
FN:25612,(anonymous_2328)
FN:25648,max
FN:25656,(anonymous_2330)
FN:25667,(anonymous_2331)
FN:25721,merge
FN:25733,(anonymous_2333)
FN:25744,(anonymous_2334)
FN:25793,mergeAll
FN:25802,(anonymous_2336)
FN:25814,(anonymous_2337)
FN:25878,mergeMap
FN:25887,(anonymous_2339)
FN:25899,(anonymous_2340)
FN:25948,mergeMapTo
FN:25957,(anonymous_2342)
FN:25968,(anonymous_2343)
FN:26004,mergeScan
FN:26013,(anonymous_2345)
FN:26024,(anonymous_2346)
FN:26060,min
FN:26068,(anonymous_2348)
FN:26079,(anonymous_2349)
FN:26179,multicast
FN:26187,(anonymous_2351)
FN:26198,(anonymous_2352)
FN:26249,observeOn
FN:26258,(anonymous_2354)
FN:26269,(anonymous_2355)
FN:26336,onErrorResumeNext
FN:26348,(anonymous_2357)
FN:26359,(anonymous_2358)
FN:26399,pairwise
FN:26407,(anonymous_2360)
FN:26418,(anonymous_2361)
FN:26464,partition
FN:26472,(anonymous_2363)
FN:26476,not
FN:26477,notPred
FN:26489,(anonymous_2366)
FN:26500,(anonymous_2367)
FN:26531,pluck
FN:26543,(anonymous_2369)
FN:26554,(anonymous_2370)
FN:26573,publish
FN:26581,(anonymous_2372)
FN:26592,(anonymous_2373)
FN:26603,publishBehavior
FN:26611,(anonymous_2375)
FN:26622,(anonymous_2376)
FN:26637,publishReplay
FN:26645,(anonymous_2378)
FN:26656,(anonymous_2379)
FN:26666,publishLast
FN:26675,(anonymous_2381)
FN:26686,(anonymous_2382)
FN:26703,race
FN:26715,(anonymous_2384)
FN:26726,(anonymous_2385)
FN:26776,reduce
FN:26792,(anonymous_2387)
FN:26803,(anonymous_2388)
FN:26820,repeat
FN:26829,(anonymous_2390)
FN:26840,(anonymous_2391)
FN:26859,repeatWhen
FN:26867,(anonymous_2393)
FN:26878,(anonymous_2394)
FN:26899,retry
FN:26908,(anonymous_2396)
FN:26919,(anonymous_2397)
FN:26938,retryWhen
FN:26946,(anonymous_2399)
FN:26957,(anonymous_2400)
FN:26996,sample
FN:27004,(anonymous_2402)
FN:27015,(anonymous_2403)
FN:27057,sampleTime
FN:27066,(anonymous_2405)
FN:27077,(anonymous_2406)
FN:27120,scan
FN:27131,(anonymous_2408)
FN:27142,(anonymous_2409)
FN:27199,sequenceEqual
FN:27207,(anonymous_2411)
FN:27218,(anonymous_2412)
FN:27239,share
FN:27248,(anonymous_2414)
FN:27259,(anonymous_2415)
FN:27268,shareReplay
FN:27277,(anonymous_2417)
FN:27288,(anonymous_2418)
FN:27309,single
FN:27317,(anonymous_2420)
FN:27328,(anonymous_2421)
FN:27344,skip
FN:27352,(anonymous_2423)
FN:27363,(anonymous_2424)
FN:27400,skipLast
FN:27408,(anonymous_2426)
FN:27419,(anonymous_2427)
FN:27436,skipUntil
FN:27444,(anonymous_2429)
FN:27455,(anonymous_2430)
FN:27472,skipWhile
FN:27480,(anonymous_2432)
FN:27491,(anonymous_2433)
FN:27511,startWith
FN:27523,(anonymous_2435)
FN:27534,(anonymous_2436)
FN:27550,subscribeOn
FN:27559,(anonymous_2438)
FN:27575,subscribeOn
FN:27577,subscribeOnOperatorFunction
FN:27582,(anonymous_2441)
FN:27583,SubscribeOnOperator
FN:27587,(anonymous_2443)
FN:27596,(anonymous_2444)
FN:27600,(anonymous_2445)
FN:27602,__
FN:27613,(anonymous_2447)
FN:27615,SubscribeOnObservable
FN:27629,(anonymous_2449)
FN:27634,(anonymous_2450)
FN:27638,(anonymous_2451)
FN:27653,(anonymous_2452)
FN:27657,(anonymous_2453)
FN:27659,__
FN:27669,(anonymous_2455)
FN:27671,AsapAction
FN:27676,(anonymous_2457)
FN:27689,(anonymous_2458)
FN:27714,(anonymous_2459)
FN:27717,(anonymous_2460)
FN:27722,(anonymous_2461)
FN:27723,ImmediateDefinition
FN:27754,clearImmediate
FN:27761,(anonymous_2464)
FN:27764,(anonymous_2465)
FN:27767,(anonymous_2466)
FN:27770,(anonymous_2467)
FN:27774,(anonymous_2468)
FN:27781,(anonymous_2469)
FN:27792,(anonymous_2470)
FN:27797,result
FN:27810,(anonymous_2472)
FN:27814,(anonymous_2473)
FN:27815,setImmediate
FN:27824,(anonymous_2475)
FN:27830,globalMessageHandler
FN:27840,setImmediate
FN:27850,(anonymous_2478)
FN:27872,(anonymous_2479)
FN:27875,(anonymous_2480)
FN:27879,setImmediate
FN:27889,(anonymous_2482)
FN:27890,setImmediate
FN:27899,(anonymous_2484)
FN:27911,(anonymous_2485)
FN:27912,setImmediate
FN:27930,(anonymous_2487)
FN:27932,(anonymous_2488)
FN:27932,(anonymous_2489)
FN:27945,setImmediate
FN:27962,clearImmediate
FN:27966,run
FN:27988,runIfPresent
FN:28009,installNextTickImplementation
FN:28010,(anonymous_2495)
FN:28011,(anonymous_2496)
FN:28015,canUsePostMessage
FN:28021,(anonymous_2498)
FN:28030,installPostMessageImplementation
FN:28036,(anonymous_2500)
FN:28050,(anonymous_2501)
FN:28055,installMessageChannelImplementation
FN:28057,(anonymous_2503)
FN:28062,(anonymous_2504)
FN:28067,installReadyStateChangeImplementation
FN:28069,(anonymous_2506)
FN:28073,(anonymous_2507)
FN:28083,installSetTimeoutImplementation
FN:28084,(anonymous_2509)
FN:28123,(anonymous_2510)
FN:28136,defaultSetTimout
FN:28139,defaultClearTimeout
FN:28142,(anonymous_2513)
FN:28162,runTimeout
FN:28187,runClearTimeout
FN:28219,cleanUpNextTick
FN:28234,drainQueue
FN:28258,(anonymous_2518)
FN:28272,Item
FN:28276,(anonymous_2520)
FN:28286,noop
FN:28298,(anonymous_2522)
FN:28300,(anonymous_2523)
FN:28304,(anonymous_2524)
FN:28305,(anonymous_2525)
FN:28308,(anonymous_2526)
FN:28313,(anonymous_2527)
FN:28317,(anonymous_2528)
FN:28319,__
FN:28323,(anonymous_2530)
FN:28325,AsapScheduler
FN:28328,(anonymous_2532)
FN:28356,(anonymous_2533)
FN:28368,(anonymous_2534)
FN:28415,_switch
FN:28423,(anonymous_2536)
FN:28434,(anonymous_2537)
FN:28487,switchMap
FN:28495,(anonymous_2539)
FN:28506,(anonymous_2540)
FN:28554,switchMapTo
FN:28562,(anonymous_2542)
FN:28573,(anonymous_2543)
FN:28611,take
FN:28619,(anonymous_2545)
FN:28630,(anonymous_2546)
FN:28671,takeLast
FN:28679,(anonymous_2548)
FN:28690,(anonymous_2549)
FN:28728,takeUntil
FN:28736,(anonymous_2551)
FN:28747,(anonymous_2552)
FN:28788,takeWhile
FN:28796,(anonymous_2554)
FN:28807,(anonymous_2555)
FN:28852,throttle
FN:28861,(anonymous_2557)
FN:28872,(anonymous_2558)
FN:28918,throttleTime
FN:28928,(anonymous_2560)
FN:28939,(anonymous_2561)
FN:28950,(anonymous_2562)
FN:29021,timeout
FN:29030,(anonymous_2564)
FN:29041,(anonymous_2565)
FN:29095,timeoutWith
FN:29104,(anonymous_2567)
FN:29115,(anonymous_2568)
FN:29127,timestamp
FN:29136,(anonymous_2570)
FN:29147,(anonymous_2571)
FN:29175,toArray
FN:29183,(anonymous_2573)
FN:29191,(anonymous_2574)
FN:29202,(anonymous_2575)
FN:29243,window
FN:29251,(anonymous_2577)
FN:29262,(anonymous_2578)
FN:29315,windowCount
FN:29324,(anonymous_2580)
FN:29335,(anonymous_2581)
FN:29343,windowTime
FN:29369,(anonymous_2583)
FN:29380,(anonymous_2584)
FN:29426,windowToggle
FN:29434,(anonymous_2586)
FN:29445,(anonymous_2587)
FN:29488,windowWhen
FN:29496,(anonymous_2589)
FN:29507,(anonymous_2590)
FN:29551,withLatestFrom
FN:29563,(anonymous_2592)
FN:29574,(anonymous_2593)
FN:29586,zipProto
FN:29598,(anonymous_2595)
FN:29609,(anonymous_2596)
FN:29620,zipAll
FN:29628,(anonymous_2598)
FN:29632,(anonymous_2599)
FN:29634,__
FN:29644,(anonymous_2601)
FN:29646,TestScheduler
FN:29653,(anonymous_2603)
FN:29660,(anonymous_2604)
FN:29672,(anonymous_2605)
FN:29681,(anonymous_2606)
FN:29684,(anonymous_2607)
FN:29686,(anonymous_2608)
FN:29688,(anonymous_2609)
FN:29693,(anonymous_2610)
FN:29701,(anonymous_2611)
FN:29702,(anonymous_2612)
FN:29709,(anonymous_2613)
FN:29711,(anonymous_2614)
FN:29716,(anonymous_2615)
FN:29720,(anonymous_2616)
FN:29726,(anonymous_2617)
FN:29730,(anonymous_2618)
FN:29733,(anonymous_2619)
FN:29739,(anonymous_2620)
FN:29745,(anonymous_2621)
FN:29751,(anonymous_2622)
FN:29798,(anonymous_2623)
FN:29809,(anonymous_2624)
FN:29810,(anonymous_2625)
FN:29857,(anonymous_2626)
FN:29861,(anonymous_2627)
FN:29863,__
FN:29875,(anonymous_2629)
FN:29877,ColdObservable
FN:29878,(anonymous_2631)
FN:29881,(anonymous_2632)
FN:29891,(anonymous_2633)
FN:29895,(anonymous_2634)
FN:29909,(anonymous_2635)
FN:29913,(anonymous_2636)
FN:29915,__
FN:29927,(anonymous_2638)
FN:29929,HotObservable
FN:29935,(anonymous_2640)
FN:29938,(anonymous_2641)
FN:29943,(anonymous_2642)
FN:29948,(anonymous_2643)
FN:29951,(anonymous_2644)
FN:29963,(anonymous_2645)
FN:30004,(anonymous_2646)
FN:30008,(anonymous_2647)
FN:30010,__
FN:30020,(anonymous_2649)
FN:30022,AnimationFrameAction
FN:30027,(anonymous_2651)
FN:30040,(anonymous_2652)
FN:30065,(anonymous_2653)
FN:30070,(anonymous_2654)
FN:30071,RequestAnimationFrameDefinition
FN:30094,(anonymous_2656)
FN:30105,(anonymous_2657)
FN:30109,(anonymous_2658)
FN:30111,__
FN:30115,(anonymous_2660)
FN:30117,AnimationFrameScheduler
FN:30120,(anonymous_2662)
FN:30148,(anonymous_2663)
FNF:2664
FNH:1102
FNDA:2,webpackUniversalModuleDefinition
FNDA:2,(anonymous_1)
FNDA:2,(anonymous_2)
FNDA:2270,__webpack_require__
FNDA:6,(anonymous_4)
FNDA:4,(anonymous_5)
FNDA:0,getDefault
FNDA:0,getModuleExports
FNDA:6,(anonymous_8)
FNDA:2,(anonymous_9)
FNDA:2,(anonymous_10)
FNDA:2,Observable
FNDA:0,(anonymous_12)
FNDA:2,(anonymous_13)
FNDA:2,(anonymous_14)
FNDA:0,(anonymous_15)
FNDA:0,(anonymous_16)
FNDA:0,(anonymous_17)
FNDA:0,(anonymous_18)
FNDA:0,(anonymous_19)
FNDA:0,(anonymous_20)
FNDA:0,(anonymous_21)
FNDA:0,(anonymous_22)
FNDA:0,(anonymous_23)
FNDA:0,(anonymous_24)
FNDA:0,(anonymous_25)
FNDA:0,(anonymous_26)
FNDA:2,(anonymous_27)
FNDA:4,(anonymous_28)
FNDA:4,__
FNDA:2,(anonymous_30)
FNDA:4,Subscriber
FNDA:0,(anonymous_32)
FNDA:0,(anonymous_33)
FNDA:2,(anonymous_34)
FNDA:0,(anonymous_35)
FNDA:0,(anonymous_36)
FNDA:0,(anonymous_37)
FNDA:2,(anonymous_38)
FNDA:0,(anonymous_39)
FNDA:0,(anonymous_40)
FNDA:0,(anonymous_41)
FNDA:2,(anonymous_42)
FNDA:2,SafeSubscriber
FNDA:2,(anonymous_44)
FNDA:0,(anonymous_45)
FNDA:0,(anonymous_46)
FNDA:0,(anonymous_47)
FNDA:0,(anonymous_48)
FNDA:0,(anonymous_49)
FNDA:0,(anonymous_50)
FNDA:2,(anonymous_51)
FNDA:2,(anonymous_52)
FNDA:2,__
FNDA:2,(anonymous_54)
FNDA:0,OuterSubscriber
FNDA:0,(anonymous_56)
FNDA:0,(anonymous_57)
FNDA:0,(anonymous_58)
FNDA:2,(anonymous_59)
FNDA:0,subscribeToResult
FNDA:0,(anonymous_61)
FNDA:0,(anonymous_62)
FNDA:0,(anonymous_63)
FNDA:0,(anonymous_64)
FNDA:2,(anonymous_65)
FNDA:2,(anonymous_66)
FNDA:2,(anonymous_67)
FNDA:8,Subscription
FNDA:0,(anonymous_69)
FNDA:2,(anonymous_70)
FNDA:0,(anonymous_71)
FNDA:2,(anonymous_72)
FNDA:2,(anonymous_73)
FNDA:0,flattenUnsubscriptionErrors
FNDA:0,(anonymous_75)
FNDA:2,(anonymous_76)
FNDA:6,(anonymous_77)
FNDA:6,__
FNDA:2,(anonymous_79)
FNDA:0,SubjectSubscriber
FNDA:2,(anonymous_81)
FNDA:2,Subject
FNDA:0,(anonymous_83)
FNDA:0,(anonymous_84)
FNDA:2,(anonymous_85)
FNDA:0,(anonymous_86)
FNDA:0,(anonymous_87)
FNDA:0,(anonymous_88)
FNDA:2,(anonymous_89)
FNDA:2,(anonymous_90)
FNDA:0,(anonymous_91)
FNDA:0,(anonymous_92)
FNDA:2,(anonymous_93)
FNDA:0,AnonymousSubject
FNDA:0,(anonymous_95)
FNDA:0,(anonymous_96)
FNDA:0,(anonymous_97)
FNDA:0,(anonymous_98)
FNDA:2,(anonymous_99)
FNDA:2,(anonymous_100)
FNDA:0,tryCatcher
FNDA:0,tryCatch
FNDA:2,(anonymous_103)
FNDA:2,(anonymous_104)
FNDA:2,(anonymous_105)
FNDA:2,(anonymous_106)
FNDA:0,isScheduler
FNDA:2,(anonymous_108)
FNDA:2,(anonymous_109)
FNDA:0,(anonymous_110)
FNDA:2,(anonymous_111)
FNDA:2,(anonymous_112)
FNDA:2,__
FNDA:2,(anonymous_114)
FNDA:0,ArrayObservable
FNDA:0,(anonymous_116)
FNDA:0,(anonymous_117)
FNDA:0,(anonymous_118)
FNDA:0,(anonymous_119)
FNDA:2,(anonymous_120)
FNDA:2,(anonymous_121)
FNDA:2,__
FNDA:2,(anonymous_123)
FNDA:0,EmptyObservable
FNDA:0,(anonymous_125)
FNDA:0,(anonymous_126)
FNDA:0,(anonymous_127)
FNDA:2,(anonymous_128)
FNDA:0,multicast
FNDA:0,multicastOperatorFunction
FNDA:0,subjectFactory
FNDA:2,(anonymous_132)
FNDA:0,MulticastOperator
FNDA:0,(anonymous_134)
FNDA:2,(anonymous_135)
FNDA:1,(anonymous_136)
FNDA:1,(anonymous_137)
FNDA:2,(anonymous_138)
FNDA:1,(anonymous_139)
FNDA:0,(anonymous_140)
FNDA:1,(anonymous_141)
FNDA:2,(anonymous_142)
FNDA:3,(anonymous_143)
FNDA:1,(anonymous_144)
FNDA:0,(anonymous_145)
FNDA:1,(anonymous_146)
FNDA:0,(anonymous_147)
FNDA:0,(anonymous_148)
FNDA:0,(anonymous_149)
FNDA:0,(anonymous_150)
FNDA:1,(anonymous_151)
FNDA:0,(anonymous_152)
FNDA:0,(anonymous_153)
FNDA:2,(anonymous_154)
FNDA:2,symbolIteratorPonyfill
FNDA:2,(anonymous_156)
FNDA:0,concat
FNDA:2,(anonymous_158)
FNDA:2,(anonymous_159)
FNDA:4,Notification
FNDA:0,(anonymous_161)
FNDA:0,(anonymous_162)
FNDA:0,(anonymous_163)
FNDA:0,(anonymous_164)
FNDA:0,(anonymous_165)
FNDA:0,(anonymous_166)
FNDA:0,(anonymous_167)
FNDA:2,(anonymous_168)
FNDA:2,(anonymous_169)
FNDA:2,__
FNDA:0,mergeMap
FNDA:0,mergeMapOperatorFunction
FNDA:2,(anonymous_173)
FNDA:0,MergeMapOperator
FNDA:0,(anonymous_175)
FNDA:2,(anonymous_176)
FNDA:0,MergeMapSubscriber
FNDA:0,(anonymous_178)
FNDA:0,(anonymous_179)
FNDA:0,(anonymous_180)
FNDA:0,(anonymous_181)
FNDA:0,(anonymous_182)
FNDA:0,(anonymous_183)
FNDA:0,(anonymous_184)
FNDA:2,(anonymous_185)
FNDA:0,isNumeric
FNDA:2,(anonymous_187)
FNDA:2,(anonymous_188)
FNDA:2,__
FNDA:2,(anonymous_190)
FNDA:0,AsyncAction
FNDA:0,(anonymous_192)
FNDA:0,(anonymous_193)
FNDA:0,(anonymous_194)
FNDA:0,(anonymous_195)
FNDA:0,(anonymous_196)
FNDA:0,(anonymous_197)
FNDA:2,(anonymous_198)
FNDA:2,(anonymous_199)
FNDA:2,__
FNDA:2,(anonymous_201)
FNDA:8,AsyncScheduler
FNDA:0,(anonymous_203)
FNDA:2,(anonymous_204)
FNDA:2,(anonymous_205)
FNDA:2,__
FNDA:2,map
FNDA:0,mapOperation
FNDA:2,(anonymous_209)
FNDA:0,MapOperator
FNDA:0,(anonymous_211)
FNDA:2,(anonymous_212)
FNDA:0,MapSubscriber
FNDA:0,(anonymous_214)
FNDA:2,(anonymous_215)
FNDA:2,(anonymous_216)
FNDA:2,__
FNDA:2,(anonymous_218)
FNDA:0,ArgumentOutOfRangeError
FNDA:2,(anonymous_220)
FNDA:0,reduce
FNDA:0,reduceOperatorFunctionWithSeed
FNDA:0,reduceOperatorFunction
FNDA:0,(anonymous_224)
FNDA:2,(anonymous_225)
FNDA:1,(anonymous_226)
FNDA:0,(anonymous_227)
FNDA:2,(anonymous_228)
FNDA:0,(anonymous_229)
FNDA:2,(anonymous_230)
FNDA:0,(anonymous_231)
FNDA:0,(anonymous_232)
FNDA:2,(anonymous_233)
FNDA:0,(anonymous_234)
FNDA:2,(anonymous_235)
FNDA:0,(anonymous_236)
FNDA:2,(anonymous_237)
FNDA:0,(anonymous_238)
FNDA:0,(anonymous_239)
FNDA:0,(anonymous_240)
FNDA:0,(anonymous_241)
FNDA:0,(anonymous_242)
FNDA:0,(anonymous_243)
FNDA:0,(anonymous_244)
FNDA:0,(anonymous_245)
FNDA:0,(anonymous_246)
FNDA:0,(anonymous_247)
FNDA:0,(anonymous_248)
FNDA:0,(anonymous_249)
FNDA:0,(anonymous_250)
FNDA:0,(anonymous_251)
FNDA:0,(anonymous_252)
FNDA:0,(anonymous_253)
FNDA:0,(anonymous_254)
FNDA:0,(anonymous_255)
FNDA:0,(anonymous_256)
FNDA:0,(anonymous_257)
FNDA:0,(anonymous_258)
FNDA:0,(anonymous_259)
FNDA:0,(anonymous_260)
FNDA:0,(anonymous_261)
FNDA:2,(anonymous_262)
FNDA:4,isFunction
FNDA:2,(anonymous_264)
FNDA:2,(anonymous_265)
FNDA:2,getSymbolObservable
FNDA:2,(anonymous_267)
FNDA:2,(anonymous_268)
FNDA:2,__
FNDA:2,(anonymous_270)
FNDA:0,ObjectUnsubscribedError
FNDA:2,(anonymous_272)
FNDA:2,(anonymous_273)
FNDA:2,__
FNDA:2,(anonymous_275)
FNDA:0,AsyncSubject
FNDA:0,(anonymous_277)
FNDA:0,(anonymous_278)
FNDA:0,(anonymous_279)
FNDA:0,(anonymous_280)
FNDA:2,(anonymous_281)
FNDA:2,(anonymous_282)
FNDA:2,__
FNDA:0,combineLatest
FNDA:0,(anonymous_285)
FNDA:2,(anonymous_286)
FNDA:0,CombineLatestOperator
FNDA:0,(anonymous_288)
FNDA:2,(anonymous_289)
FNDA:0,CombineLatestSubscriber
FNDA:0,(anonymous_291)
FNDA:0,(anonymous_292)
FNDA:0,(anonymous_293)
FNDA:0,(anonymous_294)
FNDA:0,(anonymous_295)
FNDA:2,(anonymous_296)
FNDA:2,(anonymous_297)
FNDA:2,__
FNDA:0,observeOn
FNDA:0,observeOnOperatorFunction
FNDA:2,(anonymous_301)
FNDA:0,ObserveOnOperator
FNDA:0,(anonymous_303)
FNDA:2,(anonymous_304)
FNDA:0,ObserveOnSubscriber
FNDA:0,(anonymous_306)
FNDA:0,(anonymous_307)
FNDA:0,(anonymous_308)
FNDA:0,(anonymous_309)
FNDA:0,(anonymous_310)
FNDA:2,(anonymous_311)
FNDA:0,ObserveOnMessage
FNDA:2,(anonymous_313)
FNDA:0,mergeAll
FNDA:2,(anonymous_315)
FNDA:0,merge
FNDA:2,(anonymous_317)
FNDA:0,isDate
FNDA:2,(anonymous_319)
FNDA:4,(anonymous_320)
FNDA:4,__
FNDA:0,zip
FNDA:0,zipOperatorFunction
FNDA:0,zipStatic
FNDA:2,(anonymous_325)
FNDA:0,ZipOperator
FNDA:0,(anonymous_327)
FNDA:2,(anonymous_328)
FNDA:0,ZipSubscriber
FNDA:0,(anonymous_330)
FNDA:0,(anonymous_331)
FNDA:0,(anonymous_332)
FNDA:0,(anonymous_333)
FNDA:0,(anonymous_334)
FNDA:2,(anonymous_335)
FNDA:0,StaticIterator
FNDA:0,(anonymous_337)
FNDA:0,(anonymous_338)
FNDA:0,(anonymous_339)
FNDA:2,(anonymous_340)
FNDA:0,StaticArrayIterator
FNDA:0,(anonymous_342)
FNDA:0,(anonymous_343)
FNDA:0,(anonymous_344)
FNDA:0,(anonymous_345)
FNDA:2,(anonymous_346)
FNDA:0,ZipBufferIterator
FNDA:0,(anonymous_348)
FNDA:0,(anonymous_349)
FNDA:0,(anonymous_350)
FNDA:0,(anonymous_351)
FNDA:0,(anonymous_352)
FNDA:0,(anonymous_353)
FNDA:0,(anonymous_354)
FNDA:2,(anonymous_355)
FNDA:2,(anonymous_356)
FNDA:2,__
FNDA:2,(anonymous_358)
FNDA:0,ReplaySubject
FNDA:0,(anonymous_360)
FNDA:0,(anonymous_361)
FNDA:0,(anonymous_362)
FNDA:0,(anonymous_363)
FNDA:2,(anonymous_364)
FNDA:0,ReplayEvent
FNDA:2,(anonymous_366)
FNDA:2,(anonymous_367)
FNDA:2,__
FNDA:2,(anonymous_369)
FNDA:0,EmptyError
FNDA:2,(anonymous_371)
FNDA:2,(anonymous_372)
FNDA:2,__
FNDA:0,throttle
FNDA:0,(anonymous_375)
FNDA:2,(anonymous_376)
FNDA:0,ThrottleOperator
FNDA:0,(anonymous_378)
FNDA:2,(anonymous_379)
FNDA:0,ThrottleSubscriber
FNDA:0,(anonymous_381)
FNDA:0,(anonymous_382)
FNDA:0,(anonymous_383)
FNDA:0,(anonymous_384)
FNDA:0,(anonymous_385)
FNDA:0,(anonymous_386)
FNDA:2,(anonymous_387)
FNDA:1,(anonymous_388)
FNDA:1,(anonymous_389)
FNDA:30,(anonymous_390)
FNDA:0,(anonymous_391)
FNDA:0,(anonymous_392)
FNDA:1,(anonymous_393)
FNDA:10,(anonymous_394)
FNDA:19,(anonymous_395)
FNDA:0,(anonymous_396)
FNDA:2,(anonymous_397)
FNDA:2,(anonymous_398)
FNDA:2,(anonymous_399)
FNDA:0,pipe
FNDA:0,pipeFromArray
FNDA:0,piped
FNDA:0,(anonymous_403)
FNDA:2,(anonymous_404)
FNDA:0,noop
FNDA:2,(anonymous_406)
FNDA:2,(anonymous_407)
FNDA:2,__
FNDA:2,(anonymous_409)
FNDA:0,ScalarObservable
FNDA:0,(anonymous_411)
FNDA:0,(anonymous_412)
FNDA:0,(anonymous_413)
FNDA:2,(anonymous_414)
FNDA:0,concatAll
FNDA:2,(anonymous_416)
FNDA:2,(anonymous_417)
FNDA:2,__
FNDA:0,race
FNDA:2,(anonymous_420)
FNDA:0,RaceOperator
FNDA:0,(anonymous_422)
FNDA:2,(anonymous_423)
FNDA:0,RaceSubscriber
FNDA:0,(anonymous_425)
FNDA:0,(anonymous_426)
FNDA:0,(anonymous_427)
FNDA:2,(anonymous_428)
FNDA:2,(anonymous_429)
FNDA:2,__
FNDA:0,onErrorResumeNext
FNDA:0,(anonymous_432)
FNDA:0,onErrorResumeNextStatic
FNDA:2,(anonymous_434)
FNDA:0,OnErrorResumeNextOperator
FNDA:0,(anonymous_436)
FNDA:2,(anonymous_437)
FNDA:0,OnErrorResumeNextSubscriber
FNDA:0,(anonymous_439)
FNDA:0,(anonymous_440)
FNDA:0,(anonymous_441)
FNDA:0,(anonymous_442)
FNDA:0,(anonymous_443)
FNDA:2,(anonymous_444)
FNDA:0,concatMap
FNDA:2,(anonymous_446)
FNDA:2,(anonymous_447)
FNDA:2,__
FNDA:0,defaultIfEmpty
FNDA:0,(anonymous_450)
FNDA:2,(anonymous_451)
FNDA:0,DefaultIfEmptyOperator
FNDA:0,(anonymous_453)
FNDA:2,(anonymous_454)
FNDA:0,DefaultIfEmptySubscriber
FNDA:0,(anonymous_456)
FNDA:0,(anonymous_457)
FNDA:2,(anonymous_458)
FNDA:2,(anonymous_459)
FNDA:2,__
FNDA:0,distinctUntilChanged
FNDA:0,(anonymous_462)
FNDA:2,(anonymous_463)
FNDA:0,DistinctUntilChangedOperator
FNDA:0,(anonymous_465)
FNDA:2,(anonymous_466)
FNDA:0,DistinctUntilChangedSubscriber
FNDA:0,(anonymous_468)
FNDA:0,(anonymous_469)
FNDA:2,(anonymous_470)
FNDA:2,(anonymous_471)
FNDA:2,__
FNDA:0,filter
FNDA:0,filterOperatorFunction
FNDA:2,(anonymous_475)
FNDA:0,FilterOperator
FNDA:0,(anonymous_477)
FNDA:2,(anonymous_478)
FNDA:0,FilterSubscriber
FNDA:0,(anonymous_480)
FNDA:2,(anonymous_481)
FNDA:2,(anonymous_482)
FNDA:2,__
FNDA:0,find
FNDA:0,(anonymous_485)
FNDA:2,(anonymous_486)
FNDA:0,FindValueOperator
FNDA:0,(anonymous_488)
FNDA:2,(anonymous_489)
FNDA:0,FindValueSubscriber
FNDA:0,(anonymous_491)
FNDA:0,(anonymous_492)
FNDA:0,(anonymous_493)
FNDA:2,(anonymous_494)
FNDA:2,(anonymous_495)
FNDA:2,__
FNDA:0,audit
FNDA:0,auditOperatorFunction
FNDA:2,(anonymous_499)
FNDA:0,AuditOperator
FNDA:0,(anonymous_501)
FNDA:2,(anonymous_502)
FNDA:0,AuditSubscriber
FNDA:0,(anonymous_504)
FNDA:0,(anonymous_505)
FNDA:0,(anonymous_506)
FNDA:0,(anonymous_507)
FNDA:2,(anonymous_508)
FNDA:2,(anonymous_509)
FNDA:2,__
FNDA:0,scan
FNDA:0,scanOperatorFunction
FNDA:2,(anonymous_513)
FNDA:0,ScanOperator
FNDA:0,(anonymous_515)
FNDA:2,(anonymous_516)
FNDA:0,ScanSubscriber
FNDA:0,(anonymous_518)
FNDA:0,(anonymous_519)
FNDA:0,(anonymous_520)
FNDA:0,(anonymous_521)
FNDA:2,(anonymous_522)
FNDA:2,(anonymous_523)
FNDA:2,__
FNDA:0,takeLast
FNDA:0,takeLastOperatorFunction
FNDA:2,(anonymous_527)
FNDA:0,TakeLastOperator
FNDA:0,(anonymous_529)
FNDA:2,(anonymous_530)
FNDA:0,TakeLastSubscriber
FNDA:0,(anonymous_532)
FNDA:0,(anonymous_533)
FNDA:2,(anonymous_534)
FNDA:2,(anonymous_535)
FNDA:2,__
FNDA:0,refCount
FNDA:0,refCountOperatorFunction
FNDA:2,(anonymous_539)
FNDA:0,RefCountOperator
FNDA:0,(anonymous_541)
FNDA:2,(anonymous_542)
FNDA:0,RefCountSubscriber
FNDA:0,(anonymous_544)
FNDA:2,(anonymous_545)
FNDA:2,(anonymous_546)
FNDA:2,__
FNDA:0,switchMap
FNDA:0,switchMapOperatorFunction
FNDA:2,(anonymous_550)
FNDA:0,SwitchMapOperator
FNDA:0,(anonymous_552)
FNDA:2,(anonymous_553)
FNDA:0,SwitchMapSubscriber
FNDA:0,(anonymous_555)
FNDA:0,(anonymous_556)
FNDA:0,(anonymous_557)
FNDA:0,(anonymous_558)
FNDA:0,(anonymous_559)
FNDA:0,(anonymous_560)
FNDA:0,(anonymous_561)
FNDA:2,(anonymous_562)
FNDA:0,timestamp
FNDA:0,(anonymous_564)
FNDA:2,(anonymous_565)
FNDA:0,Timestamp
FNDA:2,(anonymous_567)
FNDA:1,(anonymous_568)
FNDA:1,(anonymous_569)
FNDA:1,(anonymous_570)
FNDA:0,(anonymous_571)
FNDA:1,(anonymous_572)
FNDA:1,(anonymous_573)
FNDA:0,(anonymous_574)
FNDA:1,(anonymous_575)
FNDA:1,(anonymous_576)
FNDA:2,(anonymous_577)
FNDA:0,(anonymous_578)
FNDA:0,(anonymous_579)
FNDA:1,(anonymous_580)
FNDA:10,(anonymous_581)
FNDA:0,(anonymous_582)
FNDA:18,(anonymous_583)
FNDA:5,(anonymous_584)
FNDA:9,(anonymous_585)
FNDA:2,(anonymous_586)
FNDA:1,(anonymous_587)
FNDA:1,(anonymous_588)
FNDA:1,(anonymous_589)
FNDA:1,(anonymous_590)
FNDA:1,(anonymous_591)
FNDA:1,(anonymous_592)
FNDA:1,(anonymous_593)
FNDA:1,(anonymous_594)
FNDA:2,(anonymous_595)
FNDA:0,isObject
FNDA:2,(anonymous_597)
FNDA:2,(anonymous_598)
FNDA:2,__
FNDA:2,(anonymous_600)
FNDA:0,UnsubscriptionError
FNDA:0,(anonymous_602)
FNDA:2,(anonymous_603)
FNDA:0,(anonymous_604)
FNDA:0,(anonymous_605)
FNDA:0,(anonymous_606)
FNDA:2,(anonymous_607)
FNDA:2,(anonymous_608)
FNDA:2,__
FNDA:2,(anonymous_610)
FNDA:2,SubjectSubscription
FNDA:0,(anonymous_612)
FNDA:2,(anonymous_613)
FNDA:0,(anonymous_614)
FNDA:2,(anonymous_615)
FNDA:0,isPromise
FNDA:2,(anonymous_617)
FNDA:2,(anonymous_618)
FNDA:2,(anonymous_619)
FNDA:2,(anonymous_620)
FNDA:2,__
FNDA:2,(anonymous_622)
FNDA:0,FromObservable
FNDA:0,(anonymous_624)
FNDA:0,(anonymous_625)
FNDA:2,(anonymous_626)
FNDA:2,(anonymous_627)
FNDA:2,__
FNDA:2,(anonymous_629)
FNDA:0,PromiseObservable
FNDA:0,(anonymous_631)
FNDA:0,(anonymous_632)
FNDA:0,(anonymous_633)
FNDA:0,(anonymous_634)
FNDA:0,(anonymous_635)
FNDA:0,(anonymous_636)
FNDA:0,(anonymous_637)
FNDA:0,(anonymous_638)
FNDA:0,(anonymous_639)
FNDA:0,(anonymous_640)
FNDA:0,dispatchNext
FNDA:0,dispatchError
FNDA:2,(anonymous_643)
FNDA:0,identity
FNDA:2,(anonymous_645)
FNDA:2,(anonymous_646)
FNDA:8,(anonymous_647)
FNDA:8,__
FNDA:0,getCORSRequest
FNDA:0,getXMLHttpRequest
FNDA:0,ajaxGet
FNDA:0,ajaxPost
FNDA:0,ajaxDelete
FNDA:0,ajaxPut
FNDA:0,ajaxPatch
FNDA:0,(anonymous_656)
FNDA:0,ajaxGetJSON
FNDA:2,(anonymous_658)
FNDA:0,AjaxObservable
FNDA:0,(anonymous_660)
FNDA:0,(anonymous_661)
FNDA:2,(anonymous_662)
FNDA:0,(anonymous_663)
FNDA:2,(anonymous_664)
FNDA:0,AjaxSubscriber
FNDA:0,(anonymous_666)
FNDA:0,(anonymous_667)
FNDA:0,(anonymous_668)
FNDA:0,(anonymous_669)
FNDA:0,(anonymous_670)
FNDA:0,(anonymous_671)
FNDA:0,xhrTimeout
FNDA:0,(anonymous_673)
FNDA:0,(anonymous_674)
FNDA:0,xhrReadyStateChange
FNDA:0,(anonymous_676)
FNDA:2,(anonymous_677)
FNDA:0,AjaxResponse
FNDA:2,(anonymous_679)
FNDA:0,AjaxError
FNDA:0,parseXhrResponse
FNDA:2,(anonymous_682)
FNDA:0,AjaxTimeoutError
FNDA:2,(anonymous_684)
FNDA:2,(anonymous_685)
FNDA:2,(anonymous_686)
FNDA:2,__
FNDA:0,buffer
FNDA:0,bufferOperatorFunction
FNDA:2,(anonymous_690)
FNDA:0,BufferOperator
FNDA:0,(anonymous_692)
FNDA:2,(anonymous_693)
FNDA:0,BufferSubscriber
FNDA:0,(anonymous_695)
FNDA:0,(anonymous_696)
FNDA:2,(anonymous_697)
FNDA:4,(anonymous_698)
FNDA:4,__
FNDA:0,bufferCount
FNDA:0,bufferCountOperatorFunction
FNDA:2,(anonymous_702)
FNDA:0,BufferCountOperator
FNDA:0,(anonymous_704)
FNDA:2,(anonymous_705)
FNDA:0,BufferCountSubscriber
FNDA:0,(anonymous_707)
FNDA:0,(anonymous_708)
FNDA:2,(anonymous_709)
FNDA:0,BufferSkipCountSubscriber
FNDA:0,(anonymous_711)
FNDA:0,(anonymous_712)
FNDA:2,(anonymous_713)
FNDA:2,(anonymous_714)
FNDA:2,__
FNDA:0,bufferTime
FNDA:0,bufferTimeOperatorFunction
FNDA:2,(anonymous_718)
FNDA:0,BufferTimeOperator
FNDA:0,(anonymous_720)
FNDA:2,(anonymous_721)
FNDA:0,Context
FNDA:2,(anonymous_723)
FNDA:0,BufferTimeSubscriber
FNDA:0,(anonymous_725)
FNDA:0,(anonymous_726)
FNDA:0,(anonymous_727)
[...]
FN:58,(anonymous_3)
FN:76,(anonymous_4)
FN:101,(anonymous_5)
FN:124,(anonymous_6)
FN:125,(anonymous_7)
FN:137,(anonymous_8)
FN:139,(anonymous_9)
FN:165,(anonymous_10)
FN:168,(anonymous_11)
FN:181,(anonymous_12)
FN:194,(anonymous_13)
FN:226,(anonymous_14)
FN:227,(anonymous_15)
FN:230,(anonymous_16)
FNF:17
FNH:12
FNDA:169,(anonymous_0)
FNDA:0,(anonymous_1)
FNDA:112,(anonymous_2)
FNDA:13,(anonymous_3)
FNDA:1,(anonymous_4)
FNDA:112,(anonymous_5)
FNDA:13,(anonymous_6)
FNDA:13,(anonymous_7)
FNDA:258,(anonymous_8)
FNDA:0,(anonymous_9)
FNDA:0,(anonymous_10)
FNDA:0,(anonymous_11)
FNDA:0,(anonymous_12)
FNDA:207,(anonymous_13)
FNDA:7,(anonymous_14)
FNDA:16,(anonymous_15)
FNDA:16,(anonymous_16)
DA:14,169
DA:15,0
DA:17,169
DA:24,0
DA:25,0
DA:26,0
DA:29,0
DA:30,0
DA:31,0
DA:32,0
DA:35,0
DA:45,112
DA:46,112
DA:47,112
DA:48,4
DA:50,108
DA:51,108
DA:59,13
DA:61,13
DA:63,0
DA:64,0
DA:66,0
DA:68,0
DA:77,1
DA:78,1
DA:79,1
DA:80,1
DA:81,1
DA:82,1
DA:83,0
DA:84,0
DA:86,0
DA:90,1
DA:104,112
DA:105,105
DA:110,105
DA:111,105
DA:114,105
DA:115,105
DA:117,4
DA:119,101
DA:122,7
DA:123,7
DA:124,13
DA:125,13
DA:126,7
DA:127,7
DA:130,0
DA:138,258
DA:139,258
DA:140,0
DA:142,258
DA:143,258
DA:144,500
DA:146,500
DA:147,500
DA:149,500
DA:151,89
DA:152,89
DA:155,0
DA:159,258
DA:166,0
DA:167,0
DA:168,0
DA:169,0
DA:171,0
DA:172,0
DA:174,0
DA:175,0
DA:177,0
DA:179,0
DA:181,0
DA:182,0
DA:183,0
DA:185,0
DA:195,207
DA:198,207
DA:199,0
DA:202,207
DA:203,195
DA:204,195
DA:206,195
DA:207,684
DA:208,684
DA:210,195
DA:211,0
DA:212,0
DA:215,195
DA:217,207
DA:218,30
DA:220,177
DA:227,7
DA:228,16
DA:230,16
DA:231,7
LF:95
LH:59
BRDA:14,0,0,0
BRDA:14,0,1,169
BRDA:14,1,0,169
BRDA:14,1,1,169
BRDA:25,2,0,0
BRDA:25,2,1,0
BRDA:31,3,0,0
BRDA:31,3,1,0
BRDA:47,4,0,4
BRDA:47,4,1,108
BRDA:47,5,0,112
BRDA:47,5,1,112
BRDA:59,6,0,13
BRDA:59,6,1,0
BRDA:63,7,0,0
BRDA:63,7,1,0
BRDA:77,8,0,1
BRDA:77,8,1,0
BRDA:81,9,0,0
BRDA:81,9,1,1
BRDA:82,10,0,0
BRDA:82,10,1,1
BRDA:83,11,0,0
BRDA:83,11,1,0
BRDA:104,12,0,105
BRDA:104,12,1,7
BRDA:109,13,0,105
BRDA:109,13,1,0
BRDA:111,14,0,105
BRDA:111,14,1,9
BRDA:111,14,2,0
BRDA:122,15,0,7
BRDA:122,15,1,6
BRDA:123,16,0,7
BRDA:123,16,1,0
BRDA:126,17,0,7
BRDA:126,17,1,0
BRDA:142,18,0,0
BRDA:142,18,1,258
BRDA:146,19,0,500
BRDA:146,19,1,0
BRDA:146,20,0,417
BRDA:146,20,1,83
BRDA:146,21,0,0
BRDA:146,21,1,0
BRDA:149,22,0,89
BRDA:149,22,1,411
BRDA:149,23,0,500
BRDA:149,23,1,500
BRDA:151,24,0,89
BRDA:151,24,1,0
BRDA:167,25,0,0
BRDA:167,25,1,0
BRDA:169,26,0,0
BRDA:169,26,1,0
BRDA:174,27,0,0
BRDA:174,27,1,0
BRDA:182,28,0,0
BRDA:182,28,1,0
BRDA:183,29,0,0
BRDA:183,29,1,0
BRDA:198,30,0,0
BRDA:198,30,1,207
BRDA:202,31,0,195
BRDA:202,31,1,12
BRDA:210,32,0,0
BRDA:210,32,1,195
BRDA:211,33,0,0
BRDA:211,33,1,0
BRDA:217,34,0,30
BRDA:217,34,1,177
BRDA:228,35,0,1
BRDA:228,35,1,15
BRDA:228,36,0,12
BRDA:228,36,1,3
BRDA:231,37,0,7
BRDA:231,37,1,0
BRF:77
BRH:40
end_of_record
TN:
SF:/Users/van/IdeaProjects/JSD/src/classes/_schemaValidator.js
FN:14,(anonymous_0)
FN:17,(anonymous_1)
FN:68,(anonymous_2)
FN:101,(anonymous_3)
FN:141,(anonymous_4)
FN:178,(anonymous_5)
FN:211,(anonymous_6)
FN:258,(anonymous_7)
FN:317,(anonymous_8)
FNF:9
FNH:9
FNDA:179,(anonymous_0)
FNDA:179,(anonymous_1)
FNDA:491,(anonymous_2)
FNDA:13,(anonymous_3)
FNDA:15,(anonymous_4)
FNDA:673,(anonymous_5)
FNDA:1348,(anonymous_6)
FNDA:564,(anonymous_7)
FNDA:2197,(anonymous_8)
DA:15,179
DA:16,179
DA:17,179
DA:19,179
DA:20,179
DA:21,309
DA:23,6
DA:24,6
DA:28,6
DA:29,6
DA:30,6
DA:32,266
DA:33,262
DA:34,262
DA:37,0
DA:38,0
DA:39,0
DA:45,4
DA:46,12
DA:47,0
DA:50,12
DA:54,266
DA:56,37
DA:57,37
DA:59,0
DA:70,491
DA:71,16
DA:74,475
DA:75,0
DA:76,0
DA:78,0
DA:80,0
DA:83,0
DA:88,475
DA:89,2
DA:92,473
DA:102,13
DA:103,6
DA:105,13
DA:106,0
DA:113,7
DA:114,7
DA:115,0
DA:117,7
DA:118,6
DA:120,1
DA:123,0
DA:125,0
DA:126,0
DA:127,0
DA:132,6
DA:142,15
DA:143,0
DA:145,15
DA:146,0
DA:148,15
DA:149,0
DA:151,15
DA:152,0
DA:154,15
DA:155,0
DA:157,15
DA:158,0
DA:160,15
DA:161,12
DA:163,3
DA:164,0
DA:165,0
DA:167,0
DA:168,0
DA:170,3
DA:179,673
DA:180,673
DA:181,673
DA:183,673
DA:184,191
DA:185,191
DA:188,0
DA:190,191
DA:193,482
DA:194,0
DA:196,482
DA:197,482
DA:198,1
DA:200,481
DA:214,1348
DA:215,1
DA:218,1347
DA:219,673
DA:220,673
DA:221,1
DA:225,1346
DA:227,565
DA:228,95
DA:229,95
DA:230,216
DA:231,216
DA:232,1
DA:235,94
DA:239,470
DA:240,470
DA:241,0
DA:243,470
DA:244,0
DA:248,1251
DA:259,564
DA:260,564
DA:261,564
DA:263,564
DA:264,12
DA:266,552
DA:267,45
DA:269,507
DA:270,9
DA:272,498
DA:274,498
DA:275,13
DA:278,485
DA:279,15
DA:282,470
DA:283,1348
DA:284,1348
DA:285,3
DA:288,467
DA:292,0
DA:293,0
DA:294,0
DA:296,0
DA:297,0
DA:301,0
DA:303,0
DA:304,0
DA:307,0
DA:310,0
DA:318,2197
LF:135
LH:95
BRDA:14,0,0,0
BRDA:14,1,0,0
BRDA:17,2,0,179
BRDA:17,2,1,1
BRDA:19,3,0,0
BRDA:19,3,1,179
BRDA:21,4,0,6
BRDA:21,4,1,266
BRDA:21,4,2,37
BRDA:21,4,3,0
BRDA:32,5,0,262
BRDA:32,5,1,4
BRDA:33,6,0,262
BRDA:33,6,1,0
BRDA:38,7,0,0
BRDA:38,7,1,0
BRDA:46,8,0,0
BRDA:46,8,1,12
BRDA:70,9,0,16
BRDA:70,9,1,475
BRDA:74,10,0,0
BRDA:74,10,1,475
BRDA:75,11,0,0
BRDA:75,11,1,0
BRDA:75,12,0,0
BRDA:75,12,1,0
BRDA:88,13,0,2
BRDA:88,13,1,473
BRDA:102,14,0,6
BRDA:102,14,1,7
BRDA:105,15,0,0
BRDA:105,15,1,13
BRDA:113,16,0,7
BRDA:113,16,1,0
BRDA:114,17,0,0
BRDA:114,17,1,7
BRDA:117,18,0,6
BRDA:117,18,1,1
BRDA:126,19,0,0
BRDA:126,19,1,0
BRDA:142,20,0,0
BRDA:142,20,1,15
BRDA:145,21,0,0
BRDA:145,21,1,15
BRDA:148,22,0,0
BRDA:148,22,1,15
BRDA:151,23,0,0
BRDA:151,23,1,15
BRDA:154,24,0,0
BRDA:154,24,1,15
BRDA:157,25,0,0
BRDA:157,25,1,15
BRDA:160,26,0,12
BRDA:160,26,1,3
BRDA:163,27,0,0
BRDA:163,27,1,3
BRDA:164,28,0,0
BRDA:164,28,1,0
BRDA:183,29,0,191
BRDA:183,29,1,482
BRDA:193,30,0,0
BRDA:193,30,1,482
BRDA:193,31,0,482
BRDA:193,31,1,2
BRDA:197,32,0,1
BRDA:197,32,1,481
BRDA:214,33,0,1
BRDA:214,33,1,1347
BRDA:214,34,0,1348
BRDA:214,34,1,3
BRDA:218,35,0,673
BRDA:218,35,1,674
BRDA:220,36,0,1
BRDA:220,36,1,672
BRDA:225,37,0,565
BRDA:225,37,1,781
BRDA:227,38,0,95
BRDA:227,38,1,470
BRDA:228,39,0,0
BRDA:228,39,1,95
BRDA:231,40,0,1
BRDA:231,40,1,215
BRDA:240,41,0,0
BRDA:240,41,1,470
BRDA:243,42,0,0
BRDA:243,42,1,470
BRDA:260,43,0,564
BRDA:260,43,1,0
BRDA:263,44,0,12
BRDA:263,44,1,552
BRDA:266,45,0,45
BRDA:266,45,1,507
BRDA:269,46,0,9
BRDA:269,46,1,498
BRDA:272,47,0,498
BRDA:272,47,1,0
BRDA:274,48,0,13
BRDA:274,48,1,485
BRDA:278,49,0,15
BRDA:278,49,1,470
BRDA:284,50,0,3
BRDA:284,50,1,1345
BRDA:293,51,0,0
BRDA:293,51,1,0
BRDA:296,52,0,0
BRDA:296,52,1,0
BRDA:303,53,0,0
BRDA:303,53,1,0
BRF:108
BRH:69
end_of_record
TN:
SF:/Users/van/IdeaProjects/JSD/src/classes/_validatorBuilder.js
FN:13,(anonymous_0)
FN:23,(anonymous_1)
FN:32,(anonymous_2)
FN:41,(anonymous_3)
FN:56,(anonymous_4)
FN:65,(anonymous_5)
FN:81,(anonymous_6)
FN:98,(anonymous_7)
FNF:8
FNH:8
FNDA:43,(anonymous_0)
FNDA:207,(anonymous_1)
FNDA:195,(anonymous_2)
FNDA:195,(anonymous_3)
FNDA:511,(anonymous_4)
FNDA:520,(anonymous_5)
FNDA:195,(anonymous_6)
FNDA:207,(anonymous_7)
DA:14,43
DA:15,43
DA:16,43
DA:24,207
DA:25,207
DA:33,195
DA:34,195
DA:42,195
DA:43,0
DA:45,195
DA:46,195
DA:57,511
DA:58,0
DA:60,511
DA:64,511
DA:65,511
DA:66,520
DA:67,56
DA:69,464
DA:70,0
DA:71,0
DA:72,0
DA:73,0
DA:75,0
DA:77,464
DA:78,464
DA:79,464
DA:81,511
DA:83,195
DA:84,198
DA:85,198
DA:86,177
DA:89,18
DA:99,207
DA:100,207
DA:101,12
DA:103,195
LF:37
LH:30
BRDA:15,0,0,43
BRDA:15,0,1,0
BRDA:34,1,0,195
BRDA:34,1,1,0
BRDA:42,2,0,0
BRDA:42,2,1,195
BRDA:42,3,0,195
BRDA:42,3,1,195
BRDA:57,4,0,0
BRDA:57,4,1,511
BRDA:60,5,0,6
BRDA:60,5,1,505
BRDA:62,6,0,1
BRDA:62,6,1,504
BRDA:66,7,0,56
BRDA:66,7,1,464
BRDA:69,8,0,0
BRDA:69,8,1,464
BRDA:72,9,0,0
BRDA:72,9,1,0
BRDA:79,10,0,388
BRDA:79,10,1,76
BRDA:85,11,0,177
BRDA:85,11,1,21
BRDA:100,12,0,12
BRDA:100,12,1,195
BRF:26
BRH:19
end_of_record
TN:
SF:/Users/van/IdeaProjects/JSD/src/classes/_validators.js
FN:13,(anonymous_0)
FN:31,(anonymous_1)
FN:51,(anonymous_2)
FN:52,(anonymous_3)
FN:86,(anonymous_4)
FN:90,(anonymous_5)
FN:104,(anonymous_6)
FN:105,(anonymous_7)
FN:150,(anonymous_8)
FN:165,(anonymous_9)
FN:203,(anonymous_10)
FN:223,(anonymous_11)
FN:243,(anonymous_12)
FN:244,(anonymous_13)
FN:263,(anonymous_14)
FNF:15
FNH:10
FNDA:520,(anonymous_0)
FNDA:0,(anonymous_1)
FNDA:195,(anonymous_2)
FNDA:195,(anonymous_3)
FNDA:0,(anonymous_4)
FNDA:520,(anonymous_5)
FNDA:3,(anonymous_6)
FNDA:0,(anonymous_7)
FNDA:9,(anonymous_8)
FNDA:178,(anonymous_9)
FNDA:7,(anonymous_10)
FNDA:0,(anonymous_11)
FNDA:1,(anonymous_12)
FNDA:1,(anonymous_13)
FNDA:0,(anonymous_14)
DA:5,7
DA:14,520
DA:16,0
DA:18,520
DA:19,520
DA:20,520
DA:21,520
DA:33,0
DA:35,0
DA:36,0
DA:38,0
DA:39,0
DA:41,0
DA:52,195
DA:53,195
DA:54,195
DA:55,1
DA:57,194
DA:58,9
DA:60,185
DA:62,195
DA:63,195
DA:64,0
DA:66,0
DA:67,0
DA:68,0
DA:71,0
DA:73,195
DA:76,0
DA:87,0
DA:91,520
DA:97,7
DA:105,3
DA:106,0
DA:107,0
DA:108,0
DA:109,0
DA:111,0
DA:112,0
DA:113,0
DA:116,3
DA:117,0
DA:118,0
DA:119,0
DA:120,0
DA:121,0
DA:126,0
DA:127,0
DA:128,0
DA:129,0
DA:133,0
DA:136,3
DA:143,7
DA:151,9
DA:158,7
DA:166,178
DA:167,178
DA:168,6
DA:170,172
DA:177,158
DA:178,1
DA:179,1
DA:181,157
DA:182,157
DA:185,158
DA:186,9
DA:189,163
DA:196,7
DA:204,7
DA:205,7
DA:206,1
DA:209,6
DA:216,7
DA:224,0
DA:227,0
DA:228,0
DA:236,7
DA:244,1
DA:245,1
DA:246,1
DA:248,0
DA:249,0
DA:250,0
DA:252,0
DA:253,0
DA:255,1
DA:258,1
DA:259,1
DA:260,0
DA:262,1
DA:263,0
DA:264,0
DA:265,0
DA:267,0
DA:269,1
LF:95
LH:51
BRDA:14,0,0,0
BRDA:14,0,1,520
BRDA:35,1,0,0
BRDA:35,1,1,0
BRDA:35,2,0,0
BRDA:35,2,1,0
BRDA:53,3,0,0
BRDA:53,3,1,195
BRDA:54,4,0,1
BRDA:54,4,1,194
BRDA:57,5,0,9
BRDA:57,5,1,185
BRDA:62,6,0,195
BRDA:62,6,1,0
BRDA:63,7,0,0
BRDA:63,7,1,195
BRDA:67,8,0,0
BRDA:67,8,1,0
BRDA:108,9,0,0
BRDA:108,9,1,0
BRDA:112,10,0,0
BRDA:112,10,1,0
BRDA:116,11,0,0
BRDA:116,11,1,3
BRDA:117,12,0,0
BRDA:117,12,1,0
BRDA:120,13,0,0
BRDA:120,13,1,0
BRDA:128,14,0,0
BRDA:128,14,1,0
BRDA:167,15,0,6
BRDA:167,15,1,172
BRDA:170,16,0,158
BRDA:170,16,1,14
BRDA:177,17,0,1
BRDA:177,17,1,157
BRDA:179,18,0,1
BRDA:179,18,1,0
BRDA:185,19,0,9
BRDA:185,19,1,149
BRDA:205,20,0,1
BRDA:205,20,1,6
BRDA:209,21,0,6
BRDA:209,21,1,0
BRDA:224,22,0,0
BRDA:224,22,1,0
BRDA:228,23,0,0
BRDA:228,23,1,0
BRDA:245,24,0,1
BRDA:245,24,1,0
BRDA:249,25,0,0
BRDA:249,25,1,0
BRDA:255,26,0,1
BRDA:255,26,1,0
BRDA:259,27,0,0
BRDA:259,27,1,1
BRDA:262,28,0,0
BRDA:262,28,1,1
BRDA:267,29,0,0
BRDA:267,29,1,0
BRF:60
BRH:25
end_of_record
TN:
SF:/Users/van/IdeaProjects/JSD/src/classes/jsd.js
FN:27,(anonymous_0)
FN:49,(anonymous_1)
FN:57,(anonymous_2)
FN:61,(anonymous_3)
FN:75,(anonymous_4)
FN:130,(anonymous_5)
FN:138,(anonymous_6)
FN:148,(anonymous_7)
FN:157,(anonymous_8)
FN:168,(anonymous_9)
FN:206,(anonymous_10)
FNF:11
FNH:6
FNDA:43,(anonymous_0)
FNDA:0,(anonymous_1)
FNDA:4,(anonymous_2)
FNDA:0,(anonymous_3)
FNDA:968,(anonymous_4)
FNDA:0,(anonymous_5)
FNDA:0,(anonymous_6)
FNDA:1257,(anonymous_7)
FNDA:0,(anonymous_8)
FNDA:1237,(anonymous_9)
FNDA:42,(anonymous_10)
DA:16,7
DA:28,43
DA:39,43
DA:40,43
DA:41,43
DA:42,43
DA:43,43
DA:50,0
DA:58,4
DA:62,0
DA:63,0
DA:64,0
DA:65,0
DA:68,0
DA:76,968
DA:77,968
DA:78,962
DA:81,968
DA:82,968
DA:83,955
DA:85,89
DA:87,866
DA:90,13
DA:92,12
DA:94,0
DA:96,0
DA:98,0
DA:102,0
DA:103,0
DA:107,0
DA:108,0
DA:111,0
DA:114,0
DA:116,12
DA:118,1
DA:119,1
DA:120,1
DA:123,0
DA:131,0
DA:132,0
DA:139,0
DA:140,0
DA:142,0
DA:149,1257
DA:159,0
DA:160,0
DA:162,0
DA:169,1237
DA:170,1237
DA:207,42
LF:50
LH:26
BRDA:27,0,0,42
BRDA:27,1,0,43
BRDA:43,2,0,43
BRDA:43,2,1,0
BRDA:64,3,0,0
BRDA:64,3,1,0
BRDA:77,4,0,962
BRDA:77,4,1,6
BRDA:82,5,0,955
BRDA:82,5,1,13
BRDA:83,6,0,89
BRDA:83,6,1,866
BRDA:87,7,0,861
BRDA:87,7,1,5
BRDA:90,8,0,12
BRDA:90,8,1,1
BRDA:92,9,0,0
BRDA:92,9,1,12
BRDA:98,10,0,0
BRDA:98,10,1,0
BRDA:98,10,2,0
BRDA:111,11,0,0
BRDA:111,11,1,0
BRDA:114,12,0,0
BRDA:114,12,1,0
BRDA:118,13,0,1
BRDA:118,13,1,0
BRDA:139,14,0,0
BRDA:139,14,1,0
BRDA:159,15,0,0
BRDA:159,15,1,0
BRDA:160,16,0,0
BRDA:160,16,1,0
BRF:33
BRH:15
end_of_record
TN:
SF:/Users/van/IdeaProjects/JSD/src/classes/model.js
FN:11,(anonymous_0)
FN:27,(anonymous_1)
FN:39,(anonymous_2)
FN:56,(anonymous_3)
FN:66,(anonymous_4)
FN:69,(anonymous_5)
FN:83,(anonymous_6)
FN:90,(anonymous_7)
FN:97,(anonymous_8)
FN:98,(anonymous_9)
FN:121,(anonymous_10)
FN:128,(anonymous_11)
FN:136,(anonymous_12)
FN:144,(anonymous_13)
FN:153,(anonymous_14)
FN:162,(anonymous_15)
FN:170,(anonymous_16)
FN:177,(anonymous_17)
FNF:18
FNH:15
FNDA:219,(anonymous_0)
FNDA:212,(anonymous_1)
FNDA:209,(anonymous_2)
FNDA:0,(anonymous_3)
FNDA:286,(anonymous_4)
FNDA:4874,(anonymous_5)
FNDA:1,(anonymous_6)
FNDA:65,(anonymous_7)
FNDA:64,(anonymous_8)
FNDA:144,(anonymous_9)
FNDA:2,(anonymous_10)
FNDA:0,(anonymous_11)
FNDA:200,(anonymous_12)
FNDA:2480,(anonymous_13)
FNDA:0,(anonymous_14)
FNDA:4466,(anonymous_15)
FNDA:1315,(anonymous_16)
FNDA:1760,(anonymous_17)
DA:12,219
DA:13,0
DA:15,219
DA:16,219
DA:17,42
DA:18,42
DA:20,219
DA:21,219
DA:28,212
DA:29,212
DA:30,0
DA:40,209
DA:41,0
DA:43,209
DA:44,209
DA:45,57
DA:46,57
DA:48,209
DA:49,209
DA:57,0
DA:58,0
DA:59,0
DA:67,286
DA:68,286
DA:69,286
DA:70,4874
DA:71,224
DA:75,224
DA:77,62
DA:84,1
DA:91,65
DA:98,64
DA:99,144
DA:100,0
DA:102,144
DA:103,0
DA:105,144
DA:106,92
DA:107,92
DA:108,80
DA:110,92
DA:112,52
DA:114,64
DA:122,2
DA:129,0
DA:137,200
DA:145,2480
DA:146,2480
DA:154,0
DA:155,0
DA:163,4466
DA:171,1315
DA:178,1760
LF:53
LH:42
BRDA:12,0,0,0
BRDA:12,0,1,219
BRDA:16,1,0,42
BRDA:16,1,1,177
BRDA:16,2,0,219
BRDA:16,2,1,177
BRDA:29,3,0,0
BRDA:29,3,1,212
BRDA:29,4,0,212
BRDA:29,4,1,212
BRDA:40,5,0,0
BRDA:40,5,1,209
BRDA:44,6,0,57
BRDA:44,6,1,152
BRDA:44,7,0,209
BRDA:44,7,1,152
BRDA:58,8,0,0
BRDA:58,8,1,0
BRDA:58,9,0,0
BRDA:58,9,1,0
BRDA:70,10,0,224
BRDA:70,10,1,4650
BRDA:99,11,0,0
BRDA:99,11,1,144
BRDA:102,12,0,0
BRDA:102,12,1,144
BRDA:105,13,0,92
BRDA:105,13,1,52
BRDA:106,14,0,84
BRDA:106,14,1,8
BRDA:121,15,0,2
BRDA:122,16,0,0
BRDA:122,16,1,2
BRDA:137,17,0,200
BRDA:137,17,1,0
BRDA:146,18,0,2480
BRDA:146,18,1,0
BRDA:155,19,0,0
BRDA:155,19,1,0
BRF:39
BRH:25
end_of_record
TN:
SF:/Users/van/IdeaProjects/JSD/src/classes/schema.js
FN:21,(anonymous_0)
FN:95,(anonymous_1)
FN:97,(anonymous_2)
FN:101,(anonymous_3)
FN:153,(anonymous_4)
FN:186,(anonymous_5)
FN:193,(anonymous_6)
FN:200,(anonymous_7)
FN:208,(anonymous_8)
FN:212,(anonymous_9)
FN:220,(anonymous_10)
FN:244,(anonymous_11)
FN:253,(anonymous_12)
FN:263,(anonymous_13)
FN:274,(anonymous_14)
FN:282,(anonymous_15)
FN:289,(anonymous_16)
FN:296,(anonymous_17)
FNF:18
FNH:17
FNDA:180,(anonymous_0)
FNDA:169,(anonymous_1)
FNDA:64,(anonymous_2)
FNDA:319,(anonymous_3)
FNDA:33,(anonymous_4)
FNDA:94,(anonymous_5)
FNDA:789,(anonymous_6)
FNDA:397,(anonymous_7)
FNDA:212,(anonymous_8)
FNDA:198,(anonymous_9)
FNDA:288,(anonymous_10)
FNDA:3,(anonymous_11)
FNDA:12,(anonymous_12)
FNDA:1,(anonymous_13)
FNDA:12,(anonymous_14)
FNDA:291,(anonymous_15)
FNDA:1,(anonymous_16)
FNDA:0,(anonymous_17)
DA:22,180
DA:24,180
DA:25,0
DA:27,180
DA:28,180
DA:31,180
DA:33,180
DA:34,74
DA:40,106
DA:41,105
DA:42,105
DA:44,0
DA:47,1
DA:49,179
DA:52,179
DA:53,0
DA:56,179
DA:57,136
DA:58,136
DA:60,228
DA:61,228
DA:63,100
DA:64,100
DA:65,100
DA:71,179
DA:75,179
DA:76,10
DA:78,169
DA:79,169
DA:80,169
DA:82,169
DA:84,169
DA:86,299
DA:87,299
DA:89,19
DA:90,19
DA:96,169
DA:98,64
DA:99,64
DA:102,319
DA:103,319
DA:104,0
DA:105,0
DA:106,0
DA:107,0
DA:109,0
DA:111,319
DA:112,319
DA:113,319
DA:114,319
DA:117,319
DA:118,319
DA:119,296
DA:123,23
DA:125,11
DA:127,11
DA:131,319
DA:133,12
DA:134,0
DA:135,0
DA:136,0
DA:138,12
DA:141,319
DA:142,112
DA:143,112
DA:144,4
DA:145,4
DA:146,4
DA:152,207
DA:154,33
DA:155,33
DA:158,207
DA:159,207
DA:160,207
DA:161,30
DA:162,30
DA:163,30
DA:164,30
DA:167,285
DA:169,285
DA:170,285
DA:171,61
DA:172,38
DA:174,61
DA:175,61
DA:176,61
DA:177,61
DA:179,224
DA:180,224
DA:187,94
DA:194,789
DA:201,397
DA:210,212
DA:211,212
DA:213,198
DA:217,212
DA:219,212
DA:220,178
DA:221,288
DA:224,34
DA:225,34
DA:226,34
DA:228,212
DA:229,212
DA:230,212
DA:232,0
DA:233,0
DA:234,0
DA:235,0
DA:245,3
DA:254,12
DA:255,11
DA:257,1
DA:258,1
DA:259,1
DA:260,1
DA:261,0
DA:263,1
DA:264,1
DA:267,12
DA:275,12
DA:283,291
DA:290,1
DA:297,0
LF:124
LH:107
BRDA:21,0,0,1
BRDA:24,1,0,0
BRDA:24,1,1,180
BRDA:31,2,0,180
BRDA:31,2,1,0
BRDA:33,3,0,74
BRDA:33,3,1,106
BRDA:40,4,0,105
BRDA:40,4,1,1
BRDA:41,5,0,105
BRDA:41,5,1,0
BRDA:52,6,0,0
BRDA:52,6,1,179
BRDA:56,7,0,136
BRDA:56,7,1,43
BRDA:61,8,0,100
BRDA:61,8,1,128
BRDA:71,9,0,179
BRDA:71,9,1,134
BRDA:75,10,0,10
BRDA:75,10,1,169
BRDA:80,11,0,169
BRDA:80,11,1,0
BRDA:87,12,0,19
BRDA:87,12,1,280
BRDA:99,13,0,0
BRDA:99,13,1,64
BRDA:103,14,0,0
BRDA:103,14,1,319
BRDA:105,15,0,0
BRDA:105,15,1,0
BRDA:111,16,0,319
BRDA:111,16,1,319
BRDA:117,17,0,280
BRDA:117,17,1,39
BRDA:118,18,0,296
BRDA:118,18,1,23
BRDA:123,19,0,11
BRDA:123,19,1,12
BRDA:125,20,0,11
BRDA:125,20,1,10
BRDA:131,21,0,12
BRDA:131,21,1,307
BRDA:133,22,0,0
BRDA:133,22,1,12
BRDA:141,23,0,112
BRDA:141,23,1,207
BRDA:143,24,0,4
BRDA:143,24,1,108
BRDA:160,25,0,30
BRDA:160,25,1,177
BRDA:170,26,0,61
BRDA:170,26,1,224
BRDA:171,27,0,38
BRDA:171,27,1,23
BRDA:187,28,0,62
BRDA:187,28,1,32
BRDA:210,29,0,212
BRDA:210,29,1,0
BRDA:219,30,0,178
BRDA:219,30,1,34
BRDA:232,31,0,0
BRDA:232,31,1,0
BRDA:254,32,0,11
BRDA:254,32,1,1
BRDA:260,33,0,0
BRDA:260,33,1,1
BRDA:275,34,0,12
BRDA:275,34,1,0
BRDA:276,35,0,0
BRDA:276,35,1,0
BRF:71
BRH:54
end_of_record
TN:
SF:/Users/van/IdeaProjects/JSD/src/classes/set.js
FN:16,(anonymous_0)
FN:45,(anonymous_1)
FN:79,(anonymous_2)
FN:87,(anonymous_3)
FN:98,(anonymous_4)
FN:100,(anonymous_5)
FN:122,(anonymous_6)
FN:132,(anonymous_7)
FN:152,(anonymous_8)
FN:174,(anonymous_9)
FN:183,(anonymous_10)
FN:193,(anonymous_11)
FN:202,(anonymous_12)
FN:215,(anonymous_13)
FN:232,(anonymous_14)
FN:240,(anonymous_15)
FN:248,(anonymous_16)
FN:256,(anonymous_17)
FN:266,(anonymous_18)
FN:267,(anonymous_19)
FN:277,(anonymous_20)
FN:286,(anonymous_21)
FN:294,(anonymous_22)
FN:302,(anonymous_23)
FNF:24
FNH:22
FNDA:16,(anonymous_0)
FNDA:22,(anonymous_1)
FNDA:47,(anonymous_2)
FNDA:14,(anonymous_3)
FNDA:16,(anonymous_4)
FNDA:39,(anonymous_5)
FNDA:21,(anonymous_6)
FNDA:3,(anonymous_7)
FNDA:22,(anonymous_8)
FNDA:2,(anonymous_9)
FNDA:11,(anonymous_10)
FNDA:1,(anonymous_11)
FNDA:0,(anonymous_12)
FNDA:1,(anonymous_13)
FNDA:11,(anonymous_14)
FNDA:1,(anonymous_15)
FNDA:1,(anonymous_16)
FNDA:1,(anonymous_17)
FNDA:1,(anonymous_18)
FNDA:4,(anonymous_19)
FNDA:1,(anonymous_20)
FNDA:0,(anonymous_21)
FNDA:12,(anonymous_22)
FNDA:22,(anonymous_23)
DA:17,16
DA:20,16
DA:21,9
DA:27,7
DA:28,7
DA:30,0
DA:32,16
DA:37,16
DA:38,0
DA:40,16
DA:41,9
DA:45,16
DA:46,22
DA:48,22
DA:49,22
DA:50,2
DA:53,20
DA:54,19
DA:56,1
DA:60,0
DA:61,0
DA:63,0
DA:66,19
DA:72,15
DA:73,15
DA:80,47
DA:88,14
DA:89,14
DA:90,14
DA:91,14
DA:94,0
DA:99,16
DA:101,39
DA:102,0
DA:105,39
DA:106,29
DA:109,10
DA:110,0
DA:112,10
DA:113,10
DA:115,0
DA:117,10
DA:120,0
DA:123,21
DA:124,3
DA:125,3
DA:126,3
DA:128,18
DA:129,18
DA:130,18
DA:133,3
DA:134,0
DA:135,0
DA:136,0
DA:138,3
DA:139,3
DA:140,3
DA:153,22
DA:154,22
DA:155,16
DA:158,6
DA:159,0
DA:161,6
DA:162,6
DA:163,0
DA:164,0
DA:167,0
DA:175,2
DA:184,11
DA:185,11
DA:194,1
DA:195,1
DA:203,0
DA:204,0
DA:205,0
DA:207,0
DA:216,1
DA:217,0
DA:219,1
DA:220,0
DA:222,1
DA:223,1
DA:225,1
DA:233,11
DA:234,11
DA:241,1
DA:249,1
DA:250,1
DA:257,1
DA:258,1
DA:259,1
DA:267,1
DA:268,4
DA:270,1
DA:278,1
DA:279,1
DA:287,0
DA:288,0
DA:295,12
DA:303,22
LF:100
LH:75
BRDA:20,0,0,9
BRDA:20,0,1,7
BRDA:27,1,0,7
BRDA:27,1,1,0
BRDA:37,2,0,0
BRDA:37,2,1,16
BRDA:40,3,0,9
BRDA:40,3,1,7
BRDA:48,4,0,22
BRDA:48,4,1,0
BRDA:49,5,0,2
BRDA:49,5,1,20
BRDA:53,6,0,19
BRDA:53,6,1,1
BRDA:60,7,0,0
BRDA:60,7,1,0
BRDA:60,8,0,0
BRDA:60,8,1,0
BRDA:88,9,0,14
BRDA:88,9,1,0
BRDA:101,10,0,0
BRDA:101,10,1,39
BRDA:105,11,0,29
BRDA:105,11,1,10
BRDA:109,12,0,0
BRDA:109,12,1,10
BRDA:112,13,0,10
BRDA:112,13,1,0
BRDA:113,14,0,0
BRDA:113,14,1,10
BRDA:113,15,0,10
BRDA:113,15,1,10
BRDA:123,16,0,3
BRDA:123,16,1,18
BRDA:133,17,0,0
BRDA:133,17,1,3
BRDA:154,18,0,16
BRDA:154,18,1,6
BRDA:154,19,0,22
BRDA:154,19,1,22
BRDA:158,20,0,0
BRDA:158,20,1,6
BRDA:161,21,0,6
BRDA:161,21,1,0
BRDA:163,22,0,0
BRDA:163,22,1,0
BRDA:216,23,0,0
BRDA:216,23,1,1
BRDA:219,24,0,0
BRDA:219,24,1,1
BRDA:222,25,0,1
BRDA:222,25,1,0
BRF:52
BRH:32
end_of_record
