TN:
SF:/Users/van/IdeaProjects/RxVO/index.js
FNF:0
FNH:0
DA:1,2
LF:1
LH:1
BRF:0
BRH:0
end_of_record
TN:
SF:/Users/van/IdeaProjects/RxVO/fixtures/ItemsModel.schemas.js
FNF:0
FNH:0
DA:1,1
DA:8,1
DA:17,1
LF:3
LH:3
BRF:0
BRH:0
end_of_record
TN:
SF:/Users/van/IdeaProjects/RxVO/fixtures/PropertiesModel.schemas.js
FNF:0
FNH:0
DA:1,6
DA:16,6
DA:37,6
LF:3
LH:3
BRF:0
BRH:0
end_of_record
TN:
SF:/Users/van/IdeaProjects/RxVO/src/index.js
FNF:0
FNH:0
DA:7,1
DA:8,0
LF:2
LH:1
BRDA:7,0,0,0
BRDA:7,0,1,1
BRF:2
BRH:1
end_of_record
TN:
SF:/Users/van/IdeaProjects/RxVO/src/classes/_ajvWrapper.js
FN:19,(anonymous_0)
FN:27,(anonymous_1)
FN:36,(anonymous_2)
FN:59,(anonymous_3)
FN:68,(anonymous_4)
FN:77,(anonymous_5)
FNF:6
FNH:3
FNDA:36,(anonymous_0)
FNDA:0,(anonymous_1)
FNDA:0,(anonymous_2)
FNDA:0,(anonymous_3)
FNDA:166,(anonymous_4)
FNDA:98,(anonymous_5)
DA:21,36
DA:22,0
DA:26,36
DA:27,0
DA:32,36
DA:35,36
DA:36,0
DA:40,36
DA:42,36
DA:45,36
DA:46,36
DA:50,35
DA:60,0
DA:69,166
DA:78,98
DA:88,9
LF:16
LH:12
BRDA:19,0,0,0
BRDA:21,1,0,0
BRDA:21,1,1,36
BRDA:21,2,0,36
BRDA:21,2,1,36
BRDA:45,3,0,36
BRDA:45,3,1,0
BRF:7
BRH:4
end_of_record
TN:
SF:/Users/van/IdeaProjects/RxVO/src/classes/_branchNotifier.js
FN:13,(anonymous_0)
FN:16,(anonymous_1)
FN:21,(anonymous_2)
FN:35,(anonymous_3)
FN:37,(anonymous_4)
FN:53,(anonymous_5)
FN:55,(anonymous_6)
FN:65,(anonymous_7)
FN:67,(anonymous_8)
FN:78,(anonymous_9)
FN:89,(anonymous_10)
FN:91,(anonymous_11)
FN:101,(anonymous_12)
FN:103,(anonymous_13)
FN:119,(anonymous_14)
FN:129,(anonymous_15)
FNF:16
FNH:10
FNDA:8,(anonymous_0)
FNDA:0,(anonymous_1)
FNDA:0,(anonymous_2)
FNDA:0,(anonymous_3)
FNDA:0,(anonymous_4)
FNDA:35,(anonymous_5)
FNDA:46,(anonymous_6)
FNDA:98,(anonymous_7)
FNDA:8,(anonymous_8)
FNDA:22,(anonymous_9)
FNDA:8,(anonymous_10)
FNDA:8,(anonymous_11)
FNDA:0,(anonymous_12)
FNDA:0,(anonymous_13)
FNDA:35,(anonymous_14)
FNDA:141,(anonymous_15)
DA:2,9
DA:15,8
DA:16,0
DA:20,8
DA:21,0
DA:36,0
DA:37,0
DA:54,35
DA:55,46
DA:58,35
DA:67,98
DA:68,8
DA:69,8
DA:72,8
DA:74,8
DA:75,8
DA:78,8
DA:79,22
DA:90,8
DA:91,8
DA:92,8
DA:102,0
DA:103,0
DA:104,0
DA:120,35
DA:121,35
DA:130,141
LF:27
LH:20
BRDA:68,0,0,8
BRDA:68,0,1,0
BRDA:74,1,0,8
BRDA:74,1,1,0
BRF:4
BRH:2
end_of_record
TN:
SF:/Users/van/IdeaProjects/RxVO/src/classes/_metaData.js
FN:12,(anonymous_0)
FN:17,(anonymous_1)
FN:39,(anonymous_2)
FN:47,(anonymous_3)
FN:55,(anonymous_4)
FN:63,(anonymous_5)
FN:71,(anonymous_6)
FN:79,(anonymous_7)
FN:87,(anonymous_8)
FN:95,(anonymous_9)
FNF:10
FNH:7
FNDA:68,(anonymous_0)
FNDA:68,(anonymous_1)
FNDA:2514,(anonymous_2)
FNDA:0,(anonymous_3)
FNDA:0,(anonymous_4)
FNDA:22,(anonymous_5)
FNDA:906,(anonymous_6)
FNDA:849,(anonymous_7)
FNDA:737,(anonymous_8)
FNDA:0,(anonymous_9)
DA:2,9
DA:13,68
DA:15,68
DA:16,7
DA:17,7
DA:18,68
DA:19,68
DA:20,68
DA:22,68
DA:26,68
DA:32,68
DA:33,68
DA:40,2514
DA:41,2514
DA:48,0
DA:56,0
DA:64,22
DA:72,906
DA:80,849
DA:88,737
DA:96,0
LF:21
LH:18
BRDA:12,0,0,0
BRDA:15,1,0,7
BRDA:15,1,1,61
BRDA:18,2,0,68
BRDA:18,2,1,0
BRDA:41,3,0,2513
BRDA:41,3,1,1
BRF:7
BRH:5
end_of_record
TN:
SF:/Users/van/IdeaProjects/RxVO/src/classes/_observerBuilder.js
FN:10,(anonymous_0)
FN:20,(anonymous_1)
FN:29,(anonymous_2)
FN:30,(anonymous_3)
FN:34,(anonymous_4)
FN:35,(anonymous_5)
FN:42,(anonymous_6)
FN:58,(anonymous_7)
FN:69,(anonymous_8)
FN:81,(anonymous_9)
FNF:10
FNH:8
FNDA:35,(anonymous_0)
FNDA:37,(anonymous_1)
FNDA:2,(anonymous_2)
FNDA:5,(anonymous_3)
FNDA:0,(anonymous_4)
FNDA:0,(anonymous_5)
FNDA:55,(anonymous_6)
FNDA:23,(anonymous_7)
FNDA:2,(anonymous_8)
FNDA:10,(anonymous_9)
DA:4,9
DA:11,35
DA:12,35
DA:21,37
DA:30,5
DA:31,2
DA:35,0
DA:43,55
DA:44,55
DA:49,55
DA:50,55
DA:51,55
DA:59,23
DA:60,23
DA:61,15
DA:70,2
DA:71,2
DA:72,2
DA:82,10
DA:83,10
DA:84,10
LF:21
LH:20
BRDA:21,0,0,37
BRDA:21,0,1,8
BRDA:31,1,0,2
BRDA:31,1,1,0
BRDA:31,2,0,2
BRDA:31,2,1,2
BRDA:60,3,0,15
BRDA:60,3,1,8
BRDA:71,4,0,2
BRDA:71,4,1,0
BRDA:83,5,0,10
BRDA:83,5,1,0
BRF:12
BRH:9
end_of_record
TN:
SF:/Users/van/IdeaProjects/RxVO/src/classes/_references.js
FNF:0
FNH:0
DA:5,10
DA:6,10
DA:18,10
DA:25,10
DA:32,10
DA:40,10
DA:47,10
DA:55,10
DA:63,10
DA:70,10
DA:77,10
DA:84,10
DA:91,10
LF:13
LH:13
BRF:0
BRH:0
end_of_record
TN:
SF:/Users/van/IdeaProjects/RxVO/src/classes/_schemaHelpers.js
FN:13,(anonymous_0)
FN:27,(anonymous_1)
FN:32,(anonymous_2)
FN:47,(anonymous_3)
FN:71,(anonymous_4)
FNF:5
FNH:5
FNDA:71,(anonymous_0)
FNDA:1,(anonymous_1)
FNDA:1,(anonymous_2)
FNDA:20,(anonymous_3)
FNDA:21,(anonymous_4)
DA:14,71
DA:15,0
DA:18,71
DA:19,71
DA:28,1
DA:29,0
DA:32,1
DA:33,1
DA:34,1
DA:35,0
DA:38,1
DA:48,20
DA:49,20
DA:52,20
DA:54,20
DA:55,0
DA:56,20
DA:58,0
DA:60,20
DA:61,20
DA:72,21
DA:75,21
DA:83,21
DA:86,21
LF:24
LH:19
BRDA:14,0,0,0
BRDA:14,0,1,71
BRDA:14,1,0,71
BRDA:14,1,1,71
BRDA:28,2,0,0
BRDA:28,2,1,1
BRDA:34,3,0,0
BRDA:34,3,1,1
BRDA:54,4,0,0
BRDA:54,4,1,20
BRDA:56,5,0,0
BRDA:56,5,1,20
BRDA:56,6,0,20
BRDA:56,6,1,20
BRDA:72,7,0,5
BRDA:72,7,1,16
BRDA:80,8,0,21
BRDA:80,8,1,0
BRDA:86,9,0,19
BRDA:86,9,1,2
BRF:20
BRH:14
end_of_record
TN:
SF:/Users/van/IdeaProjects/RxVO/src/classes/itemsModel.js
FN:18,(anonymous_0)
FN:27,(anonymous_1)
FN:35,(anonymous_2)
FN:56,(anonymous_3)
FN:74,(anonymous_4)
FN:76,(anonymous_5)
FN:91,(anonymous_6)
FN:135,(anonymous_7)
FN:174,(anonymous_8)
FNF:9
FNH:9
FNDA:23,(anonymous_0)
FNDA:97,(anonymous_1)
FNDA:26,(anonymous_2)
FNDA:57,(anonymous_3)
FNDA:46,(anonymous_4)
FNDA:126,(anonymous_5)
FNDA:12,(anonymous_6)
FNDA:59,(anonymous_7)
FNDA:4,(anonymous_8)
DA:9,9
DA:19,23
DA:20,23
DA:21,23
DA:28,97
DA:36,26
DA:37,2
DA:40,24
DA:41,2
DA:42,2
DA:45,22
DA:47,21
DA:50,22
DA:51,22
DA:53,22
DA:54,22
DA:56,22
DA:57,57
DA:61,0
DA:62,0
DA:63,0
DA:64,0
DA:67,22
DA:68,22
DA:69,22
DA:71,22
DA:75,46
DA:82,126
DA:83,22
DA:86,104
DA:87,13
DA:89,13
DA:91,12
DA:93,12
DA:96,12
DA:99,12
DA:102,12
DA:104,6
DA:107,6
DA:110,6
DA:114,6
DA:116,1
DA:119,5
DA:122,6
DA:125,1
DA:129,91
DA:130,38
DA:133,53
DA:136,59
DA:138,0
DA:142,59
DA:143,1
DA:146,58
DA:148,58
DA:149,0
DA:150,0
DA:151,0
DA:153,0
DA:157,58
DA:158,16
DA:159,16
DA:162,58
DA:165,58
DA:166,57
DA:168,57
DA:171,58
DA:175,4
DA:177,4
DA:178,4
DA:181,4
DA:183,0
DA:184,0
DA:185,0
DA:187,0
DA:191,4
DA:194,4
DA:197,0
DA:198,0
DA:199,0
DA:201,0
DA:205,4
DA:208,4
DA:211,4
DA:212,4
LF:84
LH:67
BRDA:36,0,0,2
BRDA:36,0,1,24
BRDA:36,1,0,26
BRDA:36,1,1,26
BRDA:40,2,0,2
BRDA:40,2,1,22
BRDA:45,3,0,21
BRDA:45,3,1,1
BRDA:82,4,0,22
BRDA:82,4,1,104
BRDA:86,5,0,13
BRDA:86,5,1,91
BRDA:89,6,0,12
BRDA:89,6,1,1
BRDA:102,7,0,6
BRDA:102,7,1,6
BRDA:114,8,0,1
BRDA:114,8,1,5
BRDA:129,9,0,38
BRDA:129,9,1,53
BRDA:136,10,0,0
BRDA:136,10,1,59
BRDA:142,11,0,1
BRDA:142,11,1,58
BRDA:148,12,0,0
BRDA:148,12,1,58
BRDA:149,13,0,0
BRDA:149,13,1,0
BRDA:157,14,0,16
BRDA:157,14,1,42
BRDA:165,15,0,57
BRDA:165,15,1,1
BRDA:183,16,0,0
BRDA:183,16,1,0
BRDA:194,17,0,0
BRDA:194,17,1,4
BRDA:197,18,0,0
BRDA:197,18,1,0
BRF:38
BRH:29
end_of_record
TN:
SF:/Users/van/IdeaProjects/RxVO/src/classes/model.js
FN:13,(anonymous_0)
FN:45,(anonymous_1)
FN:57,(anonymous_2)
FN:67,(anonymous_3)
FN:82,(anonymous_4)
FN:93,(anonymous_5)
FN:94,(anonymous_6)
FN:107,(anonymous_7)
FN:123,(anonymous_8)
FN:137,(anonymous_9)
FN:148,(anonymous_10)
FN:167,(anonymous_11)
FN:174,(anonymous_12)
FN:175,(anonymous_13)
FN:211,(anonymous_14)
FN:222,(anonymous_15)
FN:232,(anonymous_16)
FN:234,(anonymous_17)
FN:235,(anonymous_18)
FN:236,(anonymous_19)
FN:237,(anonymous_20)
FN:238,(anonymous_21)
FN:239,(anonymous_22)
FN:240,(anonymous_23)
FN:241,(anonymous_24)
FN:249,(anonymous_25)
FN:257,(anonymous_26)
FN:265,(anonymous_27)
FN:273,(anonymous_28)
FN:281,(anonymous_29)
FN:288,(anonymous_30)
FN:297,(anonymous_31)
FN:306,(anonymous_32)
FN:315,(anonymous_33)
FN:323,(anonymous_34)
FN:332,(anonymous_35)
FN:340,(anonymous_36)
FN:348,(anonymous_37)
FN:358,(anonymous_38)
FNF:39
FNH:31
FNDA:64,(anonymous_0)
FNDA:64,(anonymous_1)
FNDA:2,(anonymous_2)
FNDA:2,(anonymous_3)
FNDA:6,(anonymous_4)
FNDA:1,(anonymous_5)
FNDA:2,(anonymous_6)
FNDA:6,(anonymous_7)
FNDA:2,(anonymous_8)
FNDA:3,(anonymous_9)
FNDA:3,(anonymous_10)
FNDA:1,(anonymous_11)
FNDA:1,(anonymous_12)
FNDA:4,(anonymous_13)
FNDA:0,(anonymous_14)
FNDA:2,(anonymous_15)
FNDA:109,(anonymous_16)
FNDA:0,(anonymous_17)
FNDA:227,(anonymous_18)
FNDA:2,(anonymous_19)
FNDA:103,(anonymous_20)
FNDA:8,(anonymous_21)
FNDA:3,(anonymous_22)
FNDA:30,(anonymous_23)
FNDA:0,(anonymous_24)
FNDA:0,(anonymous_25)
FNDA:0,(anonymous_26)
FNDA:21,(anonymous_27)
FNDA:905,(anonymous_28)
FNDA:107,(anonymous_29)
FNDA:736,(anonymous_30)
FNDA:461,(anonymous_31)
FNDA:849,(anonymous_32)
FNDA:0,(anonymous_33)
FNDA:227,(anonymous_34)
FNDA:98,(anonymous_35)
FNDA:0,(anonymous_36)
FNDA:0,(anonymous_37)
FNDA:109,(anonymous_38)
DA:13,9
DA:15,64
DA:18,43
DA:25,21
DA:27,21
DA:28,21
DA:31,0
DA:34,0
DA:38,64
DA:47,64
DA:48,64
DA:58,2
DA:68,2
DA:69,2
DA:70,2
DA:71,0
DA:75,2
DA:78,2
DA:83,6
DA:84,4
DA:90,2
DA:93,2
DA:94,1
DA:95,2
DA:99,2
DA:108,6
DA:109,6
DA:113,0
DA:124,2
DA:125,2
DA:126,2
DA:128,2
DA:129,1
DA:130,1
DA:134,1
DA:137,1
DA:138,3
DA:139,0
DA:147,1
DA:148,3
DA:151,1
DA:152,1
DA:155,1
DA:158,1
DA:160,1
DA:168,1
DA:175,1
DA:178,4
DA:180,0
DA:184,4
DA:185,1
DA:186,1
DA:189,3
DA:192,3
DA:197,1
DA:200,3
DA:204,1
DA:212,0
DA:213,0
DA:223,2
DA:224,2
DA:225,2
DA:233,109
DA:234,0
DA:235,227
DA:236,2
DA:237,103
DA:238,8
DA:239,3
DA:240,30
DA:241,0
DA:250,0
DA:258,0
DA:266,21
DA:274,905
DA:282,107
DA:290,736
DA:298,461
DA:299,461
DA:307,849
DA:316,0
DA:324,227
DA:325,227
DA:333,98
DA:341,0
DA:349,0
DA:359,109
DA:363,109
LF:88
LH:73
BRDA:15,0,0,43
BRDA:15,0,1,21
BRDA:25,1,0,21
BRDA:25,1,1,0
BRDA:27,2,0,21
BRDA:27,2,1,0
BRDA:47,3,0,64
BRDA:47,3,1,0
BRDA:70,4,0,0
BRDA:70,4,1,2
BRDA:83,5,0,4
BRDA:83,5,1,2
BRDA:125,6,0,0
BRDA:125,6,1,2
BRDA:128,7,0,1
BRDA:128,7,1,1
BRDA:138,8,0,0
BRDA:138,8,1,3
BRDA:147,9,0,0
BRDA:147,9,1,1
BRDA:148,10,0,0
BRDA:148,10,1,3
BRDA:178,11,0,0
BRDA:178,11,1,4
BRDA:178,12,0,4
BRDA:178,12,1,0
BRDA:184,13,0,1
BRDA:184,13,1,3
BRDA:185,14,0,1
BRDA:185,14,1,0
BRDA:189,15,0,3
BRDA:189,15,1,0
BRDA:211,16,0,0
BRDA:213,17,0,0
BRDA:213,17,1,0
BRDA:266,18,0,21
BRDA:266,18,1,0
BRDA:274,19,0,905
BRDA:274,19,1,637
BRDA:290,20,0,736
BRDA:290,20,1,364
BRDA:298,21,0,461
BRDA:298,21,1,323
BRDA:299,22,0,461
BRDA:299,22,1,323
BRDA:299,23,0,211
BRDA:299,23,1,112
BRDA:325,24,0,221
BRDA:325,24,1,6
BRDA:325,25,0,148
BRDA:325,25,1,73
BRDA:333,26,0,83
BRDA:333,26,1,15
BRF:53
BRH:37
end_of_record
TN:
SF:/Users/van/IdeaProjects/RxVO/src/classes/propertiesModel.js
FN:16,(anonymous_0)
FN:30,(anonymous_1)
FN:33,(anonymous_2)
FN:36,(anonymous_3)
FN:88,(anonymous_4)
FN:111,(anonymous_5)
FN:118,(anonymous_6)
FN:126,(anonymous_7)
FN:148,(anonymous_8)
FN:177,(anonymous_9)
FN:186,(anonymous_10)
FNF:11
FNH:8
FNDA:41,(anonymous_0)
FNDA:63,(anonymous_1)
FNDA:124,(anonymous_2)
FNDA:45,(anonymous_3)
FNDA:0,(anonymous_4)
FNDA:0,(anonymous_5)
FNDA:89,(anonymous_6)
FNDA:22,(anonymous_7)
FNDA:40,(anonymous_8)
FNDA:0,(anonymous_9)
FNDA:1,(anonymous_10)
DA:17,41
DA:20,41
DA:23,41
DA:31,63
DA:32,63
DA:34,124
DA:37,45
DA:39,45
DA:41,0
DA:45,45
DA:46,1
DA:50,44
DA:51,3
DA:52,3
DA:54,3
DA:55,1
DA:56,1
DA:57,1
DA:62,43
DA:63,0
DA:64,0
DA:65,0
DA:66,0
DA:67,0
DA:69,0
DA:72,43
DA:73,3
DA:74,3
DA:76,0
DA:79,0
DA:80,0
DA:85,43
DA:86,43
DA:90,0
DA:91,0
DA:94,0
DA:95,0
DA:99,0
DA:100,0
DA:112,0
DA:119,89
DA:129,22
DA:130,0
DA:133,22
DA:134,0
DA:135,0
DA:138,22
DA:140,14
DA:145,22
DA:148,22
DA:150,40
DA:151,40
DA:154,0
DA:157,0
DA:158,0
DA:163,22
DA:166,22
DA:167,14
DA:170,22
DA:178,0
DA:188,1
DA:189,0
DA:192,1
DA:194,1
DA:198,1
DA:201,1
DA:204,1
DA:206,1
LF:68
LH:43
BRDA:34,0,0,11
BRDA:34,0,1,113
BRDA:39,1,0,0
BRDA:39,1,1,45
BRDA:45,2,0,1
BRDA:45,2,1,44
BRDA:50,3,0,3
BRDA:50,3,1,41
BRDA:54,4,0,1
BRDA:54,4,1,2
BRDA:62,5,0,0
BRDA:62,5,1,43
BRDA:64,6,0,0
BRDA:64,6,1,0
BRDA:72,7,0,3
BRDA:72,7,1,40
BRDA:74,8,0,0
BRDA:74,8,1,3
BRDA:94,9,0,0
BRDA:94,9,1,0
BRDA:112,10,0,0
BRDA:112,10,1,0
BRDA:129,11,0,0
BRDA:129,11,1,22
BRDA:129,12,0,22
BRDA:129,12,1,22
BRDA:133,13,0,0
BRDA:133,13,1,22
BRDA:138,14,0,14
BRDA:138,14,1,8
BRDA:166,15,0,14
BRDA:166,15,1,8
BRDA:188,16,0,0
BRDA:188,16,1,1
BRDA:192,17,0,1
BRDA:192,17,1,0
BRF:36
BRH:23
end_of_record
TN:
SF:/Users/van/IdeaProjects/RxVO/src/classes/rxvo.js
FN:21,(anonymous_0)
FN:69,(anonymous_1)
FN:77,(anonymous_2)
FN:85,(anonymous_3)
FN:95,(anonymous_4)
FN:103,(anonymous_5)
FN:112,(anonymous_6)
FN:115,(anonymous_7)
FN:129,(anonymous_8)
FN:134,(anonymous_9)
FN:135,(anonymous_10)
FN:149,(anonymous_11)
FN:159,(anonymous_12)
FN:167,(anonymous_13)
FN:175,(anonymous_14)
FN:185,(anonymous_15)
FNF:16
FNH:8
FNDA:36,(anonymous_0)
FNDA:99,(anonymous_1)
FNDA:28,(anonymous_2)
FNDA:0,(anonymous_3)
FNDA:0,(anonymous_4)
FNDA:21,(anonymous_5)
FNDA:0,(anonymous_6)
FNDA:0,(anonymous_7)
FNDA:16,(anonymous_8)
FNDA:25,(anonymous_9)
FNDA:25,(anonymous_10)
FNDA:2,(anonymous_11)
FNDA:0,(anonymous_12)
FNDA:0,(anonymous_13)
FNDA:0,(anonymous_14)
FNDA:0,(anonymous_15)
DA:10,9
DA:23,36
DA:27,36
DA:30,35
DA:33,35
DA:34,0
DA:37,35
DA:38,35
DA:39,35
DA:41,35
DA:45,35
DA:47,21
DA:51,35
DA:53,35
DA:56,35
DA:59,35
DA:62,35
DA:70,99
DA:78,28
DA:86,0
DA:96,0
DA:104,21
DA:113,0
DA:114,0
DA:115,0
DA:116,0
DA:117,0
DA:121,0
DA:130,16
DA:131,16
DA:132,16
DA:133,16
DA:134,25
DA:136,25
DA:137,6
DA:138,6
DA:141,16
DA:150,2
DA:160,0
DA:168,0
DA:176,0
DA:187,0
DA:189,0
DA:191,0
DA:196,0
LF:45
LH:29
BRDA:21,0,0,36
BRDA:23,1,0,0
BRDA:23,1,1,36
BRDA:33,2,0,0
BRDA:33,2,1,35
BRDA:45,3,0,21
BRDA:45,3,1,14
BRDA:45,4,0,35
BRDA:45,4,1,35
BRDA:45,4,2,14
BRDA:45,4,3,0
BRDA:56,5,0,14
BRDA:56,5,1,21
BRDA:104,6,0,21
BRDA:104,6,1,5
BRDA:116,7,0,0
BRDA:116,7,1,0
BRDA:136,8,0,6
BRDA:136,8,1,19
BRDA:189,9,0,0
BRDA:189,9,1,0
BRDA:191,10,0,0
BRDA:191,10,1,0
BRF:23
BRH:14
end_of_record
TN:
SF:/Users/van/IdeaProjects/RxVO/src/classes/utils.js
FN:7,(anonymous_0)
FN:15,(anonymous_1)
FN:21,(anonymous_2)
FN:32,(anonymous_3)
FN:43,(anonymous_4)
FN:67,(anonymous_5)
FN:79,(anonymous_6)
FNF:7
FNH:5
FNDA:37,(anonymous_0)
FNDA:114,(anonymous_1)
FNDA:0,(anonymous_2)
FNDA:65,(anonymous_3)
FNDA:124,(anonymous_4)
FNDA:98,(anonymous_5)
FNDA:0,(anonymous_6)
DA:7,9
DA:8,37
DA:15,9
DA:16,114
DA:17,37
DA:21,9
DA:22,0
DA:32,9
DA:33,65
DA:43,9
DA:45,124
DA:46,32
DA:50,92
DA:53,92
DA:54,36
DA:57,92
DA:60,92
DA:61,9
DA:64,83
DA:67,9
DA:69,98
DA:70,98
DA:72,98
DA:73,12
DA:76,86
DA:79,9
DA:80,0
LF:27
LH:25
BRDA:16,0,0,37
BRDA:16,0,1,77
BRDA:16,1,0,114
BRDA:16,1,1,48
BRDA:45,2,0,32
BRDA:45,2,1,92
BRDA:53,3,0,36
BRDA:53,3,1,56
BRDA:53,4,0,92
BRDA:53,4,1,36
BRDA:60,5,0,9
BRDA:60,5,1,83
BRDA:72,6,0,12
BRDA:72,6,1,86
BRDA:73,7,0,12
BRDA:73,7,1,0
BRF:16
BRH:15
end_of_record
